20181107 10:57:01 *****DEBUG*****../../apps/lua/scripts/gateway/gw_service.lua:46  
**********gw_service_init**************
20181107 10:57:01 *****DEBUG*****../../apps/lua/scripts/gateway/main.lua:37  
register gw_server[1]  success
20181107 10:57:01 *****DEBUG*****../../apps/lua/scripts/gateway/main.lua:37  
register gw_server[2]  success
20181107 10:57:02 *****DEBUG*****../../apps/lua/scripts/gateway/gw_service.lua:39  
connecting to server[Auth server]127.0.0.1:8000
20181107 10:57:02 *****DEBUG*****../../apps/lua/scripts/gateway/gw_service.lua:39  
connecting to server[System server]127.0.0.1:8001
20181107 10:57:02 *****DEBUG*****../../apps/lua/scripts/gateway/gw_service.lua:27  
connect success to server [Auth server]127.0.0.1:8000
20181107 10:57:02 *****DEBUG*****../../apps/lua/scripts/gateway/gw_service.lua:27  
connect success to server [System server]127.0.0.1:8001
20181107 10:57:15 *****DEBUG*****../../apps/lua/scripts/gateway/gw_service.lua:76  
1	9	0
20181107 10:57:15 *****DEBUG*****../../apps/lua/scripts/gateway/gw_service.lua:76  
2	13	0
20181107 10:57:15 *****DEBUG*****../../apps/lua/scripts/gateway/gw_service.lua:92  
utag  	17
20181107 11:00:54 *****DEBUG*****../../apps/lua/scripts/gateway/gw_service.lua:76  
2	17	0
20181107 11:00:54 *****DEBUG*****../../apps/lua/scripts/gateway/gw_service.lua:92  
utag  	17
20181107 17:28:48 *****DEBUG*****../../apps/lua/scripts/gateway/gw_service.lua:46  
**********gw_service_init**************
20181107 17:28:48 *****DEBUG*****../../apps/lua/scripts/gateway/main.lua:37  
register gw_server[1]  success
20181107 17:28:48 *****DEBUG*****../../apps/lua/scripts/gateway/main.lua:37  
register gw_server[2]  success
20181107 17:28:49 *****DEBUG*****../../apps/lua/scripts/gateway/gw_service.lua:39  
connecting to server[Auth server]127.0.0.1:8000
20181107 17:28:49 *****DEBUG*****../../apps/lua/scripts/gateway/gw_service.lua:39  
connecting to server[System server]127.0.0.1:8001
20181107 17:28:49 *****DEBUG*****../../apps/lua/scripts/gateway/gw_service.lua:27  
connect success to server [Auth server]127.0.0.1:8000
20181107 17:28:49 *****DEBUG*****../../apps/lua/scripts/gateway/gw_service.lua:27  
connect success to server [System server]127.0.0.1:8001
20181107 18:29:13 *****DEBUG*****../../apps/lua/scripts/gateway/gw_service.lua:76  
1	9	0
20181107 18:29:13 *****DEBUG*****../../apps/lua/scripts/gateway/gw_service.lua:76  
2	13	0
20181107 18:29:13 *****DEBUG*****../../apps/lua/scripts/gateway/gw_service.lua:92  
utag  	17
20181107 18:29:15 *****DEBUG*****../../apps/lua/scripts/gateway/gw_service.lua:76  
2	15	0
20181107 18:29:15 *****DEBUG*****../../apps/lua/scripts/gateway/gw_service.lua:92  
utag  	17
20181107 18:29:21 *****DEBUG*****../../apps/lua/scripts/gateway/gw_service.lua:76  
2	17	0
20181107 18:29:21 *****DEBUG*****../../apps/lua/scripts/gateway/gw_service.lua:92  
utag  	17
20181107 18:40:10 *****DEBUG*****../../apps/lua/scripts/gateway/gw_service.lua:46  
**********gw_service_init**************
20181107 18:40:10 *****DEBUG*****../../apps/lua/scripts/gateway/main.lua:37  
register gw_server[1]  success
20181107 18:40:10 *****DEBUG*****../../apps/lua/scripts/gateway/main.lua:37  
register gw_server[2]  success
20181107 18:40:11 *****DEBUG*****../../apps/lua/scripts/gateway/gw_service.lua:39  
connecting to server[Auth server]127.0.0.1:8000
20181107 18:40:11 *****DEBUG*****../../apps/lua/scripts/gateway/gw_service.lua:39  
connecting to server[System server]127.0.0.1:8001
20181107 18:40:11 *****DEBUG*****../../apps/lua/scripts/gateway/gw_service.lua:27  
connect success to server [Auth server]127.0.0.1:8000
20181107 18:40:11 *****DEBUG*****../../apps/lua/scripts/gateway/gw_service.lua:27  
connect success to server [System server]127.0.0.1:8001
