20181216 22:21:50 *****DEBUG*****../../apps/lua/scripts/gateway/gw_service.lua:47  
**********gw_service_init**************
20181216 22:21:50 *****DEBUG*****../../apps/lua/scripts/gateway/main.lua:37  
register gw_server[1]  success
20181216 22:21:50 *****DEBUG*****../../apps/lua/scripts/gateway/main.lua:37  
register gw_server[2]  success
20181216 22:21:51 *****DEBUG*****../../apps/lua/scripts/gateway/main.lua:37  
register gw_server[3]  success
20181216 22:21:51 *****DEBUG*****../../apps/lua/scripts/gateway/gw_service.lua:40  
connecting to server[Auth server]127.0.0.1:8000
20181216 22:21:51 *****DEBUG*****../../apps/lua/scripts/gateway/gw_service.lua:40  
connecting to server[System server]127.0.0.1:8001
20181216 22:21:51 *****DEBUG*****../../apps/lua/scripts/gateway/gw_service.lua:40  
connecting to server[Logic server]127.0.0.1:8002
20181216 22:21:51 *****DEBUG*****../../apps/lua/scripts/gateway/gw_service.lua:28  
connect success to server [Auth server]127.0.0.1:8000
20181216 22:21:51 *****DEBUG*****../../apps/lua/scripts/gateway/gw_service.lua:28  
connect success to server [System server]127.0.0.1:8001
20181216 22:21:51 *****DEBUG*****../../apps/lua/scripts/gateway/gw_service.lua:28  
connect success to server [Logic server]127.0.0.1:8002
20181216 22:22:13 *****DEBUG*****../../apps/lua/scripts/gateway/gw_service.lua:79  
send_to_server： 	1	9	0
20181216 22:22:13 *****DEBUG*****../../apps/lua/scripts/gateway/gw_service.lua:108  
send_to_client:
20181216 22:22:13 *****DEBUG*****../../apps/lua/scripts/gateway/gw_service.lua:79  
send_to_server： 	2	13	0
20181216 22:22:13 *****DEBUG*****../../apps/lua/scripts/gateway/gw_service.lua:108  
send_to_client:
20181216 22:22:14 *****DEBUG*****../../apps/lua/scripts/gateway/gw_service.lua:79  
send_to_server： 	3	21	0
20181216 22:22:14 *****DEBUG*****../../apps/lua/scripts/gateway/gw_service.lua:108  
send_to_client:
20181216 22:22:16 *****DEBUG*****../../apps/lua/scripts/gateway/gw_service.lua:79  
send_to_server： 	2	15	0
20181216 22:22:16 *****DEBUG*****../../apps/lua/scripts/gateway/gw_service.lua:108  
send_to_client:
20181216 22:22:28 *****DEBUG*****../../apps/lua/scripts/gateway/gw_service.lua:79  
send_to_server： 	3	27	0
20181216 22:22:33 *****DEBUG*****../../apps/lua/scripts/gateway/gw_service.lua:79  
send_to_server： 	3	23	0
20181216 22:22:33 *****DEBUG*****../../apps/lua/scripts/gateway/gw_service.lua:108  
send_to_client:
20181216 22:22:36 *****DEBUG*****../../apps/lua/scripts/gateway/gw_service.lua:108  
send_to_client:
20181216 22:22:36 *****DEBUG*****../../apps/lua/scripts/gateway/gw_service.lua:108  
send_to_client:
20181216 22:22:37 *****DEBUG*****../../apps/lua/scripts/gateway/gw_service.lua:108  
send_to_client:
20181216 22:22:38 *****DEBUG*****../../apps/lua/scripts/gateway/gw_service.lua:108  
send_to_client:
20181216 22:38:14 *****DEBUG*****../../apps/lua/scripts/gateway/gw_service.lua:79  
send_to_server： 	1	9	0
20181216 22:38:14 *****DEBUG*****../../apps/lua/scripts/gateway/gw_service.lua:108  
send_to_client:
20181216 22:38:14 *****DEBUG*****../../apps/lua/scripts/gateway/gw_service.lua:79  
send_to_server： 	2	13	0
20181216 22:38:14 *****DEBUG*****../../apps/lua/scripts/gateway/gw_service.lua:108  
send_to_client:
20181216 22:38:14 *****DEBUG*****../../apps/lua/scripts/gateway/gw_service.lua:79  
send_to_server： 	3	21	0
20181216 22:38:14 *****DEBUG*****../../apps/lua/scripts/gateway/gw_service.lua:108  
send_to_client:
20181216 22:38:18 *****DEBUG*****../../apps/lua/scripts/gateway/gw_service.lua:79  
send_to_server： 	3	23	0
20181216 22:38:18 *****DEBUG*****../../apps/lua/scripts/gateway/gw_service.lua:108  
send_to_client:
20181216 22:39:23 *****DEBUG*****../../apps/lua/scripts/gateway/gw_service.lua:47  
**********gw_service_init**************
20181216 22:39:23 *****DEBUG*****../../apps/lua/scripts/gateway/main.lua:37  
register gw_server[1]  success
20181216 22:39:23 *****DEBUG*****../../apps/lua/scripts/gateway/main.lua:37  
register gw_server[2]  success
20181216 22:39:23 *****DEBUG*****../../apps/lua/scripts/gateway/main.lua:37  
register gw_server[3]  success
20181216 22:39:24 *****DEBUG*****../../apps/lua/scripts/gateway/gw_service.lua:40  
connecting to server[Auth server]127.0.0.1:8000
20181216 22:39:24 *****DEBUG*****../../apps/lua/scripts/gateway/gw_service.lua:40  
connecting to server[System server]127.0.0.1:8001
20181216 22:39:24 *****DEBUG*****../../apps/lua/scripts/gateway/gw_service.lua:40  
connecting to server[Logic server]127.0.0.1:8002
20181216 22:39:24 *****DEBUG*****../../apps/lua/scripts/gateway/gw_service.lua:28  
connect success to server [Auth server]127.0.0.1:8000
20181216 22:39:24 *****DEBUG*****../../apps/lua/scripts/gateway/gw_service.lua:28  
connect success to server [System server]127.0.0.1:8001
20181216 22:39:24 *****DEBUG*****../../apps/lua/scripts/gateway/gw_service.lua:28  
connect success to server [Logic server]127.0.0.1:8002
20181216 22:40:11 *****DEBUG*****../../apps/lua/scripts/gateway/gw_service.lua:79  
send_to_server： 	1	9	0
20181216 22:40:11 *****DEBUG*****../../apps/lua/scripts/gateway/gw_service.lua:108  
send_to_client:
20181216 22:40:11 *****DEBUG*****../../apps/lua/scripts/gateway/gw_service.lua:79  
send_to_server： 	2	13	0
20181216 22:40:11 *****DEBUG*****../../apps/lua/scripts/gateway/gw_service.lua:108  
send_to_client:
20181216 22:40:11 *****DEBUG*****../../apps/lua/scripts/gateway/gw_service.lua:79  
send_to_server： 	3	21	0
20181216 22:40:11 *****DEBUG*****../../apps/lua/scripts/gateway/gw_service.lua:108  
send_to_client:
20181216 22:40:36 *****DEBUG*****../../apps/lua/scripts/gateway/gw_service.lua:79  
send_to_server： 	3	23	0
20181216 22:40:36 *****DEBUG*****../../apps/lua/scripts/gateway/gw_service.lua:108  
send_to_client:
20181216 22:40:39 *****DEBUG*****../../apps/lua/scripts/gateway/gw_service.lua:108  
send_to_client:
20181216 22:40:39 *****DEBUG*****../../apps/lua/scripts/gateway/gw_service.lua:108  
send_to_client:
20181216 22:40:40 *****DEBUG*****../../apps/lua/scripts/gateway/gw_service.lua:108  
send_to_client:
20181216 22:40:41 *****DEBUG*****../../apps/lua/scripts/gateway/gw_service.lua:108  
send_to_client:
20181216 22:40:53 *****DEBUG*****../../apps/lua/scripts/gateway/gw_service.lua:79  
send_to_server： 	3	27	0
20181216 22:50:43 *****DEBUG*****../../apps/lua/scripts/gateway/gw_service.lua:47  
**********gw_service_init**************
20181216 22:50:43 *****DEBUG*****../../apps/lua/scripts/gateway/main.lua:37  
register gw_server[1]  success
20181216 22:50:43 *****DEBUG*****../../apps/lua/scripts/gateway/main.lua:37  
register gw_server[2]  success
20181216 22:50:43 *****DEBUG*****../../apps/lua/scripts/gateway/main.lua:37  
register gw_server[3]  success
20181216 22:50:44 *****DEBUG*****../../apps/lua/scripts/gateway/gw_service.lua:40  
connecting to server[Auth server]127.0.0.1:8000
20181216 22:50:44 *****DEBUG*****../../apps/lua/scripts/gateway/gw_service.lua:40  
connecting to server[System server]127.0.0.1:8001
20181216 22:50:44 *****DEBUG*****../../apps/lua/scripts/gateway/gw_service.lua:40  
connecting to server[Logic server]127.0.0.1:8002
20181216 22:50:44 *****DEBUG*****../../apps/lua/scripts/gateway/gw_service.lua:28  
connect success to server [Auth server]127.0.0.1:8000
20181216 22:50:44 *****DEBUG*****../../apps/lua/scripts/gateway/gw_service.lua:28  
connect success to server [System server]127.0.0.1:8001
20181216 22:50:44 *****DEBUG*****../../apps/lua/scripts/gateway/gw_service.lua:28  
connect success to server [Logic server]127.0.0.1:8002
20181216 22:50:52 *****DEBUG*****../../apps/lua/scripts/gateway/gw_service.lua:79  
send_to_server： 	1	9	0
20181216 22:50:52 *****DEBUG*****../../apps/lua/scripts/gateway/gw_service.lua:108  
send_to_client:
20181216 22:50:52 *****DEBUG*****../../apps/lua/scripts/gateway/gw_service.lua:79  
send_to_server： 	2	13	0
20181216 22:50:52 *****DEBUG*****../../apps/lua/scripts/gateway/gw_service.lua:108  
send_to_client:
20181216 22:50:52 *****DEBUG*****../../apps/lua/scripts/gateway/gw_service.lua:79  
send_to_server： 	3	21	0
20181216 22:50:52 *****DEBUG*****../../apps/lua/scripts/gateway/gw_service.lua:108  
send_to_client:
20181216 22:50:56 *****DEBUG*****../../apps/lua/scripts/gateway/gw_service.lua:79  
send_to_server： 	3	23	0
20181216 22:50:56 *****DEBUG*****../../apps/lua/scripts/gateway/gw_service.lua:108  
send_to_client:
20181216 22:50:59 *****DEBUG*****../../apps/lua/scripts/gateway/gw_service.lua:108  
send_to_client:
20181216 22:50:59 *****DEBUG*****../../apps/lua/scripts/gateway/gw_service.lua:108  
send_to_client:
20181216 22:51:00 *****DEBUG*****../../apps/lua/scripts/gateway/gw_service.lua:108  
send_to_client:
20181216 22:51:01 *****DEBUG*****../../apps/lua/scripts/gateway/gw_service.lua:108  
send_to_client:
20181216 22:52:32 *****DEBUG*****../../apps/lua/scripts/gateway/gw_service.lua:47  
**********gw_service_init**************
20181216 22:52:32 *****DEBUG*****../../apps/lua/scripts/gateway/main.lua:37  
register gw_server[1]  success
20181216 22:52:32 *****DEBUG*****../../apps/lua/scripts/gateway/main.lua:37  
register gw_server[2]  success
20181216 22:52:32 *****DEBUG*****../../apps/lua/scripts/gateway/main.lua:37  
register gw_server[3]  success
20181216 22:52:33 *****DEBUG*****../../apps/lua/scripts/gateway/gw_service.lua:40  
connecting to server[Auth server]127.0.0.1:8000
20181216 22:52:33 *****DEBUG*****../../apps/lua/scripts/gateway/gw_service.lua:40  
connecting to server[System server]127.0.0.1:8001
20181216 22:52:33 *****DEBUG*****../../apps/lua/scripts/gateway/gw_service.lua:40  
connecting to server[Logic server]127.0.0.1:8002
20181216 22:52:33 *****DEBUG*****../../apps/lua/scripts/gateway/gw_service.lua:28  
connect success to server [Auth server]127.0.0.1:8000
20181216 22:52:33 *****DEBUG*****../../apps/lua/scripts/gateway/gw_service.lua:28  
connect success to server [System server]127.0.0.1:8001
20181216 22:52:33 *****DEBUG*****../../apps/lua/scripts/gateway/gw_service.lua:28  
connect success to server [Logic server]127.0.0.1:8002
20181216 22:52:38 *****DEBUG*****../../apps/lua/scripts/gateway/gw_service.lua:79  
send_to_server： 	1	9	0
20181216 22:52:38 *****DEBUG*****../../apps/lua/scripts/gateway/gw_service.lua:108  
send_to_client:
20181216 22:52:38 *****DEBUG*****../../apps/lua/scripts/gateway/gw_service.lua:79  
send_to_server： 	2	13	0
20181216 22:52:38 *****DEBUG*****../../apps/lua/scripts/gateway/gw_service.lua:108  
send_to_client:
20181216 22:52:38 *****DEBUG*****../../apps/lua/scripts/gateway/gw_service.lua:79  
send_to_server： 	3	21	0
20181216 22:52:38 *****DEBUG*****../../apps/lua/scripts/gateway/gw_service.lua:108  
send_to_client:
20181216 22:52:44 *****DEBUG*****../../apps/lua/scripts/gateway/gw_service.lua:79  
send_to_server： 	3	23	0
20181216 22:52:44 *****DEBUG*****../../apps/lua/scripts/gateway/gw_service.lua:108  
send_to_client:
20181216 22:52:48 *****DEBUG*****../../apps/lua/scripts/gateway/gw_service.lua:108  
send_to_client:
20181216 22:52:48 *****DEBUG*****../../apps/lua/scripts/gateway/gw_service.lua:108  
send_to_client:
20181216 22:52:49 *****DEBUG*****../../apps/lua/scripts/gateway/gw_service.lua:108  
send_to_client:
20181216 22:52:50 *****DEBUG*****../../apps/lua/scripts/gateway/gw_service.lua:108  
send_to_client:
20181216 22:55:17 *****DEBUG*****../../apps/lua/scripts/gateway/gw_service.lua:79  
send_to_server： 	1	9	0
20181216 22:55:17 *****DEBUG*****../../apps/lua/scripts/gateway/gw_service.lua:108  
send_to_client:
20181216 22:55:17 *****DEBUG*****../../apps/lua/scripts/gateway/gw_service.lua:79  
send_to_server： 	2	13	0
20181216 22:55:17 *****DEBUG*****../../apps/lua/scripts/gateway/gw_service.lua:108  
send_to_client:
20181216 22:55:17 *****DEBUG*****../../apps/lua/scripts/gateway/gw_service.lua:79  
send_to_server： 	3	21	0
20181216 22:55:17 *****DEBUG*****../../apps/lua/scripts/gateway/gw_service.lua:108  
send_to_client:
20181216 22:55:20 *****DEBUG*****../../apps/lua/scripts/gateway/gw_service.lua:79  
send_to_server： 	3	23	0
20181216 22:55:20 *****DEBUG*****../../apps/lua/scripts/gateway/gw_service.lua:108  
send_to_client:
20181216 22:55:23 *****DEBUG*****../../apps/lua/scripts/gateway/gw_service.lua:108  
send_to_client:
20181216 22:55:23 *****DEBUG*****../../apps/lua/scripts/gateway/gw_service.lua:108  
send_to_client:
20181216 22:55:23 *****DEBUG*****../../apps/lua/scripts/gateway/gw_service.lua:108  
send_to_client:
20181216 22:55:23 *****DEBUG*****../../apps/lua/scripts/gateway/gw_service.lua:108  
send_to_client:
20181216 22:55:23 *****DEBUG*****../../apps/lua/scripts/gateway/gw_service.lua:108  
send_to_client:
20181216 22:55:23 *****DEBUG*****../../apps/lua/scripts/gateway/gw_service.lua:108  
send_to_client:
20181216 22:58:23 *****DEBUG*****../../apps/lua/scripts/gateway/gw_service.lua:79  
send_to_server： 	1	9	0
20181216 22:58:23 *****DEBUG*****../../apps/lua/scripts/gateway/gw_service.lua:108  
send_to_client:
20181216 22:58:28 *****DEBUG*****../../apps/lua/scripts/gateway/gw_service.lua:79  
send_to_server： 	2	13	0
20181216 22:58:28 *****DEBUG*****../../apps/lua/scripts/gateway/gw_service.lua:108  
send_to_client:
20181216 22:58:32 *****DEBUG*****../../apps/lua/scripts/gateway/gw_service.lua:79  
send_to_server： 	3	21	0
20181216 22:58:32 *****DEBUG*****../../apps/lua/scripts/gateway/gw_service.lua:108  
send_to_client:
20181216 22:58:44 *****DEBUG*****../../apps/lua/scripts/gateway/gw_service.lua:79  
send_to_server： 	3	23	0
20181216 22:58:44 *****DEBUG*****../../apps/lua/scripts/gateway/gw_service.lua:108  
send_to_client:
20181216 22:58:48 *****DEBUG*****../../apps/lua/scripts/gateway/gw_service.lua:108  
send_to_client:
20181216 22:58:48 *****DEBUG*****../../apps/lua/scripts/gateway/gw_service.lua:108  
send_to_client:
20181216 22:58:48 *****DEBUG*****../../apps/lua/scripts/gateway/gw_service.lua:108  
send_to_client:
20181216 22:58:48 *****DEBUG*****../../apps/lua/scripts/gateway/gw_service.lua:108  
send_to_client:
20181216 22:58:48 *****DEBUG*****../../apps/lua/scripts/gateway/gw_service.lua:108  
send_to_client:
20181216 22:58:48 *****DEBUG*****../../apps/lua/scripts/gateway/gw_service.lua:108  
send_to_client:
20181216 22:58:48 *****DEBUG*****../../apps/lua/scripts/gateway/gw_service.lua:108  
send_to_client:
20181216 22:58:48 *****DEBUG*****../../apps/lua/scripts/gateway/gw_service.lua:108  
send_to_client:
20181216 23:11:29 *****DEBUG*****../../apps/lua/scripts/gateway/gw_service.lua:47  
**********gw_service_init**************
20181216 23:11:29 *****DEBUG*****../../apps/lua/scripts/gateway/main.lua:37  
register gw_server[1]  success
20181216 23:11:29 *****DEBUG*****../../apps/lua/scripts/gateway/main.lua:37  
register gw_server[2]  success
20181216 23:11:29 *****DEBUG*****../../apps/lua/scripts/gateway/main.lua:37  
register gw_server[3]  success
20181216 23:11:30 *****DEBUG*****../../apps/lua/scripts/gateway/gw_service.lua:40  
connecting to server[Auth server]127.0.0.1:8000
20181216 23:11:30 *****DEBUG*****../../apps/lua/scripts/gateway/gw_service.lua:40  
connecting to server[System server]127.0.0.1:8001
20181216 23:11:30 *****DEBUG*****../../apps/lua/scripts/gateway/gw_service.lua:40  
connecting to server[Logic server]127.0.0.1:8002
20181216 23:11:30 *****DEBUG*****../../apps/lua/scripts/gateway/gw_service.lua:28  
connect success to server [Auth server]127.0.0.1:8000
20181216 23:11:30 *****DEBUG*****../../apps/lua/scripts/gateway/gw_service.lua:28  
connect success to server [System server]127.0.0.1:8001
20181216 23:11:30 *****DEBUG*****../../apps/lua/scripts/gateway/gw_service.lua:28  
connect success to server [Logic server]127.0.0.1:8002
20181216 23:11:52 *****DEBUG*****../../apps/lua/scripts/gateway/gw_service.lua:79  
send_to_server： 	1	9	0
20181216 23:11:52 *****DEBUG*****../../apps/lua/scripts/gateway/gw_service.lua:108  
send_to_client:
20181216 23:11:52 *****DEBUG*****../../apps/lua/scripts/gateway/gw_service.lua:79  
send_to_server： 	2	13	0
20181216 23:11:52 *****DEBUG*****../../apps/lua/scripts/gateway/gw_service.lua:108  
send_to_client:
20181216 23:11:52 *****DEBUG*****../../apps/lua/scripts/gateway/gw_service.lua:79  
send_to_server： 	3	21	0
20181216 23:12:08 *****DEBUG*****../../apps/lua/scripts/gateway/gw_service.lua:79  
send_to_server： 	1	9	0
20181216 23:12:08 *****DEBUG*****../../apps/lua/scripts/gateway/gw_service.lua:108  
send_to_client:
20181216 23:12:08 *****DEBUG*****../../apps/lua/scripts/gateway/gw_service.lua:79  
send_to_server： 	2	13	0
20181216 23:12:08 *****DEBUG*****../../apps/lua/scripts/gateway/gw_service.lua:108  
send_to_client:
20181216 23:12:08 *****DEBUG*****../../apps/lua/scripts/gateway/gw_service.lua:79  
send_to_server： 	3	21	0
20181216 23:12:14 *****DEBUG*****../../apps/lua/scripts/gateway/gw_service.lua:47  
**********gw_service_init**************
20181216 23:12:14 *****DEBUG*****../../apps/lua/scripts/gateway/main.lua:37  
register gw_server[1]  success
20181216 23:12:14 *****DEBUG*****../../apps/lua/scripts/gateway/main.lua:37  
register gw_server[2]  success
20181216 23:12:14 *****DEBUG*****../../apps/lua/scripts/gateway/main.lua:37  
register gw_server[3]  success
20181216 23:12:15 *****DEBUG*****../../apps/lua/scripts/gateway/gw_service.lua:40  
connecting to server[Auth server]127.0.0.1:8000
20181216 23:12:15 *****DEBUG*****../../apps/lua/scripts/gateway/gw_service.lua:40  
connecting to server[System server]127.0.0.1:8001
20181216 23:12:15 *****DEBUG*****../../apps/lua/scripts/gateway/gw_service.lua:40  
connecting to server[Logic server]127.0.0.1:8002
20181216 23:12:15 *****DEBUG*****../../apps/lua/scripts/gateway/gw_service.lua:28  
connect success to server [Auth server]127.0.0.1:8000
20181216 23:12:15 *****DEBUG*****../../apps/lua/scripts/gateway/gw_service.lua:28  
connect success to server [System server]127.0.0.1:8001
20181216 23:12:15 *****DEBUG*****../../apps/lua/scripts/gateway/gw_service.lua:28  
connect success to server [Logic server]127.0.0.1:8002
20181216 23:12:37 *****DEBUG*****../../apps/lua/scripts/gateway/gw_service.lua:79  
send_to_server： 	1	9	0
20181216 23:12:37 *****DEBUG*****../../apps/lua/scripts/gateway/gw_service.lua:108  
send_to_client:
20181216 23:12:37 *****DEBUG*****../../apps/lua/scripts/gateway/gw_service.lua:79  
send_to_server： 	2	13	0
20181216 23:12:37 *****DEBUG*****../../apps/lua/scripts/gateway/gw_service.lua:108  
send_to_client:
20181216 23:12:37 *****DEBUG*****../../apps/lua/scripts/gateway/gw_service.lua:79  
send_to_server： 	3	21	0
20181216 23:12:37 *****DEBUG*****../../apps/lua/scripts/gateway/gw_service.lua:108  
send_to_client:
20181216 23:12:45 *****DEBUG*****../../apps/lua/scripts/gateway/gw_service.lua:79  
send_to_server： 	3	23	0
20181216 23:12:45 *****DEBUG*****../../apps/lua/scripts/gateway/gw_service.lua:108  
send_to_client:
20181216 23:12:46 *****DEBUG*****../../apps/lua/scripts/gateway/gw_service.lua:108  
send_to_client:
20181216 23:12:46 *****DEBUG*****../../apps/lua/scripts/gateway/gw_service.lua:108  
send_to_client:
20181216 23:12:47 *****DEBUG*****../../apps/lua/scripts/gateway/gw_service.lua:108  
send_to_client:
20181216 23:12:48 *****DEBUG*****../../apps/lua/scripts/gateway/gw_service.lua:108  
send_to_client:
20181216 23:14:08 *****DEBUG*****../../apps/lua/scripts/gateway/gw_service.lua:181  
gateway disconnect [Logic server]
20181216 23:14:10 *****DEBUG*****../../apps/lua/scripts/gateway/gw_service.lua:40  
connecting to server[Logic server]127.0.0.1:8002
20181216 23:14:11 !!!!!ERROR!!!!! ../../apps/lua/scripts/gateway/gw_service.lua:24  
connect error to server[Logic server]127.0.0.1:8002
20181216 23:14:15 *****DEBUG*****../../apps/lua/scripts/gateway/gw_service.lua:40  
connecting to server[Logic server]127.0.0.1:8002
20181216 23:14:16 *****DEBUG*****../../apps/lua/scripts/gateway/gw_service.lua:79  
send_to_server： 	3	27	0
20181216 23:14:16 !!!!!ERROR!!!!! ../../apps/lua/scripts/gateway/gw_service.lua:24  
connect error to server[Logic server]127.0.0.1:8002
20181216 23:14:20 *****DEBUG*****../../apps/lua/scripts/gateway/gw_service.lua:40  
connecting to server[Logic server]127.0.0.1:8002
20181216 23:14:21 !!!!!ERROR!!!!! ../../apps/lua/scripts/gateway/gw_service.lua:24  
connect error to server[Logic server]127.0.0.1:8002
20181216 23:14:25 *****DEBUG*****../../apps/lua/scripts/gateway/gw_service.lua:40  
connecting to server[Logic server]127.0.0.1:8002
20181216 23:14:26 !!!!!ERROR!!!!! ../../apps/lua/scripts/gateway/gw_service.lua:24  
connect error to server[Logic server]127.0.0.1:8002
