20181030 23:10:54 !!!!!ERROR!!!!! trunk:0  
error loading module 'game_config' from file '../../apps/lua/scripts/game_config.lua':
	../../apps/lua/scripts/game_config.lua:64: '}' expected (to close '{' at line 24) near 'rank_redis'
20181030 23:10:59 !!!!!ERROR!!!!! trunk:0  
error loading module 'game_config' from file '../../apps/lua/scripts/game_config.lua':
	../../apps/lua/scripts/game_config.lua:64: '}' expected (to close '{' at line 24) near 'rank_redis'
20181030 23:11:37 *****DEBUG*****../../apps/lua/scripts/gateway/gw_service.lua:46  
**********gw_service_init**************
20181030 23:11:37 *****DEBUG*****../../apps/lua/scripts/gateway/main.lua:37  
register gw_server[1]  success
20181030 23:11:37 *****DEBUG*****../../apps/lua/scripts/gateway/main.lua:37  
register gw_server[2]  success
20181030 23:11:38 *****DEBUG*****../../apps/lua/scripts/gateway/gw_service.lua:39  
connecting to server[Auth server]127.0.0.1:8000
20181030 23:11:38 *****DEBUG*****../../apps/lua/scripts/gateway/gw_service.lua:39  
connecting to server[System server]127.0.0.1:8001
20181030 23:11:38 *****DEBUG*****../../apps/lua/scripts/gateway/gw_service.lua:27  
connect success to server [Auth server]127.0.0.1:8000
20181030 23:11:38 *****DEBUG*****../../apps/lua/scripts/gateway/gw_service.lua:27  
connect success to server [System server]127.0.0.1:8001
20181030 23:11:52 *****DEBUG*****../../apps/lua/scripts/gateway/gw_service.lua:76  
1	9	0
20181030 23:11:52 *****DEBUG*****../../apps/lua/scripts/gateway/gw_service.lua:76  
2	13	0
20181030 23:11:52 *****DEBUG*****../../apps/lua/scripts/gateway/gw_service.lua:92  
utag  	17
20181030 23:18:26 *****DEBUG*****../../apps/lua/scripts/gateway/gw_service.lua:46  
**********gw_service_init**************
20181030 23:18:26 *****DEBUG*****../../apps/lua/scripts/gateway/main.lua:37  
register gw_server[1]  success
20181030 23:18:26 *****DEBUG*****../../apps/lua/scripts/gateway/main.lua:37  
register gw_server[2]  success
20181030 23:18:27 *****DEBUG*****../../apps/lua/scripts/gateway/gw_service.lua:39  
connecting to server[Auth server]127.0.0.1:8000
20181030 23:18:27 *****DEBUG*****../../apps/lua/scripts/gateway/gw_service.lua:39  
connecting to server[System server]127.0.0.1:8001
20181030 23:18:27 *****DEBUG*****../../apps/lua/scripts/gateway/gw_service.lua:27  
connect success to server [Auth server]127.0.0.1:8000
20181030 23:18:27 *****DEBUG*****../../apps/lua/scripts/gateway/gw_service.lua:27  
connect success to server [System server]127.0.0.1:8001
20181030 23:18:37 *****DEBUG*****../../apps/lua/scripts/gateway/gw_service.lua:76  
1	9	0
20181030 23:18:37 *****DEBUG*****../../apps/lua/scripts/gateway/gw_service.lua:76  
2	13	0
20181030 23:18:37 *****DEBUG*****../../apps/lua/scripts/gateway/gw_service.lua:92  
utag  	17
20181030 23:20:03 *****DEBUG*****../../apps/lua/scripts/gateway/gw_service.lua:46  
**********gw_service_init**************
20181030 23:20:03 *****DEBUG*****../../apps/lua/scripts/gateway/main.lua:37  
register gw_server[1]  success
20181030 23:20:03 *****DEBUG*****../../apps/lua/scripts/gateway/main.lua:37  
register gw_server[2]  success
20181030 23:20:04 *****DEBUG*****../../apps/lua/scripts/gateway/gw_service.lua:39  
connecting to server[Auth server]127.0.0.1:8000
20181030 23:20:04 *****DEBUG*****../../apps/lua/scripts/gateway/gw_service.lua:39  
connecting to server[System server]127.0.0.1:8001
20181030 23:20:04 *****DEBUG*****../../apps/lua/scripts/gateway/gw_service.lua:27  
connect success to server [Auth server]127.0.0.1:8000
20181030 23:20:04 *****DEBUG*****../../apps/lua/scripts/gateway/gw_service.lua:27  
connect success to server [System server]127.0.0.1:8001
20181030 23:20:09 *****DEBUG*****../../apps/lua/scripts/gateway/gw_service.lua:76  
1	9	0
20181030 23:20:10 *****DEBUG*****../../apps/lua/scripts/gateway/gw_service.lua:76  
2	13	0
20181030 23:20:10 *****DEBUG*****../../apps/lua/scripts/gateway/gw_service.lua:92  
utag  	17
20181030 23:20:55 *****DEBUG*****../../apps/lua/scripts/gateway/gw_service.lua:46  
**********gw_service_init**************
20181030 23:20:55 *****DEBUG*****../../apps/lua/scripts/gateway/main.lua:37  
register gw_server[1]  success
20181030 23:20:55 *****DEBUG*****../../apps/lua/scripts/gateway/main.lua:37  
register gw_server[2]  success
20181030 23:20:56 *****DEBUG*****../../apps/lua/scripts/gateway/gw_service.lua:39  
connecting to server[Auth server]127.0.0.1:8000
20181030 23:20:56 *****DEBUG*****../../apps/lua/scripts/gateway/gw_service.lua:39  
connecting to server[System server]127.0.0.1:8001
20181030 23:20:56 *****DEBUG*****../../apps/lua/scripts/gateway/gw_service.lua:27  
connect success to server [Auth server]127.0.0.1:8000
20181030 23:20:56 *****DEBUG*****../../apps/lua/scripts/gateway/gw_service.lua:27  
connect success to server [System server]127.0.0.1:8001
20181030 23:21:04 *****DEBUG*****../../apps/lua/scripts/gateway/gw_service.lua:76  
1	9	0
20181030 23:21:04 *****DEBUG*****../../apps/lua/scripts/gateway/gw_service.lua:76  
2	13	0
20181030 23:21:04 *****DEBUG*****../../apps/lua/scripts/gateway/gw_service.lua:92  
utag  	17
20181030 23:21:13 *****DEBUG*****../../apps/lua/scripts/gateway/gw_service.lua:76  
1	9	0
20181030 23:21:13 *****DEBUG*****../../apps/lua/scripts/gateway/gw_service.lua:76  
2	13	0
20181030 23:21:13 *****DEBUG*****../../apps/lua/scripts/gateway/gw_service.lua:92  
utag  	17
20181030 23:29:55 *****DEBUG*****../../apps/lua/scripts/gateway/gw_service.lua:46  
**********gw_service_init**************
20181030 23:29:55 *****DEBUG*****../../apps/lua/scripts/gateway/main.lua:37  
register gw_server[1]  success
20181030 23:29:55 *****DEBUG*****../../apps/lua/scripts/gateway/main.lua:37  
register gw_server[2]  success
20181030 23:29:56 *****DEBUG*****../../apps/lua/scripts/gateway/gw_service.lua:39  
connecting to server[Auth server]127.0.0.1:8000
20181030 23:29:56 *****DEBUG*****../../apps/lua/scripts/gateway/gw_service.lua:39  
connecting to server[System server]127.0.0.1:8001
20181030 23:29:56 *****DEBUG*****../../apps/lua/scripts/gateway/gw_service.lua:27  
connect success to server [Auth server]127.0.0.1:8000
20181030 23:29:56 *****DEBUG*****../../apps/lua/scripts/gateway/gw_service.lua:27  
connect success to server [System server]127.0.0.1:8001
20181030 23:30:18 *****DEBUG*****../../apps/lua/scripts/gateway/gw_service.lua:76  
1	9	0
20181030 23:30:18 *****DEBUG*****../../apps/lua/scripts/gateway/gw_service.lua:76  
2	13	0
20181030 23:30:18 *****DEBUG*****../../apps/lua/scripts/gateway/gw_service.lua:92  
utag  	17
20181030 23:43:58 *****DEBUG*****../../apps/lua/scripts/gateway/gw_service.lua:46  
**********gw_service_init**************
20181030 23:43:58 *****DEBUG*****../../apps/lua/scripts/gateway/main.lua:37  
register gw_server[1]  success
20181030 23:43:58 *****DEBUG*****../../apps/lua/scripts/gateway/main.lua:37  
register gw_server[2]  success
20181030 23:43:59 *****DEBUG*****../../apps/lua/scripts/gateway/gw_service.lua:39  
connecting to server[Auth server]127.0.0.1:8000
20181030 23:43:59 *****DEBUG*****../../apps/lua/scripts/gateway/gw_service.lua:39  
connecting to server[System server]127.0.0.1:8001
20181030 23:43:59 *****DEBUG*****../../apps/lua/scripts/gateway/gw_service.lua:27  
connect success to server [Auth server]127.0.0.1:8000
20181030 23:43:59 *****DEBUG*****../../apps/lua/scripts/gateway/gw_service.lua:27  
connect success to server [System server]127.0.0.1:8001
20181030 23:44:06 *****DEBUG*****../../apps/lua/scripts/gateway/gw_service.lua:76  
1	9	0
20181030 23:44:06 *****DEBUG*****../../apps/lua/scripts/gateway/gw_service.lua:76  
2	13	0
20181030 23:44:06 *****DEBUG*****../../apps/lua/scripts/gateway/gw_service.lua:92  
utag  	17
20181030 23:44:06 *****DEBUG*****../../apps/lua/scripts/gateway/gw_service.lua:175  
gateway disconnect [System server]
20181030 23:44:09 *****DEBUG*****../../apps/lua/scripts/gateway/gw_service.lua:39  
connecting to server[System server]127.0.0.1:8001
20181030 23:44:09 *****DEBUG*****../../apps/lua/scripts/gateway/gw_service.lua:27  
connect success to server [System server]127.0.0.1:8001
20181030 23:44:09 *****DEBUG*****../../apps/lua/scripts/gateway/gw_service.lua:76  
1	9	0
20181030 23:44:09 *****DEBUG*****../../apps/lua/scripts/gateway/gw_service.lua:76  
2	13	0
20181030 23:44:09 *****DEBUG*****../../apps/lua/scripts/gateway/gw_service.lua:92  
utag  	17
20181030 23:44:09 *****DEBUG*****../../apps/lua/scripts/gateway/gw_service.lua:175  
gateway disconnect [System server]
20181030 23:44:10 *****DEBUG*****../../apps/lua/scripts/gateway/gw_service.lua:76  
1	9	0
20181030 23:44:10 *****DEBUG*****../../apps/lua/scripts/gateway/gw_service.lua:76  
2	13	0
20181030 23:44:14 *****DEBUG*****../../apps/lua/scripts/gateway/gw_service.lua:39  
connecting to server[System server]127.0.0.1:8001
20181030 23:44:14 *****DEBUG*****../../apps/lua/scripts/gateway/gw_service.lua:27  
connect success to server [System server]127.0.0.1:8001
20181030 23:44:34 *****DEBUG*****../../apps/lua/scripts/gateway/gw_service.lua:175  
gateway disconnect [System server]
20181030 23:44:39 *****DEBUG*****../../apps/lua/scripts/gateway/gw_service.lua:39  
connecting to server[System server]127.0.0.1:8001
20181030 23:44:40 !!!!!ERROR!!!!! ../../apps/lua/scripts/gateway/gw_service.lua:23  
connect error to server[System server]127.0.0.1:8001
20181030 23:44:44 *****DEBUG*****../../apps/lua/scripts/gateway/gw_service.lua:39  
connecting to server[System server]127.0.0.1:8001
20181030 23:44:45 !!!!!ERROR!!!!! ../../apps/lua/scripts/gateway/gw_service.lua:23  
connect error to server[System server]127.0.0.1:8001
20181030 23:44:49 *****DEBUG*****../../apps/lua/scripts/gateway/gw_service.lua:46  
**********gw_service_init**************
20181030 23:44:49 *****DEBUG*****../../apps/lua/scripts/gateway/main.lua:37  
register gw_server[1]  success
20181030 23:44:49 *****DEBUG*****../../apps/lua/scripts/gateway/main.lua:37  
register gw_server[2]  success
20181030 23:44:50 *****DEBUG*****../../apps/lua/scripts/gateway/gw_service.lua:39  
connecting to server[Auth server]127.0.0.1:8000
20181030 23:44:50 *****DEBUG*****../../apps/lua/scripts/gateway/gw_service.lua:39  
connecting to server[System server]127.0.0.1:8001
20181030 23:44:50 *****DEBUG*****../../apps/lua/scripts/gateway/gw_service.lua:27  
connect success to server [Auth server]127.0.0.1:8000
20181030 23:44:50 *****DEBUG*****../../apps/lua/scripts/gateway/gw_service.lua:27  
connect success to server [System server]127.0.0.1:8001
20181030 23:45:04 *****DEBUG*****../../apps/lua/scripts/gateway/gw_service.lua:76  
1	9	0
20181030 23:45:04 *****DEBUG*****../../apps/lua/scripts/gateway/gw_service.lua:76  
2	13	0
20181030 23:45:04 *****DEBUG*****../../apps/lua/scripts/gateway/gw_service.lua:92  
utag  	17
20181030 23:45:07 *****DEBUG*****../../apps/lua/scripts/gateway/gw_service.lua:76  
2	15	0
20181030 23:45:07 *****DEBUG*****../../apps/lua/scripts/gateway/gw_service.lua:92  
utag  	17
