20181010 19:45:11 *****DEBUG*****../../apps/lua/scripts/gateway/gw_service.lua:46  
**********gw_service_init**************
20181010 19:45:11 *****DEBUG*****../../apps/lua/scripts/gateway/main.lua:35  
1  1
20181010 19:45:11 *****DEBUG*****../../apps/lua/scripts/gateway/main.lua:38  
register gw_server[1]  success
20181010 19:45:12 *****DEBUG*****../../apps/lua/scripts/gateway/gw_service.lua:39  
connecting to server[Auth server]127.0.0.1:8000
20181010 19:45:12 *****DEBUG*****../../apps/lua/scripts/gateway/gw_service.lua:27  
connect success to server [Auth server]127.0.0.1:8000
20181010 19:46:10 *****DEBUG*****../../apps/lua/scripts/gateway/gw_service.lua:68  
1	1	0
20181010 19:47:24 *****DEBUG*****../../apps/lua/scripts/gateway/gw_service.lua:68  
1	1	0
20181010 19:54:15 *****DEBUG*****../../apps/lua/scripts/gateway/gw_service.lua:68  
1	1	0
20181010 19:54:18 *****DEBUG*****../../apps/lua/scripts/gateway/gw_service.lua:68  
1	1	0
20181010 19:54:19 *****DEBUG*****../../apps/lua/scripts/gateway/gw_service.lua:68  
1	1	0
20181010 19:54:20 *****DEBUG*****../../apps/lua/scripts/gateway/gw_service.lua:68  
1	1	0
20181010 19:54:50 *****DEBUG*****../../apps/lua/scripts/gateway/gw_service.lua:68  
1	1	0
20181010 19:55:56 *****DEBUG*****../../apps/lua/scripts/gateway/gw_service.lua:68  
1	1	0
20181010 20:01:30 *****DEBUG*****../../apps/lua/scripts/gateway/gw_service.lua:46  
**********gw_service_init**************
20181010 20:01:30 *****DEBUG*****../../apps/lua/scripts/gateway/main.lua:35  
1  1
20181010 20:01:30 *****DEBUG*****../../apps/lua/scripts/gateway/main.lua:38  
register gw_server[1]  success
20181010 20:01:31 *****DEBUG*****../../apps/lua/scripts/gateway/gw_service.lua:39  
connecting to server[Auth server]127.0.0.1:8000
20181010 20:01:31 *****DEBUG*****../../apps/lua/scripts/gateway/gw_service.lua:27  
connect success to server [Auth server]127.0.0.1:8000
20181010 20:02:37 *****DEBUG*****../../apps/lua/scripts/gateway/gw_service.lua:46  
**********gw_service_init**************
20181010 20:02:37 *****DEBUG*****../../apps/lua/scripts/gateway/main.lua:35  
1  1
20181010 20:02:37 *****DEBUG*****../../apps/lua/scripts/gateway/main.lua:38  
register gw_server[1]  success
20181010 20:02:38 *****DEBUG*****../../apps/lua/scripts/gateway/gw_service.lua:39  
connecting to server[Auth server]127.0.0.1:8000
20181010 20:02:38 *****DEBUG*****../../apps/lua/scripts/gateway/gw_service.lua:27  
connect success to server [Auth server]127.0.0.1:8000
20181010 20:03:00 *****DEBUG*****../../apps/lua/scripts/gateway/gw_service.lua:68  
1	1	0
20181010 20:08:39 *****DEBUG*****../../apps/lua/scripts/gateway/gw_service.lua:68  
1	1	0
20181010 20:14:16 *****DEBUG*****../../apps/lua/scripts/gateway/gw_service.lua:68  
1	1	0
20181010 20:14:50 *****DEBUG*****../../apps/lua/scripts/gateway/gw_service.lua:170  
gateway disconnect [Auth server]
20181010 20:14:59 *****DEBUG*****../../apps/lua/scripts/gateway/gw_service.lua:46  
**********gw_service_init**************
20181010 20:14:59 *****DEBUG*****../../apps/lua/scripts/gateway/main.lua:35  
1  1
20181010 20:14:59 *****DEBUG*****../../apps/lua/scripts/gateway/main.lua:38  
register gw_server[1]  success
20181010 20:15:00 *****DEBUG*****../../apps/lua/scripts/gateway/gw_service.lua:39  
connecting to server[Auth server]127.0.0.1:8000
20181010 20:15:00 *****DEBUG*****../../apps/lua/scripts/gateway/gw_service.lua:27  
connect success to server [Auth server]127.0.0.1:8000
20181010 20:15:16 *****DEBUG*****../../apps/lua/scripts/gateway/gw_service.lua:68  
1	1	0
20181010 20:15:49 *****DEBUG*****../../apps/lua/scripts/gateway/gw_service.lua:68  
1	1	0
20181010 20:16:08 *****DEBUG*****../../apps/lua/scripts/gateway/gw_service.lua:170  
gateway disconnect [Auth server]
20181010 20:16:10 *****DEBUG*****../../apps/lua/scripts/gateway/gw_service.lua:39  
connecting to server[Auth server]127.0.0.1:8000
20181010 20:16:15 *****DEBUG*****../../apps/lua/scripts/gateway/gw_service.lua:46  
**********gw_service_init**************
20181010 20:16:15 *****DEBUG*****../../apps/lua/scripts/gateway/main.lua:35  
1  1
20181010 20:16:15 *****DEBUG*****../../apps/lua/scripts/gateway/main.lua:38  
register gw_server[1]  success
20181010 20:16:16 *****DEBUG*****../../apps/lua/scripts/gateway/gw_service.lua:39  
connecting to server[Auth server]127.0.0.1:8000
20181010 20:16:16 *****DEBUG*****../../apps/lua/scripts/gateway/gw_service.lua:27  
connect success to server [Auth server]127.0.0.1:8000
20181010 20:16:32 *****DEBUG*****../../apps/lua/scripts/gateway/gw_service.lua:68  
1	1	0
20181010 20:16:52 *****DEBUG*****../../apps/lua/scripts/gateway/gw_service.lua:68  
1	1	0
20181010 20:18:45 *****DEBUG*****../../apps/lua/scripts/gateway/gw_service.lua:68  
1	1	0
20181010 20:21:38 *****DEBUG*****../../apps/lua/scripts/gateway/gw_service.lua:68  
1	1	0
20181010 20:21:38 !!!!!ERROR!!!!! e:\vs_project\moba_game_server\moba_server\lua_wrapper\service_export_to_lua.cc:109  
[LUA ERROR] ../../apps/lua/scripts/gateway/gw_service.lua:112: attempt to index a nil value (local 'body')
20181010 20:22:42 *****DEBUG*****../../apps/lua/scripts/gateway/gw_service.lua:68  
1	1	0
20181010 20:22:42 !!!!!ERROR!!!!! e:\vs_project\moba_game_server\moba_server\lua_wrapper\service_export_to_lua.cc:109  
[LUA ERROR] ../../apps/lua/scripts/gateway/gw_service.lua:112: attempt to index a nil value (local 'body')
20181010 20:22:51 *****DEBUG*****../../apps/lua/scripts/gateway/gw_service.lua:170  
gateway disconnect [Auth server]
20181010 20:22:51 *****DEBUG*****../../apps/lua/scripts/gateway/gw_service.lua:39  
connecting to server[Auth server]127.0.0.1:8000
20181010 20:22:52 !!!!!ERROR!!!!! ../../apps/lua/scripts/gateway/gw_service.lua:23  
connect error to server[Auth server]127.0.0.1:8000
20181010 20:22:59 *****DEBUG*****../../apps/lua/scripts/gateway/gw_service.lua:46  
**********gw_service_init**************
20181010 20:22:59 *****DEBUG*****../../apps/lua/scripts/gateway/main.lua:35  
1  1
20181010 20:22:59 *****DEBUG*****../../apps/lua/scripts/gateway/main.lua:38  
register gw_server[1]  success
20181010 20:23:00 *****DEBUG*****../../apps/lua/scripts/gateway/gw_service.lua:39  
connecting to server[Auth server]127.0.0.1:8000
20181010 20:23:00 *****DEBUG*****../../apps/lua/scripts/gateway/gw_service.lua:27  
connect success to server [Auth server]127.0.0.1:8000
20181010 20:23:10 *****DEBUG*****../../apps/lua/scripts/gateway/gw_service.lua:68  
1	1	0
20181010 20:23:24 *****DEBUG*****../../apps/lua/scripts/gateway/gw_service.lua:68  
1	1	0
