20181108 12:03:46 *****DEBUG*****../../apps/lua/scripts/gateway/gw_service.lua:46  
**********gw_service_init**************
20181108 12:03:46 *****DEBUG*****../../apps/lua/scripts/gateway/main.lua:37  
register gw_server[1]  success
20181108 12:03:46 *****DEBUG*****../../apps/lua/scripts/gateway/main.lua:37  
register gw_server[2]  success
20181108 12:03:47 *****DEBUG*****../../apps/lua/scripts/gateway/gw_service.lua:39  
connecting to server[Auth server]127.0.0.1:8000
20181108 12:03:47 *****DEBUG*****../../apps/lua/scripts/gateway/gw_service.lua:39  
connecting to server[System server]127.0.0.1:8001
20181108 12:03:47 *****DEBUG*****../../apps/lua/scripts/gateway/gw_service.lua:27  
connect success to server [Auth server]127.0.0.1:8000
20181108 12:03:47 *****DEBUG*****../../apps/lua/scripts/gateway/gw_service.lua:27  
connect success to server [System server]127.0.0.1:8001
20181108 12:05:04 *****DEBUG*****../../apps/lua/scripts/gateway/gw_service.lua:76  
1	9	0
20181108 12:05:04 *****DEBUG*****../../apps/lua/scripts/gateway/gw_service.lua:76  
2	13	0
20181108 12:05:04 *****DEBUG*****../../apps/lua/scripts/gateway/gw_service.lua:92  
utag  	17
20181108 12:05:08 *****DEBUG*****../../apps/lua/scripts/gateway/gw_service.lua:76  
2	17	0
20181108 12:05:08 *****DEBUG*****../../apps/lua/scripts/gateway/gw_service.lua:92  
utag  	17
20181108 21:20:00 *****DEBUG*****../../apps/lua/scripts/gateway/gw_service.lua:46  
**********gw_service_init**************
20181108 21:20:00 *****DEBUG*****../../apps/lua/scripts/gateway/main.lua:37  
register gw_server[1]  success
20181108 21:20:00 *****DEBUG*****../../apps/lua/scripts/gateway/main.lua:37  
register gw_server[2]  success
20181108 21:20:01 *****DEBUG*****../../apps/lua/scripts/gateway/gw_service.lua:39  
connecting to server[Auth server]127.0.0.1:8000
20181108 21:20:01 *****DEBUG*****../../apps/lua/scripts/gateway/gw_service.lua:39  
connecting to server[System server]127.0.0.1:8001
20181108 21:20:01 *****DEBUG*****../../apps/lua/scripts/gateway/gw_service.lua:27  
connect success to server [Auth server]127.0.0.1:8000
20181108 21:20:01 *****DEBUG*****../../apps/lua/scripts/gateway/gw_service.lua:27  
connect success to server [System server]127.0.0.1:8001
20181108 21:20:13 *****DEBUG*****../../apps/lua/scripts/gateway/gw_service.lua:76  
1	9	0
20181108 21:20:13 *****DEBUG*****../../apps/lua/scripts/gateway/gw_service.lua:76  
2	13	0
20181108 21:20:13 *****DEBUG*****../../apps/lua/scripts/gateway/gw_service.lua:92  
utag  	17
20181108 21:20:25 *****DEBUG*****../../apps/lua/scripts/gateway/gw_service.lua:76  
2	17	0
20181108 21:20:25 *****DEBUG*****../../apps/lua/scripts/gateway/gw_service.lua:92  
utag  	17
20181108 21:29:49 *****DEBUG*****../../apps/lua/scripts/gateway/gw_service.lua:46  
**********gw_service_init**************
20181108 21:29:49 *****DEBUG*****../../apps/lua/scripts/gateway/main.lua:37  
register gw_server[1]  success
20181108 21:29:49 *****DEBUG*****../../apps/lua/scripts/gateway/main.lua:37  
register gw_server[2]  success
20181108 21:29:50 *****DEBUG*****../../apps/lua/scripts/gateway/gw_service.lua:39  
connecting to server[Auth server]127.0.0.1:8000
20181108 21:29:50 *****DEBUG*****../../apps/lua/scripts/gateway/gw_service.lua:39  
connecting to server[System server]127.0.0.1:8001
20181108 21:29:50 *****DEBUG*****../../apps/lua/scripts/gateway/gw_service.lua:27  
connect success to server [Auth server]127.0.0.1:8000
20181108 21:29:50 *****DEBUG*****../../apps/lua/scripts/gateway/gw_service.lua:27  
connect success to server [System server]127.0.0.1:8001
20181108 21:30:04 *****DEBUG*****../../apps/lua/scripts/gateway/gw_service.lua:76  
1	9	0
20181108 21:30:04 *****DEBUG*****../../apps/lua/scripts/gateway/gw_service.lua:76  
2	13	0
20181108 21:30:04 *****DEBUG*****../../apps/lua/scripts/gateway/gw_service.lua:92  
utag  	17
20181108 21:30:12 *****DEBUG*****../../apps/lua/scripts/gateway/gw_service.lua:76  
2	17	0
20181108 21:30:12 *****DEBUG*****../../apps/lua/scripts/gateway/gw_service.lua:92  
utag  	17
20181108 21:32:29 *****DEBUG*****../../apps/lua/scripts/gateway/gw_service.lua:46  
**********gw_service_init**************
20181108 21:32:29 *****DEBUG*****../../apps/lua/scripts/gateway/main.lua:37  
register gw_server[1]  success
20181108 21:32:29 *****DEBUG*****../../apps/lua/scripts/gateway/main.lua:37  
register gw_server[2]  success
20181108 21:32:30 *****DEBUG*****../../apps/lua/scripts/gateway/gw_service.lua:39  
connecting to server[Auth server]127.0.0.1:8000
20181108 21:32:30 *****DEBUG*****../../apps/lua/scripts/gateway/gw_service.lua:39  
connecting to server[System server]127.0.0.1:8001
20181108 21:32:30 *****DEBUG*****../../apps/lua/scripts/gateway/gw_service.lua:27  
connect success to server [Auth server]127.0.0.1:8000
20181108 21:32:30 *****DEBUG*****../../apps/lua/scripts/gateway/gw_service.lua:27  
connect success to server [System server]127.0.0.1:8001
20181108 21:32:37 *****DEBUG*****../../apps/lua/scripts/gateway/gw_service.lua:76  
1	9	0
20181108 21:32:37 *****DEBUG*****../../apps/lua/scripts/gateway/gw_service.lua:76  
2	13	0
20181108 21:32:37 *****DEBUG*****../../apps/lua/scripts/gateway/gw_service.lua:92  
utag  	17
20181108 21:32:39 *****DEBUG*****../../apps/lua/scripts/gateway/gw_service.lua:76  
2	17	0
20181108 21:32:39 *****DEBUG*****../../apps/lua/scripts/gateway/gw_service.lua:92  
utag  	17
20181108 21:33:27 *****DEBUG*****../../apps/lua/scripts/gateway/gw_service.lua:46  
**********gw_service_init**************
20181108 21:33:27 *****DEBUG*****../../apps/lua/scripts/gateway/main.lua:37  
register gw_server[1]  success
20181108 21:33:27 *****DEBUG*****../../apps/lua/scripts/gateway/main.lua:37  
register gw_server[2]  success
20181108 21:33:28 *****DEBUG*****../../apps/lua/scripts/gateway/gw_service.lua:39  
connecting to server[Auth server]127.0.0.1:8000
20181108 21:33:28 *****DEBUG*****../../apps/lua/scripts/gateway/gw_service.lua:39  
connecting to server[System server]127.0.0.1:8001
20181108 21:33:28 *****DEBUG*****../../apps/lua/scripts/gateway/gw_service.lua:27  
connect success to server [Auth server]127.0.0.1:8000
20181108 21:33:28 *****DEBUG*****../../apps/lua/scripts/gateway/gw_service.lua:27  
connect success to server [System server]127.0.0.1:8001
20181108 21:33:41 *****DEBUG*****../../apps/lua/scripts/gateway/gw_service.lua:76  
1	9	0
20181108 21:33:41 *****DEBUG*****../../apps/lua/scripts/gateway/gw_service.lua:76  
2	13	0
20181108 21:33:41 *****DEBUG*****../../apps/lua/scripts/gateway/gw_service.lua:92  
utag  	17
20181108 21:33:44 *****DEBUG*****../../apps/lua/scripts/gateway/gw_service.lua:76  
2	17	0
20181108 21:33:44 *****DEBUG*****../../apps/lua/scripts/gateway/gw_service.lua:92  
utag  	17
20181108 21:36:17 *****DEBUG*****../../apps/lua/scripts/gateway/gw_service.lua:46  
**********gw_service_init**************
20181108 21:36:17 *****DEBUG*****../../apps/lua/scripts/gateway/main.lua:37  
register gw_server[1]  success
20181108 21:36:17 *****DEBUG*****../../apps/lua/scripts/gateway/main.lua:37  
register gw_server[2]  success
20181108 21:36:18 *****DEBUG*****../../apps/lua/scripts/gateway/gw_service.lua:39  
connecting to server[Auth server]127.0.0.1:8000
20181108 21:36:18 *****DEBUG*****../../apps/lua/scripts/gateway/gw_service.lua:39  
connecting to server[System server]127.0.0.1:8001
20181108 21:36:18 *****DEBUG*****../../apps/lua/scripts/gateway/gw_service.lua:27  
connect success to server [Auth server]127.0.0.1:8000
20181108 21:36:18 *****DEBUG*****../../apps/lua/scripts/gateway/gw_service.lua:27  
connect success to server [System server]127.0.0.1:8001
20181108 21:36:41 *****DEBUG*****../../apps/lua/scripts/gateway/gw_service.lua:76  
1	9	0
20181108 21:36:41 *****DEBUG*****../../apps/lua/scripts/gateway/gw_service.lua:76  
2	13	0
20181108 21:36:41 *****DEBUG*****../../apps/lua/scripts/gateway/gw_service.lua:92  
utag  	17
20181108 21:36:42 *****DEBUG*****../../apps/lua/scripts/gateway/gw_service.lua:76  
2	17	0
20181108 21:36:42 *****DEBUG*****../../apps/lua/scripts/gateway/gw_service.lua:92  
utag  	17
20181108 21:40:00 *****DEBUG*****../../apps/lua/scripts/gateway/gw_service.lua:46  
**********gw_service_init**************
20181108 21:40:00 *****DEBUG*****../../apps/lua/scripts/gateway/main.lua:37  
register gw_server[1]  success
20181108 21:40:00 *****DEBUG*****../../apps/lua/scripts/gateway/main.lua:37  
register gw_server[2]  success
20181108 21:40:01 *****DEBUG*****../../apps/lua/scripts/gateway/gw_service.lua:39  
connecting to server[Auth server]127.0.0.1:8000
20181108 21:40:01 *****DEBUG*****../../apps/lua/scripts/gateway/gw_service.lua:39  
connecting to server[System server]127.0.0.1:8001
20181108 21:40:01 *****DEBUG*****../../apps/lua/scripts/gateway/gw_service.lua:27  
connect success to server [Auth server]127.0.0.1:8000
20181108 21:40:01 *****DEBUG*****../../apps/lua/scripts/gateway/gw_service.lua:27  
connect success to server [System server]127.0.0.1:8001
20181108 21:40:06 *****DEBUG*****../../apps/lua/scripts/gateway/gw_service.lua:76  
1	9	0
20181108 21:40:06 *****DEBUG*****../../apps/lua/scripts/gateway/gw_service.lua:76  
2	13	0
20181108 21:40:06 *****DEBUG*****../../apps/lua/scripts/gateway/gw_service.lua:92  
utag  	17
20181108 21:40:10 *****DEBUG*****../../apps/lua/scripts/gateway/gw_service.lua:76  
2	17	0
20181108 21:40:10 *****DEBUG*****../../apps/lua/scripts/gateway/gw_service.lua:92  
utag  	17
20181108 21:43:47 *****DEBUG*****../../apps/lua/scripts/gateway/gw_service.lua:46  
**********gw_service_init**************
20181108 21:43:47 *****DEBUG*****../../apps/lua/scripts/gateway/main.lua:37  
register gw_server[1]  success
20181108 21:43:47 *****DEBUG*****../../apps/lua/scripts/gateway/main.lua:37  
register gw_server[2]  success
20181108 21:43:48 *****DEBUG*****../../apps/lua/scripts/gateway/gw_service.lua:39  
connecting to server[Auth server]127.0.0.1:8000
20181108 21:43:48 *****DEBUG*****../../apps/lua/scripts/gateway/gw_service.lua:39  
connecting to server[System server]127.0.0.1:8001
20181108 21:43:48 *****DEBUG*****../../apps/lua/scripts/gateway/gw_service.lua:27  
connect success to server [Auth server]127.0.0.1:8000
20181108 21:43:48 *****DEBUG*****../../apps/lua/scripts/gateway/gw_service.lua:27  
connect success to server [System server]127.0.0.1:8001
20181108 21:43:54 *****DEBUG*****../../apps/lua/scripts/gateway/gw_service.lua:76  
1	9	0
20181108 21:43:54 *****DEBUG*****../../apps/lua/scripts/gateway/gw_service.lua:76  
2	13	0
20181108 21:43:54 *****DEBUG*****../../apps/lua/scripts/gateway/gw_service.lua:92  
utag  	17
20181108 21:43:55 *****DEBUG*****../../apps/lua/scripts/gateway/gw_service.lua:76  
2	17	0
20181108 21:43:55 *****DEBUG*****../../apps/lua/scripts/gateway/gw_service.lua:92  
utag  	17
20181108 21:47:07 *****DEBUG*****../../apps/lua/scripts/gateway/gw_service.lua:46  
**********gw_service_init**************
20181108 21:47:07 *****DEBUG*****../../apps/lua/scripts/gateway/main.lua:37  
register gw_server[1]  success
20181108 21:47:07 *****DEBUG*****../../apps/lua/scripts/gateway/main.lua:37  
register gw_server[2]  success
20181108 21:47:08 *****DEBUG*****../../apps/lua/scripts/gateway/gw_service.lua:39  
connecting to server[Auth server]127.0.0.1:8000
20181108 21:47:08 *****DEBUG*****../../apps/lua/scripts/gateway/gw_service.lua:39  
connecting to server[System server]127.0.0.1:8001
20181108 21:47:08 *****DEBUG*****../../apps/lua/scripts/gateway/gw_service.lua:27  
connect success to server [Auth server]127.0.0.1:8000
20181108 21:47:08 *****DEBUG*****../../apps/lua/scripts/gateway/gw_service.lua:27  
connect success to server [System server]127.0.0.1:8001
20181108 21:47:15 *****DEBUG*****../../apps/lua/scripts/gateway/gw_service.lua:76  
1	9	0
20181108 21:47:15 *****DEBUG*****../../apps/lua/scripts/gateway/gw_service.lua:76  
2	13	0
20181108 21:47:15 *****DEBUG*****../../apps/lua/scripts/gateway/gw_service.lua:92  
utag  	17
20181108 21:47:17 *****DEBUG*****../../apps/lua/scripts/gateway/gw_service.lua:76  
2	17	0
20181108 21:47:17 *****DEBUG*****../../apps/lua/scripts/gateway/gw_service.lua:92  
utag  	17
20181108 21:50:42 *****DEBUG*****../../apps/lua/scripts/gateway/gw_service.lua:46  
**********gw_service_init**************
20181108 21:50:42 *****DEBUG*****../../apps/lua/scripts/gateway/main.lua:37  
register gw_server[1]  success
20181108 21:50:42 *****DEBUG*****../../apps/lua/scripts/gateway/main.lua:37  
register gw_server[2]  success
20181108 21:50:43 *****DEBUG*****../../apps/lua/scripts/gateway/gw_service.lua:39  
connecting to server[Auth server]127.0.0.1:8000
20181108 21:50:43 *****DEBUG*****../../apps/lua/scripts/gateway/gw_service.lua:39  
connecting to server[System server]127.0.0.1:8001
20181108 21:50:43 *****DEBUG*****../../apps/lua/scripts/gateway/gw_service.lua:27  
connect success to server [Auth server]127.0.0.1:8000
20181108 21:50:43 *****DEBUG*****../../apps/lua/scripts/gateway/gw_service.lua:27  
connect success to server [System server]127.0.0.1:8001
20181108 21:50:54 *****DEBUG*****../../apps/lua/scripts/gateway/gw_service.lua:76  
1	9	0
20181108 21:50:54 *****DEBUG*****../../apps/lua/scripts/gateway/gw_service.lua:76  
2	13	0
20181108 21:50:54 *****DEBUG*****../../apps/lua/scripts/gateway/gw_service.lua:92  
utag  	17
20181108 21:50:56 *****DEBUG*****../../apps/lua/scripts/gateway/gw_service.lua:76  
2	17	0
20181108 21:50:56 *****DEBUG*****../../apps/lua/scripts/gateway/gw_service.lua:92  
utag  	17
20181108 21:59:10 *****DEBUG*****../../apps/lua/scripts/gateway/gw_service.lua:46  
**********gw_service_init**************
20181108 21:59:10 *****DEBUG*****../../apps/lua/scripts/gateway/main.lua:37  
register gw_server[1]  success
20181108 21:59:10 *****DEBUG*****../../apps/lua/scripts/gateway/main.lua:37  
register gw_server[2]  success
20181108 21:59:11 *****DEBUG*****../../apps/lua/scripts/gateway/gw_service.lua:39  
connecting to server[Auth server]127.0.0.1:8000
20181108 21:59:11 *****DEBUG*****../../apps/lua/scripts/gateway/gw_service.lua:39  
connecting to server[System server]127.0.0.1:8001
20181108 21:59:11 *****DEBUG*****../../apps/lua/scripts/gateway/gw_service.lua:27  
connect success to server [Auth server]127.0.0.1:8000
20181108 21:59:11 *****DEBUG*****../../apps/lua/scripts/gateway/gw_service.lua:27  
connect success to server [System server]127.0.0.1:8001
20181108 21:59:41 *****DEBUG*****../../apps/lua/scripts/gateway/gw_service.lua:46  
**********gw_service_init**************
20181108 21:59:41 *****DEBUG*****../../apps/lua/scripts/gateway/main.lua:37  
register gw_server[1]  success
20181108 21:59:41 *****DEBUG*****../../apps/lua/scripts/gateway/main.lua:37  
register gw_server[2]  success
20181108 21:59:42 *****DEBUG*****../../apps/lua/scripts/gateway/gw_service.lua:39  
connecting to server[Auth server]127.0.0.1:8000
20181108 21:59:42 *****DEBUG*****../../apps/lua/scripts/gateway/gw_service.lua:39  
connecting to server[System server]127.0.0.1:8001
20181108 21:59:42 *****DEBUG*****../../apps/lua/scripts/gateway/gw_service.lua:27  
connect success to server [Auth server]127.0.0.1:8000
20181108 21:59:42 *****DEBUG*****../../apps/lua/scripts/gateway/gw_service.lua:27  
connect success to server [System server]127.0.0.1:8001
20181108 21:59:46 *****DEBUG*****../../apps/lua/scripts/gateway/gw_service.lua:76  
1	9	0
20181108 21:59:46 *****DEBUG*****../../apps/lua/scripts/gateway/gw_service.lua:76  
2	13	0
20181108 21:59:46 *****DEBUG*****../../apps/lua/scripts/gateway/gw_service.lua:92  
utag  	17
20181108 21:59:51 *****DEBUG*****../../apps/lua/scripts/gateway/gw_service.lua:76  
2	17	0
20181108 21:59:51 *****DEBUG*****../../apps/lua/scripts/gateway/gw_service.lua:92  
utag  	17
20181108 22:09:11 *****DEBUG*****../../apps/lua/scripts/gateway/gw_service.lua:76  
1	9	0
20181108 22:09:24 *****DEBUG*****../../apps/lua/scripts/gateway/gw_service.lua:76  
2	13	0
20181108 22:09:24 *****DEBUG*****../../apps/lua/scripts/gateway/gw_service.lua:92  
utag  	17
20181108 22:09:35 *****DEBUG*****../../apps/lua/scripts/gateway/gw_service.lua:76  
2	17	0
20181108 22:09:35 *****DEBUG*****../../apps/lua/scripts/gateway/gw_service.lua:92  
utag  	17
20181108 22:10:36 *****DEBUG*****../../apps/lua/scripts/gateway/gw_service.lua:76  
1	9	0
20181108 22:10:36 *****DEBUG*****../../apps/lua/scripts/gateway/gw_service.lua:76  
2	13	0
20181108 22:10:36 *****DEBUG*****../../apps/lua/scripts/gateway/gw_service.lua:92  
utag  	17
20181108 22:10:37 *****DEBUG*****../../apps/lua/scripts/gateway/gw_service.lua:76  
2	17	0
20181108 22:10:37 *****DEBUG*****../../apps/lua/scripts/gateway/gw_service.lua:92  
utag  	17
20181108 22:12:51 *****DEBUG*****../../apps/lua/scripts/gateway/gw_service.lua:76  
1	9	0
20181108 22:12:51 *****DEBUG*****../../apps/lua/scripts/gateway/gw_service.lua:76  
2	13	0
20181108 22:12:51 *****DEBUG*****../../apps/lua/scripts/gateway/gw_service.lua:92  
utag  	17
20181108 22:12:52 *****DEBUG*****../../apps/lua/scripts/gateway/gw_service.lua:76  
2	17	0
20181108 22:12:52 *****DEBUG*****../../apps/lua/scripts/gateway/gw_service.lua:92  
utag  	17
20181108 22:13:18 *****DEBUG*****../../apps/lua/scripts/gateway/gw_service.lua:76  
1	9	0
20181108 22:13:44 *****DEBUG*****../../apps/lua/scripts/gateway/gw_service.lua:76  
2	13	0
20181108 22:13:44 *****DEBUG*****../../apps/lua/scripts/gateway/gw_service.lua:92  
utag  	17
20181108 22:14:00 *****DEBUG*****../../apps/lua/scripts/gateway/gw_service.lua:76  
2	17	0
20181108 22:14:00 *****DEBUG*****../../apps/lua/scripts/gateway/gw_service.lua:92  
utag  	17
20181108 22:21:30 *****DEBUG*****../../apps/lua/scripts/gateway/gw_service.lua:46  
**********gw_service_init**************
20181108 22:21:30 *****DEBUG*****../../apps/lua/scripts/gateway/main.lua:37  
register gw_server[1]  success
20181108 22:21:30 *****DEBUG*****../../apps/lua/scripts/gateway/main.lua:37  
register gw_server[2]  success
20181108 22:21:31 *****DEBUG*****../../apps/lua/scripts/gateway/gw_service.lua:39  
connecting to server[Auth server]127.0.0.1:8000
20181108 22:21:31 *****DEBUG*****../../apps/lua/scripts/gateway/gw_service.lua:39  
connecting to server[System server]127.0.0.1:8001
20181108 22:21:31 *****DEBUG*****../../apps/lua/scripts/gateway/gw_service.lua:27  
connect success to server [Auth server]127.0.0.1:8000
20181108 22:21:31 *****DEBUG*****../../apps/lua/scripts/gateway/gw_service.lua:27  
connect success to server [System server]127.0.0.1:8001
20181108 22:21:36 *****DEBUG*****../../apps/lua/scripts/gateway/gw_service.lua:76  
1	9	0
20181108 22:21:36 *****DEBUG*****../../apps/lua/scripts/gateway/gw_service.lua:76  
2	13	0
20181108 22:21:36 *****DEBUG*****../../apps/lua/scripts/gateway/gw_service.lua:92  
utag  	17
20181108 22:21:37 *****DEBUG*****../../apps/lua/scripts/gateway/gw_service.lua:76  
2	17	0
20181108 22:21:37 *****DEBUG*****../../apps/lua/scripts/gateway/gw_service.lua:92  
utag  	17
