20181202 20:56:15 *****DEBUG*****../../apps/lua/scripts/logic_server/main.lua:32  
Logic Server Start At8002
20181202 20:56:15 !!!!!ERROR!!!!! trunk:0  
error loading module 'logic_server/game_mgr' from file '../../apps/lua/scripts/logic_server/game_mgr.lua':
	../../apps/lua/scripts/logic_server/game_mgr.lua:31: 'then' expected near 'return'
20181202 20:56:15 *****DEBUG*****../../apps/lua/scripts/database/mysql_game.lua:23  
connect to moba game db success!!!!
20181202 20:57:00 *****DEBUG*****../../apps/lua/scripts/logic_server/main.lua:32  
Logic Server Start At8002
20181202 20:57:00 !!!!!ERROR!!!!! trunk:0  
error loading module 'logic_server/game_mgr' from file '../../apps/lua/scripts/logic_server/game_mgr.lua':
	../../apps/lua/scripts/logic_server/game_mgr.lua:169: unexpected symbol near '=='
20181202 20:57:00 *****DEBUG*****../../apps/lua/scripts/database/mysql_game.lua:23  
connect to moba game db success!!!!
20181202 20:57:44 *****DEBUG*****../../apps/lua/scripts/logic_server/main.lua:32  
Logic Server Start At8002
20181202 20:57:44 !!!!!ERROR!!!!! trunk:0  
error loading module 'logic_server/game_mgr' from file '../../apps/lua/scripts/logic_server/game_mgr.lua':
	../../apps/lua/scripts/logic_server/game_mgr.lua:171: ')' expected near 'match'
20181202 20:57:44 *****DEBUG*****../../apps/lua/scripts/database/mysql_game.lua:23  
connect to moba game db success!!!!
20181202 20:58:11 *****DEBUG*****../../apps/lua/scripts/logic_server/main.lua:32  
Logic Server Start At8002
20181202 20:58:11 *****DEBUG*****../../apps/lua/scripts/logic_server/main.lua:38  
register Logic Service[3]  success
20181202 20:58:11 *****DEBUG*****../../apps/lua/scripts/database/mysql_game.lua:23  
connect to moba game db success!!!!
20181202 20:58:11 *****DEBUG*****../../apps/lua/scripts/database/redis_game.lua:24  
connect to redis game db success!!!!
20181202 20:58:11 *****DEBUG*****../../apps/lua/scripts/database/redis_center.lua:24  
connect to redis center db success!!!!
20181202 20:58:16 !!!!!ERROR!!!!! e:\vs_project\moba_game_server\moba_server\lua_wrapper\lua_wrapper.cc:330  
[LUA ERROR] ../../apps/lua/scripts/logic_server/game_mgr.lua:27: attempt to index a nil value (global 'mysql_center')
20181202 20:58:58 *****DEBUG*****../../apps/lua/scripts/logic_server/main.lua:32  
Logic Server Start At8002
20181202 20:58:58 *****DEBUG*****../../apps/lua/scripts/logic_server/main.lua:38  
register Logic Service[3]  success
20181202 20:58:58 *****DEBUG*****../../apps/lua/scripts/database/mysql_game.lua:23  
connect to moba game db success!!!!
20181202 20:58:58 *****DEBUG*****../../apps/lua/scripts/database/redis_game.lua:24  
connect to redis game db success!!!!
20181202 20:58:58 *****DEBUG*****../../apps/lua/scripts/database/mysql_auth_center.lua:22  
connect to auth center db sucess!!!
20181202 20:58:58 *****DEBUG*****../../apps/lua/scripts/database/redis_center.lua:24  
connect to redis center db success!!!!
20181202 20:59:03 !!!!!ERROR!!!!! e:\vs_project\moba_game_server\moba_server\lua_wrapper\lua_wrapper.cc:330  
[LUA ERROR] ../../apps/lua/scripts/logic_server/game_mgr.lua:43: attempt to call a nil value (field 'get_robots_ugame_info')
20181202 20:59:49 *****DEBUG*****../../apps/lua/scripts/logic_server/main.lua:32  
Logic Server Start At8002
20181202 20:59:49 *****DEBUG*****../../apps/lua/scripts/logic_server/main.lua:38  
register Logic Service[3]  success
20181202 20:59:49 *****DEBUG*****../../apps/lua/scripts/database/mysql_game.lua:23  
connect to moba game db success!!!!
20181202 20:59:49 *****DEBUG*****../../apps/lua/scripts/database/redis_game.lua:24  
connect to redis game db success!!!!
20181202 20:59:49 *****DEBUG*****../../apps/lua/scripts/database/mysql_auth_center.lua:22  
connect to auth center db sucess!!!
20181202 20:59:49 *****DEBUG*****../../apps/lua/scripts/database/redis_center.lua:24  
connect to redis center db success!!!!
20181202 21:01:09 *****DEBUG*****../../apps/lua/scripts/logic_server/logic_service.lua:13  
**********on_logic_recv_cmd:	21
20181202 21:01:09 *****DEBUG*****../../apps/lua/scripts/database/mysql_game.lua:110  
*************get_ugame_info****************	17
20181202 21:01:33 *****DEBUG*****../../apps/lua/scripts/logic_server/logic_service.lua:13  
**********on_logic_recv_cmd:	23
20181202 21:01:35 *****DEBUG*****../../apps/lua/scripts/logic_server/match_mgr.lua:43  
1	1
20181202 21:01:35 *****DEBUG*****../../apps/lua/scripts/logic_server/player.lua:72  
3	25	table
20181202 21:04:33 *****DEBUG*****../../apps/lua/scripts/logic_server/main.lua:32  
Logic Server Start At8002
20181202 21:04:33 *****DEBUG*****../../apps/lua/scripts/logic_server/main.lua:38  
register Logic Service[3]  success
20181202 21:04:33 *****DEBUG*****../../apps/lua/scripts/database/mysql_game.lua:23  
connect to moba game db success!!!!
20181202 21:04:33 *****DEBUG*****../../apps/lua/scripts/database/redis_game.lua:24  
connect to redis game db success!!!!
20181202 21:04:33 *****DEBUG*****../../apps/lua/scripts/database/mysql_auth_center.lua:22  
connect to auth center db sucess!!!
20181202 21:04:33 *****DEBUG*****../../apps/lua/scripts/database/redis_center.lua:24  
connect to redis center db success!!!!
20181202 21:04:38 *****DEBUG*****../../apps/lua/scripts/logic_server/game_mgr.lua:50  
***get_robots_ugame_info  nil !***
20181202 21:26:28 *****DEBUG*****../../apps/lua/scripts/logic_server/main.lua:32  
Logic Server Start At8002
20181202 21:26:28 *****DEBUG*****../../apps/lua/scripts/logic_server/main.lua:38  
register Logic Service[3]  success
20181202 21:26:28 *****DEBUG*****../../apps/lua/scripts/database/mysql_game.lua:23  
connect to moba game db success!!!!
20181202 21:26:28 *****DEBUG*****../../apps/lua/scripts/database/redis_game.lua:24  
connect to redis game db success!!!!
20181202 21:26:28 *****DEBUG*****../../apps/lua/scripts/database/mysql_auth_center.lua:22  
connect to auth center db sucess!!!
20181202 21:26:28 *****DEBUG*****../../apps/lua/scripts/database/redis_center.lua:24  
connect to redis center db success!!!!
20181202 21:26:33 *****DEBUG*****../../apps/lua/scripts/logic_server/game_mgr.lua:50  
***get_robots_ugame_info  nil !***
20181202 21:27:50 *****DEBUG*****../../apps/lua/scripts/logic_server/main.lua:32  
Logic Server Start At8002
20181202 21:27:50 *****DEBUG*****../../apps/lua/scripts/logic_server/main.lua:38  
register Logic Service[3]  success
20181202 21:27:50 *****DEBUG*****../../apps/lua/scripts/database/mysql_game.lua:23  
connect to moba game db success!!!!
20181202 21:27:50 *****DEBUG*****../../apps/lua/scripts/database/redis_game.lua:24  
connect to redis game db success!!!!
20181202 21:27:50 *****DEBUG*****../../apps/lua/scripts/database/mysql_auth_center.lua:22  
connect to auth center db sucess!!!
20181202 21:27:50 *****DEBUG*****../../apps/lua/scripts/database/redis_center.lua:24  
connect to redis center db success!!!!
20181202 21:27:55 *****DEBUG*****../../apps/lua/scripts/logic_server/game_mgr.lua:50  
***get_robots_ugame_info  nil !***
20181202 21:30:34 *****DEBUG*****../../apps/lua/scripts/logic_server/main.lua:32  
Logic Server Start At8002
20181202 21:30:34 *****DEBUG*****../../apps/lua/scripts/logic_server/main.lua:38  
register Logic Service[3]  success
20181202 21:30:34 *****DEBUG*****../../apps/lua/scripts/database/mysql_game.lua:23  
connect to moba game db success!!!!
20181202 21:30:34 *****DEBUG*****../../apps/lua/scripts/database/redis_game.lua:24  
connect to redis game db success!!!!
20181202 21:30:34 *****DEBUG*****../../apps/lua/scripts/database/mysql_auth_center.lua:22  
connect to auth center db sucess!!!
20181202 21:30:34 *****DEBUG*****../../apps/lua/scripts/database/redis_center.lua:24  
connect to redis center db success!!!!
20181202 21:30:39 *****DEBUG*****../../apps/lua/scripts/logic_server/game_mgr.lua:50  
***get_robots_ugame_info  nil !***
20181202 21:31:00 *****DEBUG*****../../apps/lua/scripts/logic_server/logic_service.lua:13  
**********on_logic_recv_cmd:	21
20181202 21:31:00 *****DEBUG*****../../apps/lua/scripts/database/mysql_game.lua:110  
*************get_ugame_info****************	28
20181202 21:31:28 *****DEBUG*****../../apps/lua/scripts/logic_server/logic_service.lua:13  
**********on_logic_recv_cmd:	4
20181202 21:31:28 *****DEBUG*****../../apps/lua/scripts/logic_server/game_mgr.lua:228  
player uid 28 disconnect!
20181202 21:31:33 *****DEBUG*****../../apps/lua/scripts/logic_server/logic_service.lua:13  
**********on_logic_recv_cmd:	21
20181202 21:31:33 *****DEBUG*****../../apps/lua/scripts/database/mysql_game.lua:110  
*************get_ugame_info****************	29
20181202 21:31:39 *****DEBUG*****../../apps/lua/scripts/logic_server/logic_service.lua:13  
**********on_logic_recv_cmd:	4
20181202 21:31:39 *****DEBUG*****../../apps/lua/scripts/logic_server/game_mgr.lua:228  
player uid 29 disconnect!
20181202 21:31:47 *****DEBUG*****../../apps/lua/scripts/logic_server/logic_service.lua:13  
**********on_logic_recv_cmd:	21
20181202 21:31:47 *****DEBUG*****../../apps/lua/scripts/database/mysql_game.lua:110  
*************get_ugame_info****************	30
20181202 21:31:53 *****DEBUG*****../../apps/lua/scripts/logic_server/logic_service.lua:13  
**********on_logic_recv_cmd:	4
20181202 21:31:53 *****DEBUG*****../../apps/lua/scripts/logic_server/game_mgr.lua:228  
player uid 30 disconnect!
20181202 21:31:58 *****DEBUG*****../../apps/lua/scripts/logic_server/logic_service.lua:13  
**********on_logic_recv_cmd:	21
20181202 21:31:58 *****DEBUG*****../../apps/lua/scripts/database/mysql_game.lua:110  
*************get_ugame_info****************	31
20181202 21:32:01 *****DEBUG*****../../apps/lua/scripts/logic_server/logic_service.lua:13  
**********on_logic_recv_cmd:	4
20181202 21:32:01 *****DEBUG*****../../apps/lua/scripts/logic_server/game_mgr.lua:228  
player uid 31 disconnect!
20181202 21:32:05 *****DEBUG*****../../apps/lua/scripts/logic_server/logic_service.lua:13  
**********on_logic_recv_cmd:	21
20181202 21:32:05 *****DEBUG*****../../apps/lua/scripts/database/mysql_game.lua:110  
*************get_ugame_info****************	32
20181202 21:32:10 *****DEBUG*****../../apps/lua/scripts/logic_server/logic_service.lua:13  
**********on_logic_recv_cmd:	4
20181202 21:32:10 *****DEBUG*****../../apps/lua/scripts/logic_server/game_mgr.lua:228  
player uid 32 disconnect!
20181202 21:32:14 *****DEBUG*****../../apps/lua/scripts/logic_server/logic_service.lua:13  
**********on_logic_recv_cmd:	21
20181202 21:32:14 *****DEBUG*****../../apps/lua/scripts/database/mysql_game.lua:110  
*************get_ugame_info****************	33
20181202 21:32:16 *****DEBUG*****../../apps/lua/scripts/logic_server/logic_service.lua:13  
**********on_logic_recv_cmd:	4
20181202 21:32:16 *****DEBUG*****../../apps/lua/scripts/logic_server/game_mgr.lua:228  
player uid 33 disconnect!
20181202 21:32:19 *****DEBUG*****../../apps/lua/scripts/logic_server/logic_service.lua:13  
**********on_logic_recv_cmd:	21
20181202 21:32:19 *****DEBUG*****../../apps/lua/scripts/database/mysql_game.lua:110  
*************get_ugame_info****************	34
20181202 21:32:21 *****DEBUG*****../../apps/lua/scripts/logic_server/logic_service.lua:13  
**********on_logic_recv_cmd:	4
20181202 21:32:21 *****DEBUG*****../../apps/lua/scripts/logic_server/game_mgr.lua:228  
player uid 34 disconnect!
20181202 21:32:58 *****DEBUG*****../../apps/lua/scripts/logic_server/logic_service.lua:13  
**********on_logic_recv_cmd:	21
20181202 21:32:58 *****DEBUG*****../../apps/lua/scripts/database/mysql_game.lua:110  
*************get_ugame_info****************	17
20181202 21:33:02 *****DEBUG*****../../apps/lua/scripts/logic_server/logic_service.lua:13  
**********on_logic_recv_cmd:	23
20181202 21:33:05 *****DEBUG*****../../apps/lua/scripts/logic_server/match_mgr.lua:43  
1	1
20181202 21:33:05 *****DEBUG*****../../apps/lua/scripts/logic_server/player.lua:72  
3	25	table
20181202 21:33:31 *****DEBUG*****../../apps/lua/scripts/logic_server/logic_service.lua:13  
**********on_logic_recv_cmd:	4
20181202 21:33:31 *****DEBUG*****../../apps/lua/scripts/logic_server/game_mgr.lua:228  
player uid 17 disconnect!
20181202 21:33:36 *****DEBUG*****../../apps/lua/scripts/logic_server/main.lua:32  
Logic Server Start At8002
20181202 21:33:36 *****DEBUG*****../../apps/lua/scripts/logic_server/main.lua:38  
register Logic Service[3]  success
20181202 21:33:36 *****DEBUG*****../../apps/lua/scripts/database/mysql_game.lua:23  
connect to moba game db success!!!!
20181202 21:33:36 *****DEBUG*****../../apps/lua/scripts/database/redis_game.lua:24  
connect to redis game db success!!!!
20181202 21:33:36 *****DEBUG*****../../apps/lua/scripts/database/mysql_auth_center.lua:22  
connect to auth center db sucess!!!
20181202 21:33:36 *****DEBUG*****../../apps/lua/scripts/database/redis_center.lua:24  
connect to redis center db success!!!!
20181202 21:33:41 *****DEBUG*****../../apps/lua/scripts/logic_server/game_mgr.lua:54  
1	table
20181202 21:33:41 *****DEBUG*****../../apps/lua/scripts/logic_server/game_mgr.lua:54  
2	table
20181202 21:33:41 *****DEBUG*****../../apps/lua/scripts/logic_server/game_mgr.lua:54  
3	table
20181202 21:33:41 *****DEBUG*****../../apps/lua/scripts/logic_server/game_mgr.lua:54  
4	table
20181202 21:33:41 *****DEBUG*****../../apps/lua/scripts/logic_server/game_mgr.lua:54  
5	table
20181202 21:33:41 *****DEBUG*****../../apps/lua/scripts/logic_server/game_mgr.lua:54  
6	table
20181202 21:33:41 *****DEBUG*****../../apps/lua/scripts/logic_server/game_mgr.lua:54  
7	table
20181202 21:33:41 !!!!!ERROR!!!!! e:\vs_project\moba_game_server\moba_server\lua_wrapper\lua_wrapper.cc:330  
[LUA ERROR] ../../apps/lua/scripts/logic_server/game_mgr.lua:70: attempt to index a nil value (global 'robot')
20181202 21:35:32 *****DEBUG*****../../apps/lua/scripts/logic_server/main.lua:32  
Logic Server Start At8002
20181202 21:35:32 *****DEBUG*****../../apps/lua/scripts/logic_server/main.lua:38  
register Logic Service[3]  success
20181202 21:35:32 *****DEBUG*****../../apps/lua/scripts/database/mysql_game.lua:23  
connect to moba game db success!!!!
20181202 21:35:32 *****DEBUG*****../../apps/lua/scripts/database/redis_game.lua:24  
connect to redis game db success!!!!
20181202 21:35:32 *****DEBUG*****../../apps/lua/scripts/database/mysql_auth_center.lua:22  
connect to auth center db sucess!!!
20181202 21:35:32 *****DEBUG*****../../apps/lua/scripts/database/redis_center.lua:24  
connect to redis center db success!!!!
20181202 21:35:37 *****DEBUG*****../../apps/lua/scripts/logic_server/game_mgr.lua:54  
1	table
20181202 21:35:37 *****DEBUG*****../../apps/lua/scripts/logic_server/game_mgr.lua:54  
2	table
20181202 21:35:37 *****DEBUG*****../../apps/lua/scripts/logic_server/game_mgr.lua:54  
3	table
20181202 21:35:37 *****DEBUG*****../../apps/lua/scripts/logic_server/game_mgr.lua:54  
4	table
20181202 21:35:37 *****DEBUG*****../../apps/lua/scripts/logic_server/game_mgr.lua:54  
5	table
20181202 21:35:37 *****DEBUG*****../../apps/lua/scripts/logic_server/game_mgr.lua:54  
6	table
20181202 21:35:37 *****DEBUG*****../../apps/lua/scripts/logic_server/game_mgr.lua:54  
7	table
20181202 21:35:37 !!!!!ERROR!!!!! e:\vs_project\moba_game_server\moba_server\lua_wrapper\lua_wrapper.cc:330  
[LUA ERROR] ../../apps/lua/scripts/logic_server/robot_player.lua:14: attempt to index a nil value (global 'playe')
20181202 21:36:35 *****DEBUG*****../../apps/lua/scripts/logic_server/main.lua:32  
Logic Server Start At8002
20181202 21:36:35 *****DEBUG*****../../apps/lua/scripts/logic_server/main.lua:38  
register Logic Service[3]  success
20181202 21:36:35 *****DEBUG*****../../apps/lua/scripts/database/redis_game.lua:24  
connect to redis game db success!!!!
20181202 21:36:35 *****DEBUG*****../../apps/lua/scripts/database/mysql_game.lua:23  
connect to moba game db success!!!!
20181202 21:36:35 *****DEBUG*****../../apps/lua/scripts/database/mysql_auth_center.lua:22  
connect to auth center db sucess!!!
20181202 21:36:35 *****DEBUG*****../../apps/lua/scripts/database/redis_center.lua:24  
connect to redis center db success!!!!
20181202 21:36:40 *****DEBUG*****../../apps/lua/scripts/database/mysql_game.lua:110  
*************get_ugame_info****************	28
20181202 21:36:40 *****DEBUG*****../../apps/lua/scripts/database/mysql_game.lua:110  
*************get_ugame_info****************	29
20181202 21:36:40 *****DEBUG*****../../apps/lua/scripts/database/mysql_game.lua:110  
*************get_ugame_info****************	30
20181202 21:36:40 *****DEBUG*****../../apps/lua/scripts/database/mysql_game.lua:110  
*************get_ugame_info****************	31
20181202 21:36:40 *****DEBUG*****../../apps/lua/scripts/database/mysql_game.lua:110  
*************get_ugame_info****************	32
20181202 21:36:40 *****DEBUG*****../../apps/lua/scripts/database/mysql_game.lua:110  
*************get_ugame_info****************	33
20181202 21:36:40 *****DEBUG*****../../apps/lua/scripts/database/mysql_game.lua:110  
*************get_ugame_info****************	34
20181202 21:36:40 !!!!!ERROR!!!!! e:\vs_project\moba_game_server\moba_server\lua_wrapper\lua_wrapper.cc:330  
[LUA ERROR] ../../apps/lua/scripts/logic_server/game_mgr.lua:105: attempt to get length of a nil value (global 'robot')
20181202 21:36:40 !!!!!ERROR!!!!! e:\vs_project\moba_game_server\moba_server\lua_wrapper\lua_wrapper.cc:330  
[LUA ERROR] ../../apps/lua/scripts/logic_server/player.lua:48: attempt to call a nil value (upvalue 'ret_handler')
20181202 21:36:40 !!!!!ERROR!!!!! e:\vs_project\moba_game_server\moba_server\lua_wrapper\lua_wrapper.cc:330  
[LUA ERROR] ../../apps/lua/scripts/logic_server/player.lua:48: attempt to call a nil value (upvalue 'ret_handler')
20181202 21:36:40 !!!!!ERROR!!!!! e:\vs_project\moba_game_server\moba_server\lua_wrapper\lua_wrapper.cc:330  
[LUA ERROR] ../../apps/lua/scripts/logic_server/player.lua:48: attempt to call a nil value (upvalue 'ret_handler')
20181202 21:36:40 !!!!!ERROR!!!!! e:\vs_project\moba_game_server\moba_server\lua_wrapper\lua_wrapper.cc:330  
[LUA ERROR] ../../apps/lua/scripts/logic_server/player.lua:48: attempt to call a nil value (upvalue 'ret_handler')
20181202 21:36:40 !!!!!ERROR!!!!! e:\vs_project\moba_game_server\moba_server\lua_wrapper\lua_wrapper.cc:330  
[LUA ERROR] ../../apps/lua/scripts/logic_server/player.lua:48: attempt to call a nil value (upvalue 'ret_handler')
20181202 21:36:40 !!!!!ERROR!!!!! e:\vs_project\moba_game_server\moba_server\lua_wrapper\lua_wrapper.cc:330  
[LUA ERROR] ../../apps/lua/scripts/logic_server/player.lua:48: attempt to call a nil value (upvalue 'ret_handler')
20181202 21:36:40 !!!!!ERROR!!!!! e:\vs_project\moba_game_server\moba_server\lua_wrapper\lua_wrapper.cc:330  
[LUA ERROR] ../../apps/lua/scripts/logic_server/player.lua:48: attempt to call a nil value (upvalue 'ret_handler')
20181202 21:37:56 *****DEBUG*****../../apps/lua/scripts/logic_server/main.lua:32  
Logic Server Start At8002
20181202 21:37:56 *****DEBUG*****../../apps/lua/scripts/logic_server/main.lua:38  
register Logic Service[3]  success
20181202 21:37:56 *****DEBUG*****../../apps/lua/scripts/database/mysql_game.lua:23  
connect to moba game db success!!!!
20181202 21:37:56 *****DEBUG*****../../apps/lua/scripts/database/redis_game.lua:24  
connect to redis game db success!!!!
20181202 21:37:56 *****DEBUG*****../../apps/lua/scripts/database/mysql_auth_center.lua:22  
connect to auth center db sucess!!!
20181202 21:37:56 *****DEBUG*****../../apps/lua/scripts/database/redis_center.lua:24  
connect to redis center db success!!!!
20181202 21:38:01 *****DEBUG*****../../apps/lua/scripts/database/mysql_game.lua:110  
*************get_ugame_info****************	28
20181202 21:38:01 *****DEBUG*****../../apps/lua/scripts/database/mysql_game.lua:110  
*************get_ugame_info****************	29
20181202 21:38:01 *****DEBUG*****../../apps/lua/scripts/database/mysql_game.lua:110  
*************get_ugame_info****************	30
20181202 21:38:01 *****DEBUG*****../../apps/lua/scripts/database/mysql_game.lua:110  
*************get_ugame_info****************	31
20181202 21:38:01 *****DEBUG*****../../apps/lua/scripts/database/mysql_game.lua:110  
*************get_ugame_info****************	32
20181202 21:38:01 *****DEBUG*****../../apps/lua/scripts/database/mysql_game.lua:110  
*************get_ugame_info****************	33
20181202 21:38:01 *****DEBUG*****../../apps/lua/scripts/database/mysql_game.lua:110  
*************get_ugame_info****************	34
20181202 21:38:01 *****DEBUG*****../../apps/lua/scripts/logic_server/game_mgr.lua:105  
this is all robot 7  has enter!!
20181202 21:38:01 !!!!!ERROR!!!!! e:\vs_project\moba_game_server\moba_server\lua_wrapper\lua_wrapper.cc:330  
[LUA ERROR] ../../apps/lua/scripts/logic_server/game_mgr.lua:63: attempt to index a nil value (field '?')
20181202 21:38:01 !!!!!ERROR!!!!! e:\vs_project\moba_game_server\moba_server\lua_wrapper\lua_wrapper.cc:330  
[LUA ERROR] ../../apps/lua/scripts/logic_server/player.lua:48: attempt to call a nil value (upvalue 'ret_handler')
20181202 21:38:01 !!!!!ERROR!!!!! e:\vs_project\moba_game_server\moba_server\lua_wrapper\lua_wrapper.cc:330  
[LUA ERROR] ../../apps/lua/scripts/logic_server/player.lua:48: attempt to call a nil value (upvalue 'ret_handler')
20181202 21:38:01 !!!!!ERROR!!!!! e:\vs_project\moba_game_server\moba_server\lua_wrapper\lua_wrapper.cc:330  
[LUA ERROR] ../../apps/lua/scripts/logic_server/player.lua:48: attempt to call a nil value (upvalue 'ret_handler')
20181202 21:38:01 !!!!!ERROR!!!!! e:\vs_project\moba_game_server\moba_server\lua_wrapper\lua_wrapper.cc:330  
[LUA ERROR] ../../apps/lua/scripts/logic_server/player.lua:48: attempt to call a nil value (upvalue 'ret_handler')
20181202 21:38:01 !!!!!ERROR!!!!! e:\vs_project\moba_game_server\moba_server\lua_wrapper\lua_wrapper.cc:330  
[LUA ERROR] ../../apps/lua/scripts/logic_server/player.lua:48: attempt to call a nil value (upvalue 'ret_handler')
20181202 21:38:01 !!!!!ERROR!!!!! e:\vs_project\moba_game_server\moba_server\lua_wrapper\lua_wrapper.cc:330  
[LUA ERROR] ../../apps/lua/scripts/logic_server/player.lua:48: attempt to call a nil value (upvalue 'ret_handler')
20181202 21:38:01 !!!!!ERROR!!!!! e:\vs_project\moba_game_server\moba_server\lua_wrapper\lua_wrapper.cc:330  
[LUA ERROR] ../../apps/lua/scripts/logic_server/player.lua:48: attempt to call a nil value (upvalue 'ret_handler')
20181202 21:40:20 *****DEBUG*****../../apps/lua/scripts/logic_server/main.lua:32  
Logic Server Start At8002
20181202 21:40:20 *****DEBUG*****../../apps/lua/scripts/logic_server/main.lua:38  
register Logic Service[3]  success
20181202 21:40:20 *****DEBUG*****../../apps/lua/scripts/database/mysql_game.lua:23  
connect to moba game db success!!!!
20181202 21:40:20 *****DEBUG*****../../apps/lua/scripts/database/redis_game.lua:24  
connect to redis game db success!!!!
20181202 21:40:20 *****DEBUG*****../../apps/lua/scripts/database/mysql_auth_center.lua:22  
connect to auth center db sucess!!!
20181202 21:40:20 *****DEBUG*****../../apps/lua/scripts/database/redis_center.lua:24  
connect to redis center db success!!!!
20181202 21:40:25 *****DEBUG*****../../apps/lua/scripts/database/mysql_game.lua:110  
*************get_ugame_info****************	28
20181202 21:40:25 *****DEBUG*****../../apps/lua/scripts/database/mysql_game.lua:110  
*************get_ugame_info****************	29
20181202 21:40:25 *****DEBUG*****../../apps/lua/scripts/database/mysql_game.lua:110  
*************get_ugame_info****************	30
20181202 21:40:25 *****DEBUG*****../../apps/lua/scripts/database/mysql_game.lua:110  
*************get_ugame_info****************	31
20181202 21:40:25 *****DEBUG*****../../apps/lua/scripts/database/mysql_game.lua:110  
*************get_ugame_info****************	32
20181202 21:40:25 *****DEBUG*****../../apps/lua/scripts/database/mysql_game.lua:110  
*************get_ugame_info****************	33
20181202 21:40:25 *****DEBUG*****../../apps/lua/scripts/database/mysql_game.lua:110  
*************get_ugame_info****************	34
20181202 21:40:25 *****DEBUG*****../../apps/lua/scripts/logic_server/game_mgr.lua:106  
this is all robot 7  has enter!!
20181202 21:40:25 !!!!!ERROR!!!!! e:\vs_project\moba_game_server\moba_server\lua_wrapper\lua_wrapper.cc:330  
[LUA ERROR] ../../apps/lua/scripts/logic_server/player.lua:48: attempt to call a nil value (upvalue 'ret_handler')
20181202 21:40:25 !!!!!ERROR!!!!! e:\vs_project\moba_game_server\moba_server\lua_wrapper\lua_wrapper.cc:330  
[LUA ERROR] ../../apps/lua/scripts/logic_server/player.lua:48: attempt to call a nil value (upvalue 'ret_handler')
20181202 21:40:25 !!!!!ERROR!!!!! e:\vs_project\moba_game_server\moba_server\lua_wrapper\lua_wrapper.cc:330  
[LUA ERROR] ../../apps/lua/scripts/logic_server/player.lua:48: attempt to call a nil value (upvalue 'ret_handler')
20181202 21:40:25 !!!!!ERROR!!!!! e:\vs_project\moba_game_server\moba_server\lua_wrapper\lua_wrapper.cc:330  
[LUA ERROR] ../../apps/lua/scripts/logic_server/player.lua:48: attempt to call a nil value (upvalue 'ret_handler')
20181202 21:40:25 !!!!!ERROR!!!!! e:\vs_project\moba_game_server\moba_server\lua_wrapper\lua_wrapper.cc:330  
[LUA ERROR] ../../apps/lua/scripts/logic_server/player.lua:48: attempt to call a nil value (upvalue 'ret_handler')
20181202 21:40:25 !!!!!ERROR!!!!! e:\vs_project\moba_game_server\moba_server\lua_wrapper\lua_wrapper.cc:330  
[LUA ERROR] ../../apps/lua/scripts/logic_server/player.lua:48: attempt to call a nil value (upvalue 'ret_handler')
20181202 21:40:25 !!!!!ERROR!!!!! e:\vs_project\moba_game_server\moba_server\lua_wrapper\lua_wrapper.cc:330  
[LUA ERROR] ../../apps/lua/scripts/logic_server/player.lua:48: attempt to call a nil value (upvalue 'ret_handler')
20181202 21:42:55 *****DEBUG*****../../apps/lua/scripts/logic_server/main.lua:32  
Logic Server Start At8002
20181202 21:42:55 *****DEBUG*****../../apps/lua/scripts/logic_server/main.lua:38  
register Logic Service[3]  success
20181202 21:42:55 *****DEBUG*****../../apps/lua/scripts/database/mysql_game.lua:23  
connect to moba game db success!!!!
20181202 21:42:55 *****DEBUG*****../../apps/lua/scripts/database/redis_game.lua:24  
connect to redis game db success!!!!
20181202 21:42:55 *****DEBUG*****../../apps/lua/scripts/database/mysql_auth_center.lua:22  
connect to auth center db sucess!!!
20181202 21:42:55 *****DEBUG*****../../apps/lua/scripts/database/redis_center.lua:24  
connect to redis center db success!!!!
20181202 21:43:00 *****DEBUG*****../../apps/lua/scripts/database/mysql_game.lua:110  
*************get_ugame_info****************	28
20181202 21:43:00 *****DEBUG*****../../apps/lua/scripts/database/mysql_game.lua:110  
*************get_ugame_info****************	29
20181202 21:43:00 *****DEBUG*****../../apps/lua/scripts/database/mysql_game.lua:110  
*************get_ugame_info****************	30
20181202 21:43:00 *****DEBUG*****../../apps/lua/scripts/database/mysql_game.lua:110  
*************get_ugame_info****************	31
20181202 21:43:00 *****DEBUG*****../../apps/lua/scripts/database/mysql_game.lua:110  
*************get_ugame_info****************	32
20181202 21:43:00 *****DEBUG*****../../apps/lua/scripts/database/mysql_game.lua:110  
*************get_ugame_info****************	33
20181202 21:43:00 *****DEBUG*****../../apps/lua/scripts/database/mysql_game.lua:110  
*************get_ugame_info****************	34
20181202 21:43:00 *****DEBUG*****../../apps/lua/scripts/logic_server/game_mgr.lua:106  
this is all robot 7  has enter!!
20181202 21:43:27 *****DEBUG*****../../apps/lua/scripts/logic_server/logic_service.lua:13  
**********on_logic_recv_cmd:	21
20181202 21:43:27 *****DEBUG*****../../apps/lua/scripts/database/mysql_game.lua:110  
*************get_ugame_info****************	17
20181202 21:43:30 *****DEBUG*****../../apps/lua/scripts/logic_server/logic_service.lua:13  
**********on_logic_recv_cmd:	23
20181202 21:43:31 *****DEBUG*****../../apps/lua/scripts/logic_server/match_mgr.lua:43  
1	1
20181202 21:43:31 *****DEBUG*****../../apps/lua/scripts/logic_server/player.lua:79  
3	25	table
20181202 21:43:31 *****DEBUG*****../../apps/lua/scripts/logic_server/game_mgr.lua:177  
[28] enter match
20181202 21:43:31 *****DEBUG*****../../apps/lua/scripts/logic_server/match_mgr.lua:43  
1	1
20181202 21:43:31 *****DEBUG*****../../apps/lua/scripts/logic_server/player.lua:79  
3	25	table
20181202 21:43:31 *****DEBUG*****../../apps/lua/scripts/logic_server/player.lua:79  
3	26	table
20181202 21:43:31 !!!!!ERROR!!!!! e:\vs_project\moba_game_server\moba_server\lua_wrapper\session_export_to_lua.cc:166  
cant find required field seatid

20181202 21:43:31 *****DEBUG*****../../apps/lua/scripts/logic_server/player.lua:79  
3	26	table
20181202 21:43:32 *****DEBUG*****../../apps/lua/scripts/logic_server/game_mgr.lua:177  
[29] enter match
20181202 21:43:32 *****DEBUG*****../../apps/lua/scripts/logic_server/match_mgr.lua:43  
1	1
20181202 21:43:32 *****DEBUG*****../../apps/lua/scripts/logic_server/player.lua:79  
3	25	table
20181202 21:43:32 *****DEBUG*****../../apps/lua/scripts/logic_server/player.lua:79  
3	26	table
20181202 21:43:32 !!!!!ERROR!!!!! e:\vs_project\moba_game_server\moba_server\lua_wrapper\session_export_to_lua.cc:166  
cant find required field seatid

20181202 21:43:32 *****DEBUG*****../../apps/lua/scripts/logic_server/player.lua:79  
3	26	table
20181202 21:43:32 *****DEBUG*****../../apps/lua/scripts/logic_server/player.lua:79  
3	26	table
20181202 21:43:32 *****DEBUG*****../../apps/lua/scripts/logic_server/player.lua:79  
3	26	table
20181202 21:43:33 *****DEBUG*****../../apps/lua/scripts/logic_server/game_mgr.lua:177  
[30] enter match
20181202 21:43:33 *****DEBUG*****../../apps/lua/scripts/logic_server/match_mgr.lua:43  
1	1
20181202 21:43:33 *****DEBUG*****../../apps/lua/scripts/logic_server/player.lua:79  
3	25	table
20181202 21:43:33 *****DEBUG*****../../apps/lua/scripts/logic_server/player.lua:79  
3	26	table
20181202 21:43:33 !!!!!ERROR!!!!! e:\vs_project\moba_game_server\moba_server\lua_wrapper\session_export_to_lua.cc:166  
cant find required field seatid

20181202 21:43:33 *****DEBUG*****../../apps/lua/scripts/logic_server/player.lua:79  
3	26	table
20181202 21:43:33 *****DEBUG*****../../apps/lua/scripts/logic_server/player.lua:79  
3	26	table
20181202 21:43:33 *****DEBUG*****../../apps/lua/scripts/logic_server/player.lua:79  
3	26	table
20181202 21:43:33 *****DEBUG*****../../apps/lua/scripts/logic_server/player.lua:79  
3	26	table
20181202 21:43:33 *****DEBUG*****../../apps/lua/scripts/logic_server/player.lua:79  
3	26	table
