20190124 14:42:59 *****DEBUG*****../../apps/lua/scripts/logic_server/main.lua:32  
Logic Server Start At8002
20190124 14:42:59 *****DEBUG*****../../apps/lua/scripts/logic_server/main.lua:40  
register Logic Service[3]  success
20190124 14:42:59 *****DEBUG*****../../apps/lua/scripts/database/mysql_game.lua:23  
connect to moba game db success!!!!
20190124 14:42:59 *****DEBUG*****../../apps/lua/scripts/database/redis_game.lua:24  
connect to redis game db success!!!!
20190124 14:42:59 *****DEBUG*****../../apps/lua/scripts/database/mysql_auth_center.lua:22  
connect to auth center db sucess!!!
20190124 14:42:59 *****DEBUG*****../../apps/lua/scripts/database/redis_center.lua:24  
connect to redis center db success!!!!
20190124 14:43:04 *****DEBUG*****../../apps/lua/scripts/database/mysql_game.lua:110  
*************get_ugame_info****************	28
20190124 14:43:04 *****DEBUG*****../../apps/lua/scripts/database/mysql_game.lua:110  
*************get_ugame_info****************	29
20190124 14:43:04 *****DEBUG*****../../apps/lua/scripts/database/mysql_game.lua:110  
*************get_ugame_info****************	30
20190124 14:43:04 *****DEBUG*****../../apps/lua/scripts/database/mysql_game.lua:110  
*************get_ugame_info****************	31
20190124 14:43:04 *****DEBUG*****../../apps/lua/scripts/database/mysql_game.lua:110  
*************get_ugame_info****************	32
20190124 14:43:04 *****DEBUG*****../../apps/lua/scripts/database/mysql_game.lua:110  
*************get_ugame_info****************	33
20190124 14:43:04 *****DEBUG*****../../apps/lua/scripts/database/mysql_game.lua:110  
*************get_ugame_info****************	34
20190124 14:43:04 *****DEBUG*****../../apps/lua/scripts/logic_server/game_mgr.lua:106  
this is all robot 7  has enter!!
20190124 14:43:59 *****DEBUG*****../../apps/lua/scripts/logic_server/game_mgr.lua:190  
set udp_ip and udp_port	127.0.0.1	8888
20190124 14:43:59 *****DEBUG*****../../apps/lua/scripts/database/mysql_game.lua:110  
*************get_ugame_info****************	17
20190124 14:45:10 *****DEBUG*****../../apps/lua/scripts/logic_server/game_mgr.lua:177  
[28] enter match
20190124 14:45:11 *****DEBUG*****../../apps/lua/scripts/logic_server/game_mgr.lua:177  
[29] enter match
20190124 14:45:12 *****DEBUG*****../../apps/lua/scripts/logic_server/game_mgr.lua:177  
[30] enter match
20190124 14:45:12 *****DEBUG*****../../apps/lua/scripts/logic_server/match_mgr.lua:99  
~~~~game_start~~~~~	1
20190124 14:48:26 *****DEBUG*****../../apps/lua/scripts/logic_server/game_mgr.lua:234  
player uid 17 disconnect!
20190124 18:35:43 *****DEBUG*****../../apps/lua/scripts/logic_server/main.lua:32  
Logic Server Start At8002
20190124 18:35:43 *****DEBUG*****../../apps/lua/scripts/logic_server/main.lua:40  
register Logic Service[3]  success
20190124 18:35:43 *****DEBUG*****../../apps/lua/scripts/database/mysql_game.lua:23  
connect to moba game db success!!!!
20190124 18:35:43 *****DEBUG*****../../apps/lua/scripts/database/redis_game.lua:24  
connect to redis game db success!!!!
20190124 18:35:43 *****DEBUG*****../../apps/lua/scripts/database/redis_center.lua:24  
connect to redis center db success!!!!
20190124 18:35:43 *****DEBUG*****../../apps/lua/scripts/database/mysql_auth_center.lua:22  
connect to auth center db sucess!!!
20190124 18:35:47 *****DEBUG*****../../apps/lua/scripts/database/mysql_game.lua:110  
*************get_ugame_info****************	28
20190124 18:35:47 *****DEBUG*****../../apps/lua/scripts/database/mysql_game.lua:110  
*************get_ugame_info****************	29
20190124 18:35:47 *****DEBUG*****../../apps/lua/scripts/database/mysql_game.lua:110  
*************get_ugame_info****************	30
20190124 18:35:47 *****DEBUG*****../../apps/lua/scripts/database/mysql_game.lua:110  
*************get_ugame_info****************	31
20190124 18:35:47 *****DEBUG*****../../apps/lua/scripts/database/mysql_game.lua:110  
*************get_ugame_info****************	32
20190124 18:35:47 *****DEBUG*****../../apps/lua/scripts/database/mysql_game.lua:110  
*************get_ugame_info****************	33
20190124 18:35:47 *****DEBUG*****../../apps/lua/scripts/database/mysql_game.lua:110  
*************get_ugame_info****************	34
20190124 18:35:47 *****DEBUG*****../../apps/lua/scripts/logic_server/game_mgr.lua:106  
this is all robot 7  has enter!!
20190124 18:38:30 *****DEBUG*****../../apps/lua/scripts/logic_server/game_mgr.lua:190  
set udp_ip and udp_port	127.0.0.1	8888
20190124 18:38:30 *****DEBUG*****../../apps/lua/scripts/database/mysql_game.lua:110  
*************get_ugame_info****************	17
20190124 18:38:40 *****DEBUG*****../../apps/lua/scripts/logic_server/game_mgr.lua:177  
[28] enter match
20190124 18:38:41 *****DEBUG*****../../apps/lua/scripts/logic_server/game_mgr.lua:177  
[29] enter match
20190124 18:38:42 *****DEBUG*****../../apps/lua/scripts/logic_server/game_mgr.lua:177  
[30] enter match
20190124 18:38:42 *****DEBUG*****../../apps/lua/scripts/logic_server/match_mgr.lua:99  
~~~~game_start~~~~~	1
