20181118 11:47:41 !!!!!ERROR!!!!! trunk:0  
../../apps/lua/scripts/logic_server/main.lua:7: module 'database/mysql_center' not found:
	no field package.preload['database/mysql_center']
	no file 'E:\VS_Project\moba_game_server\moba_server\build\bin\lua\database/mysql_center.lua'
	no file 'E:\VS_Project\moba_game_server\moba_server\build\bin\lua\database/mysql_center\init.lua'
	no file 'E:\VS_Project\moba_game_server\moba_server\build\bin\database/mysql_center.lua'
	no file 'E:\VS_Project\moba_game_server\moba_server\build\bin\database/mysql_center\init.lua'
	no file 'E:\VS_Project\moba_game_server\moba_server\build\bin\..\share\lua\5.3\database/mysql_center.lua'
	no file 'E:\VS_Project\moba_game_server\moba_server\build\bin\..\share\lua\5.3\database/mysql_center\init.lua'
	no file '.\database/mysql_center.lua'
	no file '.\database/mysql_center\init.lua'
	no file '../../apps/lua/scripts/database/mysql_center.lua'
	no file '../../apps/lua/scripts/database/mysql_center/init.lua'
	no file 'E:\VS_Project\moba_game_server\moba_server\build\bin\database/mysql_center.dll'
	no file 'E:\VS_Project\moba_game_server\moba_server\build\bin\..\lib\lua\5.3\database/mysql_center.dll'
	no file 'E:\VS_Project\moba_game_server\moba_server\build\bin\loadall.dll'
	no file '.\database/mysql_center.dll'
20181118 14:45:07 *****DEBUG*****../../apps/lua/scripts/logic_server/main.lua:32  
Logic Server Start At8002
20181118 14:45:07 !!!!!ERROR!!!!! trunk:0  
error loading module 'logic_server/game_mgr' from file '../../apps/lua/scripts/logic_server/game_mgr.lua':
	../../apps/lua/scripts/logic_server/game_mgr.lua:8: ')' expected near '.'
20181118 14:45:07 *****DEBUG*****../../apps/lua/scripts/database/mysql_game.lua:15  
connect to moba game db success!!!!
20181118 14:50:53 *****DEBUG*****../../apps/lua/scripts/logic_server/main.lua:32  
Logic Server Start At8002
20181118 14:50:53 *****DEBUG*****../../apps/lua/scripts/logic_server/main.lua:38  
register Logic Service[3]  success
20181118 14:50:53 *****DEBUG*****../../apps/lua/scripts/database/redis_game.lua:17  
connect to redis game db success!!!!
20181118 14:50:53 *****DEBUG*****../../apps/lua/scripts/database/mysql_game.lua:15  
connect to moba game db success!!!!
20181118 14:54:22 *****DEBUG*****../../apps/lua/scripts/logic_server/main.lua:32  
Logic Server Start At8002
20181118 14:54:22 *****DEBUG*****../../apps/lua/scripts/logic_server/main.lua:38  
register Logic Service[3]  success
20181118 14:54:22 *****DEBUG*****../../apps/lua/scripts/database/redis_game.lua:17  
connect to redis game db success!!!!
20181118 14:54:22 *****DEBUG*****../../apps/lua/scripts/database/mysql_game.lua:15  
connect to moba game db success!!!!
20181118 14:55:30 *****DEBUG*****../../apps/lua/scripts/logic_server/main.lua:32  
Logic Server Start At8002
20181118 14:55:30 *****DEBUG*****../../apps/lua/scripts/logic_server/main.lua:38  
register Logic Service[3]  success
20181118 14:55:30 *****DEBUG*****../../apps/lua/scripts/database/mysql_game.lua:15  
connect to moba game db success!!!!
20181118 14:55:30 *****DEBUG*****../../apps/lua/scripts/database/redis_game.lua:17  
connect to redis game db success!!!!
20181118 14:58:46 *****DEBUG*****../../apps/lua/scripts/database/mysql_game.lua:57  
*************get_ugame_info****************
20181118 14:58:46 !!!!!ERROR!!!!! e:\vs_project\moba_game_server\moba_server\lua_wrapper\lua_wrapper.cc:330  
[LUA ERROR] ../../apps/lua/scripts/logic_server/game_mgr.lua:30: attempt to index a nil value (global 'Respones')
20181118 15:01:14 *****DEBUG*****../../apps/lua/scripts/logic_server/main.lua:32  
Logic Server Start At8002
20181118 15:01:14 *****DEBUG*****../../apps/lua/scripts/logic_server/main.lua:38  
register Logic Service[3]  success
20181118 15:01:14 *****DEBUG*****../../apps/lua/scripts/database/mysql_game.lua:15  
connect to moba game db success!!!!
20181118 15:01:14 *****DEBUG*****../../apps/lua/scripts/database/redis_game.lua:17  
connect to redis game db success!!!!
20181118 15:01:26 *****DEBUG*****../../apps/lua/scripts/database/mysql_game.lua:57  
*************get_ugame_info****************
20181118 15:01:26 !!!!!ERROR!!!!! e:\vs_project\moba_game_server\moba_server\lua_wrapper\lua_wrapper.cc:330  
[LUA ERROR] ../../apps/lua/scripts/logic_server/game_mgr.lua:14: bad argument #-1 to 'send_msg' (number expected, got table)
20181118 15:20:12 *****DEBUG*****../../apps/lua/scripts/logic_server/main.lua:32  
Logic Server Start At8002
20181118 15:20:12 *****DEBUG*****../../apps/lua/scripts/logic_server/main.lua:38  
register Logic Service[3]  success
20181118 15:20:12 *****DEBUG*****../../apps/lua/scripts/database/mysql_game.lua:15  
connect to moba game db success!!!!
20181118 15:20:12 *****DEBUG*****../../apps/lua/scripts/database/redis_game.lua:17  
connect to redis game db success!!!!
20181118 15:20:59 *****DEBUG*****../../apps/lua/scripts/database/mysql_game.lua:57  
*************get_ugame_info****************
20181118 15:20:59 !!!!!ERROR!!!!! e:\vs_project\moba_game_server\moba_server\lua_wrapper\lua_wrapper.cc:330  
[LUA ERROR] ../../apps/lua/scripts/logic_server/game_mgr.lua:14: bad argument #-1 to 'send_msg' (number expected, got table)
20181118 15:39:01 *****DEBUG*****../../apps/lua/scripts/logic_server/main.lua:32  
Logic Server Start At8002
20181118 15:39:02 *****DEBUG*****../../apps/lua/scripts/logic_server/main.lua:38  
register Logic Service[3]  success
20181118 15:39:02 *****DEBUG*****../../apps/lua/scripts/database/mysql_game.lua:15  
connect to moba game db success!!!!
20181118 15:39:02 *****DEBUG*****../../apps/lua/scripts/database/redis_game.lua:17  
connect to redis game db success!!!!
20181118 15:39:20 *****DEBUG*****../../apps/lua/scripts/database/mysql_game.lua:57  
*************get_ugame_info****************
20181118 15:48:25 *****DEBUG*****../../apps/lua/scripts/logic_server/main.lua:32  
Logic Server Start At8002
20181118 15:48:25 *****DEBUG*****../../apps/lua/scripts/logic_server/main.lua:38  
register Logic Service[3]  success
20181118 15:48:25 *****DEBUG*****../../apps/lua/scripts/database/mysql_game.lua:15  
connect to moba game db success!!!!
20181118 15:48:25 *****DEBUG*****../../apps/lua/scripts/database/redis_game.lua:17  
connect to redis game db success!!!!
20181118 15:50:23 *****DEBUG*****../../apps/lua/scripts/logic_server/logic_service.lua:11  
**********on_logic_recv_cmd:	21
20181118 15:50:23 *****DEBUG*****../../apps/lua/scripts/database/mysql_game.lua:57  
*************get_ugame_info****************
20181118 15:50:23 *****DEBUG*****../../apps/lua/scripts/logic_server/game_mgr.lua:38  
 first login
20181118 15:50:30 *****DEBUG*****../../apps/lua/scripts/logic_server/logic_service.lua:11  
**********on_logic_recv_cmd:	4
20181118 15:50:37 *****DEBUG*****../../apps/lua/scripts/logic_server/logic_service.lua:11  
**********on_logic_recv_cmd:	21
20181118 15:50:37 *****DEBUG*****../../apps/lua/scripts/logic_server/game_mgr.lua:27  
already exite
20181118 21:19:08 *****DEBUG*****../../apps/lua/scripts/logic_server/main.lua:32  
Logic Server Start At8002
20181118 21:19:08 *****DEBUG*****../../apps/lua/scripts/logic_server/main.lua:38  
register Logic Service[3]  success
20181118 21:19:08 *****DEBUG*****../../apps/lua/scripts/database/mysql_game.lua:15  
connect to moba game db success!!!!
20181118 21:19:08 *****DEBUG*****../../apps/lua/scripts/database/redis_game.lua:17  
connect to redis game db success!!!!
20181118 21:19:39 *****DEBUG*****../../apps/lua/scripts/logic_server/logic_service.lua:19  
Logic service disconnect with gateway !!!
20181118 21:20:12 *****DEBUG*****../../apps/lua/scripts/logic_server/main.lua:32  
Logic Server Start At8002
20181118 21:20:12 *****DEBUG*****../../apps/lua/scripts/logic_server/main.lua:38  
register Logic Service[3]  success
20181118 21:20:12 *****DEBUG*****../../apps/lua/scripts/database/redis_game.lua:17  
connect to redis game db success!!!!
20181118 21:20:12 *****DEBUG*****../../apps/lua/scripts/database/mysql_game.lua:15  
connect to moba game db success!!!!
20181118 21:21:42 *****DEBUG*****../../apps/lua/scripts/logic_server/main.lua:32  
Logic Server Start At8002
20181118 21:21:42 *****DEBUG*****../../apps/lua/scripts/logic_server/main.lua:38  
register Logic Service[3]  success
20181118 21:21:42 *****DEBUG*****../../apps/lua/scripts/database/redis_game.lua:17  
connect to redis game db success!!!!
20181118 21:21:42 *****DEBUG*****../../apps/lua/scripts/database/mysql_game.lua:15  
connect to moba game db success!!!!
20181118 21:22:01 *****DEBUG*****../../apps/lua/scripts/logic_server/logic_service.lua:21  
Logic service disconnect with gateway !!!
20181118 21:22:59 *****DEBUG*****../../apps/lua/scripts/logic_server/main.lua:32  
Logic Server Start At8002
20181118 21:22:59 *****DEBUG*****../../apps/lua/scripts/logic_server/main.lua:38  
register Logic Service[3]  success
20181118 21:22:59 *****DEBUG*****../../apps/lua/scripts/database/redis_game.lua:17  
connect to redis game db success!!!!
20181118 21:22:59 *****DEBUG*****../../apps/lua/scripts/database/mysql_game.lua:15  
connect to moba game db success!!!!
20181118 21:23:19 *****DEBUG*****../../apps/lua/scripts/logic_server/logic_service.lua:13  
**********on_logic_recv_cmd:	21
20181118 21:23:19 *****DEBUG*****../../apps/lua/scripts/database/mysql_game.lua:57  
*************get_ugame_info****************
20181118 21:23:19 *****DEBUG*****../../apps/lua/scripts/logic_server/game_mgr.lua:38  
 first login
20181118 21:23:30 *****DEBUG*****../../apps/lua/scripts/logic_server/logic_service.lua:13  
**********on_logic_recv_cmd:	4
20181118 21:26:12 *****DEBUG*****../../apps/lua/scripts/logic_server/logic_service.lua:21  
Logic service disconnect with gateway !!!
20181118 21:39:42 *****DEBUG*****../../apps/lua/scripts/logic_server/main.lua:32  
Logic Server Start At8002
20181118 21:39:43 *****DEBUG*****../../apps/lua/scripts/logic_server/main.lua:38  
register Logic Service[3]  success
20181118 21:39:43 *****DEBUG*****../../apps/lua/scripts/database/mysql_game.lua:15  
connect to moba game db success!!!!
20181118 21:39:43 *****DEBUG*****../../apps/lua/scripts/database/redis_game.lua:17  
connect to redis game db success!!!!
20181118 21:40:06 *****DEBUG*****../../apps/lua/scripts/logic_server/logic_service.lua:13  
**********on_logic_recv_cmd:	21
20181118 21:40:06 *****DEBUG*****../../apps/lua/scripts/database/mysql_game.lua:57  
*************get_ugame_info****************
20181118 21:40:06 *****DEBUG*****../../apps/lua/scripts/logic_server/game_mgr.lua:38  
 first login
20181118 21:40:09 *****DEBUG*****../../apps/lua/scripts/logic_server/logic_service.lua:13  
**********on_logic_recv_cmd:	4
20181118 21:40:09 *****DEBUG*****../../apps/lua/scripts/logic_server/game_mgr.lua:48  
player uid 	17	 disconnect!
