20190129 10:56:13 *****DEBUG*****../../apps/lua/scripts/logic_server/main.lua:32  
Logic Server Start At8002
20190129 10:56:14 *****DEBUG*****../../apps/lua/scripts/logic_server/main.lua:40  
register Logic Service[3]  success
20190129 10:56:14 *****DEBUG*****../../apps/lua/scripts/database/mysql_game.lua:23  
connect to moba game db success!!!!
20190129 10:56:14 *****DEBUG*****../../apps/lua/scripts/database/redis_game.lua:24  
connect to redis game db success!!!!
20190129 10:56:14 *****DEBUG*****../../apps/lua/scripts/database/mysql_auth_center.lua:22  
connect to auth center db sucess!!!
20190129 10:56:14 *****DEBUG*****../../apps/lua/scripts/database/redis_center.lua:24  
connect to redis center db success!!!!
20190129 10:56:18 *****DEBUG*****../../apps/lua/scripts/database/mysql_game.lua:110  
*************get_ugame_info****************	28
20190129 10:56:18 *****DEBUG*****../../apps/lua/scripts/database/mysql_game.lua:110  
*************get_ugame_info****************	29
20190129 10:56:18 *****DEBUG*****../../apps/lua/scripts/database/mysql_game.lua:110  
*************get_ugame_info****************	30
20190129 10:56:18 *****DEBUG*****../../apps/lua/scripts/database/mysql_game.lua:110  
*************get_ugame_info****************	31
20190129 10:56:18 *****DEBUG*****../../apps/lua/scripts/database/mysql_game.lua:110  
*************get_ugame_info****************	32
20190129 10:56:18 *****DEBUG*****../../apps/lua/scripts/database/mysql_game.lua:110  
*************get_ugame_info****************	33
20190129 10:56:18 *****DEBUG*****../../apps/lua/scripts/database/mysql_game.lua:110  
*************get_ugame_info****************	34
20190129 10:56:18 *****DEBUG*****../../apps/lua/scripts/logic_server/game_mgr.lua:107  
this is all robot 7  has enter!!
20190129 10:56:40 *****DEBUG*****../../apps/lua/scripts/logic_server/game_mgr.lua:194  
set udp_ip and udp_port	127.0.0.1	8889
20190129 10:56:40 *****DEBUG*****../../apps/lua/scripts/database/mysql_game.lua:110  
*************get_ugame_info****************	17
20190129 10:56:54 *****DEBUG*****../../apps/lua/scripts/logic_server/game_mgr.lua:181  
[28] enter match
20190129 10:56:54 *****DEBUG*****../../apps/lua/scripts/logic_server/match_mgr.lua:99  
~~~~game_start~~~~~	1
20190129 10:59:14 *****DEBUG*****../../apps/lua/scripts/logic_server/game_mgr.lua:238  
player uid 17 disconnect!
20190129 10:59:42 *****DEBUG*****../../apps/lua/scripts/logic_server/main.lua:32  
Logic Server Start At8002
20190129 10:59:42 *****DEBUG*****../../apps/lua/scripts/logic_server/main.lua:40  
register Logic Service[3]  success
20190129 10:59:42 *****DEBUG*****../../apps/lua/scripts/database/mysql_game.lua:23  
connect to moba game db success!!!!
20190129 10:59:42 *****DEBUG*****../../apps/lua/scripts/database/redis_game.lua:24  
connect to redis game db success!!!!
20190129 10:59:42 *****DEBUG*****../../apps/lua/scripts/database/mysql_auth_center.lua:22  
connect to auth center db sucess!!!
20190129 10:59:42 *****DEBUG*****../../apps/lua/scripts/database/redis_center.lua:24  
connect to redis center db success!!!!
20190129 10:59:46 *****DEBUG*****../../apps/lua/scripts/database/mysql_game.lua:110  
*************get_ugame_info****************	28
20190129 10:59:46 *****DEBUG*****../../apps/lua/scripts/database/mysql_game.lua:110  
*************get_ugame_info****************	29
20190129 10:59:47 *****DEBUG*****../../apps/lua/scripts/database/mysql_game.lua:110  
*************get_ugame_info****************	30
20190129 10:59:47 *****DEBUG*****../../apps/lua/scripts/database/mysql_game.lua:110  
*************get_ugame_info****************	31
20190129 10:59:47 *****DEBUG*****../../apps/lua/scripts/database/mysql_game.lua:110  
*************get_ugame_info****************	32
20190129 10:59:47 *****DEBUG*****../../apps/lua/scripts/database/mysql_game.lua:110  
*************get_ugame_info****************	33
20190129 10:59:47 *****DEBUG*****../../apps/lua/scripts/database/mysql_game.lua:110  
*************get_ugame_info****************	34
20190129 10:59:47 *****DEBUG*****../../apps/lua/scripts/logic_server/game_mgr.lua:107  
this is all robot 7  has enter!!
20190129 11:01:36 *****DEBUG*****../../apps/lua/scripts/logic_server/game_mgr.lua:194  
set udp_ip and udp_port	127.0.0.1	8889
20190129 11:01:36 *****DEBUG*****../../apps/lua/scripts/database/mysql_game.lua:110  
*************get_ugame_info****************	17
20190129 11:02:02 *****DEBUG*****../../apps/lua/scripts/logic_server/game_mgr.lua:194  
set udp_ip and udp_port	127.0.0.1	8888
20190129 11:02:02 *****DEBUG*****../../apps/lua/scripts/database/mysql_game.lua:110  
*************get_ugame_info****************	36
20190129 11:02:08 *****DEBUG*****../../apps/lua/scripts/logic_server/match_mgr.lua:99  
~~~~game_start~~~~~	1
20190129 11:02:20 *****DEBUG*****../../apps/lua/scripts/logic_server/game_mgr.lua:238  
player uid 17 disconnect!
20190129 11:02:45 *****DEBUG*****../../apps/lua/scripts/logic_server/main.lua:32  
Logic Server Start At8002
20190129 11:02:45 *****DEBUG*****../../apps/lua/scripts/logic_server/main.lua:40  
register Logic Service[3]  success
20190129 11:02:45 *****DEBUG*****../../apps/lua/scripts/database/mysql_game.lua:23  
connect to moba game db success!!!!
20190129 11:02:45 *****DEBUG*****../../apps/lua/scripts/database/redis_game.lua:24  
connect to redis game db success!!!!
20190129 11:02:45 *****DEBUG*****../../apps/lua/scripts/database/mysql_auth_center.lua:22  
connect to auth center db sucess!!!
20190129 11:02:45 *****DEBUG*****../../apps/lua/scripts/database/redis_center.lua:24  
connect to redis center db success!!!!
20190129 11:02:50 *****DEBUG*****../../apps/lua/scripts/database/mysql_game.lua:110  
*************get_ugame_info****************	28
20190129 11:02:50 *****DEBUG*****../../apps/lua/scripts/database/mysql_game.lua:110  
*************get_ugame_info****************	29
20190129 11:02:50 *****DEBUG*****../../apps/lua/scripts/database/mysql_game.lua:110  
*************get_ugame_info****************	30
20190129 11:02:50 *****DEBUG*****../../apps/lua/scripts/database/mysql_game.lua:110  
*************get_ugame_info****************	31
20190129 11:02:50 *****DEBUG*****../../apps/lua/scripts/database/mysql_game.lua:110  
*************get_ugame_info****************	32
20190129 11:02:50 *****DEBUG*****../../apps/lua/scripts/database/mysql_game.lua:110  
*************get_ugame_info****************	33
20190129 11:02:50 *****DEBUG*****../../apps/lua/scripts/database/mysql_game.lua:110  
*************get_ugame_info****************	34
20190129 11:02:50 *****DEBUG*****../../apps/lua/scripts/logic_server/game_mgr.lua:107  
this is all robot 7  has enter!!
20190129 11:03:03 *****DEBUG*****../../apps/lua/scripts/logic_server/game_mgr.lua:194  
set udp_ip and udp_port	127.0.0.1	8889
20190129 11:03:03 *****DEBUG*****../../apps/lua/scripts/database/mysql_game.lua:110  
*************get_ugame_info****************	17
20190129 11:03:41 *****DEBUG*****../../apps/lua/scripts/logic_server/game_mgr.lua:194  
set udp_ip and udp_port	127.0.0.1	8888
20190129 11:03:41 *****DEBUG*****../../apps/lua/scripts/database/mysql_game.lua:110  
*************get_ugame_info****************	36
20190129 11:03:51 *****DEBUG*****../../apps/lua/scripts/logic_server/match_mgr.lua:99  
~~~~game_start~~~~~	1
20190129 11:28:27 *****DEBUG*****../../apps/lua/scripts/logic_server/game_mgr.lua:238  
player uid 36 disconnect!
20190129 15:23:43 *****DEBUG*****../../apps/lua/scripts/logic_server/main.lua:32  
Logic Server Start At8002
20190129 15:23:43 *****DEBUG*****../../apps/lua/scripts/logic_server/main.lua:40  
register Logic Service[3]  success
20190129 15:23:43 *****DEBUG*****../../apps/lua/scripts/database/mysql_game.lua:23  
connect to moba game db success!!!!
20190129 15:23:43 *****DEBUG*****../../apps/lua/scripts/database/redis_game.lua:24  
connect to redis game db success!!!!
20190129 15:23:43 *****DEBUG*****../../apps/lua/scripts/database/mysql_auth_center.lua:22  
connect to auth center db sucess!!!
20190129 15:23:43 *****DEBUG*****../../apps/lua/scripts/database/redis_center.lua:24  
connect to redis center db success!!!!
20190129 15:23:48 *****DEBUG*****../../apps/lua/scripts/database/mysql_game.lua:110  
*************get_ugame_info****************	28
20190129 15:23:48 *****DEBUG*****../../apps/lua/scripts/database/mysql_game.lua:110  
*************get_ugame_info****************	29
20190129 15:23:48 *****DEBUG*****../../apps/lua/scripts/database/mysql_game.lua:110  
*************get_ugame_info****************	30
20190129 15:23:48 *****DEBUG*****../../apps/lua/scripts/database/mysql_game.lua:110  
*************get_ugame_info****************	31
20190129 15:23:48 *****DEBUG*****../../apps/lua/scripts/database/mysql_game.lua:110  
*************get_ugame_info****************	32
20190129 15:23:48 *****DEBUG*****../../apps/lua/scripts/database/mysql_game.lua:110  
*************get_ugame_info****************	33
20190129 15:23:48 *****DEBUG*****../../apps/lua/scripts/database/mysql_game.lua:110  
*************get_ugame_info****************	34
20190129 15:23:48 *****DEBUG*****../../apps/lua/scripts/logic_server/game_mgr.lua:107  
this is all robot 7  has enter!!
20190129 15:24:01 *****DEBUG*****../../apps/lua/scripts/logic_server/game_mgr.lua:194  
set udp_ip and udp_port	127.0.0.1	8889
20190129 15:24:01 *****DEBUG*****../../apps/lua/scripts/database/mysql_game.lua:110  
*************get_ugame_info****************	17
20190129 15:24:45 *****DEBUG*****../../apps/lua/scripts/logic_server/game_mgr.lua:194  
set udp_ip and udp_port	127.0.0.1	8888
20190129 15:24:45 *****DEBUG*****../../apps/lua/scripts/database/mysql_game.lua:110  
*************get_ugame_info****************	36
20190129 15:24:54 *****DEBUG*****../../apps/lua/scripts/logic_server/match_mgr.lua:99  
~~~~game_start~~~~~	1
20190129 15:27:26 *****DEBUG*****../../apps/lua/scripts/logic_server/game_mgr.lua:238  
player uid 17 disconnect!
