20181229 00:05:39 *****DEBUG*****../../apps/lua/scripts/logic_server/main.lua:32  
Logic Server Start At8002
20181229 00:05:39 *****DEBUG*****../../apps/lua/scripts/logic_server/main.lua:40  
register Logic Service[3]  success
20181229 00:05:39 *****DEBUG*****../../apps/lua/scripts/database/mysql_game.lua:23  
connect to moba game db success!!!!
20181229 00:05:39 *****DEBUG*****../../apps/lua/scripts/database/redis_game.lua:24  
connect to redis game db success!!!!
20181229 00:05:39 *****DEBUG*****../../apps/lua/scripts/database/mysql_auth_center.lua:22  
connect to auth center db sucess!!!
20181229 00:05:39 *****DEBUG*****../../apps/lua/scripts/database/redis_center.lua:24  
connect to redis center db success!!!!
20181229 00:05:44 *****DEBUG*****../../apps/lua/scripts/database/mysql_game.lua:110  
*************get_ugame_info****************	28
20181229 00:05:44 *****DEBUG*****../../apps/lua/scripts/database/mysql_game.lua:110  
*************get_ugame_info****************	29
20181229 00:05:44 *****DEBUG*****../../apps/lua/scripts/database/mysql_game.lua:110  
*************get_ugame_info****************	30
20181229 00:05:44 *****DEBUG*****../../apps/lua/scripts/database/mysql_game.lua:110  
*************get_ugame_info****************	31
20181229 00:05:44 *****DEBUG*****../../apps/lua/scripts/database/mysql_game.lua:110  
*************get_ugame_info****************	32
20181229 00:05:44 *****DEBUG*****../../apps/lua/scripts/database/mysql_game.lua:110  
*************get_ugame_info****************	33
20181229 00:05:44 *****DEBUG*****../../apps/lua/scripts/database/mysql_game.lua:110  
*************get_ugame_info****************	34
20181229 00:05:44 *****DEBUG*****../../apps/lua/scripts/logic_server/game_mgr.lua:106  
this is all robot 7  has enter!!
20181229 00:06:00 *****DEBUG*****../../apps/lua/scripts/logic_server/logic_service.lua:16  
**********on_logic_recv_cmd:	21
20181229 00:06:00 *****DEBUG*****../../apps/lua/scripts/database/mysql_game.lua:110  
*************get_ugame_info****************	17
20181229 00:06:06 *****DEBUG*****../../apps/lua/scripts/logic_server/logic_service.lua:16  
**********on_logic_recv_cmd:	23
20181229 00:06:10 *****DEBUG*****../../apps/lua/scripts/logic_server/match_mgr.lua:45  
matchid:	1	uid:	17	match state: 	1	player state: 	1
20181229 00:06:10 *****DEBUG*****../../apps/lua/scripts/logic_server/match_mgr.lua:84  
~~~~~#self.inview_players~~~~~~~	1
20181229 00:06:10 !!!!!ERROR!!!!! ../../apps/lua/scripts/logic_server/game_mgr.lua:145  
match system error : player state: 	1	matchid:	nil
20181229 00:06:10 *****DEBUG*****../../apps/lua/scripts/logic_server/game_mgr.lua:178  
[28] enter match
20181229 00:06:10 *****DEBUG*****../../apps/lua/scripts/logic_server/match_mgr.lua:45  
matchid:	1	uid:	28	match state: 	1	player state: 	1
20181229 00:06:10 *****DEBUG*****../../apps/lua/scripts/logic_server/match_mgr.lua:84  
~~~~~#self.inview_players~~~~~~~	2
20181229 00:06:11 *****DEBUG*****../../apps/lua/scripts/logic_server/game_mgr.lua:178  
[29] enter match
20181229 00:06:11 *****DEBUG*****../../apps/lua/scripts/logic_server/match_mgr.lua:45  
matchid:	1	uid:	29	match state: 	1	player state: 	1
20181229 00:06:11 *****DEBUG*****../../apps/lua/scripts/logic_server/match_mgr.lua:84  
~~~~~#self.inview_players~~~~~~~	3
20181229 00:06:12 *****DEBUG*****../../apps/lua/scripts/logic_server/game_mgr.lua:178  
[30] enter match
20181229 00:06:12 *****DEBUG*****../../apps/lua/scripts/logic_server/match_mgr.lua:45  
matchid:	1	uid:	30	match state: 	1	player state: 	1
20181229 00:06:12 *****DEBUG*****../../apps/lua/scripts/logic_server/match_mgr.lua:84  
~~~~~#self.inview_players~~~~~~~	4
20181229 00:06:12 *****DEBUG*****../../apps/lua/scripts/logic_server/match_mgr.lua:96  
~~~~game_start~~~~~	1
20181229 00:06:12 !!!!!ERROR!!!!! e:\vs_project\moba_game_server\moba_server\lua_wrapper\session_export_to_lua.cc:48  
cant find message   from compiled poll 

20181229 00:06:15 *****DEBUG*****../../apps/lua/scripts/logic_server/match_mgr.lua:45  
matchid:	2	uid:	17	match state: 	1	player state: 	4
20181229 00:06:15 !!!!!ERROR!!!!! ../../apps/lua/scripts/logic_server/game_mgr.lua:145  
match system error : player state: 	4	matchid:	nil
20181229 00:06:20 *****DEBUG*****../../apps/lua/scripts/logic_server/match_mgr.lua:45  
matchid:	2	uid:	17	match state: 	1	player state: 	4
20181229 00:06:20 !!!!!ERROR!!!!! ../../apps/lua/scripts/logic_server/game_mgr.lua:145  
match system error : player state: 	4	matchid:	nil
20181229 00:06:25 *****DEBUG*****../../apps/lua/scripts/logic_server/match_mgr.lua:45  
matchid:	2	uid:	17	match state: 	1	player state: 	4
20181229 00:06:25 !!!!!ERROR!!!!! ../../apps/lua/scripts/logic_server/game_mgr.lua:145  
match system error : player state: 	4	matchid:	nil
20181229 00:06:30 *****DEBUG*****../../apps/lua/scripts/logic_server/match_mgr.lua:45  
matchid:	2	uid:	17	match state: 	1	player state: 	4
20181229 00:06:30 !!!!!ERROR!!!!! ../../apps/lua/scripts/logic_server/game_mgr.lua:145  
match system error : player state: 	4	matchid:	nil
20181229 00:06:35 *****DEBUG*****../../apps/lua/scripts/logic_server/match_mgr.lua:45  
matchid:	2	uid:	17	match state: 	1	player state: 	4
20181229 00:06:35 !!!!!ERROR!!!!! ../../apps/lua/scripts/logic_server/game_mgr.lua:145  
match system error : player state: 	4	matchid:	nil
20181229 00:06:40 *****DEBUG*****../../apps/lua/scripts/logic_server/match_mgr.lua:45  
matchid:	2	uid:	17	match state: 	1	player state: 	4
20181229 00:06:40 !!!!!ERROR!!!!! ../../apps/lua/scripts/logic_server/game_mgr.lua:145  
match system error : player state: 	4	matchid:	nil
20181229 00:06:45 *****DEBUG*****../../apps/lua/scripts/logic_server/match_mgr.lua:45  
matchid:	2	uid:	17	match state: 	1	player state: 	4
20181229 00:06:45 !!!!!ERROR!!!!! ../../apps/lua/scripts/logic_server/game_mgr.lua:145  
match system error : player state: 	4	matchid:	nil
20181229 00:06:47 *****DEBUG*****../../apps/lua/scripts/logic_server/logic_service.lua:16  
**********on_logic_recv_cmd:	4
20181229 00:06:47 *****DEBUG*****../../apps/lua/scripts/logic_server/game_mgr.lua:226  
remove from wait list
20181229 00:06:47 *****DEBUG*****../../apps/lua/scripts/logic_server/game_mgr.lua:234  
player uid 17 disconnect!
20181229 00:16:07 *****DEBUG*****../../apps/lua/scripts/logic_server/main.lua:32  
Logic Server Start At8002
20181229 00:16:07 *****DEBUG*****../../apps/lua/scripts/logic_server/main.lua:40  
register Logic Service[3]  success
20181229 00:16:07 *****DEBUG*****../../apps/lua/scripts/database/mysql_game.lua:23  
connect to moba game db success!!!!
20181229 00:16:07 *****DEBUG*****../../apps/lua/scripts/database/redis_game.lua:24  
connect to redis game db success!!!!
20181229 00:16:07 *****DEBUG*****../../apps/lua/scripts/database/mysql_auth_center.lua:22  
connect to auth center db sucess!!!
20181229 00:16:07 *****DEBUG*****../../apps/lua/scripts/database/redis_center.lua:24  
connect to redis center db success!!!!
20181229 00:16:12 *****DEBUG*****../../apps/lua/scripts/database/mysql_game.lua:110  
*************get_ugame_info****************	28
20181229 00:16:12 *****DEBUG*****../../apps/lua/scripts/database/mysql_game.lua:110  
*************get_ugame_info****************	29
20181229 00:16:12 *****DEBUG*****../../apps/lua/scripts/database/mysql_game.lua:110  
*************get_ugame_info****************	30
20181229 00:16:12 *****DEBUG*****../../apps/lua/scripts/database/mysql_game.lua:110  
*************get_ugame_info****************	31
20181229 00:16:12 *****DEBUG*****../../apps/lua/scripts/database/mysql_game.lua:110  
*************get_ugame_info****************	32
20181229 00:16:12 *****DEBUG*****../../apps/lua/scripts/database/mysql_game.lua:110  
*************get_ugame_info****************	33
20181229 00:16:12 *****DEBUG*****../../apps/lua/scripts/database/mysql_game.lua:110  
*************get_ugame_info****************	34
20181229 00:16:12 *****DEBUG*****../../apps/lua/scripts/logic_server/game_mgr.lua:106  
this is all robot 7  has enter!!
20181229 00:16:52 *****DEBUG*****../../apps/lua/scripts/logic_server/logic_service.lua:16  
**********on_logic_recv_cmd:	21
20181229 00:16:52 *****DEBUG*****../../apps/lua/scripts/database/mysql_game.lua:110  
*************get_ugame_info****************	17
20181229 00:17:12 *****DEBUG*****../../apps/lua/scripts/logic_server/logic_service.lua:16  
**********on_logic_recv_cmd:	23
20181229 00:17:14 *****DEBUG*****../../apps/lua/scripts/logic_server/logic_service.lua:16  
**********on_logic_recv_cmd:	23
20181229 00:17:16 *****DEBUG*****../../apps/lua/scripts/logic_server/match_mgr.lua:46  
matchid:	1	uid:	17	match state: 	1	player state: 	1
20181229 00:17:16 *****DEBUG*****../../apps/lua/scripts/logic_server/match_mgr.lua:85  
~~~~~#self.inview_players~~~~~~~	1
20181229 00:17:16 *****DEBUG*****../../apps/lua/scripts/logic_server/game_mgr.lua:177  
[28] enter match
20181229 00:17:16 *****DEBUG*****../../apps/lua/scripts/logic_server/match_mgr.lua:46  
matchid:	1	uid:	28	match state: 	1	player state: 	1
20181229 00:17:16 *****DEBUG*****../../apps/lua/scripts/logic_server/match_mgr.lua:85  
~~~~~#self.inview_players~~~~~~~	2
20181229 00:17:17 *****DEBUG*****../../apps/lua/scripts/logic_server/game_mgr.lua:177  
[29] enter match
20181229 00:17:17 *****DEBUG*****../../apps/lua/scripts/logic_server/match_mgr.lua:46  
matchid:	1	uid:	29	match state: 	1	player state: 	1
20181229 00:17:17 *****DEBUG*****../../apps/lua/scripts/logic_server/match_mgr.lua:85  
~~~~~#self.inview_players~~~~~~~	3
20181229 00:17:18 *****DEBUG*****../../apps/lua/scripts/logic_server/game_mgr.lua:177  
[30] enter match
20181229 00:17:18 *****DEBUG*****../../apps/lua/scripts/logic_server/match_mgr.lua:46  
matchid:	1	uid:	30	match state: 	1	player state: 	1
20181229 00:17:18 *****DEBUG*****../../apps/lua/scripts/logic_server/match_mgr.lua:85  
~~~~~#self.inview_players~~~~~~~	4
20181229 00:17:18 *****DEBUG*****../../apps/lua/scripts/logic_server/match_mgr.lua:99  
~~~~game_start~~~~~	1
20181229 00:17:19 !!!!!ERROR!!!!! e:\vs_project\moba_game_server\moba_server\lua_wrapper\session_export_to_lua.cc:48  
cant find message   from compiled poll 

20181229 00:19:46 *****DEBUG*****../../apps/lua/scripts/logic_server/main.lua:32  
Logic Server Start At8002
20181229 00:19:46 *****DEBUG*****../../apps/lua/scripts/logic_server/main.lua:40  
register Logic Service[3]  success
20181229 00:19:46 *****DEBUG*****../../apps/lua/scripts/database/mysql_game.lua:23  
connect to moba game db success!!!!
20181229 00:19:46 *****DEBUG*****../../apps/lua/scripts/database/redis_game.lua:24  
connect to redis game db success!!!!
20181229 00:19:46 *****DEBUG*****../../apps/lua/scripts/database/mysql_auth_center.lua:22  
connect to auth center db sucess!!!
20181229 00:19:46 *****DEBUG*****../../apps/lua/scripts/database/redis_center.lua:24  
connect to redis center db success!!!!
20181229 00:19:51 *****DEBUG*****../../apps/lua/scripts/database/mysql_game.lua:110  
*************get_ugame_info****************	28
20181229 00:19:51 *****DEBUG*****../../apps/lua/scripts/database/mysql_game.lua:110  
*************get_ugame_info****************	29
20181229 00:19:51 *****DEBUG*****../../apps/lua/scripts/database/mysql_game.lua:110  
*************get_ugame_info****************	30
20181229 00:19:51 *****DEBUG*****../../apps/lua/scripts/database/mysql_game.lua:110  
*************get_ugame_info****************	31
20181229 00:19:51 *****DEBUG*****../../apps/lua/scripts/database/mysql_game.lua:110  
*************get_ugame_info****************	32
20181229 00:19:51 *****DEBUG*****../../apps/lua/scripts/database/mysql_game.lua:110  
*************get_ugame_info****************	33
20181229 00:19:51 *****DEBUG*****../../apps/lua/scripts/database/mysql_game.lua:110  
*************get_ugame_info****************	34
20181229 00:19:51 *****DEBUG*****../../apps/lua/scripts/logic_server/game_mgr.lua:106  
this is all robot 7  has enter!!
20181229 00:19:52 *****DEBUG*****../../apps/lua/scripts/logic_server/main.lua:32  
Logic Server Start At8002
20181229 00:19:52 *****DEBUG*****../../apps/lua/scripts/logic_server/main.lua:40  
register Logic Service[3]  success
20181229 00:19:52 *****DEBUG*****../../apps/lua/scripts/database/mysql_game.lua:23  
connect to moba game db success!!!!
20181229 00:19:52 *****DEBUG*****../../apps/lua/scripts/database/redis_game.lua:24  
connect to redis game db success!!!!
20181229 00:19:52 *****DEBUG*****../../apps/lua/scripts/database/mysql_auth_center.lua:22  
connect to auth center db sucess!!!
20181229 00:19:52 *****DEBUG*****../../apps/lua/scripts/database/redis_center.lua:24  
connect to redis center db success!!!!
20181229 00:19:57 *****DEBUG*****../../apps/lua/scripts/database/mysql_game.lua:110  
*************get_ugame_info****************	28
20181229 00:19:57 *****DEBUG*****../../apps/lua/scripts/database/mysql_game.lua:110  
*************get_ugame_info****************	29
20181229 00:19:57 *****DEBUG*****../../apps/lua/scripts/database/mysql_game.lua:110  
*************get_ugame_info****************	30
20181229 00:19:57 *****DEBUG*****../../apps/lua/scripts/database/mysql_game.lua:110  
*************get_ugame_info****************	31
20181229 00:19:57 *****DEBUG*****../../apps/lua/scripts/database/mysql_game.lua:110  
*************get_ugame_info****************	32
20181229 00:19:57 *****DEBUG*****../../apps/lua/scripts/database/mysql_game.lua:110  
*************get_ugame_info****************	33
20181229 00:19:57 *****DEBUG*****../../apps/lua/scripts/database/mysql_game.lua:110  
*************get_ugame_info****************	34
20181229 00:19:57 *****DEBUG*****../../apps/lua/scripts/logic_server/game_mgr.lua:106  
this is all robot 7  has enter!!
20181229 00:20:45 *****DEBUG*****../../apps/lua/scripts/logic_server/logic_service.lua:16  
**********on_logic_recv_cmd:	21
20181229 00:20:45 *****DEBUG*****../../apps/lua/scripts/database/mysql_game.lua:110  
*************get_ugame_info****************	17
20181229 00:21:09 *****DEBUG*****../../apps/lua/scripts/logic_server/logic_service.lua:16  
**********on_logic_recv_cmd:	23
20181229 00:21:15 *****DEBUG*****../../apps/lua/scripts/logic_server/match_mgr.lua:46  
matchid:	1	uid:	17	match state: 	1	player state: 	1
20181229 00:21:21 *****DEBUG*****../../apps/lua/scripts/logic_server/match_mgr.lua:85  
~~~~~#self.inview_players~~~~~~~	1
20181229 00:21:21 *****DEBUG*****../../apps/lua/scripts/logic_server/game_mgr.lua:177  
[28] enter match
20181229 00:21:21 *****DEBUG*****../../apps/lua/scripts/logic_server/match_mgr.lua:46  
matchid:	1	uid:	28	match state: 	1	player state: 	1
20181229 00:21:24 *****DEBUG*****../../apps/lua/scripts/logic_server/match_mgr.lua:85  
~~~~~#self.inview_players~~~~~~~	2
20181229 00:21:24 *****DEBUG*****../../apps/lua/scripts/logic_server/game_mgr.lua:177  
[29] enter match
20181229 00:21:24 *****DEBUG*****../../apps/lua/scripts/logic_server/match_mgr.lua:46  
matchid:	1	uid:	29	match state: 	1	player state: 	1
20181229 00:21:26 *****DEBUG*****../../apps/lua/scripts/logic_server/match_mgr.lua:85  
~~~~~#self.inview_players~~~~~~~	3
20181229 00:21:26 *****DEBUG*****../../apps/lua/scripts/logic_server/game_mgr.lua:177  
[30] enter match
20181229 00:21:26 *****DEBUG*****../../apps/lua/scripts/logic_server/match_mgr.lua:46  
matchid:	1	uid:	30	match state: 	1	player state: 	1
20181229 00:21:28 *****DEBUG*****../../apps/lua/scripts/logic_server/match_mgr.lua:85  
~~~~~#self.inview_players~~~~~~~	4
20181229 00:21:28 *****DEBUG*****../../apps/lua/scripts/logic_server/match_mgr.lua:99  
~~~~game_start~~~~~	1
20181229 00:23:02 !!!!!ERROR!!!!! e:\vs_project\moba_game_server\moba_server\lua_wrapper\session_export_to_lua.cc:48  
cant find message   from compiled poll 

20181229 00:23:36 *****DEBUG*****../../apps/lua/scripts/logic_server/main.lua:32  
Logic Server Start At8002
20181229 00:23:36 *****DEBUG*****../../apps/lua/scripts/logic_server/main.lua:40  
register Logic Service[3]  success
20181229 00:23:36 *****DEBUG*****../../apps/lua/scripts/database/mysql_game.lua:23  
connect to moba game db success!!!!
20181229 00:23:36 *****DEBUG*****../../apps/lua/scripts/database/redis_game.lua:24  
connect to redis game db success!!!!
20181229 00:23:36 *****DEBUG*****../../apps/lua/scripts/database/mysql_auth_center.lua:22  
connect to auth center db sucess!!!
20181229 00:23:36 *****DEBUG*****../../apps/lua/scripts/database/redis_center.lua:24  
connect to redis center db success!!!!
20181229 00:23:40 *****DEBUG*****../../apps/lua/scripts/logic_server/main.lua:32  
Logic Server Start At8002
20181229 00:23:40 *****DEBUG*****../../apps/lua/scripts/logic_server/main.lua:40  
register Logic Service[3]  success
20181229 00:23:40 *****DEBUG*****../../apps/lua/scripts/database/mysql_game.lua:23  
connect to moba game db success!!!!
20181229 00:23:40 *****DEBUG*****../../apps/lua/scripts/database/redis_game.lua:24  
connect to redis game db success!!!!
20181229 00:23:40 *****DEBUG*****../../apps/lua/scripts/database/mysql_auth_center.lua:22  
connect to auth center db sucess!!!
20181229 00:23:40 *****DEBUG*****../../apps/lua/scripts/database/redis_center.lua:24  
connect to redis center db success!!!!
20181229 00:23:41 *****DEBUG*****../../apps/lua/scripts/database/mysql_game.lua:110  
*************get_ugame_info****************	28
20181229 00:23:41 *****DEBUG*****../../apps/lua/scripts/database/mysql_game.lua:110  
*************get_ugame_info****************	29
20181229 00:23:41 *****DEBUG*****../../apps/lua/scripts/database/mysql_game.lua:110  
*************get_ugame_info****************	30
20181229 00:23:41 *****DEBUG*****../../apps/lua/scripts/database/mysql_game.lua:110  
*************get_ugame_info****************	31
20181229 00:23:41 *****DEBUG*****../../apps/lua/scripts/database/mysql_game.lua:110  
*************get_ugame_info****************	32
20181229 00:23:41 *****DEBUG*****../../apps/lua/scripts/database/mysql_game.lua:110  
*************get_ugame_info****************	33
20181229 00:23:41 *****DEBUG*****../../apps/lua/scripts/database/mysql_game.lua:110  
*************get_ugame_info****************	34
20181229 00:23:41 *****DEBUG*****../../apps/lua/scripts/logic_server/game_mgr.lua:106  
this is all robot 7  has enter!!
20181229 00:24:18 *****DEBUG*****../../apps/lua/scripts/logic_server/logic_service.lua:16  
**********on_logic_recv_cmd:	21
20181229 00:24:18 *****DEBUG*****../../apps/lua/scripts/database/mysql_game.lua:110  
*************get_ugame_info****************	17
20181229 00:24:31 *****DEBUG*****../../apps/lua/scripts/logic_server/logic_service.lua:16  
**********on_logic_recv_cmd:	23
20181229 00:24:50 *****DEBUG*****../../apps/lua/scripts/logic_server/match_mgr.lua:46  
matchid:	1	uid:	17	match state: 	1	player state: 	1
20181229 00:25:32 *****DEBUG*****../../apps/lua/scripts/logic_server/match_mgr.lua:85  
~~~~~#self.inview_players~~~~~~~	1
20181229 00:25:32 *****DEBUG*****../../apps/lua/scripts/logic_server/game_mgr.lua:177  
[28] enter match
20181229 00:25:32 *****DEBUG*****../../apps/lua/scripts/logic_server/match_mgr.lua:46  
matchid:	1	uid:	28	match state: 	1	player state: 	1
20181229 00:25:36 *****DEBUG*****../../apps/lua/scripts/logic_server/match_mgr.lua:85  
~~~~~#self.inview_players~~~~~~~	2
20181229 00:25:36 *****DEBUG*****../../apps/lua/scripts/logic_server/game_mgr.lua:177  
[29] enter match
20181229 00:25:36 *****DEBUG*****../../apps/lua/scripts/logic_server/match_mgr.lua:46  
matchid:	1	uid:	29	match state: 	1	player state: 	1
20181229 00:25:36 *****DEBUG*****../../apps/lua/scripts/logic_server/match_mgr.lua:85  
~~~~~#self.inview_players~~~~~~~	3
20181229 00:25:37 *****DEBUG*****../../apps/lua/scripts/logic_server/game_mgr.lua:177  
[30] enter match
20181229 00:25:37 *****DEBUG*****../../apps/lua/scripts/logic_server/match_mgr.lua:46  
matchid:	1	uid:	30	match state: 	1	player state: 	1
20181229 00:25:48 *****DEBUG*****../../apps/lua/scripts/logic_server/match_mgr.lua:85  
~~~~~#self.inview_players~~~~~~~	4
20181229 00:25:48 *****DEBUG*****../../apps/lua/scripts/logic_server/match_mgr.lua:99  
~~~~game_start~~~~~	1
20181229 00:26:11 !!!!!ERROR!!!!! e:\vs_project\moba_game_server\moba_server\lua_wrapper\session_export_to_lua.cc:48  
cant find message   from compiled poll 

20181229 00:41:37 *****DEBUG*****../../apps/lua/scripts/logic_server/main.lua:32  
Logic Server Start At8002
20181229 00:41:37 *****DEBUG*****../../apps/lua/scripts/logic_server/main.lua:40  
register Logic Service[3]  success
20181229 00:41:37 *****DEBUG*****../../apps/lua/scripts/database/mysql_game.lua:23  
connect to moba game db success!!!!
20181229 00:41:37 *****DEBUG*****../../apps/lua/scripts/database/redis_game.lua:24  
connect to redis game db success!!!!
20181229 00:41:37 *****DEBUG*****../../apps/lua/scripts/database/mysql_auth_center.lua:22  
connect to auth center db sucess!!!
20181229 00:41:37 *****DEBUG*****../../apps/lua/scripts/database/redis_center.lua:24  
connect to redis center db success!!!!
20181229 00:41:42 *****DEBUG*****../../apps/lua/scripts/database/mysql_game.lua:110  
*************get_ugame_info****************	28
20181229 00:41:42 *****DEBUG*****../../apps/lua/scripts/database/mysql_game.lua:110  
*************get_ugame_info****************	29
20181229 00:41:42 *****DEBUG*****../../apps/lua/scripts/database/mysql_game.lua:110  
*************get_ugame_info****************	30
20181229 00:41:42 *****DEBUG*****../../apps/lua/scripts/database/mysql_game.lua:110  
*************get_ugame_info****************	31
20181229 00:41:42 *****DEBUG*****../../apps/lua/scripts/database/mysql_game.lua:110  
*************get_ugame_info****************	32
20181229 00:41:42 *****DEBUG*****../../apps/lua/scripts/database/mysql_game.lua:110  
*************get_ugame_info****************	33
20181229 00:41:42 *****DEBUG*****../../apps/lua/scripts/database/mysql_game.lua:110  
*************get_ugame_info****************	34
20181229 00:41:42 *****DEBUG*****../../apps/lua/scripts/logic_server/game_mgr.lua:106  
this is all robot 7  has enter!!
20181229 00:41:57 *****DEBUG*****../../apps/lua/scripts/logic_server/logic_service.lua:16  
**********on_logic_recv_cmd:	21
20181229 00:41:57 *****DEBUG*****../../apps/lua/scripts/database/mysql_game.lua:110  
*************get_ugame_info****************	17
20181229 00:42:01 *****DEBUG*****../../apps/lua/scripts/logic_server/logic_service.lua:16  
**********on_logic_recv_cmd:	23
20181229 00:42:03 *****DEBUG*****../../apps/lua/scripts/logic_server/match_mgr.lua:46  
matchid:	1	uid:	17	match state: 	1	player state: 	1
20181229 00:42:03 *****DEBUG*****../../apps/lua/scripts/logic_server/match_mgr.lua:85  
~~~~~#self.inview_players~~~~~~~	1
20181229 00:42:03 *****DEBUG*****../../apps/lua/scripts/logic_server/game_mgr.lua:177  
[28] enter match
20181229 00:42:03 *****DEBUG*****../../apps/lua/scripts/logic_server/match_mgr.lua:46  
matchid:	1	uid:	28	match state: 	1	player state: 	1
20181229 00:42:03 *****DEBUG*****../../apps/lua/scripts/logic_server/match_mgr.lua:85  
~~~~~#self.inview_players~~~~~~~	2
20181229 00:42:04 *****DEBUG*****../../apps/lua/scripts/logic_server/game_mgr.lua:177  
[29] enter match
20181229 00:42:04 *****DEBUG*****../../apps/lua/scripts/logic_server/match_mgr.lua:46  
matchid:	1	uid:	29	match state: 	1	player state: 	1
20181229 00:42:04 *****DEBUG*****../../apps/lua/scripts/logic_server/match_mgr.lua:85  
~~~~~#self.inview_players~~~~~~~	3
20181229 00:42:05 *****DEBUG*****../../apps/lua/scripts/logic_server/game_mgr.lua:177  
[30] enter match
20181229 00:42:05 *****DEBUG*****../../apps/lua/scripts/logic_server/match_mgr.lua:46  
matchid:	1	uid:	30	match state: 	1	player state: 	1
20181229 00:42:05 *****DEBUG*****../../apps/lua/scripts/logic_server/match_mgr.lua:85  
~~~~~#self.inview_players~~~~~~~	4
20181229 00:42:05 *****DEBUG*****../../apps/lua/scripts/logic_server/match_mgr.lua:99  
~~~~game_start~~~~~	1
20181229 00:42:05 !!!!!ERROR!!!!! e:\vs_project\moba_game_server\moba_server\lua_wrapper\session_export_to_lua.cc:48  
cant find message   from compiled poll 

