e:\vs_project\moba_game_server\moba_server\build\proj.win32\debug\vc120.pdb
e:\vs_project\moba_game_server\moba_server\build\proj.win32\debug\vc120.idb
e:\vs_project\moba_game_server\moba_server\build\proj.win32\debug\lstate.obj
e:\vs_project\moba_game_server\moba_server\build\proj.win32\debug\lstring.obj
e:\vs_project\moba_game_server\moba_server\build\proj.win32\debug\lstrlib.obj
e:\vs_project\moba_game_server\moba_server\build\proj.win32\debug\ltable.obj
e:\vs_project\moba_game_server\moba_server\build\proj.win32\debug\ltablib.obj
e:\vs_project\moba_game_server\moba_server\build\proj.win32\debug\ltm.obj
e:\vs_project\moba_game_server\moba_server\build\proj.win32\debug\lundump.obj
e:\vs_project\moba_game_server\moba_server\build\proj.win32\debug\lutf8lib.obj
e:\vs_project\moba_game_server\moba_server\build\proj.win32\debug\lvm.obj
e:\vs_project\moba_game_server\moba_server\build\proj.win32\debug\lzio.obj
e:\vs_project\moba_game_server\moba_server\build\proj.win32\debug\json.obj
e:\vs_project\moba_game_server\moba_server\build\proj.win32\debug\tolua_event.obj
e:\vs_project\moba_game_server\moba_server\build\proj.win32\debug\tolua_is.obj
e:\vs_project\moba_game_server\moba_server\build\proj.win32\debug\tolua_map.obj
e:\vs_project\moba_game_server\moba_server\build\proj.win32\debug\tolua_push.obj
e:\vs_project\moba_game_server\moba_server\build\proj.win32\debug\tolua_to.obj
e:\vs_project\moba_game_server\moba_server\build\proj.win32\debug\catch_alloc.obj
e:\vs_project\moba_game_server\moba_server\build\proj.win32\debug\small_alloc.obj
e:\vs_project\moba_game_server\moba_server\build\proj.win32\debug\timestamp.obj
e:\vs_project\moba_game_server\moba_server\build\proj.win32\debug\time_list.obj
e:\vs_project\moba_game_server\moba_server\build\proj.win32\debug\lbitlib.obj
e:\vs_project\moba_game_server\moba_server\build\proj.win32\debug\lcode.obj
e:\vs_project\moba_game_server\moba_server\build\proj.win32\debug\lcorolib.obj
e:\vs_project\moba_game_server\moba_server\build\proj.win32\debug\lctype.obj
e:\vs_project\moba_game_server\moba_server\build\proj.win32\debug\ldblib.obj
e:\vs_project\moba_game_server\moba_server\build\proj.win32\debug\ldebug.obj
e:\vs_project\moba_game_server\moba_server\build\proj.win32\debug\ldo.obj
e:\vs_project\moba_game_server\moba_server\build\proj.win32\debug\ldump.obj
e:\vs_project\moba_game_server\moba_server\build\proj.win32\debug\lfunc.obj
e:\vs_project\moba_game_server\moba_server\build\proj.win32\debug\lgc.obj
e:\vs_project\moba_game_server\moba_server\build\proj.win32\debug\linit.obj
e:\vs_project\moba_game_server\moba_server\build\proj.win32\debug\liolib.obj
e:\vs_project\moba_game_server\moba_server\build\proj.win32\debug\llex.obj
e:\vs_project\moba_game_server\moba_server\build\proj.win32\debug\lmathlib.obj
e:\vs_project\moba_game_server\moba_server\build\proj.win32\debug\lmem.obj
e:\vs_project\moba_game_server\moba_server\build\proj.win32\debug\loadlib.obj
e:\vs_project\moba_game_server\moba_server\build\proj.win32\debug\lobject.obj
e:\vs_project\moba_game_server\moba_server\build\proj.win32\debug\lopcodes.obj
e:\vs_project\moba_game_server\moba_server\build\proj.win32\debug\loslib.obj
e:\vs_project\moba_game_server\moba_server\build\proj.win32\debug\lparser.obj
e:\vs_project\moba_game_server\moba_server\build\proj.win32\debug\loop-watcher.obj
e:\vs_project\moba_game_server\moba_server\build\proj.win32\debug\pipe.obj
e:\vs_project\moba_game_server\moba_server\build\proj.win32\debug\poll.obj
e:\vs_project\moba_game_server\moba_server\build\proj.win32\debug\process-stdio.obj
e:\vs_project\moba_game_server\moba_server\build\proj.win32\debug\process.obj
e:\vs_project\moba_game_server\moba_server\build\proj.win32\debug\req.obj
e:\vs_project\moba_game_server\moba_server\build\proj.win32\debug\signal.obj
e:\vs_project\moba_game_server\moba_server\build\proj.win32\debug\snprintf.obj
e:\vs_project\moba_game_server\moba_server\build\proj.win32\debug\stream.obj
e:\vs_project\moba_game_server\moba_server\build\proj.win32\debug\tcp.obj
e:\vs_project\moba_game_server\moba_server\build\proj.win32\debug\thread.obj
e:\vs_project\moba_game_server\moba_server\build\proj.win32\debug\timer.obj
e:\vs_project\moba_game_server\moba_server\build\proj.win32\debug\tty.obj
e:\vs_project\moba_game_server\moba_server\build\proj.win32\debug\udp.obj
e:\vs_project\moba_game_server\moba_server\build\proj.win32\debug\util.obj
e:\vs_project\moba_game_server\moba_server\build\proj.win32\debug\winapi.obj
e:\vs_project\moba_game_server\moba_server\build\proj.win32\debug\winsock.obj
e:\vs_project\moba_game_server\moba_server\build\proj.win32\debug\lapi.obj
e:\vs_project\moba_game_server\moba_server\build\proj.win32\debug\lauxlib.obj
e:\vs_project\moba_game_server\moba_server\build\proj.win32\debug\lbaselib.obj
e:\vs_project\moba_game_server\moba_server\build\proj.win32\debug\base64_decoder.obj
e:\vs_project\moba_game_server\moba_server\build\proj.win32\debug\base64_encoder.obj
e:\vs_project\moba_game_server\moba_server\build\proj.win32\debug\md5.obj
e:\vs_project\moba_game_server\moba_server\build\proj.win32\debug\sha1.obj
e:\vs_project\moba_game_server\moba_server\build\proj.win32\debug\http_parser.obj
e:\vs_project\moba_game_server\moba_server\build\proj.win32\debug\fs-poll.obj
e:\vs_project\moba_game_server\moba_server\build\proj.win32\debug\inet.obj
e:\vs_project\moba_game_server\moba_server\build\proj.win32\debug\threadpool.obj
e:\vs_project\moba_game_server\moba_server\build\proj.win32\debug\uv-common.obj
e:\vs_project\moba_game_server\moba_server\build\proj.win32\debug\version.obj
e:\vs_project\moba_game_server\moba_server\build\proj.win32\debug\async.obj
e:\vs_project\moba_game_server\moba_server\build\proj.win32\debug\core.obj
e:\vs_project\moba_game_server\moba_server\build\proj.win32\debug\dl.obj
e:\vs_project\moba_game_server\moba_server\build\proj.win32\debug\error.obj
e:\vs_project\moba_game_server\moba_server\build\proj.win32\debug\fs-event.obj
e:\vs_project\moba_game_server\moba_server\build\proj.win32\debug\fs.obj
e:\vs_project\moba_game_server\moba_server\build\proj.win32\debug\getaddrinfo.obj
e:\vs_project\moba_game_server\moba_server\build\proj.win32\debug\getnameinfo.obj
e:\vs_project\moba_game_server\moba_server\build\proj.win32\debug\handle.obj
e:\vs_project\moba_game_server\moba_server\build\proj.win32\debug\mysql_wrapper.obj
e:\vs_project\moba_game_server\moba_server\build\proj.win32\debug\redis_wrapper.obj
e:\vs_project\moba_game_server\moba_server\build\proj.win32\debug\lua_wrapper.obj
e:\vs_project\moba_game_server\moba_server\build\proj.win32\debug\mysql_export_to_lua.obj
e:\vs_project\moba_game_server\moba_server\build\proj.win32\debug\netbus_export_to_lua.obj
e:\vs_project\moba_game_server\moba_server\build\proj.win32\debug\proto_man_export_to_lua.obj
e:\vs_project\moba_game_server\moba_server\build\proj.win32\debug\redis_export_to_lua.obj
e:\vs_project\moba_game_server\moba_server\build\proj.win32\debug\scheduler_export_to_lua.obj
e:\vs_project\moba_game_server\moba_server\build\proj.win32\debug\service_export_to_lua.obj
e:\vs_project\moba_game_server\moba_server\build\proj.win32\debug\session_export_to_lua.obj
e:\vs_project\moba_game_server\moba_server\build\proj.win32\debug\utils_export_to_lua.obj
e:\vs_project\moba_game_server\moba_server\build\proj.win32\debug\netbus.obj
e:\vs_project\moba_game_server\moba_server\build\proj.win32\debug\proto_man.obj
e:\vs_project\moba_game_server\moba_server\build\proj.win32\debug\service.obj
e:\vs_project\moba_game_server\moba_server\build\proj.win32\debug\service_man.obj
e:\vs_project\moba_game_server\moba_server\build\proj.win32\debug\session_uv.obj
e:\vs_project\moba_game_server\moba_server\build\proj.win32\debug\tp_protocol.obj
e:\vs_project\moba_game_server\moba_server\build\proj.win32\debug\udp_session.obj
e:\vs_project\moba_game_server\moba_server\build\proj.win32\debug\ws_protocol.obj
e:\vs_project\moba_game_server\moba_server\build\proj.win32\debug\logger.obj
e:\vs_project\moba_game_server\moba_server\build\proj.win32\debug\tolua_fix.obj
e:\vs_project\moba_game_server\moba_server\build\proj.win32\debug\main.obj
e:\vs_project\moba_game_server\moba_server\build\proj.win32\debug\game.pb.obj
e:\vs_project\moba_game_server\moba_server\build\proj.win32\debug\maba_gameserver.exe
e:\vs_project\moba_game_server\moba_server\build\proj.win32\debug\maba_gameserver.pdb
e:\vs_project\moba_game_server\moba_server\build\proj.win32\debug\maba_gameserver.tlog\cl.command.1.tlog
e:\vs_project\moba_game_server\moba_server\build\proj.win32\debug\maba_gameserver.tlog\cl.read.1.tlog
e:\vs_project\moba_game_server\moba_server\build\proj.win32\debug\maba_gameserver.tlog\cl.write.1.tlog
e:\vs_project\moba_game_server\moba_server\build\proj.win32\debug\maba_gameserver.tlog\link.command.1.tlog
e:\vs_project\moba_game_server\moba_server\build\proj.win32\debug\maba_gameserver.tlog\link.read.1.tlog
e:\vs_project\moba_game_server\moba_server\build\proj.win32\debug\maba_gameserver.tlog\link.write.1.tlog
