20180927 11:19:20 *****DEBUG*****../../apps/lua/scripts/auth_server/main.lua:27  
Auth Server Start At8000
20180927 11:19:20 *****DEBUG*****../../apps/lua/scripts/auth_server/main.lua:33  
register Auth Service[1]  success
20180927 11:20:11 *****DEBUG*****../../apps/lua/scripts/auth_server/main.lua:27  
Auth Server Start At8000
20180927 11:20:11 *****DEBUG*****../../apps/lua/scripts/auth_server/main.lua:33  
register Auth Service[1]  success
20180927 11:29:17 *****DEBUG*****../../apps/lua/scripts/auth_server/main.lua:27  
Auth Server Start At8000
20180927 11:29:17 *****DEBUG*****../../apps/lua/scripts/auth_server/main.lua:33  
register Auth Service[1]  success
20180927 11:30:24 *****DEBUG*****../../apps/lua/scripts/auth_server/main.lua:27  
Auth Server Start At8000
20180927 11:30:24 *****DEBUG*****../../apps/lua/scripts/auth_server/main.lua:33  
register Auth Service[1]  success
20180927 11:38:07 *****DEBUG*****../../apps/lua/scripts/auth_server/main.lua:27  
Auth Server Start At8000
20180927 11:38:07 *****DEBUG*****../../apps/lua/scripts/auth_server/main.lua:33  
register Auth Service[1]  success
20180927 14:09:48 *****DEBUG*****../../apps/lua/scripts/auth_server/main.lua:27  
Auth Server Start At8000
20180927 14:09:48 *****DEBUG*****../../apps/lua/scripts/auth_server/main.lua:33  
register Auth Service[1]  success
20180927 14:22:26 *****DEBUG*****../../apps/lua/scripts/auth_server/main.lua:27  
Auth Server Start At8000
20180927 14:22:26 *****DEBUG*****../../apps/lua/scripts/auth_server/main.lua:33  
register Auth Service[1]  success
20180927 14:22:47 *****DEBUG*****../../apps/lua/scripts/auth_server/auth_service.lua:4  
auth debug:	1	1	1
20180927 14:23:15 *****DEBUG*****../../apps/lua/scripts/auth_server/main.lua:27  
Auth Server Start At8000
20180927 14:23:15 *****DEBUG*****../../apps/lua/scripts/auth_server/main.lua:33  
register Auth Service[1]  success
20180927 14:23:27 *****DEBUG*****../../apps/lua/scripts/auth_server/auth_service.lua:4  
1	1	1
20180927 14:48:06 *****DEBUG*****../../apps/lua/scripts/auth_server/main.lua:27  
Auth Server Start At8000
20180927 14:48:06 *****DEBUG*****../../apps/lua/scripts/auth_server/main.lua:33  
register Auth Service[1]  success
20180927 14:48:41 *****DEBUG*****../../apps/lua/scripts/auth_server/auth_service.lua:4  
1	1	1
20180927 19:24:32 !!!!!ERROR!!!!! trunk:0  
error loading module 'game_config' from file '../../apps/lua/scripts/game_config.lua':
	../../apps/lua/scripts/game_config.lua:35: '}' expected (to close '{' at line 33) near 'port'
20180927 19:25:28 *****DEBUG*****../../apps/lua/scripts/auth_server/main.lua:31  
Auth Server Start At8000
20180927 19:25:28 *****DEBUG*****../../apps/lua/scripts/auth_server/main.lua:37  
register Auth Service[1]  success
20180927 19:25:49 *****DEBUG*****../../apps/lua/scripts/auth_server/main.lua:31  
Auth Server Start At8000
20180927 19:25:49 *****DEBUG*****../../apps/lua/scripts/auth_server/main.lua:37  
register Auth Service[1]  success
20180927 19:27:16 *****DEBUG*****../../apps/lua/scripts/auth_server/main.lua:31  
Auth Server Start At8000
20180927 19:27:16 *****DEBUG*****../../apps/lua/scripts/auth_server/main.lua:37  
register Auth Service[1]  success
20180927 19:28:19 *****DEBUG*****../../apps/lua/scripts/auth_server/main.lua:8  
4333
20180927 19:28:19 *****DEBUG*****../../apps/lua/scripts/auth_server/main.lua:33  
Auth Server Start At8000
20180927 19:28:19 *****DEBUG*****../../apps/lua/scripts/auth_server/main.lua:39  
register Auth Service[1]  success
20180927 19:29:45 *****DEBUG*****../../apps/lua/scripts/database/mysql_auth_center.lua:4  
222
20180927 19:29:45 *****DEBUG*****../../apps/lua/scripts/database/mysql_auth_center.lua:8  
1111
20180927 19:29:45 *****DEBUG*****../../apps/lua/scripts/auth_server/main.lua:32  
Auth Server Start At8000
20180927 19:29:45 *****DEBUG*****../../apps/lua/scripts/auth_server/main.lua:38  
register Auth Service[1]  success
20180927 19:30:15 *****DEBUG*****../../apps/lua/scripts/auth_server/main.lua:32  
Auth Server Start At8000
20180927 19:30:15 *****DEBUG*****../../apps/lua/scripts/auth_server/main.lua:38  
register Auth Service[1]  success
20180927 19:30:15 *****DEBUG*****../../apps/lua/scripts/database/mysql_auth_center.lua:16  
connect to auth center db success!!!!
20180927 19:31:37 *****DEBUG*****../../apps/lua/scripts/database/mysql_auth_center.lua:4  
222
20180927 19:31:37 *****DEBUG*****../../apps/lua/scripts/database/mysql_auth_center.lua:8  
1111
20180927 19:31:37 *****DEBUG*****../../apps/lua/scripts/auth_server/main.lua:32  
Auth Server Start At8000
20180927 19:31:37 *****DEBUG*****../../apps/lua/scripts/auth_server/main.lua:38  
register Auth Service[1]  success
20180927 19:31:56 *****DEBUG*****../../apps/lua/scripts/database/mysql_auth_center.lua:4  
222
20180927 19:31:56 *****DEBUG*****../../apps/lua/scripts/auth_server/main.lua:32  
Auth Server Start At8000
20180927 19:31:56 *****DEBUG*****../../apps/lua/scripts/auth_server/main.lua:38  
register Auth Service[1]  success
20180927 19:31:56 *****DEBUG*****../../apps/lua/scripts/database/mysql_auth_center.lua:16  
connect to auth center db sucess!!!
20180927 19:32:27 *****DEBUG*****../../apps/lua/scripts/database/mysql_auth_center.lua:4  
222
20180927 19:32:27 *****DEBUG*****../../apps/lua/scripts/database/mysql_auth_center.lua:10  
table
20180927 19:32:27 *****DEBUG*****../../apps/lua/scripts/auth_server/main.lua:32  
Auth Server Start At8000
20180927 19:32:27 *****DEBUG*****../../apps/lua/scripts/auth_server/main.lua:38  
register Auth Service[1]  success
20180927 19:33:25 *****DEBUG*****../../apps/lua/scripts/database/mysql_auth_center.lua:4  
222
20180927 19:33:25 *****DEBUG*****../../apps/lua/scripts/auth_server/main.lua:32  
Auth Server Start At8000
20180927 19:33:25 *****DEBUG*****../../apps/lua/scripts/auth_server/main.lua:38  
register Auth Service[1]  success
20180927 19:33:25 *****DEBUG*****../../apps/lua/scripts/database/mysql_auth_center.lua:19  
connect to auth center db sucess!!!
20180927 20:38:38 *****DEBUG*****../../apps/lua/scripts/auth_server/main.lua:32  
Auth Server Start At8000
20180927 20:38:38 *****DEBUG*****../../apps/lua/scripts/auth_server/main.lua:38  
register Auth Service[1]  success
20180927 20:38:38 *****DEBUG*****../../apps/lua/scripts/database/mysql_auth_center.lua:18  
connect to auth center db sucess!!!
20180927 20:45:31 *****DEBUG*****../../apps/lua/scripts/auth_server/main.lua:32  
Auth Server Start At8000
20180927 20:45:31 *****DEBUG*****../../apps/lua/scripts/auth_server/main.lua:38  
register Auth Service[1]  success
20180927 20:45:31 *****DEBUG*****../../apps/lua/scripts/database/mysql_auth_center.lua:18  
connect to auth center db sucess!!!
20180927 21:04:43 *****DEBUG*****../../apps/lua/scripts/auth_server/main.lua:32  
Auth Server Start At8000
20180927 21:04:43 *****DEBUG*****../../apps/lua/scripts/auth_server/main.lua:38  
register Auth Service[1]  success
20180927 21:04:43 *****DEBUG*****../../apps/lua/scripts/database/mysql_auth_center.lua:18  
connect to auth center db sucess!!!
20180927 21:06:37 *****DEBUG*****../../apps/lua/scripts/auth_server/main.lua:32  
Auth Server Start At8000
20180927 21:06:37 *****DEBUG*****../../apps/lua/scripts/auth_server/main.lua:38  
register Auth Service[1]  success
20180927 21:06:37 *****DEBUG*****../../apps/lua/scripts/database/mysql_auth_center.lua:18  
connect to auth center db sucess!!!
20180927 21:08:20 *****DEBUG*****../../apps/lua/scripts/auth_server/main.lua:32  
Auth Server Start At8000
20180927 21:08:20 *****DEBUG*****../../apps/lua/scripts/auth_server/main.lua:38  
register Auth Service[1]  success
20180927 21:08:20 *****DEBUG*****../../apps/lua/scripts/database/mysql_auth_center.lua:18  
connect to auth center db sucess!!!
20180927 21:10:39 *****DEBUG*****../../apps/lua/scripts/auth_server/main.lua:32  
Auth Server Start At8000
20180927 21:10:39 *****DEBUG*****../../apps/lua/scripts/auth_server/main.lua:38  
register Auth Service[1]  success
20180927 21:10:39 *****DEBUG*****../../apps/lua/scripts/database/mysql_auth_center.lua:18  
connect to auth center db sucess!!!
20180927 21:11:39 *****DEBUG*****../../apps/lua/scripts/auth_server/main.lua:32  
Auth Server Start At8000
20180927 21:11:39 *****DEBUG*****../../apps/lua/scripts/auth_server/main.lua:38  
register Auth Service[1]  success
20180927 21:11:39 *****DEBUG*****../../apps/lua/scripts/database/mysql_auth_center.lua:18  
connect to auth center db sucess!!!
20180927 21:16:14 *****DEBUG*****../../apps/lua/scripts/auth_server/main.lua:32  
Auth Server Start At8000
20180927 21:16:14 *****DEBUG*****../../apps/lua/scripts/auth_server/main.lua:38  
register Auth Service[1]  success
20180927 21:16:14 *****DEBUG*****../../apps/lua/scripts/database/mysql_auth_center.lua:18  
connect to auth center db sucess!!!
20180927 23:07:09 *****DEBUG*****../../apps/lua/scripts/auth_server/main.lua:32  
Auth Server Start At8000
20180927 23:07:09 *****DEBUG*****../../apps/lua/scripts/auth_server/main.lua:38  
register Auth Service[1]  success
20180927 23:07:09 *****DEBUG*****../../apps/lua/scripts/database/mysql_auth_center.lua:18  
connect to auth center db sucess!!!
20180927 23:10:45 *****DEBUG*****../../apps/lua/scripts/auth_server/main.lua:32  
Auth Server Start At8000
20180927 23:10:45 *****DEBUG*****../../apps/lua/scripts/auth_server/main.lua:38  
register Auth Service[1]  success
20180927 23:10:45 *****DEBUG*****../../apps/lua/scripts/database/mysql_auth_center.lua:18  
connect to auth center db sucess!!!
20180927 23:52:48 *****DEBUG*****../../apps/lua/scripts/auth_server/main.lua:32  
Auth Server Start At8000
20180927 23:52:48 *****DEBUG*****../../apps/lua/scripts/auth_server/main.lua:38  
register Auth Service[1]  success
20180927 23:52:48 *****DEBUG*****../../apps/lua/scripts/database/mysql_auth_center.lua:18  
connect to auth center db sucess!!!
20180927 23:53:00 *****DEBUG*****../../apps/lua/scripts/auth_server/auth_service.lua:5  
Auth server recvive msg:
20180927 23:53:00 *****DEBUG*****../../apps/lua/scripts/auth_server/auth_service.lua:7  
1	1	1	JA0lAviGaIySBNdmDYjGzvnum2m8k7Iv
20180927 23:55:54 *****DEBUG*****../../apps/lua/scripts/auth_server/main.lua:32  
Auth Server Start At8000
20180927 23:55:54 *****DEBUG*****../../apps/lua/scripts/auth_server/main.lua:38  
register Auth Service[1]  success
20180927 23:55:54 *****DEBUG*****../../apps/lua/scripts/database/mysql_auth_center.lua:18  
connect to auth center db sucess!!!
20180927 23:56:12 *****DEBUG*****../../apps/lua/scripts/auth_server/main.lua:32  
Auth Server Start At8000
20180927 23:56:12 *****DEBUG*****../../apps/lua/scripts/auth_server/main.lua:38  
register Auth Service[1]  success
20180927 23:56:12 *****DEBUG*****../../apps/lua/scripts/database/mysql_auth_center.lua:18  
connect to auth center db sucess!!!
20180927 23:57:55 *****DEBUG*****../../apps/lua/scripts/auth_server/auth_service.lua:5  
Auth server recvive msg:
20180927 23:57:55 *****DEBUG*****../../apps/lua/scripts/auth_server/auth_service.lua:7  
1	1	1	nPQGsWxHbnxmCkiBdQKHt1FVBx6jcldC
