20181108 12:03:46 *****DEBUG*****../../apps/lua/scripts/auth_server/main.lua:32  
Auth Server Start At8000
20181108 12:03:46 *****DEBUG*****../../apps/lua/scripts/auth_server/auth_service.lua:16  
1541649826
20181108 12:03:46 *****DEBUG*****../../apps/lua/scripts/auth_server/main.lua:38  
register Auth Service[1]  success
20181108 12:03:46 *****DEBUG*****../../apps/lua/scripts/database/redis_center.lua:17  
connect to redis center db success!!!!
20181108 12:03:46 *****DEBUG*****../../apps/lua/scripts/database/mysql_auth_center.lua:15  
connect to auth center db sucess!!!
20181108 12:05:04 *****DEBUG*****../../apps/lua/scripts/auth_server/auth_service.lua:19  
*********on_auth_recv_cmd********
20181108 12:05:04 *****DEBUG*****../../apps/lua/scripts/auth_server/auth_service.lua:20  
ctype:	9
20181108 12:05:04 *****DEBUG*****../../apps/lua/scripts/auth_server/uname_login.lua:58  
user login sucess!:	gst101126	6	0	0	17
20181108 21:20:00 *****DEBUG*****../../apps/lua/scripts/auth_server/main.lua:32  
Auth Server Start At8000
20181108 21:20:00 *****DEBUG*****../../apps/lua/scripts/auth_server/auth_service.lua:16  
1541683200
20181108 21:20:00 *****DEBUG*****../../apps/lua/scripts/auth_server/main.lua:38  
register Auth Service[1]  success
20181108 21:20:00 *****DEBUG*****../../apps/lua/scripts/database/mysql_auth_center.lua:15  
connect to auth center db sucess!!!
20181108 21:20:00 *****DEBUG*****../../apps/lua/scripts/database/redis_center.lua:17  
connect to redis center db success!!!!
20181108 21:20:13 *****DEBUG*****../../apps/lua/scripts/auth_server/auth_service.lua:19  
*********on_auth_recv_cmd********
20181108 21:20:13 *****DEBUG*****../../apps/lua/scripts/auth_server/auth_service.lua:20  
ctype:	9
20181108 21:20:13 *****DEBUG*****../../apps/lua/scripts/auth_server/uname_login.lua:58  
user login sucess!:	gst101126	6	0	0	17
20181108 21:29:49 *****DEBUG*****../../apps/lua/scripts/auth_server/main.lua:32  
Auth Server Start At8000
20181108 21:29:49 *****DEBUG*****../../apps/lua/scripts/auth_server/auth_service.lua:16  
1541683789
20181108 21:29:49 *****DEBUG*****../../apps/lua/scripts/auth_server/main.lua:38  
register Auth Service[1]  success
20181108 21:29:49 *****DEBUG*****../../apps/lua/scripts/database/mysql_auth_center.lua:15  
connect to auth center db sucess!!!
20181108 21:29:49 *****DEBUG*****../../apps/lua/scripts/database/redis_center.lua:17  
connect to redis center db success!!!!
20181108 21:30:04 *****DEBUG*****../../apps/lua/scripts/auth_server/auth_service.lua:19  
*********on_auth_recv_cmd********
20181108 21:30:04 *****DEBUG*****../../apps/lua/scripts/auth_server/auth_service.lua:20  
ctype:	9
20181108 21:30:04 *****DEBUG*****../../apps/lua/scripts/auth_server/uname_login.lua:58  
user login sucess!:	gst101126	6	0	0	17
20181108 21:32:29 *****DEBUG*****../../apps/lua/scripts/auth_server/main.lua:32  
Auth Server Start At8000
20181108 21:32:29 *****DEBUG*****../../apps/lua/scripts/auth_server/auth_service.lua:16  
1541683949
20181108 21:32:29 *****DEBUG*****../../apps/lua/scripts/auth_server/main.lua:38  
register Auth Service[1]  success
20181108 21:32:29 *****DEBUG*****../../apps/lua/scripts/database/redis_center.lua:17  
connect to redis center db success!!!!
20181108 21:32:29 *****DEBUG*****../../apps/lua/scripts/database/mysql_auth_center.lua:15  
connect to auth center db sucess!!!
20181108 21:32:37 *****DEBUG*****../../apps/lua/scripts/auth_server/auth_service.lua:19  
*********on_auth_recv_cmd********
20181108 21:32:37 *****DEBUG*****../../apps/lua/scripts/auth_server/auth_service.lua:20  
ctype:	9
20181108 21:32:37 *****DEBUG*****../../apps/lua/scripts/auth_server/uname_login.lua:58  
user login sucess!:	gst101126	6	0	0	17
20181108 21:33:27 *****DEBUG*****../../apps/lua/scripts/auth_server/main.lua:32  
Auth Server Start At8000
20181108 21:33:27 *****DEBUG*****../../apps/lua/scripts/auth_server/auth_service.lua:16  
1541684007
20181108 21:33:27 *****DEBUG*****../../apps/lua/scripts/auth_server/main.lua:38  
register Auth Service[1]  success
20181108 21:33:27 *****DEBUG*****../../apps/lua/scripts/database/mysql_auth_center.lua:15  
connect to auth center db sucess!!!
20181108 21:33:27 *****DEBUG*****../../apps/lua/scripts/database/redis_center.lua:17  
connect to redis center db success!!!!
20181108 21:33:41 *****DEBUG*****../../apps/lua/scripts/auth_server/auth_service.lua:19  
*********on_auth_recv_cmd********
20181108 21:33:41 *****DEBUG*****../../apps/lua/scripts/auth_server/auth_service.lua:20  
ctype:	9
20181108 21:33:41 *****DEBUG*****../../apps/lua/scripts/auth_server/uname_login.lua:58  
user login sucess!:	gst101126	6	0	0	17
20181108 21:36:17 *****DEBUG*****../../apps/lua/scripts/auth_server/main.lua:32  
Auth Server Start At8000
20181108 21:36:17 *****DEBUG*****../../apps/lua/scripts/auth_server/auth_service.lua:16  
1541684177
20181108 21:36:17 *****DEBUG*****../../apps/lua/scripts/auth_server/main.lua:38  
register Auth Service[1]  success
20181108 21:36:17 *****DEBUG*****../../apps/lua/scripts/database/mysql_auth_center.lua:15  
connect to auth center db sucess!!!
20181108 21:36:17 *****DEBUG*****../../apps/lua/scripts/database/redis_center.lua:17  
connect to redis center db success!!!!
20181108 21:36:41 *****DEBUG*****../../apps/lua/scripts/auth_server/auth_service.lua:19  
*********on_auth_recv_cmd********
20181108 21:36:41 *****DEBUG*****../../apps/lua/scripts/auth_server/auth_service.lua:20  
ctype:	9
20181108 21:36:41 *****DEBUG*****../../apps/lua/scripts/auth_server/uname_login.lua:58  
user login sucess!:	gst101126	6	0	0	17
20181108 21:40:00 *****DEBUG*****../../apps/lua/scripts/auth_server/main.lua:32  
Auth Server Start At8000
20181108 21:40:00 *****DEBUG*****../../apps/lua/scripts/auth_server/auth_service.lua:16  
1541684400
20181108 21:40:00 *****DEBUG*****../../apps/lua/scripts/auth_server/main.lua:38  
register Auth Service[1]  success
20181108 21:40:00 *****DEBUG*****../../apps/lua/scripts/database/redis_center.lua:17  
connect to redis center db success!!!!
20181108 21:40:00 *****DEBUG*****../../apps/lua/scripts/database/mysql_auth_center.lua:15  
connect to auth center db sucess!!!
20181108 21:40:06 *****DEBUG*****../../apps/lua/scripts/auth_server/auth_service.lua:19  
*********on_auth_recv_cmd********
20181108 21:40:06 *****DEBUG*****../../apps/lua/scripts/auth_server/auth_service.lua:20  
ctype:	9
20181108 21:40:06 *****DEBUG*****../../apps/lua/scripts/auth_server/uname_login.lua:58  
user login sucess!:	gst101126	6	0	0	17
20181108 21:43:47 *****DEBUG*****../../apps/lua/scripts/auth_server/main.lua:32  
Auth Server Start At8000
20181108 21:43:47 *****DEBUG*****../../apps/lua/scripts/auth_server/auth_service.lua:16  
1541684627
20181108 21:43:47 *****DEBUG*****../../apps/lua/scripts/auth_server/main.lua:38  
register Auth Service[1]  success
20181108 21:43:47 *****DEBUG*****../../apps/lua/scripts/database/mysql_auth_center.lua:15  
connect to auth center db sucess!!!
20181108 21:43:47 *****DEBUG*****../../apps/lua/scripts/database/redis_center.lua:17  
connect to redis center db success!!!!
20181108 21:43:54 *****DEBUG*****../../apps/lua/scripts/auth_server/auth_service.lua:19  
*********on_auth_recv_cmd********
20181108 21:43:54 *****DEBUG*****../../apps/lua/scripts/auth_server/auth_service.lua:20  
ctype:	9
20181108 21:43:54 *****DEBUG*****../../apps/lua/scripts/auth_server/uname_login.lua:58  
user login sucess!:	gst101126	6	0	0	17
20181108 21:47:07 *****DEBUG*****../../apps/lua/scripts/auth_server/main.lua:32  
Auth Server Start At8000
20181108 21:47:07 *****DEBUG*****../../apps/lua/scripts/auth_server/auth_service.lua:16  
1541684827
20181108 21:47:07 *****DEBUG*****../../apps/lua/scripts/auth_server/main.lua:38  
register Auth Service[1]  success
20181108 21:47:07 *****DEBUG*****../../apps/lua/scripts/database/mysql_auth_center.lua:15  
connect to auth center db sucess!!!
20181108 21:47:07 *****DEBUG*****../../apps/lua/scripts/database/redis_center.lua:17  
connect to redis center db success!!!!
20181108 21:47:15 *****DEBUG*****../../apps/lua/scripts/auth_server/auth_service.lua:19  
*********on_auth_recv_cmd********
20181108 21:47:15 *****DEBUG*****../../apps/lua/scripts/auth_server/auth_service.lua:20  
ctype:	9
20181108 21:47:15 *****DEBUG*****../../apps/lua/scripts/auth_server/uname_login.lua:58  
user login sucess!:	gst101126	6	0	0	17
20181108 21:50:42 *****DEBUG*****../../apps/lua/scripts/auth_server/main.lua:32  
Auth Server Start At8000
20181108 21:50:42 *****DEBUG*****../../apps/lua/scripts/auth_server/auth_service.lua:16  
1541685042
20181108 21:50:42 *****DEBUG*****../../apps/lua/scripts/auth_server/main.lua:38  
register Auth Service[1]  success
20181108 21:50:42 *****DEBUG*****../../apps/lua/scripts/database/mysql_auth_center.lua:15  
connect to auth center db sucess!!!
20181108 21:50:42 *****DEBUG*****../../apps/lua/scripts/database/redis_center.lua:17  
connect to redis center db success!!!!
20181108 21:50:54 *****DEBUG*****../../apps/lua/scripts/auth_server/auth_service.lua:19  
*********on_auth_recv_cmd********
20181108 21:50:54 *****DEBUG*****../../apps/lua/scripts/auth_server/auth_service.lua:20  
ctype:	9
20181108 21:50:54 *****DEBUG*****../../apps/lua/scripts/auth_server/uname_login.lua:58  
user login sucess!:	gst101126	6	0	0	17
20181108 21:59:10 *****DEBUG*****../../apps/lua/scripts/auth_server/main.lua:32  
Auth Server Start At8000
20181108 21:59:10 *****DEBUG*****../../apps/lua/scripts/auth_server/auth_service.lua:16  
1541685550
20181108 21:59:10 *****DEBUG*****../../apps/lua/scripts/auth_server/main.lua:38  
register Auth Service[1]  success
20181108 21:59:10 *****DEBUG*****../../apps/lua/scripts/database/mysql_auth_center.lua:15  
connect to auth center db sucess!!!
20181108 21:59:10 *****DEBUG*****../../apps/lua/scripts/database/redis_center.lua:17  
connect to redis center db success!!!!
20181108 21:59:41 *****DEBUG*****../../apps/lua/scripts/auth_server/main.lua:32  
Auth Server Start At8000
20181108 21:59:41 *****DEBUG*****../../apps/lua/scripts/auth_server/auth_service.lua:16  
1541685581
20181108 21:59:41 *****DEBUG*****../../apps/lua/scripts/auth_server/main.lua:38  
register Auth Service[1]  success
20181108 21:59:41 *****DEBUG*****../../apps/lua/scripts/database/mysql_auth_center.lua:15  
connect to auth center db sucess!!!
20181108 21:59:41 *****DEBUG*****../../apps/lua/scripts/database/redis_center.lua:17  
connect to redis center db success!!!!
20181108 21:59:46 *****DEBUG*****../../apps/lua/scripts/auth_server/auth_service.lua:19  
*********on_auth_recv_cmd********
20181108 21:59:46 *****DEBUG*****../../apps/lua/scripts/auth_server/auth_service.lua:20  
ctype:	9
20181108 21:59:46 *****DEBUG*****../../apps/lua/scripts/auth_server/uname_login.lua:58  
user login sucess!:	gst101126	6	0	0	17
20181108 22:09:11 *****DEBUG*****../../apps/lua/scripts/auth_server/auth_service.lua:19  
*********on_auth_recv_cmd********
20181108 22:09:11 *****DEBUG*****../../apps/lua/scripts/auth_server/auth_service.lua:20  
ctype:	9
20181108 22:09:11 *****DEBUG*****../../apps/lua/scripts/auth_server/uname_login.lua:58  
user login sucess!:	gst101126	6	0	0	17
20181108 22:10:36 *****DEBUG*****../../apps/lua/scripts/auth_server/auth_service.lua:19  
*********on_auth_recv_cmd********
20181108 22:10:36 *****DEBUG*****../../apps/lua/scripts/auth_server/auth_service.lua:20  
ctype:	9
20181108 22:10:36 *****DEBUG*****../../apps/lua/scripts/auth_server/uname_login.lua:58  
user login sucess!:	gst101126	6	0	0	17
20181108 22:12:51 *****DEBUG*****../../apps/lua/scripts/auth_server/auth_service.lua:19  
*********on_auth_recv_cmd********
20181108 22:12:51 *****DEBUG*****../../apps/lua/scripts/auth_server/auth_service.lua:20  
ctype:	9
20181108 22:12:51 *****DEBUG*****../../apps/lua/scripts/auth_server/uname_login.lua:58  
user login sucess!:	gst101126	6	0	0	17
20181108 22:13:18 *****DEBUG*****../../apps/lua/scripts/auth_server/auth_service.lua:19  
*********on_auth_recv_cmd********
20181108 22:13:18 *****DEBUG*****../../apps/lua/scripts/auth_server/auth_service.lua:20  
ctype:	9
20181108 22:13:18 *****DEBUG*****../../apps/lua/scripts/auth_server/uname_login.lua:58  
user login sucess!:	gst101126	6	0	0	17
20181108 22:21:30 *****DEBUG*****../../apps/lua/scripts/auth_server/main.lua:32  
Auth Server Start At8000
20181108 22:21:30 *****DEBUG*****../../apps/lua/scripts/auth_server/auth_service.lua:16  
1541686890
20181108 22:21:30 *****DEBUG*****../../apps/lua/scripts/auth_server/main.lua:38  
register Auth Service[1]  success
20181108 22:21:30 *****DEBUG*****../../apps/lua/scripts/database/redis_center.lua:17  
connect to redis center db success!!!!
20181108 22:21:30 *****DEBUG*****../../apps/lua/scripts/database/mysql_auth_center.lua:15  
connect to auth center db sucess!!!
20181108 22:21:36 *****DEBUG*****../../apps/lua/scripts/auth_server/auth_service.lua:19  
*********on_auth_recv_cmd********
20181108 22:21:36 *****DEBUG*****../../apps/lua/scripts/auth_server/auth_service.lua:20  
ctype:	9
20181108 22:21:36 *****DEBUG*****../../apps/lua/scripts/auth_server/uname_login.lua:58  
user login sucess!:	gst101126	6	0	0	17
