20190103 16:48:47 *****DEBUG*****../../apps/lua/scripts/auth_server/main.lua:32  
Auth Server Start At8000
20190103 16:48:47 *****DEBUG*****../../apps/lua/scripts/auth_server/main.lua:38  
register Auth Service[1]  success
20190103 16:48:47 *****DEBUG*****../../apps/lua/scripts/database/mysql_auth_center.lua:22  
connect to auth center db sucess!!!
20190103 16:48:47 *****DEBUG*****../../apps/lua/scripts/database/redis_center.lua:24  
connect to redis center db success!!!!
20190103 16:49:25 *****DEBUG*****../../apps/lua/scripts/auth_server/auth_service.lua:19  
*********on_auth_recv_cmd********
20190103 16:49:25 *****DEBUG*****../../apps/lua/scripts/auth_server/auth_service.lua:20  
ctype:	9
20190103 16:49:25 *****DEBUG*****../../apps/lua/scripts/auth_server/uname_login.lua:58  
user login sucess!:	gst101126	3	0	0	17
20190103 16:50:05 *****DEBUG*****../../apps/lua/scripts/auth_server/auth_service.lua:19  
*********on_auth_recv_cmd********
20190103 16:50:05 *****DEBUG*****../../apps/lua/scripts/auth_server/auth_service.lua:20  
ctype:	4
20190103 17:06:15 *****DEBUG*****../../apps/lua/scripts/auth_server/main.lua:32  
Auth Server Start At8000
20190103 17:06:15 *****DEBUG*****../../apps/lua/scripts/auth_server/main.lua:38  
register Auth Service[1]  success
20190103 17:06:15 *****DEBUG*****../../apps/lua/scripts/database/mysql_auth_center.lua:22  
connect to auth center db sucess!!!
20190103 17:06:15 *****DEBUG*****../../apps/lua/scripts/database/redis_center.lua:24  
connect to redis center db success!!!!
20190103 19:27:50 *****DEBUG*****../../apps/lua/scripts/auth_server/auth_service.lua:19  
*********on_auth_recv_cmd********
20190103 19:27:50 *****DEBUG*****../../apps/lua/scripts/auth_server/auth_service.lua:20  
ctype:	9
20190103 19:27:50 *****DEBUG*****../../apps/lua/scripts/auth_server/uname_login.lua:58  
user login sucess!:	gst101126	3	0	0	17
20190103 19:43:12 *****DEBUG*****../../apps/lua/scripts/auth_server/main.lua:32  
Auth Server Start At8000
20190103 19:43:12 *****DEBUG*****../../apps/lua/scripts/auth_server/main.lua:38  
register Auth Service[1]  success
20190103 19:43:12 *****DEBUG*****../../apps/lua/scripts/database/mysql_auth_center.lua:22  
connect to auth center db sucess!!!
20190103 19:43:12 *****DEBUG*****../../apps/lua/scripts/database/redis_center.lua:24  
connect to redis center db success!!!!
20190103 19:43:32 *****DEBUG*****../../apps/lua/scripts/auth_server/auth_service.lua:19  
*********on_auth_recv_cmd********
20190103 19:43:32 *****DEBUG*****../../apps/lua/scripts/auth_server/auth_service.lua:20  
ctype:	9
20190103 19:43:32 *****DEBUG*****../../apps/lua/scripts/auth_server/uname_login.lua:58  
user login sucess!:	gst101126	3	0	0	17
20190103 19:45:47 *****DEBUG*****../../apps/lua/scripts/auth_server/main.lua:32  
Auth Server Start At8000
20190103 19:45:47 *****DEBUG*****../../apps/lua/scripts/auth_server/main.lua:38  
register Auth Service[1]  success
20190103 19:45:47 *****DEBUG*****../../apps/lua/scripts/database/mysql_auth_center.lua:22  
connect to auth center db sucess!!!
20190103 19:45:47 *****DEBUG*****../../apps/lua/scripts/database/redis_center.lua:24  
connect to redis center db success!!!!
20190103 19:46:46 *****DEBUG*****../../apps/lua/scripts/auth_server/auth_service.lua:19  
*********on_auth_recv_cmd********
20190103 19:46:46 *****DEBUG*****../../apps/lua/scripts/auth_server/auth_service.lua:20  
ctype:	9
20190103 19:46:46 *****DEBUG*****../../apps/lua/scripts/auth_server/uname_login.lua:58  
user login sucess!:	gst101126	3	0	0	17
20190103 19:51:38 *****DEBUG*****../../apps/lua/scripts/auth_server/main.lua:32  
Auth Server Start At8000
20190103 19:51:38 *****DEBUG*****../../apps/lua/scripts/auth_server/main.lua:38  
register Auth Service[1]  success
20190103 19:51:38 *****DEBUG*****../../apps/lua/scripts/database/redis_center.lua:24  
connect to redis center db success!!!!
20190103 19:51:38 *****DEBUG*****../../apps/lua/scripts/database/mysql_auth_center.lua:22  
connect to auth center db sucess!!!
20190103 19:52:38 *****DEBUG*****../../apps/lua/scripts/auth_server/auth_service.lua:19  
*********on_auth_recv_cmd********
20190103 19:52:38 *****DEBUG*****../../apps/lua/scripts/auth_server/auth_service.lua:20  
ctype:	9
20190103 19:52:38 *****DEBUG*****../../apps/lua/scripts/auth_server/uname_login.lua:58  
user login sucess!:	gst101126	3	0	0	17
20190103 19:55:00 *****DEBUG*****../../apps/lua/scripts/auth_server/main.lua:32  
Auth Server Start At8000
20190103 19:55:00 *****DEBUG*****../../apps/lua/scripts/auth_server/main.lua:38  
register Auth Service[1]  success
20190103 19:55:00 *****DEBUG*****../../apps/lua/scripts/database/mysql_auth_center.lua:22  
connect to auth center db sucess!!!
20190103 19:55:00 *****DEBUG*****../../apps/lua/scripts/database/redis_center.lua:24  
connect to redis center db success!!!!
20190103 20:16:50 *****DEBUG*****../../apps/lua/scripts/auth_server/auth_service.lua:19  
*********on_auth_recv_cmd********
20190103 20:16:50 *****DEBUG*****../../apps/lua/scripts/auth_server/auth_service.lua:20  
ctype:	9
20190103 20:16:50 *****DEBUG*****../../apps/lua/scripts/auth_server/uname_login.lua:58  
user login sucess!:	gst101126	3	0	0	17
20190103 20:20:49 *****DEBUG*****../../apps/lua/scripts/auth_server/auth_service.lua:19  
*********on_auth_recv_cmd********
20190103 20:20:49 *****DEBUG*****../../apps/lua/scripts/auth_server/auth_service.lua:20  
ctype:	4
20190103 22:43:20 *****DEBUG*****../../apps/lua/scripts/auth_server/main.lua:32  
Auth Server Start At8000
20190103 22:43:20 *****DEBUG*****../../apps/lua/scripts/auth_server/main.lua:38  
register Auth Service[1]  success
20190103 22:43:20 *****DEBUG*****../../apps/lua/scripts/database/mysql_auth_center.lua:22  
connect to auth center db sucess!!!
20190103 22:43:20 *****DEBUG*****../../apps/lua/scripts/database/redis_center.lua:24  
connect to redis center db success!!!!
20190103 22:43:35 *****DEBUG*****../../apps/lua/scripts/auth_server/auth_service.lua:19  
*********on_auth_recv_cmd********
20190103 22:43:35 *****DEBUG*****../../apps/lua/scripts/auth_server/auth_service.lua:20  
ctype:	9
20190103 22:43:35 *****DEBUG*****../../apps/lua/scripts/auth_server/uname_login.lua:58  
user login sucess!:	gst101126	3	0	0	17
20190103 22:45:53 *****DEBUG*****../../apps/lua/scripts/auth_server/auth_service.lua:19  
*********on_auth_recv_cmd********
20190103 22:45:53 *****DEBUG*****../../apps/lua/scripts/auth_server/auth_service.lua:20  
ctype:	4
20190103 22:46:00 *****DEBUG*****../../apps/lua/scripts/auth_server/auth_service.lua:19  
*********on_auth_recv_cmd********
20190103 22:46:00 *****DEBUG*****../../apps/lua/scripts/auth_server/auth_service.lua:20  
ctype:	9
20190103 22:46:00 *****DEBUG*****../../apps/lua/scripts/auth_server/uname_login.lua:58  
user login sucess!:	gst101126	3	0	0	17
20190103 22:46:16 *****DEBUG*****../../apps/lua/scripts/auth_server/main.lua:32  
Auth Server Start At8000
20190103 22:46:16 *****DEBUG*****../../apps/lua/scripts/auth_server/main.lua:38  
register Auth Service[1]  success
20190103 22:46:16 *****DEBUG*****../../apps/lua/scripts/database/mysql_auth_center.lua:22  
connect to auth center db sucess!!!
20190103 22:46:16 *****DEBUG*****../../apps/lua/scripts/database/redis_center.lua:24  
connect to redis center db success!!!!
20190103 22:46:42 *****DEBUG*****../../apps/lua/scripts/auth_server/auth_service.lua:19  
*********on_auth_recv_cmd********
20190103 22:46:42 *****DEBUG*****../../apps/lua/scripts/auth_server/auth_service.lua:20  
ctype:	9
20190103 22:46:42 *****DEBUG*****../../apps/lua/scripts/auth_server/uname_login.lua:58  
user login sucess!:	gst101126	3	0	0	17
20190103 22:49:22 *****DEBUG*****../../apps/lua/scripts/auth_server/auth_service.lua:19  
*********on_auth_recv_cmd********
20190103 22:49:22 *****DEBUG*****../../apps/lua/scripts/auth_server/auth_service.lua:20  
ctype:	4
20190103 22:49:58 *****DEBUG*****../../apps/lua/scripts/auth_server/auth_service.lua:19  
*********on_auth_recv_cmd********
20190103 22:49:58 *****DEBUG*****../../apps/lua/scripts/auth_server/auth_service.lua:20  
ctype:	9
20190103 22:49:58 *****DEBUG*****../../apps/lua/scripts/auth_server/uname_login.lua:58  
user login sucess!:	gst101126	3	0	0	17
20190103 22:56:22 *****DEBUG*****../../apps/lua/scripts/auth_server/auth_service.lua:19  
*********on_auth_recv_cmd********
20190103 22:56:23 *****DEBUG*****../../apps/lua/scripts/auth_server/auth_service.lua:20  
ctype:	4
20190103 22:57:57 *****DEBUG*****../../apps/lua/scripts/auth_server/main.lua:32  
Auth Server Start At8000
20190103 22:57:57 *****DEBUG*****../../apps/lua/scripts/auth_server/main.lua:38  
register Auth Service[1]  success
20190103 22:57:57 *****DEBUG*****../../apps/lua/scripts/database/redis_center.lua:24  
connect to redis center db success!!!!
20190103 22:57:57 *****DEBUG*****../../apps/lua/scripts/database/mysql_auth_center.lua:22  
connect to auth center db sucess!!!
20190103 23:01:09 *****DEBUG*****../../apps/lua/scripts/auth_server/main.lua:32  
Auth Server Start At8000
20190103 23:01:09 *****DEBUG*****../../apps/lua/scripts/auth_server/main.lua:38  
register Auth Service[1]  success
20190103 23:01:09 *****DEBUG*****../../apps/lua/scripts/database/mysql_auth_center.lua:22  
connect to auth center db sucess!!!
20190103 23:01:09 *****DEBUG*****../../apps/lua/scripts/database/redis_center.lua:24  
connect to redis center db success!!!!
20190103 23:01:22 *****DEBUG*****../../apps/lua/scripts/auth_server/auth_service.lua:19  
*********on_auth_recv_cmd********
20190103 23:01:22 *****DEBUG*****../../apps/lua/scripts/auth_server/auth_service.lua:20  
ctype:	9
20190103 23:01:22 *****DEBUG*****../../apps/lua/scripts/auth_server/uname_login.lua:58  
user login sucess!:	gst101126	3	0	0	17
20190103 23:01:48 *****DEBUG*****../../apps/lua/scripts/auth_server/auth_service.lua:19  
*********on_auth_recv_cmd********
20190103 23:01:48 *****DEBUG*****../../apps/lua/scripts/auth_server/auth_service.lua:20  
ctype:	4
20190103 23:02:28 *****DEBUG*****../../apps/lua/scripts/auth_server/main.lua:32  
Auth Server Start At8000
20190103 23:02:28 *****DEBUG*****../../apps/lua/scripts/auth_server/main.lua:38  
register Auth Service[1]  success
20190103 23:02:28 *****DEBUG*****../../apps/lua/scripts/database/redis_center.lua:24  
connect to redis center db success!!!!
20190103 23:02:28 *****DEBUG*****../../apps/lua/scripts/database/mysql_auth_center.lua:22  
connect to auth center db sucess!!!
20190103 23:02:46 *****DEBUG*****../../apps/lua/scripts/auth_server/auth_service.lua:19  
*********on_auth_recv_cmd********
20190103 23:02:46 *****DEBUG*****../../apps/lua/scripts/auth_server/auth_service.lua:20  
ctype:	9
20190103 23:02:46 *****DEBUG*****../../apps/lua/scripts/auth_server/uname_login.lua:58  
user login sucess!:	gst101126	3	0	0	17
20190103 23:14:43 *****DEBUG*****../../apps/lua/scripts/auth_server/main.lua:32  
Auth Server Start At8000
20190103 23:14:43 *****DEBUG*****../../apps/lua/scripts/auth_server/main.lua:38  
register Auth Service[1]  success
20190103 23:14:43 *****DEBUG*****../../apps/lua/scripts/database/redis_center.lua:24  
connect to redis center db success!!!!
20190103 23:14:43 *****DEBUG*****../../apps/lua/scripts/database/mysql_auth_center.lua:22  
connect to auth center db sucess!!!
20190103 23:15:24 *****DEBUG*****../../apps/lua/scripts/auth_server/auth_service.lua:19  
*********on_auth_recv_cmd********
20190103 23:15:24 *****DEBUG*****../../apps/lua/scripts/auth_server/auth_service.lua:20  
ctype:	9
20190103 23:15:24 *****DEBUG*****../../apps/lua/scripts/auth_server/uname_login.lua:58  
user login sucess!:	gst101126	3	0	0	17
20190103 23:20:53 *****DEBUG*****../../apps/lua/scripts/auth_server/main.lua:32  
Auth Server Start At8000
20190103 23:20:53 *****DEBUG*****../../apps/lua/scripts/auth_server/main.lua:38  
register Auth Service[1]  success
20190103 23:20:53 *****DEBUG*****../../apps/lua/scripts/database/mysql_auth_center.lua:22  
connect to auth center db sucess!!!
20190103 23:20:53 *****DEBUG*****../../apps/lua/scripts/database/redis_center.lua:24  
connect to redis center db success!!!!
20190103 23:21:13 *****DEBUG*****../../apps/lua/scripts/auth_server/auth_service.lua:19  
*********on_auth_recv_cmd********
20190103 23:21:13 *****DEBUG*****../../apps/lua/scripts/auth_server/auth_service.lua:20  
ctype:	9
20190103 23:21:13 *****DEBUG*****../../apps/lua/scripts/auth_server/uname_login.lua:58  
user login sucess!:	gst101126	3	0	0	17
20190103 23:28:45 *****DEBUG*****../../apps/lua/scripts/auth_server/main.lua:32  
Auth Server Start At8000
20190103 23:28:45 *****DEBUG*****../../apps/lua/scripts/auth_server/main.lua:38  
register Auth Service[1]  success
20190103 23:28:45 *****DEBUG*****../../apps/lua/scripts/database/mysql_auth_center.lua:22  
connect to auth center db sucess!!!
20190103 23:28:45 *****DEBUG*****../../apps/lua/scripts/database/redis_center.lua:24  
connect to redis center db success!!!!
20190103 23:28:59 *****DEBUG*****../../apps/lua/scripts/auth_server/auth_service.lua:19  
*********on_auth_recv_cmd********
20190103 23:28:59 *****DEBUG*****../../apps/lua/scripts/auth_server/auth_service.lua:20  
ctype:	9
20190103 23:28:59 *****DEBUG*****../../apps/lua/scripts/auth_server/uname_login.lua:58  
user login sucess!:	gst101126	3	0	0	17
20190103 23:29:34 *****DEBUG*****../../apps/lua/scripts/auth_server/auth_service.lua:19  
*********on_auth_recv_cmd********
20190103 23:29:34 *****DEBUG*****../../apps/lua/scripts/auth_server/auth_service.lua:20  
ctype:	4
20190103 23:30:43 *****DEBUG*****../../apps/lua/scripts/auth_server/main.lua:32  
Auth Server Start At8000
20190103 23:30:43 *****DEBUG*****../../apps/lua/scripts/auth_server/main.lua:38  
register Auth Service[1]  success
20190103 23:30:43 *****DEBUG*****../../apps/lua/scripts/database/redis_center.lua:24  
connect to redis center db success!!!!
20190103 23:30:43 *****DEBUG*****../../apps/lua/scripts/database/mysql_auth_center.lua:22  
connect to auth center db sucess!!!
20190103 23:30:57 *****DEBUG*****../../apps/lua/scripts/auth_server/main.lua:32  
Auth Server Start At8000
20190103 23:30:57 *****DEBUG*****../../apps/lua/scripts/auth_server/main.lua:38  
register Auth Service[1]  success
20190103 23:30:57 *****DEBUG*****../../apps/lua/scripts/database/redis_center.lua:24  
connect to redis center db success!!!!
20190103 23:30:57 *****DEBUG*****../../apps/lua/scripts/database/mysql_auth_center.lua:22  
connect to auth center db sucess!!!
20190103 23:31:12 *****DEBUG*****../../apps/lua/scripts/auth_server/auth_service.lua:19  
*********on_auth_recv_cmd********
20190103 23:31:12 *****DEBUG*****../../apps/lua/scripts/auth_server/auth_service.lua:20  
ctype:	9
20190103 23:31:12 *****DEBUG*****../../apps/lua/scripts/auth_server/uname_login.lua:58  
user login sucess!:	gst101126	3	0	0	17
20190103 23:32:26 *****DEBUG*****../../apps/lua/scripts/auth_server/main.lua:32  
Auth Server Start At8000
20190103 23:32:26 *****DEBUG*****../../apps/lua/scripts/auth_server/main.lua:38  
register Auth Service[1]  success
20190103 23:32:26 *****DEBUG*****../../apps/lua/scripts/database/mysql_auth_center.lua:22  
connect to auth center db sucess!!!
20190103 23:32:26 *****DEBUG*****../../apps/lua/scripts/database/redis_center.lua:24  
connect to redis center db success!!!!
20190103 23:32:39 *****DEBUG*****../../apps/lua/scripts/auth_server/auth_service.lua:19  
*********on_auth_recv_cmd********
20190103 23:32:39 *****DEBUG*****../../apps/lua/scripts/auth_server/auth_service.lua:20  
ctype:	9
20190103 23:32:39 *****DEBUG*****../../apps/lua/scripts/auth_server/uname_login.lua:58  
user login sucess!:	gst101126	3	0	0	17
20190103 23:33:28 *****DEBUG*****../../apps/lua/scripts/auth_server/main.lua:32  
Auth Server Start At8000
20190103 23:33:28 *****DEBUG*****../../apps/lua/scripts/auth_server/main.lua:38  
register Auth Service[1]  success
20190103 23:33:28 *****DEBUG*****../../apps/lua/scripts/database/mysql_auth_center.lua:22  
connect to auth center db sucess!!!
20190103 23:33:28 *****DEBUG*****../../apps/lua/scripts/database/redis_center.lua:24  
connect to redis center db success!!!!
20190103 23:34:00 *****DEBUG*****../../apps/lua/scripts/auth_server/auth_service.lua:19  
*********on_auth_recv_cmd********
20190103 23:34:00 *****DEBUG*****../../apps/lua/scripts/auth_server/auth_service.lua:20  
ctype:	9
20190103 23:34:00 *****DEBUG*****../../apps/lua/scripts/auth_server/uname_login.lua:58  
user login sucess!:	gst101126	3	0	0	17
20190103 23:44:39 *****DEBUG*****../../apps/lua/scripts/auth_server/auth_service.lua:19  
*********on_auth_recv_cmd********
20190103 23:44:39 *****DEBUG*****../../apps/lua/scripts/auth_server/auth_service.lua:20  
ctype:	4
