20181111 12:12:26 *****DEBUG*****../../apps/lua/scripts/auth_server/main.lua:32  
Auth Server Start At8000
20181111 12:12:26 *****DEBUG*****../../apps/lua/scripts/auth_server/auth_service.lua:16  
1541909546
20181111 12:12:26 *****DEBUG*****../../apps/lua/scripts/auth_server/main.lua:38  
register Auth Service[1]  success
20181111 12:12:26 *****DEBUG*****../../apps/lua/scripts/database/mysql_auth_center.lua:15  
connect to auth center db sucess!!!
20181111 12:12:26 *****DEBUG*****../../apps/lua/scripts/database/redis_center.lua:17  
connect to redis center db success!!!!
20181111 12:15:31 *****DEBUG*****../../apps/lua/scripts/auth_server/main.lua:32  
Auth Server Start At8000
20181111 12:15:31 *****DEBUG*****../../apps/lua/scripts/auth_server/auth_service.lua:16  
1541909731
20181111 12:15:31 *****DEBUG*****../../apps/lua/scripts/auth_server/main.lua:38  
register Auth Service[1]  success
20181111 12:15:31 *****DEBUG*****../../apps/lua/scripts/database/mysql_auth_center.lua:15  
connect to auth center db sucess!!!
20181111 12:15:31 *****DEBUG*****../../apps/lua/scripts/database/redis_center.lua:17  
connect to redis center db success!!!!
20181111 12:15:47 *****DEBUG*****../../apps/lua/scripts/auth_server/main.lua:32  
Auth Server Start At8000
20181111 12:15:47 *****DEBUG*****../../apps/lua/scripts/auth_server/auth_service.lua:16  
1541909747
20181111 12:15:47 *****DEBUG*****../../apps/lua/scripts/auth_server/main.lua:38  
register Auth Service[1]  success
20181111 12:15:47 *****DEBUG*****../../apps/lua/scripts/database/mysql_auth_center.lua:15  
connect to auth center db sucess!!!
20181111 12:15:47 *****DEBUG*****../../apps/lua/scripts/database/redis_center.lua:17  
connect to redis center db success!!!!
20181111 17:45:39 *****DEBUG*****../../apps/lua/scripts/auth_server/main.lua:32  
Auth Server Start At8000
20181111 17:45:39 *****DEBUG*****../../apps/lua/scripts/auth_server/auth_service.lua:16  
1541929539
20181111 17:45:39 *****DEBUG*****../../apps/lua/scripts/auth_server/main.lua:38  
register Auth Service[1]  success
20181111 17:45:39 *****DEBUG*****../../apps/lua/scripts/database/mysql_auth_center.lua:15  
connect to auth center db sucess!!!
20181111 17:45:39 *****DEBUG*****../../apps/lua/scripts/database/redis_center.lua:17  
connect to redis center db success!!!!
20181111 17:46:42 *****DEBUG*****../../apps/lua/scripts/auth_server/main.lua:32  
Auth Server Start At8000
20181111 17:46:42 *****DEBUG*****../../apps/lua/scripts/auth_server/auth_service.lua:16  
1541929602
20181111 17:46:42 *****DEBUG*****../../apps/lua/scripts/auth_server/main.lua:38  
register Auth Service[1]  success
20181111 17:46:42 *****DEBUG*****../../apps/lua/scripts/database/mysql_auth_center.lua:15  
connect to auth center db sucess!!!
20181111 17:46:42 *****DEBUG*****../../apps/lua/scripts/database/redis_center.lua:17  
connect to redis center db success!!!!
20181111 17:49:04 *****DEBUG*****../../apps/lua/scripts/auth_server/main.lua:32  
Auth Server Start At8000
20181111 17:49:04 *****DEBUG*****../../apps/lua/scripts/auth_server/auth_service.lua:16  
1541929744
20181111 17:49:04 *****DEBUG*****../../apps/lua/scripts/auth_server/main.lua:38  
register Auth Service[1]  success
20181111 17:49:04 *****DEBUG*****../../apps/lua/scripts/database/mysql_auth_center.lua:15  
connect to auth center db sucess!!!
20181111 17:49:04 *****DEBUG*****../../apps/lua/scripts/database/redis_center.lua:17  
connect to redis center db success!!!!
20181111 17:50:28 *****DEBUG*****../../apps/lua/scripts/auth_server/main.lua:32  
Auth Server Start At8000
20181111 17:50:28 *****DEBUG*****../../apps/lua/scripts/auth_server/auth_service.lua:16  
1541929828
20181111 17:50:28 *****DEBUG*****../../apps/lua/scripts/auth_server/main.lua:38  
register Auth Service[1]  success
20181111 17:50:28 *****DEBUG*****../../apps/lua/scripts/database/mysql_auth_center.lua:15  
connect to auth center db sucess!!!
20181111 17:50:28 *****DEBUG*****../../apps/lua/scripts/database/redis_center.lua:17  
connect to redis center db success!!!!
20181111 17:50:53 *****DEBUG*****../../apps/lua/scripts/auth_server/main.lua:32  
Auth Server Start At8000
20181111 17:50:53 *****DEBUG*****../../apps/lua/scripts/auth_server/auth_service.lua:16  
1541929853
20181111 17:50:53 *****DEBUG*****../../apps/lua/scripts/auth_server/main.lua:38  
register Auth Service[1]  success
20181111 17:50:53 *****DEBUG*****../../apps/lua/scripts/database/mysql_auth_center.lua:15  
connect to auth center db sucess!!!
20181111 17:50:53 *****DEBUG*****../../apps/lua/scripts/database/redis_center.lua:17  
connect to redis center db success!!!!
20181111 17:56:19 *****DEBUG*****../../apps/lua/scripts/auth_server/main.lua:32  
Auth Server Start At8000
20181111 17:56:19 *****DEBUG*****../../apps/lua/scripts/auth_server/auth_service.lua:16  
1541930179
20181111 17:56:19 *****DEBUG*****../../apps/lua/scripts/auth_server/main.lua:38  
register Auth Service[1]  success
20181111 17:56:19 *****DEBUG*****../../apps/lua/scripts/database/mysql_auth_center.lua:15  
connect to auth center db sucess!!!
20181111 17:56:19 *****DEBUG*****../../apps/lua/scripts/database/redis_center.lua:17  
connect to redis center db success!!!!
20181111 18:01:42 *****DEBUG*****../../apps/lua/scripts/auth_server/main.lua:32  
Auth Server Start At8000
20181111 18:01:42 *****DEBUG*****../../apps/lua/scripts/auth_server/auth_service.lua:16  
1541930502
20181111 18:01:42 *****DEBUG*****../../apps/lua/scripts/auth_server/main.lua:38  
register Auth Service[1]  success
20181111 18:01:42 *****DEBUG*****../../apps/lua/scripts/database/mysql_auth_center.lua:15  
connect to auth center db sucess!!!
20181111 18:01:42 *****DEBUG*****../../apps/lua/scripts/database/redis_center.lua:17  
connect to redis center db success!!!!
20181111 21:01:43 *****DEBUG*****../../apps/lua/scripts/auth_server/main.lua:32  
Auth Server Start At8000
20181111 21:01:43 *****DEBUG*****../../apps/lua/scripts/auth_server/auth_service.lua:16  
1541941303
20181111 21:01:43 *****DEBUG*****../../apps/lua/scripts/auth_server/main.lua:38  
register Auth Service[1]  success
20181111 21:01:43 *****DEBUG*****../../apps/lua/scripts/database/redis_center.lua:17  
connect to redis center db success!!!!
20181111 21:01:43 *****DEBUG*****../../apps/lua/scripts/database/mysql_auth_center.lua:15  
connect to auth center db sucess!!!
20181111 21:02:00 *****DEBUG*****../../apps/lua/scripts/auth_server/auth_service.lua:19  
*********on_auth_recv_cmd********
20181111 21:02:00 *****DEBUG*****../../apps/lua/scripts/auth_server/auth_service.lua:20  
ctype:	9
20181111 21:02:00 *****DEBUG*****../../apps/lua/scripts/auth_server/uname_login.lua:58  
user login sucess!:	gst101126	6	0	0	17
20181111 21:02:06 *****DEBUG*****../../apps/lua/scripts/auth_server/auth_service.lua:19  
*********on_auth_recv_cmd********
20181111 21:02:06 *****DEBUG*****../../apps/lua/scripts/auth_server/auth_service.lua:20  
ctype:	9
20181111 21:02:06 *****DEBUG*****../../apps/lua/scripts/auth_server/uname_login.lua:58  
user login sucess!:	gst101126	6	0	0	17
20181111 21:02:34 *****DEBUG*****../../apps/lua/scripts/auth_server/main.lua:32  
Auth Server Start At8000
20181111 21:02:34 *****DEBUG*****../../apps/lua/scripts/auth_server/auth_service.lua:16  
1541941354
20181111 21:02:34 *****DEBUG*****../../apps/lua/scripts/auth_server/main.lua:38  
register Auth Service[1]  success
20181111 21:02:34 *****DEBUG*****../../apps/lua/scripts/database/mysql_auth_center.lua:15  
connect to auth center db sucess!!!
20181111 21:02:34 *****DEBUG*****../../apps/lua/scripts/database/redis_center.lua:17  
connect to redis center db success!!!!
20181111 21:03:02 *****DEBUG*****../../apps/lua/scripts/auth_server/auth_service.lua:19  
*********on_auth_recv_cmd********
20181111 21:03:02 *****DEBUG*****../../apps/lua/scripts/auth_server/auth_service.lua:20  
ctype:	9
20181111 21:03:02 *****DEBUG*****../../apps/lua/scripts/auth_server/uname_login.lua:58  
user login sucess!:	gst101126	6	0	0	17
20181111 21:03:24 *****DEBUG*****../../apps/lua/scripts/auth_server/auth_service.lua:19  
*********on_auth_recv_cmd********
20181111 21:03:24 *****DEBUG*****../../apps/lua/scripts/auth_server/auth_service.lua:20  
ctype:	9
20181111 21:03:24 *****DEBUG*****../../apps/lua/scripts/auth_server/uname_login.lua:58  
user login sucess!:	gst101126	6	0	0	17
20181111 21:03:24 *****DEBUG*****../../apps/lua/scripts/auth_server/auth_service.lua:19  
*********on_auth_recv_cmd********
20181111 21:03:24 *****DEBUG*****../../apps/lua/scripts/auth_server/auth_service.lua:20  
ctype:	9
20181111 21:03:24 *****DEBUG*****../../apps/lua/scripts/auth_server/uname_login.lua:58  
user login sucess!:	gst101126	6	0	0	17
20181111 21:03:24 *****DEBUG*****../../apps/lua/scripts/auth_server/auth_service.lua:19  
*********on_auth_recv_cmd********
20181111 21:03:24 *****DEBUG*****../../apps/lua/scripts/auth_server/auth_service.lua:20  
ctype:	9
20181111 21:03:24 *****DEBUG*****../../apps/lua/scripts/auth_server/uname_login.lua:58  
user login sucess!:	gst101126	6	0	0	17
20181111 21:03:24 *****DEBUG*****../../apps/lua/scripts/auth_server/auth_service.lua:19  
*********on_auth_recv_cmd********
20181111 21:03:24 *****DEBUG*****../../apps/lua/scripts/auth_server/auth_service.lua:20  
ctype:	9
20181111 21:03:24 *****DEBUG*****../../apps/lua/scripts/auth_server/uname_login.lua:58  
user login sucess!:	gst101126	6	0	0	17
20181111 21:04:03 *****DEBUG*****../../apps/lua/scripts/auth_server/auth_service.lua:19  
*********on_auth_recv_cmd********
20181111 21:04:03 *****DEBUG*****../../apps/lua/scripts/auth_server/auth_service.lua:20  
ctype:	9
20181111 21:04:03 *****DEBUG*****../../apps/lua/scripts/auth_server/uname_login.lua:58  
user login sucess!:	gst101126	6	0	0	17
20181111 21:04:10 *****DEBUG*****../../apps/lua/scripts/auth_server/auth_service.lua:19  
*********on_auth_recv_cmd********
20181111 21:04:10 *****DEBUG*****../../apps/lua/scripts/auth_server/auth_service.lua:20  
ctype:	9
20181111 21:04:10 *****DEBUG*****../../apps/lua/scripts/auth_server/uname_login.lua:58  
user login sucess!:	gst101126	6	0	0	17
20181111 21:10:26 *****DEBUG*****../../apps/lua/scripts/auth_server/main.lua:32  
Auth Server Start At8000
20181111 21:10:26 *****DEBUG*****../../apps/lua/scripts/auth_server/auth_service.lua:16  
1541941826
20181111 21:10:26 *****DEBUG*****../../apps/lua/scripts/auth_server/main.lua:38  
register Auth Service[1]  success
20181111 21:10:26 *****DEBUG*****../../apps/lua/scripts/database/mysql_auth_center.lua:15  
connect to auth center db sucess!!!
20181111 21:10:26 *****DEBUG*****../../apps/lua/scripts/database/redis_center.lua:17  
connect to redis center db success!!!!
20181111 21:11:32 *****DEBUG*****../../apps/lua/scripts/auth_server/main.lua:32  
Auth Server Start At8000
20181111 21:11:33 *****DEBUG*****../../apps/lua/scripts/auth_server/auth_service.lua:16  
1541941893
20181111 21:11:33 *****DEBUG*****../../apps/lua/scripts/auth_server/main.lua:38  
register Auth Service[1]  success
20181111 21:11:33 *****DEBUG*****../../apps/lua/scripts/database/mysql_auth_center.lua:15  
connect to auth center db sucess!!!
20181111 21:11:33 *****DEBUG*****../../apps/lua/scripts/database/redis_center.lua:17  
connect to redis center db success!!!!
20181111 21:12:59 *****DEBUG*****../../apps/lua/scripts/auth_server/main.lua:32  
Auth Server Start At8000
20181111 21:12:59 *****DEBUG*****../../apps/lua/scripts/auth_server/auth_service.lua:16  
1541941979
20181111 21:12:59 *****DEBUG*****../../apps/lua/scripts/auth_server/main.lua:38  
register Auth Service[1]  success
20181111 21:12:59 *****DEBUG*****../../apps/lua/scripts/database/mysql_auth_center.lua:15  
connect to auth center db sucess!!!
20181111 21:12:59 *****DEBUG*****../../apps/lua/scripts/database/redis_center.lua:17  
connect to redis center db success!!!!
20181111 21:13:07 *****DEBUG*****../../apps/lua/scripts/auth_server/main.lua:32  
Auth Server Start At8000
20181111 21:13:07 *****DEBUG*****../../apps/lua/scripts/auth_server/auth_service.lua:16  
1541941987
20181111 21:13:07 *****DEBUG*****../../apps/lua/scripts/auth_server/main.lua:38  
register Auth Service[1]  success
20181111 21:13:07 *****DEBUG*****../../apps/lua/scripts/database/mysql_auth_center.lua:15  
connect to auth center db sucess!!!
20181111 21:13:07 *****DEBUG*****../../apps/lua/scripts/database/redis_center.lua:17  
connect to redis center db success!!!!
20181111 21:14:37 *****DEBUG*****../../apps/lua/scripts/auth_server/auth_service.lua:19  
*********on_auth_recv_cmd********
20181111 21:14:37 *****DEBUG*****../../apps/lua/scripts/auth_server/auth_service.lua:20  
ctype:	9
20181111 21:14:37 *****DEBUG*****../../apps/lua/scripts/auth_server/uname_login.lua:58  
user login sucess!:	gst101126	6	0	0	17
