20181017 13:06:57 *****DEBUG*****../../apps/lua/scripts/auth_server/main.lua:32  
Auth Server Start At8000
20181017 13:06:57 *****DEBUG*****../../apps/lua/scripts/auth_server/main.lua:38  
register Auth Service[1]  success
20181017 13:06:58 *****DEBUG*****../../apps/lua/scripts/database/mysql_auth_center.lua:15  
connect to auth center db sucess!!!
20181017 13:07:30 *****DEBUG*****../../apps/lua/scripts/auth_server/auth_service.lua:14  
*********on_auth_recv_cmd********
20181017 13:07:30 *****DEBUG*****../../apps/lua/scripts/auth_server/auth_service.lua:15  
1	5	1
20181017 13:07:30 *****DEBUG*****../../apps/lua/scripts/auth_server/guest.lua:13  
1	1	1	uDWvSYBkiM3ETVxkKI1oNzpvW0ultSIb
20181017 17:18:01 *****DEBUG*****../../apps/lua/scripts/auth_server/main.lua:32  
Auth Server Start At8000
20181017 17:18:01 *****DEBUG*****../../apps/lua/scripts/auth_server/main.lua:38  
register Auth Service[1]  success
20181017 17:18:01 *****DEBUG*****../../apps/lua/scripts/database/mysql_auth_center.lua:15  
connect to auth center db sucess!!!
20181017 17:18:27 *****DEBUG*****../../apps/lua/scripts/auth_server/main.lua:32  
Auth Server Start At8000
20181017 21:22:33 *****DEBUG*****../../apps/lua/scripts/auth_server/main.lua:32  
Auth Server Start At8000
20181017 21:22:33 *****DEBUG*****../../apps/lua/scripts/auth_server/main.lua:38  
register Auth Service[1]  success
20181017 21:22:33 *****DEBUG*****../../apps/lua/scripts/database/mysql_auth_center.lua:15  
connect to auth center db sucess!!!
20181017 21:22:33 *****DEBUG*****../../apps/lua/scripts/database/redis_center.lua:17  
connect to redis center db suceess!!!
