20181119 08:17:45 *****DEBUG*****../../apps/lua/scripts/auth_server/main.lua:32  
Auth Server Start At8000
20181119 08:17:45 *****DEBUG*****../../apps/lua/scripts/auth_server/auth_service.lua:16  
1542586665
20181119 08:17:45 *****DEBUG*****../../apps/lua/scripts/auth_server/main.lua:38  
register Auth Service[1]  success
20181119 08:17:45 *****DEBUG*****../../apps/lua/scripts/database/mysql_auth_center.lua:15  
connect to auth center db sucess!!!
20181119 08:17:45 *****DEBUG*****../../apps/lua/scripts/database/redis_center.lua:17  
connect to redis center db success!!!!
20181119 08:17:50 *****DEBUG*****../../apps/lua/scripts/auth_server/main.lua:32  
Auth Server Start At8000
20181119 08:17:50 *****DEBUG*****../../apps/lua/scripts/auth_server/auth_service.lua:16  
1542586670
20181119 08:17:50 *****DEBUG*****../../apps/lua/scripts/auth_server/main.lua:38  
register Auth Service[1]  success
20181119 08:17:50 *****DEBUG*****../../apps/lua/scripts/database/mysql_auth_center.lua:15  
connect to auth center db sucess!!!
20181119 08:17:50 *****DEBUG*****../../apps/lua/scripts/database/redis_center.lua:17  
connect to redis center db success!!!!
20181119 08:18:12 *****DEBUG*****../../apps/lua/scripts/auth_server/auth_service.lua:19  
*********on_auth_recv_cmd********
20181119 08:18:12 *****DEBUG*****../../apps/lua/scripts/auth_server/auth_service.lua:20  
ctype:	9
20181119 08:18:12 *****DEBUG*****../../apps/lua/scripts/auth_server/uname_login.lua:58  
user login sucess!:	gst101126	3	0	0	17
20181119 08:20:45 *****DEBUG*****../../apps/lua/scripts/auth_server/main.lua:32  
Auth Server Start At8000
20181119 08:20:45 *****DEBUG*****../../apps/lua/scripts/auth_server/auth_service.lua:16  
1542586845
20181119 08:20:45 *****DEBUG*****../../apps/lua/scripts/auth_server/main.lua:38  
register Auth Service[1]  success
20181119 08:20:45 *****DEBUG*****../../apps/lua/scripts/database/mysql_auth_center.lua:15  
connect to auth center db sucess!!!
20181119 08:20:45 *****DEBUG*****../../apps/lua/scripts/database/redis_center.lua:17  
connect to redis center db success!!!!
20181119 08:20:52 *****DEBUG*****../../apps/lua/scripts/auth_server/auth_service.lua:19  
*********on_auth_recv_cmd********
20181119 08:20:52 *****DEBUG*****../../apps/lua/scripts/auth_server/auth_service.lua:20  
ctype:	9
20181119 08:20:52 *****DEBUG*****../../apps/lua/scripts/auth_server/uname_login.lua:58  
user login sucess!:	gst101126	3	0	0	17
20181119 08:22:31 *****DEBUG*****../../apps/lua/scripts/auth_server/main.lua:32  
Auth Server Start At8000
20181119 08:22:31 *****DEBUG*****../../apps/lua/scripts/auth_server/auth_service.lua:16  
1542586951
20181119 08:22:31 *****DEBUG*****../../apps/lua/scripts/auth_server/main.lua:38  
register Auth Service[1]  success
20181119 08:22:31 *****DEBUG*****../../apps/lua/scripts/database/mysql_auth_center.lua:15  
connect to auth center db sucess!!!
20181119 08:22:31 *****DEBUG*****../../apps/lua/scripts/database/redis_center.lua:17  
connect to redis center db success!!!!
20181119 08:22:39 *****DEBUG*****../../apps/lua/scripts/auth_server/auth_service.lua:19  
*********on_auth_recv_cmd********
20181119 08:22:39 *****DEBUG*****../../apps/lua/scripts/auth_server/auth_service.lua:20  
ctype:	9
20181119 08:22:39 *****DEBUG*****../../apps/lua/scripts/auth_server/uname_login.lua:58  
user login sucess!:	gst101126	3	0	0	17
20181119 10:03:39 *****DEBUG*****../../apps/lua/scripts/auth_server/auth_service.lua:19  
*********on_auth_recv_cmd********
20181119 10:03:39 *****DEBUG*****../../apps/lua/scripts/auth_server/auth_service.lua:20  
ctype:	4
20181119 10:13:23 *****DEBUG*****../../apps/lua/scripts/auth_server/main.lua:32  
Auth Server Start At8000
20181119 10:13:23 *****DEBUG*****../../apps/lua/scripts/auth_server/auth_service.lua:16  
1542593603
20181119 10:13:23 *****DEBUG*****../../apps/lua/scripts/auth_server/main.lua:38  
register Auth Service[1]  success
20181119 10:13:23 *****DEBUG*****../../apps/lua/scripts/database/mysql_auth_center.lua:15  
connect to auth center db sucess!!!
20181119 10:13:23 *****DEBUG*****../../apps/lua/scripts/database/redis_center.lua:17  
connect to redis center db success!!!!
20181119 10:13:34 *****DEBUG*****../../apps/lua/scripts/auth_server/auth_service.lua:19  
*********on_auth_recv_cmd********
20181119 10:13:34 *****DEBUG*****../../apps/lua/scripts/auth_server/auth_service.lua:20  
ctype:	9
20181119 10:13:34 *****DEBUG*****../../apps/lua/scripts/auth_server/uname_login.lua:58  
user login sucess!:	gst101126	3	0	0	17
