20181204 21:21:14 *****DEBUG*****../../apps/lua/scripts/auth_server/main.lua:32  
Auth Server Start At8000
20181204 21:21:15 *****DEBUG*****../../apps/lua/scripts/auth_server/main.lua:38  
register Auth Service[1]  success
20181204 21:21:15 *****DEBUG*****../../apps/lua/scripts/database/mysql_auth_center.lua:22  
connect to auth center db sucess!!!
20181204 21:21:15 *****DEBUG*****../../apps/lua/scripts/database/redis_center.lua:24  
connect to redis center db success!!!!
20181204 21:23:55 *****DEBUG*****../../apps/lua/scripts/auth_server/auth_service.lua:19  
*********on_auth_recv_cmd********
20181204 21:23:55 *****DEBUG*****../../apps/lua/scripts/auth_server/auth_service.lua:20  
ctype:	9
20181204 21:23:55 *****DEBUG*****../../apps/lua/scripts/auth_server/uname_login.lua:58  
user login sucess!:	gst101126	3	0	0	17
20181204 21:33:38 *****DEBUG*****../../apps/lua/scripts/auth_server/auth_service.lua:19  
*********on_auth_recv_cmd********
20181204 21:33:38 *****DEBUG*****../../apps/lua/scripts/auth_server/auth_service.lua:20  
ctype:	4
20181204 21:33:43 *****DEBUG*****../../apps/lua/scripts/auth_server/main.lua:32  
Auth Server Start At8000
20181204 21:33:43 *****DEBUG*****../../apps/lua/scripts/auth_server/main.lua:38  
register Auth Service[1]  success
20181204 21:33:43 *****DEBUG*****../../apps/lua/scripts/database/mysql_auth_center.lua:22  
connect to auth center db sucess!!!
20181204 21:33:43 *****DEBUG*****../../apps/lua/scripts/database/redis_center.lua:24  
connect to redis center db success!!!!
20181204 21:34:14 *****DEBUG*****../../apps/lua/scripts/auth_server/auth_service.lua:19  
*********on_auth_recv_cmd********
20181204 21:34:14 *****DEBUG*****../../apps/lua/scripts/auth_server/auth_service.lua:20  
ctype:	9
20181204 21:34:14 *****DEBUG*****../../apps/lua/scripts/auth_server/uname_login.lua:58  
user login sucess!:	gst101126	3	0	0	17
20181204 21:55:59 *****DEBUG*****../../apps/lua/scripts/auth_server/main.lua:32  
Auth Server Start At8000
20181204 21:55:59 *****DEBUG*****../../apps/lua/scripts/auth_server/main.lua:38  
register Auth Service[1]  success
20181204 21:55:59 *****DEBUG*****../../apps/lua/scripts/database/mysql_auth_center.lua:22  
connect to auth center db sucess!!!
20181204 21:55:59 *****DEBUG*****../../apps/lua/scripts/database/redis_center.lua:24  
connect to redis center db success!!!!
20181204 21:57:06 *****DEBUG*****../../apps/lua/scripts/auth_server/auth_service.lua:19  
*********on_auth_recv_cmd********
20181204 21:57:06 *****DEBUG*****../../apps/lua/scripts/auth_server/auth_service.lua:20  
ctype:	9
20181204 21:57:06 *****DEBUG*****../../apps/lua/scripts/auth_server/uname_login.lua:58  
user login sucess!:	gst101126	3	0	0	17
