20181014 09:52:36 !!!!!ERROR!!!!! trunk:0  
error loading module 'game_config' from file '../../apps/lua/scripts/game_config.lua':
	../../apps/lua/scripts/game_config.lua:40: '}' expected (to close '{' at line 24) near 'center_redis'
20181014 09:53:45 !!!!!ERROR!!!!! trunk:0  
error loading module 'game_config' from file '../../apps/lua/scripts/game_config.lua':
	../../apps/lua/scripts/game_config.lua:40: '}' expected (to close '{' at line 24) near 'center_redis'
20181014 09:54:03 *****DEBUG*****../../apps/lua/scripts/auth_server/main.lua:32  
Auth Server Start At8000
20181014 09:54:03 !!!!!ERROR!!!!! trunk:0  
../../apps/lua/scripts/auth_server/auth_service.lua:4: module 'auth_server/edit_profile' not found:
	no field package.preload['auth_server/edit_profile']
	no file 'E:\VS_Project\moba_game_server\moba_server\build\bin\lua\auth_server/edit_profile.lua'
	no file 'E:\VS_Project\moba_game_server\moba_server\build\bin\lua\auth_server/edit_profile\init.lua'
	no file 'E:\VS_Project\moba_game_server\moba_server\build\bin\auth_server/edit_profile.lua'
	no file 'E:\VS_Project\moba_game_server\moba_server\build\bin\auth_server/edit_profile\init.lua'
	no file 'E:\VS_Project\moba_game_server\moba_server\build\bin\..\share\lua\5.3\auth_server/edit_profile.lua'
	no file 'E:\VS_Project\moba_game_server\moba_server\build\bin\..\share\lua\5.3\auth_server/edit_profile\init.lua'
	no file '.\auth_server/edit_profile.lua'
	no file '.\auth_server/edit_profile\init.lua'
	no file '../../apps/lua/scripts/auth_server/edit_profile.lua'
	no file '../../apps/lua/scripts/auth_server/edit_profile/init.lua'
	no file 'E:\VS_Project\moba_game_server\moba_server\build\bin\auth_server/edit_profile.dll'
	no file 'E:\VS_Project\moba_game_server\moba_server\build\bin\..\lib\lua\5.3\auth_server/edit_profile.dll'
	no file 'E:\VS_Project\moba_game_server\moba_server\build\bin\loadall.dll'
	no file '.\auth_server/edit_profile.dll'
20181014 09:54:03 *****DEBUG*****../../apps/lua/scripts/database/mysql_auth_center.lua:15  
connect to auth center db sucess!!!
20181014 09:57:37 *****DEBUG*****../../apps/lua/scripts/auth_server/main.lua:32  
Auth Server Start At8000
20181014 09:57:37 !!!!!ERROR!!!!! trunk:0  
error loading module 'auth_server/edit_profile' from file '../../apps/lua/scripts/auth_server/edit_profile.lua':
	../../apps/lua/scripts/auth_server/edit_profile.lua:29: syntax error near 'Respones'
20181014 09:57:37 *****DEBUG*****../../apps/lua/scripts/database/mysql_auth_center.lua:15  
connect to auth center db sucess!!!
20181014 09:58:06 *****DEBUG*****../../apps/lua/scripts/auth_server/main.lua:32  
Auth Server Start At8000
20181014 09:58:06 *****DEBUG*****../../apps/lua/scripts/auth_server/main.lua:38  
register Auth Service[1]  success
20181014 09:58:06 *****DEBUG*****../../apps/lua/scripts/database/mysql_auth_center.lua:15  
connect to auth center db sucess!!!
20181014 10:03:43 *****DEBUG*****../../apps/lua/scripts/auth_server/auth_service.lua:10  
Auth server recvive msg:	1
20181014 10:03:43 *****DEBUG*****../../apps/lua/scripts/auth_server/guest.lua:13  
1	1	1	8jvrDstUnDuTnnCK8jvrDs
20181014 10:31:33 *****DEBUG*****../../apps/lua/scripts/auth_server/auth_service.lua:10  
Auth server recvive msg:	1
20181014 10:31:33 *****DEBUG*****../../apps/lua/scripts/auth_server/guest.lua:13  
1	1	2	uDWvSYBkiM3ETVxkKI1oNzpvW0ultSIb
20181014 10:31:33 *****DEBUG*****../../apps/lua/scripts/auth_server/guest.lua:70  
16	gst101126
20181014 10:42:49 *****DEBUG*****../../apps/lua/scripts/auth_server/auth_service.lua:10  
Auth server recvive msg:	1
20181014 10:42:49 *****DEBUG*****../../apps/lua/scripts/auth_server/guest.lua:13  
1	1	3	uDWvSYBkiM3ETVxkKI1oNzpvW0ultSIb
20181014 10:42:49 *****DEBUG*****../../apps/lua/scripts/auth_server/guest.lua:70  
16	gst101126
20181014 10:57:00 *****DEBUG*****../../apps/lua/scripts/auth_server/auth_service.lua:10  
Auth server recvive msg:	1
20181014 10:57:00 *****DEBUG*****../../apps/lua/scripts/auth_server/guest.lua:13  
1	1	4	uDWvSYBkiM3ETVxkKI1oNzpvW0ultSIb
20181014 10:57:00 *****DEBUG*****../../apps/lua/scripts/auth_server/guest.lua:70  
16	gst101126
20181014 17:22:10 *****DEBUG*****../../apps/lua/scripts/auth_server/auth_service.lua:10  
Auth server recvive msg:	1
20181014 17:22:10 *****DEBUG*****../../apps/lua/scripts/auth_server/guest.lua:13  
1	1	5	uDWvSYBkiM3ETVxkKI1oNzpvW0ultSIb
20181014 17:22:10 *****DEBUG*****../../apps/lua/scripts/auth_server/guest.lua:70  
16	gst101126
20181014 17:32:46 *****DEBUG*****../../apps/lua/scripts/auth_server/main.lua:32  
Auth Server Start At8000
20181014 17:32:46 *****DEBUG*****../../apps/lua/scripts/auth_server/main.lua:38  
register Auth Service[1]  success
20181014 17:32:46 *****DEBUG*****../../apps/lua/scripts/database/mysql_auth_center.lua:15  
connect to auth center db sucess!!!
20181014 17:33:12 *****DEBUG*****../../apps/lua/scripts/auth_server/auth_service.lua:10  
Auth server recvive msg:	1
20181014 17:33:12 *****DEBUG*****../../apps/lua/scripts/auth_server/guest.lua:13  
1	1	1	uDWvSYBkiM3ETVxkKI1oNzpvW0ultSIb
20181014 17:33:12 *****DEBUG*****../../apps/lua/scripts/auth_server/guest.lua:70  
16	gst101126
20181014 17:48:20 *****DEBUG*****../../apps/lua/scripts/auth_server/main.lua:32  
Auth Server Start At8000
20181014 17:48:20 *****DEBUG*****../../apps/lua/scripts/auth_server/main.lua:38  
register Auth Service[1]  success
20181014 17:48:20 *****DEBUG*****../../apps/lua/scripts/database/mysql_auth_center.lua:15  
connect to auth center db sucess!!!
20181014 17:56:38 *****DEBUG*****../../apps/lua/scripts/auth_server/main.lua:32  
Auth Server Start At8000
20181014 17:56:38 *****DEBUG*****../../apps/lua/scripts/auth_server/main.lua:38  
register Auth Service[1]  success
20181014 17:56:38 *****DEBUG*****../../apps/lua/scripts/database/mysql_auth_center.lua:15  
connect to auth center db sucess!!!
20181014 17:57:15 *****DEBUG*****../../apps/lua/scripts/auth_server/auth_service.lua:12  
Auth server recvive msg:	1
20181014 17:57:15 *****DEBUG*****../../apps/lua/scripts/auth_server/guest.lua:13  
1	1	1	uDWvSYBkiM3ETVxkKI1oNzpvW0ultSIb
20181014 17:57:15 *****DEBUG*****../../apps/lua/scripts/auth_server/guest.lua:70  
16	gst101126
20181014 18:24:43 *****DEBUG*****../../apps/lua/scripts/auth_server/main.lua:32  
Auth Server Start At8000
20181014 18:24:43 *****DEBUG*****../../apps/lua/scripts/auth_server/main.lua:38  
register Auth Service[1]  success
20181014 18:24:43 *****DEBUG*****../../apps/lua/scripts/database/mysql_auth_center.lua:15  
connect to auth center db sucess!!!
20181014 18:24:58 *****DEBUG*****../../apps/lua/scripts/auth_server/auth_service.lua:12  
Auth server recvive msg:	1
20181014 18:24:58 *****DEBUG*****../../apps/lua/scripts/auth_server/guest.lua:13  
1	1	1	uDWvSYBkiM3ETVxkKI1oNzpvW0ultSIb
20181014 18:24:58 *****DEBUG*****../../apps/lua/scripts/auth_server/guest.lua:70  
16	gst101126
20181014 18:57:33 *****DEBUG*****../../apps/lua/scripts/auth_server/main.lua:32  
Auth Server Start At8000
20181014 18:57:33 *****DEBUG*****../../apps/lua/scripts/auth_server/main.lua:38  
register Auth Service[1]  success
20181014 18:57:33 *****DEBUG*****../../apps/lua/scripts/database/mysql_auth_center.lua:15  
connect to auth center db sucess!!!
20181014 18:57:53 *****DEBUG*****../../apps/lua/scripts/auth_server/auth_service.lua:12  
Auth server recvive msg:	1
20181014 18:57:53 *****DEBUG*****../../apps/lua/scripts/auth_server/guest.lua:13  
1	1	1	uDWvSYBkiM3ETVxkKI1oNzpvW0ultSIb
20181014 18:57:53 *****DEBUG*****../../apps/lua/scripts/auth_server/guest.lua:70  
16	gst101126
20181014 18:58:54 *****DEBUG*****../../apps/lua/scripts/auth_server/auth_service.lua:19  
auth disconnected。。。。。。。。。
20181014 19:03:41 *****DEBUG*****../../apps/lua/scripts/auth_server/main.lua:32  
Auth Server Start At8000
20181014 19:03:41 *****DEBUG*****../../apps/lua/scripts/auth_server/main.lua:38  
register Auth Service[1]  success
20181014 19:03:41 *****DEBUG*****../../apps/lua/scripts/database/mysql_auth_center.lua:15  
connect to auth center db sucess!!!
20181014 19:04:00 *****DEBUG*****../../apps/lua/scripts/auth_server/auth_service.lua:12  
Auth server recvive msg:	1	1	1
20181014 19:04:00 *****DEBUG*****../../apps/lua/scripts/auth_server/guest.lua:13  
1	1	1	uDWvSYBkiM3ETVxkKI1oNzpvW0ultSIb
20181014 19:04:00 *****DEBUG*****../../apps/lua/scripts/auth_server/guest.lua:70  
16	gst101126
20181014 19:05:49 *****DEBUG*****../../apps/lua/scripts/auth_server/auth_service.lua:19  
auth disconnected。。。。。。。。。
20181014 20:26:59 *****DEBUG*****../../apps/lua/scripts/auth_server/main.lua:32  
Auth Server Start At8000
20181014 20:26:59 *****DEBUG*****../../apps/lua/scripts/auth_server/main.lua:38  
register Auth Service[1]  success
20181014 20:26:59 *****DEBUG*****../../apps/lua/scripts/database/mysql_auth_center.lua:15  
connect to auth center db sucess!!!
20181014 20:28:30 *****DEBUG*****../../apps/lua/scripts/auth_server/auth_service.lua:12  
Auth server recvive msg:	1	1	1
20181014 20:28:30 *****DEBUG*****../../apps/lua/scripts/auth_server/guest.lua:13  
1	1	1	uDWvSYBkiM3ETVxkKI1oNzpvW0ultSIb
20181014 20:28:30 *****DEBUG*****../../apps/lua/scripts/auth_server/guest.lua:70  
16	gst101126
20181014 20:40:47 *****DEBUG*****../../apps/lua/scripts/auth_server/auth_service.lua:19  
auth disconnected!!!!!!!!!!!!
20181014 20:41:12 *****DEBUG*****../../apps/lua/scripts/auth_server/auth_service.lua:12  
Auth server recvive msg:	1	1	2
20181014 20:41:12 *****DEBUG*****../../apps/lua/scripts/auth_server/guest.lua:13  
1	1	2	uDWvSYBkiM3ETVxkKI1oNzpvW0ultSIb
20181014 20:41:12 *****DEBUG*****../../apps/lua/scripts/auth_server/guest.lua:70  
16	gst101126
20181014 20:41:40 *****DEBUG*****../../apps/lua/scripts/auth_server/auth_service.lua:19  
auth disconnected!!!!!!!!!!!!
20181014 21:03:29 *****DEBUG*****../../apps/lua/scripts/auth_server/auth_service.lua:12  
Auth server recvive msg:	1	1	3
20181014 21:03:29 *****DEBUG*****../../apps/lua/scripts/auth_server/guest.lua:13  
1	1	3	uDWvSYBkiM3ETVxkKI1oNzpvW0ultSIb
20181014 21:03:29 *****DEBUG*****../../apps/lua/scripts/auth_server/guest.lua:70  
16	gst101126
20181014 21:05:06 *****DEBUG*****../../apps/lua/scripts/auth_server/main.lua:32  
Auth Server Start At8000
20181014 21:05:06 *****DEBUG*****../../apps/lua/scripts/auth_server/main.lua:38  
register Auth Service[1]  success
20181014 21:05:06 *****DEBUG*****../../apps/lua/scripts/database/mysql_auth_center.lua:15  
connect to auth center db sucess!!!
20181014 21:05:15 *****DEBUG*****../../apps/lua/scripts/auth_server/auth_service.lua:12  
Auth server recvive msg:	1	1	4
20181014 21:05:15 *****DEBUG*****../../apps/lua/scripts/auth_server/guest.lua:13  
1	1	4	uDWvSYBkiM3ETVxkKI1oNzpvW0ultSIb
20181014 21:05:15 *****DEBUG*****../../apps/lua/scripts/auth_server/guest.lua:70  
16	gst101126
20181014 21:05:29 *****DEBUG*****../../apps/lua/scripts/auth_server/auth_service.lua:12  
Auth server recvive msg:	1	5	16
20181014 21:05:29 *****DEBUG*****../../apps/lua/scripts/auth_server/edit_profile.lua:12  
***************************
20181014 21:05:29 *****DEBUG*****../../apps/lua/scripts/auth_server/edit_profile.lua:13  
16	gst1011kk	5	0
20181014 21:05:29 !!!!!ERROR!!!!! e:\vs_project\moba_game_server\moba_server\lua_wrapper\service_export_to_lua.cc:109  
[LUA ERROR] ../../apps/lua/scripts/auth_server/edit_profile.lua:39: attempt to call a nil value (field 'edit_profile')
20181014 21:05:46 *****DEBUG*****../../apps/lua/scripts/auth_server/auth_service.lua:19  
auth disconnected!!!!!!!!!!!!
20181014 21:15:25 *****DEBUG*****../../apps/lua/scripts/auth_server/auth_service.lua:19  
auth disconnected!!!!!!!!!!!!
20181014 21:15:37 *****DEBUG*****../../apps/lua/scripts/auth_server/main.lua:32  
Auth Server Start At8000
20181014 21:15:37 *****DEBUG*****../../apps/lua/scripts/auth_server/main.lua:38  
register Auth Service[1]  success
20181014 21:15:37 *****DEBUG*****../../apps/lua/scripts/database/mysql_auth_center.lua:15  
connect to auth center db sucess!!!
20181014 21:15:51 *****DEBUG*****../../apps/lua/scripts/auth_server/auth_service.lua:12  
Auth server recvive msg:	1	1	1
20181014 21:15:51 *****DEBUG*****../../apps/lua/scripts/auth_server/guest.lua:13  
1	1	1	uDWvSYBkiM3ETVxkKI1oNzpvW0ultSIb
20181014 21:15:51 *****DEBUG*****../../apps/lua/scripts/auth_server/guest.lua:70  
16	gst101126
20181014 21:15:57 *****DEBUG*****../../apps/lua/scripts/auth_server/auth_service.lua:12  
Auth server recvive msg:	1	5	16
20181014 21:23:04 *****DEBUG*****../../apps/lua/scripts/auth_server/auth_service.lua:19  
auth disconnected!!!!!!!!!!!!
20181014 21:23:15 *****DEBUG*****../../apps/lua/scripts/auth_server/main.lua:32  
Auth Server Start At8000
20181014 21:23:15 *****DEBUG*****../../apps/lua/scripts/auth_server/main.lua:38  
register Auth Service[1]  success
20181014 21:23:15 *****DEBUG*****../../apps/lua/scripts/database/mysql_auth_center.lua:15  
connect to auth center db sucess!!!
20181014 21:23:32 *****DEBUG*****../../apps/lua/scripts/auth_server/auth_service.lua:12  
Auth server recvive msg:	1	1	1
20181014 21:23:32 *****DEBUG*****../../apps/lua/scripts/auth_server/guest.lua:13  
1	1	1	uDWvSYBkiM3ETVxkKI1oNzpvW0ultSIb
20181014 21:23:32 *****DEBUG*****../../apps/lua/scripts/auth_server/guest.lua:70  
16	gst101126
20181014 21:23:44 *****DEBUG*****../../apps/lua/scripts/auth_server/auth_service.lua:12  
Auth server recvive msg:	1	5	16
20181014 21:25:00 *****DEBUG*****../../apps/lua/scripts/auth_server/main.lua:32  
Auth Server Start At8000
20181014 21:25:00 *****DEBUG*****../../apps/lua/scripts/auth_server/main.lua:38  
register Auth Service[1]  success
20181014 21:25:00 *****DEBUG*****../../apps/lua/scripts/database/mysql_auth_center.lua:15  
connect to auth center db sucess!!!
20181014 21:25:24 *****DEBUG*****../../apps/lua/scripts/auth_server/auth_service.lua:12  
Auth server recvive msg:	1	1	2
20181014 21:25:24 *****DEBUG*****../../apps/lua/scripts/auth_server/guest.lua:13  
1	1	2	uDWvSYBkiM3ETVxkKI1oNzpvW0ultSIb
20181014 21:25:24 *****DEBUG*****../../apps/lua/scripts/auth_server/guest.lua:70  
16	gst101126
20181014 21:28:25 *****DEBUG*****../../apps/lua/scripts/auth_server/main.lua:32  
Auth Server Start At8000
20181014 21:28:25 *****DEBUG*****../../apps/lua/scripts/auth_server/main.lua:38  
register Auth Service[1]  success
20181014 21:28:25 *****DEBUG*****../../apps/lua/scripts/database/mysql_auth_center.lua:15  
connect to auth center db sucess!!!
20181014 21:44:41 *****DEBUG*****../../apps/lua/scripts/auth_server/main.lua:32  
Auth Server Start At8000
20181014 21:44:41 *****DEBUG*****../../apps/lua/scripts/auth_server/main.lua:38  
register Auth Service[1]  success
20181014 21:44:41 *****DEBUG*****../../apps/lua/scripts/database/mysql_auth_center.lua:15  
connect to auth center db sucess!!!
20181014 21:46:04 *****DEBUG*****../../apps/lua/scripts/auth_server/main.lua:32  
Auth Server Start At8000
20181014 21:46:04 *****DEBUG*****../../apps/lua/scripts/auth_server/main.lua:38  
register Auth Service[1]  success
20181014 21:46:04 *****DEBUG*****../../apps/lua/scripts/database/mysql_auth_center.lua:15  
connect to auth center db sucess!!!
20181014 21:46:09 *****DEBUG*****../../apps/lua/scripts/auth_server/main.lua:32  
Auth Server Start At8000
20181014 21:46:09 *****DEBUG*****../../apps/lua/scripts/auth_server/main.lua:38  
register Auth Service[1]  success
20181014 21:46:09 *****DEBUG*****../../apps/lua/scripts/database/mysql_auth_center.lua:15  
connect to auth center db sucess!!!
20181014 21:46:17 *****DEBUG*****../../apps/lua/scripts/auth_server/main.lua:32  
Auth Server Start At8000
20181014 21:46:17 *****DEBUG*****../../apps/lua/scripts/auth_server/main.lua:38  
register Auth Service[1]  success
20181014 21:46:17 *****DEBUG*****../../apps/lua/scripts/database/mysql_auth_center.lua:15  
connect to auth center db sucess!!!
20181014 21:46:18 *****DEBUG*****../../apps/lua/scripts/auth_server/main.lua:32  
Auth Server Start At8000
20181014 21:46:18 *****DEBUG*****../../apps/lua/scripts/auth_server/main.lua:38  
register Auth Service[1]  success
20181014 21:46:18 *****DEBUG*****../../apps/lua/scripts/database/mysql_auth_center.lua:15  
connect to auth center db sucess!!!
20181014 21:46:21 *****DEBUG*****../../apps/lua/scripts/auth_server/main.lua:32  
Auth Server Start At8000
20181014 21:46:21 *****DEBUG*****../../apps/lua/scripts/auth_server/main.lua:38  
register Auth Service[1]  success
20181014 21:46:21 *****DEBUG*****../../apps/lua/scripts/database/mysql_auth_center.lua:15  
connect to auth center db sucess!!!
20181014 21:46:23 *****DEBUG*****../../apps/lua/scripts/auth_server/main.lua:32  
Auth Server Start At8000
20181014 21:46:23 *****DEBUG*****../../apps/lua/scripts/auth_server/main.lua:38  
register Auth Service[1]  success
20181014 21:46:23 *****DEBUG*****../../apps/lua/scripts/database/mysql_auth_center.lua:15  
connect to auth center db sucess!!!
20181014 21:46:24 *****DEBUG*****../../apps/lua/scripts/auth_server/main.lua:32  
Auth Server Start At8000
20181014 21:46:24 *****DEBUG*****../../apps/lua/scripts/auth_server/main.lua:38  
register Auth Service[1]  success
20181014 21:46:24 *****DEBUG*****../../apps/lua/scripts/database/mysql_auth_center.lua:15  
connect to auth center db sucess!!!
20181014 21:46:35 *****DEBUG*****../../apps/lua/scripts/auth_server/main.lua:32  
Auth Server Start At8000
20181014 21:46:35 *****DEBUG*****../../apps/lua/scripts/auth_server/main.lua:38  
register Auth Service[1]  success
20181014 21:46:35 *****DEBUG*****../../apps/lua/scripts/database/mysql_auth_center.lua:15  
connect to auth center db sucess!!!
20181014 21:46:58 *****DEBUG*****../../apps/lua/scripts/auth_server/main.lua:32  
Auth Server Start At8000
20181014 21:46:58 *****DEBUG*****../../apps/lua/scripts/auth_server/main.lua:38  
register Auth Service[1]  success
20181014 21:46:58 *****DEBUG*****../../apps/lua/scripts/database/mysql_auth_center.lua:15  
connect to auth center db sucess!!!
20181014 21:47:08 *****DEBUG*****../../apps/lua/scripts/auth_server/auth_service.lua:12  
Auth server recvive msg:	1	1	1
20181014 21:47:08 *****DEBUG*****../../apps/lua/scripts/auth_server/guest.lua:13  
1	1	1	uDWvSYBkiM3ETVxkKI1oNzpvW0ultSIb
20181014 21:47:08 *****DEBUG*****../../apps/lua/scripts/auth_server/guest.lua:70  
16	gst101126
20181014 21:47:15 *****DEBUG*****../../apps/lua/scripts/auth_server/auth_service.lua:12  
Auth server recvive msg:	1	5	16
20181014 21:48:29 *****DEBUG*****../../apps/lua/scripts/auth_server/main.lua:32  
Auth Server Start At8000
20181014 21:48:29 *****DEBUG*****../../apps/lua/scripts/auth_server/main.lua:38  
register Auth Service[1]  success
20181014 21:48:29 *****DEBUG*****../../apps/lua/scripts/database/mysql_auth_center.lua:15  
connect to auth center db sucess!!!
20181014 21:48:49 *****DEBUG*****../../apps/lua/scripts/auth_server/auth_service.lua:12  
Auth server recvive msg:	1	1	1
20181014 21:48:49 *****DEBUG*****../../apps/lua/scripts/auth_server/auth_service.lua:14  
chu li ming ling  auth
20181014 21:48:49 *****DEBUG*****../../apps/lua/scripts/auth_server/guest.lua:13  
1	1	1	uDWvSYBkiM3ETVxkKI1oNzpvW0ultSIb
20181014 21:48:49 *****DEBUG*****../../apps/lua/scripts/auth_server/guest.lua:70  
16	gst101126
20181014 21:49:04 *****DEBUG*****../../apps/lua/scripts/auth_server/auth_service.lua:12  
Auth server recvive msg:	1	5	16
20181014 21:49:53 *****DEBUG*****../../apps/lua/scripts/auth_server/main.lua:32  
Auth Server Start At8000
20181014 21:49:53 *****DEBUG*****../../apps/lua/scripts/auth_server/main.lua:38  
register Auth Service[1]  success
20181014 21:49:53 *****DEBUG*****../../apps/lua/scripts/database/mysql_auth_center.lua:15  
connect to auth center db sucess!!!
20181014 21:50:02 *****DEBUG*****../../apps/lua/scripts/auth_server/auth_service.lua:12  
Auth server recvive msg:	1	1	1
20181014 21:50:02 *****DEBUG*****../../apps/lua/scripts/auth_server/auth_service.lua:13  
1	1
20181014 21:50:02 *****DEBUG*****../../apps/lua/scripts/auth_server/auth_service.lua:15  
chu li ming ling  auth
20181014 21:50:02 *****DEBUG*****../../apps/lua/scripts/auth_server/guest.lua:13  
1	1	1	uDWvSYBkiM3ETVxkKI1oNzpvW0ultSIb
20181014 21:50:02 *****DEBUG*****../../apps/lua/scripts/auth_server/guest.lua:70  
16	gst101126
20181014 21:50:07 *****DEBUG*****../../apps/lua/scripts/auth_server/auth_service.lua:12  
Auth server recvive msg:	1	5	16
20181014 21:50:07 *****DEBUG*****../../apps/lua/scripts/auth_server/auth_service.lua:13  
1	5
20181014 21:51:18 *****DEBUG*****../../apps/lua/scripts/auth_server/main.lua:32  
Auth Server Start At8000
20181014 21:51:18 !!!!!ERROR!!!!! trunk:0  
../../apps/lua/scripts/auth_server/auth_service.lua:5: module 'auth_server/account_upgrade' not found:
	no field package.preload['auth_server/account_upgrade']
	no file 'E:\VS_Project\moba_game_server\moba_server\build\bin\lua\auth_server/account_upgrade.lua'
	no file 'E:\VS_Project\moba_game_server\moba_server\build\bin\lua\auth_server/account_upgrade\init.lua'
	no file 'E:\VS_Project\moba_game_server\moba_server\build\bin\auth_server/account_upgrade.lua'
	no file 'E:\VS_Project\moba_game_server\moba_server\build\bin\auth_server/account_upgrade\init.lua'
	no file 'E:\VS_Project\moba_game_server\moba_server\build\bin\..\share\lua\5.3\auth_server/account_upgrade.lua'
	no file 'E:\VS_Project\moba_game_server\moba_server\build\bin\..\share\lua\5.3\auth_server/account_upgrade\init.lua'
	no file '.\auth_server/account_upgrade.lua'
	no file '.\auth_server/account_upgrade\init.lua'
	no file '../../apps/lua/scripts/auth_server/account_upgrade.lua'
	no file '../../apps/lua/scripts/auth_server/account_upgrade/init.lua'
	no file 'E:\VS_Project\moba_game_server\moba_server\build\bin\auth_server/account_upgrade.dll'
	no file 'E:\VS_Project\moba_game_server\moba_server\build\bin\..\lib\lua\5.3\auth_server/account_upgrade.dll'
	no file 'E:\VS_Project\moba_game_server\moba_server\build\bin\loadall.dll'
	no file '.\auth_server/account_upgrade.dll'
20181014 21:51:18 *****DEBUG*****../../apps/lua/scripts/database/mysql_auth_center.lua:15  
connect to auth center db sucess!!!
20181014 21:51:37 *****DEBUG*****../../apps/lua/scripts/auth_server/main.lua:32  
Auth Server Start At8000
20181014 21:51:37 *****DEBUG*****../../apps/lua/scripts/auth_server/main.lua:38  
register Auth Service[1]  success
20181014 21:51:37 *****DEBUG*****../../apps/lua/scripts/database/mysql_auth_center.lua:15  
connect to auth center db sucess!!!
20181014 21:51:52 *****DEBUG*****../../apps/lua/scripts/auth_server/guest.lua:13  
1	1	1	uDWvSYBkiM3ETVxkKI1oNzpvW0ultSIb
20181014 21:51:52 *****DEBUG*****../../apps/lua/scripts/auth_server/guest.lua:70  
16	gst101126
20181014 21:56:59 *****DEBUG*****../../apps/lua/scripts/auth_server/main.lua:32  
Auth Server Start At8000
20181014 21:56:59 *****DEBUG*****../../apps/lua/scripts/auth_server/main.lua:38  
register Auth Service[1]  success
20181014 21:56:59 *****DEBUG*****../../apps/lua/scripts/database/mysql_auth_center.lua:15  
connect to auth center db sucess!!!
20181014 21:58:26 *****DEBUG*****../../apps/lua/scripts/auth_server/main.lua:32  
Auth Server Start At8000
20181014 21:58:26 *****DEBUG*****../../apps/lua/scripts/auth_server/main.lua:38  
register Auth Service[1]  success
20181014 21:58:26 *****DEBUG*****../../apps/lua/scripts/database/mysql_auth_center.lua:15  
connect to auth center db sucess!!!
20181014 21:58:29 *****DEBUG*****../../apps/lua/scripts/auth_server/main.lua:32  
Auth Server Start At8000
20181014 21:58:29 *****DEBUG*****../../apps/lua/scripts/auth_server/main.lua:38  
register Auth Service[1]  success
20181014 21:58:29 *****DEBUG*****../../apps/lua/scripts/database/mysql_auth_center.lua:15  
connect to auth center db sucess!!!
20181014 21:58:34 *****DEBUG*****../../apps/lua/scripts/auth_server/main.lua:32  
Auth Server Start At8000
20181014 21:58:34 *****DEBUG*****../../apps/lua/scripts/auth_server/main.lua:38  
register Auth Service[1]  success
20181014 21:58:34 *****DEBUG*****../../apps/lua/scripts/database/mysql_auth_center.lua:15  
connect to auth center db sucess!!!
20181014 21:59:10 *****DEBUG*****../../apps/lua/scripts/auth_server/main.lua:32  
Auth Server Start At8000
20181014 21:59:10 *****DEBUG*****../../apps/lua/scripts/auth_server/main.lua:38  
register Auth Service[1]  success
20181014 21:59:10 *****DEBUG*****../../apps/lua/scripts/database/mysql_auth_center.lua:15  
connect to auth center db sucess!!!
20181014 21:59:52 *****DEBUG*****../../apps/lua/scripts/auth_server/main.lua:32  
Auth Server Start At8000
20181014 21:59:53 *****DEBUG*****../../apps/lua/scripts/auth_server/main.lua:38  
register Auth Service[1]  success
20181014 21:59:53 *****DEBUG*****../../apps/lua/scripts/database/mysql_auth_center.lua:15  
connect to auth center db sucess!!!
20181014 22:03:40 *****DEBUG*****../../apps/lua/scripts/auth_server/main.lua:32  
Auth Server Start At8000
20181014 22:03:40 *****DEBUG*****../../apps/lua/scripts/auth_server/main.lua:38  
register Auth Service[1]  success
20181014 22:03:40 *****DEBUG*****../../apps/lua/scripts/database/mysql_auth_center.lua:15  
connect to auth center db sucess!!!
20181014 22:36:58 *****DEBUG*****../../apps/lua/scripts/auth_server/auth_service.lua:13  
*********on_auth_recv_cmd********
20181014 22:36:58 *****DEBUG*****../../apps/lua/scripts/auth_server/auth_service.lua:14  
1	5	1
20181014 22:36:58 *****DEBUG*****../../apps/lua/scripts/auth_server/guest.lua:13  
1	1	1	uDWvSYBkiM3ETVxkKI1oNzpvW0ultSIb
20181014 22:36:58 *****DEBUG*****../../apps/lua/scripts/auth_server/guest.lua:70  
16	gst101126
20181014 22:37:06 *****DEBUG*****../../apps/lua/scripts/auth_server/auth_service.lua:13  
*********on_auth_recv_cmd********
20181014 22:37:06 *****DEBUG*****../../apps/lua/scripts/auth_server/auth_service.lua:14  
1	5	5
20181014 22:47:41 *****DEBUG*****../../apps/lua/scripts/auth_server/main.lua:32  
Auth Server Start At8000
20181014 22:47:41 *****DEBUG*****../../apps/lua/scripts/auth_server/auth_service.lua:12  
 auth_service_handlers[Cmd.eGuestLoginReq]
20181014 22:47:41 *****DEBUG*****../../apps/lua/scripts/auth_server/main.lua:38  
register Auth Service[1]  success
20181014 22:47:41 *****DEBUG*****../../apps/lua/scripts/database/mysql_auth_center.lua:15  
connect to auth center db sucess!!!
20181014 22:48:07 *****DEBUG*****../../apps/lua/scripts/auth_server/auth_service.lua:20  
*********on_auth_recv_cmd********
20181014 22:48:07 *****DEBUG*****../../apps/lua/scripts/auth_server/auth_service.lua:21  
1	5	1
20181014 22:48:07 *****DEBUG*****../../apps/lua/scripts/auth_server/guest.lua:13  
1	1	1	uDWvSYBkiM3ETVxkKI1oNzpvW0ultSIb
20181014 22:48:07 *****DEBUG*****../../apps/lua/scripts/auth_server/guest.lua:70  
16	gst101126
20181014 22:48:12 *****DEBUG*****../../apps/lua/scripts/auth_server/auth_service.lua:20  
*********on_auth_recv_cmd********
20181014 22:48:12 *****DEBUG*****../../apps/lua/scripts/auth_server/auth_service.lua:21  
1	5	5
20181014 22:52:11 *****DEBUG*****../../apps/lua/scripts/auth_server/main.lua:32  
Auth Server Start At8000
20181014 22:52:11 *****DEBUG*****../../apps/lua/scripts/auth_server/auth_service.lua:12  
 !!!!!auth_service_handlers[Cmd.eGuestLoginReq]
20181014 22:52:11 *****DEBUG*****../../apps/lua/scripts/auth_server/main.lua:38  
register Auth Service[1]  success
20181014 22:52:11 *****DEBUG*****../../apps/lua/scripts/database/mysql_auth_center.lua:15  
connect to auth center db sucess!!!
20181014 22:52:29 *****DEBUG*****../../apps/lua/scripts/auth_server/auth_service.lua:20  
*********on_auth_recv_cmd********
20181014 22:52:29 *****DEBUG*****../../apps/lua/scripts/auth_server/auth_service.lua:21  
1	5	1
20181014 22:52:29 *****DEBUG*****../../apps/lua/scripts/auth_server/guest.lua:13  
1	1	2	uDWvSYBkiM3ETVxkKI1oNzpvW0ultSIb
20181014 22:52:29 *****DEBUG*****../../apps/lua/scripts/auth_server/guest.lua:70  
16	gst101126
20181014 22:52:34 *****DEBUG*****../../apps/lua/scripts/auth_server/auth_service.lua:20  
*********on_auth_recv_cmd********
20181014 22:52:34 *****DEBUG*****../../apps/lua/scripts/auth_server/auth_service.lua:21  
1	5	5
20181014 22:55:34 *****DEBUG*****../../apps/lua/scripts/auth_server/main.lua:32  
Auth Server Start At8000
20181014 22:55:34 *****DEBUG*****../../apps/lua/scripts/auth_server/auth_service.lua:16  
 auth_service_handlers[Cmd.eGuestLoginReq]
20181014 22:55:34 *****DEBUG*****../../apps/lua/scripts/auth_server/main.lua:38  
register Auth Service[1]  success
20181014 22:55:34 *****DEBUG*****../../apps/lua/scripts/database/mysql_auth_center.lua:15  
connect to auth center db sucess!!!
20181014 22:57:29 *****DEBUG*****../../apps/lua/scripts/auth_server/main.lua:32  
Auth Server Start At8000
20181014 22:57:29 *****DEBUG*****../../apps/lua/scripts/auth_server/auth_service.lua:15  
!!!!    edit_profile~=nil
20181014 22:57:29 *****DEBUG*****../../apps/lua/scripts/auth_server/auth_service.lua:18  
 auth_service_handlers[Cmd.eGuestLoginReq]
20181014 22:57:29 *****DEBUG*****../../apps/lua/scripts/auth_server/main.lua:38  
register Auth Service[1]  success
20181014 22:57:29 *****DEBUG*****../../apps/lua/scripts/database/mysql_auth_center.lua:15  
connect to auth center db sucess!!!
20181014 22:58:50 *****DEBUG*****../../apps/lua/scripts/auth_server/main.lua:32  
Auth Server Start At8000
20181014 22:58:50 *****DEBUG*****../../apps/lua/scripts/auth_server/auth_service.lua:12  
!!!!    edit_profile==nil
20181014 22:58:50 *****DEBUG*****../../apps/lua/scripts/auth_server/auth_service.lua:18  
 auth_service_handlers[Cmd.eGuestLoginReq]
20181014 22:58:50 *****DEBUG*****../../apps/lua/scripts/auth_server/main.lua:38  
register Auth Service[1]  success
20181014 22:58:50 *****DEBUG*****../../apps/lua/scripts/database/mysql_auth_center.lua:15  
connect to auth center db sucess!!!
20181014 23:00:30 *****DEBUG*****../../apps/lua/scripts/auth_server/main.lua:32  
Auth Server Start At8000
20181014 23:00:30 *****DEBUG*****../../apps/lua/scripts/auth_server/auth_service.lua:15  
!!!!    edit_profile~=nil
20181014 23:00:30 *****DEBUG*****../../apps/lua/scripts/auth_server/auth_service.lua:18  
 auth_service_handlers[Cmd.eGuestLoginReq]
20181014 23:00:30 *****DEBUG*****../../apps/lua/scripts/auth_server/auth_service.lua:21  
 auth_service_handlers[Cmd.eEditProfileReq]
20181014 23:00:30 *****DEBUG*****../../apps/lua/scripts/auth_server/main.lua:38  
register Auth Service[1]  success
20181014 23:00:30 *****DEBUG*****../../apps/lua/scripts/database/mysql_auth_center.lua:15  
connect to auth center db sucess!!!
20181014 23:00:57 *****DEBUG*****../../apps/lua/scripts/auth_server/main.lua:32  
Auth Server Start At8000
20181014 23:00:57 *****DEBUG*****../../apps/lua/scripts/auth_server/main.lua:38  
register Auth Service[1]  success
20181014 23:00:57 *****DEBUG*****../../apps/lua/scripts/database/mysql_auth_center.lua:15  
connect to auth center db sucess!!!
20181014 23:01:21 *****DEBUG*****../../apps/lua/scripts/auth_server/auth_service.lua:14  
*********on_auth_recv_cmd********
20181014 23:01:21 *****DEBUG*****../../apps/lua/scripts/auth_server/auth_service.lua:15  
1	5	1
20181014 23:01:21 *****DEBUG*****../../apps/lua/scripts/auth_server/guest.lua:13  
1	1	1	uDWvSYBkiM3ETVxkKI1oNzpvW0ultSIb
20181014 23:01:21 *****DEBUG*****../../apps/lua/scripts/auth_server/guest.lua:70  
16	gst101126
20181014 23:02:43 *****DEBUG*****../../apps/lua/scripts/auth_server/auth_service.lua:14  
*********on_auth_recv_cmd********
20181014 23:02:43 *****DEBUG*****../../apps/lua/scripts/auth_server/auth_service.lua:15  
1	5	5
20181014 23:02:43 *****DEBUG*****../../apps/lua/scripts/auth_server/edit_profile.lua:12  
***do_edit_profile****
20181014 23:02:43 *****DEBUG*****../../apps/lua/scripts/auth_server/edit_profile.lua:13  
16	gst1011	6	0
20181014 23:02:43 !!!!!ERROR!!!!! e:\vs_project\moba_game_server\moba_server\lua_wrapper\service_export_to_lua.cc:109  
[LUA ERROR] ../../apps/lua/scripts/auth_server/edit_profile.lua:40: attempt to call a nil value (field 'edit_profile')
