20181015 10:08:46 *****DEBUG*****../../apps/lua/scripts/auth_server/main.lua:32  
Auth Server Start At8000
20181015 10:08:46 *****DEBUG*****../../apps/lua/scripts/auth_server/main.lua:38  
register Auth Service[1]  success
20181015 10:08:46 *****DEBUG*****../../apps/lua/scripts/database/mysql_auth_center.lua:15  
connect to auth center db sucess!!!
20181015 10:09:08 *****DEBUG*****../../apps/lua/scripts/auth_server/auth_service.lua:14  
*********on_auth_recv_cmd********
20181015 10:09:08 *****DEBUG*****../../apps/lua/scripts/auth_server/auth_service.lua:15  
1	5	1
20181015 10:09:08 *****DEBUG*****../../apps/lua/scripts/auth_server/guest.lua:13  
1	1	1	uDWvSYBkiM3ETVxkKI1oNzpvW0ultSIb
20181015 10:09:08 *****DEBUG*****../../apps/lua/scripts/auth_server/guest.lua:70  
16	gst101126
20181015 10:09:16 *****DEBUG*****../../apps/lua/scripts/auth_server/auth_service.lua:14  
*********on_auth_recv_cmd********
20181015 10:09:16 *****DEBUG*****../../apps/lua/scripts/auth_server/auth_service.lua:15  
1	5	5
20181015 10:09:16 *****DEBUG*****../../apps/lua/scripts/auth_server/edit_profile.lua:12  
***do_edit_profile****
20181015 10:09:16 *****DEBUG*****../../apps/lua/scripts/auth_server/edit_profile.lua:13  
16	gst101126sss	6	0
20181015 10:09:16 *****DEBUG*****../../apps/lua/scripts/auth_server/edit_profile.lua:43  
mysql_center.edit_profile nil
20181015 10:09:16 !!!!!ERROR!!!!! e:\vs_project\moba_game_server\moba_server\lua_wrapper\service_export_to_lua.cc:109  
[LUA ERROR] ../../apps/lua/scripts/auth_server/edit_profile.lua:48: attempt to call a nil value (field 'edit_profile')
20181015 10:14:24 *****DEBUG*****../../apps/lua/scripts/auth_server/main.lua:32  
Auth Server Start At8000
20181015 10:14:24 *****DEBUG*****../../apps/lua/scripts/auth_server/main.lua:38  
register Auth Service[1]  success
20181015 10:14:24 *****DEBUG*****../../apps/lua/scripts/database/mysql_auth_center.lua:15  
connect to auth center db sucess!!!
20181015 10:14:34 *****DEBUG*****../../apps/lua/scripts/auth_server/auth_service.lua:14  
*********on_auth_recv_cmd********
20181015 10:14:34 *****DEBUG*****../../apps/lua/scripts/auth_server/auth_service.lua:15  
1	5	1
20181015 10:14:34 *****DEBUG*****../../apps/lua/scripts/auth_server/guest.lua:13  
1	1	1	uDWvSYBkiM3ETVxkKI1oNzpvW0ultSIb
20181015 10:14:34 *****DEBUG*****../../apps/lua/scripts/auth_server/guest.lua:70  
16	gst101126
20181015 10:14:44 *****DEBUG*****../../apps/lua/scripts/auth_server/auth_service.lua:14  
*********on_auth_recv_cmd********
20181015 10:14:44 *****DEBUG*****../../apps/lua/scripts/auth_server/auth_service.lua:15  
1	5	5
20181015 10:14:44 *****DEBUG*****../../apps/lua/scripts/auth_server/edit_profile.lua:12  
***do_edit_profile****
20181015 10:14:44 *****DEBUG*****../../apps/lua/scripts/auth_server/edit_profile.lua:13  
16	gst101126dd	6	0
20181015 10:17:02 *****DEBUG*****../../apps/lua/scripts/auth_server/auth_service.lua:14  
*********on_auth_recv_cmd********
20181015 10:17:02 *****DEBUG*****../../apps/lua/scripts/auth_server/auth_service.lua:15  
1	5	5
20181015 10:17:02 *****DEBUG*****../../apps/lua/scripts/auth_server/edit_profile.lua:12  
***do_edit_profile****
20181015 10:17:02 *****DEBUG*****../../apps/lua/scripts/auth_server/edit_profile.lua:13  
16	gst101126dd	3	0
20181015 10:25:41 *****DEBUG*****../../apps/lua/scripts/auth_server/auth_service.lua:14  
*********on_auth_recv_cmd********
20181015 10:25:41 *****DEBUG*****../../apps/lua/scripts/auth_server/auth_service.lua:15  
1	5	7
20181015 17:29:53 *****DEBUG*****../../apps/lua/scripts/auth_server/main.lua:32  
Auth Server Start At8000
20181015 17:29:53 !!!!!ERROR!!!!! trunk:0  
error loading module 'auth_server/auth_service' from file '../../apps/lua/scripts/auth_server/auth_service.lua':
	../../apps/lua/scripts/auth_server/auth_service.lua:11: unexpected symbol near '='
20181015 17:29:53 *****DEBUG*****../../apps/lua/scripts/database/mysql_auth_center.lua:15  
connect to auth center db sucess!!!
20181015 17:31:40 *****DEBUG*****../../apps/lua/scripts/auth_server/main.lua:32  
Auth Server Start At8000
20181015 17:31:40 !!!!!ERROR!!!!! trunk:0  
error loading module 'auth_server/auth_service' from file '../../apps/lua/scripts/auth_server/auth_service.lua':
	../../apps/lua/scripts/auth_server/auth_service.lua:11: unexpected symbol near '='
20181015 17:31:40 *****DEBUG*****../../apps/lua/scripts/database/mysql_auth_center.lua:15  
connect to auth center db sucess!!!
20181015 17:32:29 *****DEBUG*****../../apps/lua/scripts/auth_server/main.lua:32  
Auth Server Start At8000
20181015 17:32:29 !!!!!ERROR!!!!! trunk:0  
../../apps/lua/scripts/auth_server/auth_service.lua:11: attempt to index a nil value (global 'account_upgrade')
20181015 17:32:29 *****DEBUG*****../../apps/lua/scripts/database/mysql_auth_center.lua:15  
connect to auth center db sucess!!!
20181015 17:33:33 *****DEBUG*****../../apps/lua/scripts/auth_server/main.lua:32  
Auth Server Start At8000
20181015 17:33:33 !!!!!ERROR!!!!! trunk:0  
../../apps/lua/scripts/auth_server/account_upgrade.lua:2: module 'database/mysql_center_auth_center' not found:
	no field package.preload['database/mysql_center_auth_center']
	no file 'E:\VS_Project\moba_game_server\moba_server\build\bin\lua\database/mysql_center_auth_center.lua'
	no file 'E:\VS_Project\moba_game_server\moba_server\build\bin\lua\database/mysql_center_auth_center\init.lua'
	no file 'E:\VS_Project\moba_game_server\moba_server\build\bin\database/mysql_center_auth_center.lua'
	no file 'E:\VS_Project\moba_game_server\moba_server\build\bin\database/mysql_center_auth_center\init.lua'
	no file 'E:\VS_Project\moba_game_server\moba_server\build\bin\..\share\lua\5.3\database/mysql_center_auth_center.lua'
	no file 'E:\VS_Project\moba_game_server\moba_server\build\bin\..\share\lua\5.3\database/mysql_center_auth_center\init.lua'
	no file '.\database/mysql_center_auth_center.lua'
	no file '.\database/mysql_center_auth_center\init.lua'
	no file '../../apps/lua/scripts/database/mysql_center_auth_center.lua'
	no file '../../apps/lua/scripts/database/mysql_center_auth_center/init.lua'
	no file 'E:\VS_Project\moba_game_server\moba_server\build\bin\database/mysql_center_auth_center.dll'
	no file 'E:\VS_Project\moba_game_server\moba_server\build\bin\..\lib\lua\5.3\database/mysql_center_auth_center.dll'
	no file 'E:\VS_Project\moba_game_server\moba_server\build\bin\loadall.dll'
	no file '.\database/mysql_center_auth_center.dll'
20181015 17:33:33 *****DEBUG*****../../apps/lua/scripts/database/mysql_auth_center.lua:15  
connect to auth center db sucess!!!
20181015 17:34:30 *****DEBUG*****../../apps/lua/scripts/auth_server/main.lua:32  
Auth Server Start At8000
20181015 17:34:30 *****DEBUG*****../../apps/lua/scripts/auth_server/main.lua:38  
register Auth Service[1]  success
20181015 17:34:30 *****DEBUG*****../../apps/lua/scripts/database/mysql_auth_center.lua:15  
connect to auth center db sucess!!!
20181015 17:34:42 *****DEBUG*****../../apps/lua/scripts/auth_server/auth_service.lua:14  
*********on_auth_recv_cmd********
20181015 17:34:42 *****DEBUG*****../../apps/lua/scripts/auth_server/auth_service.lua:15  
1	5	1
20181015 17:34:42 *****DEBUG*****../../apps/lua/scripts/auth_server/guest.lua:13  
1	1	1	uDWvSYBkiM3ETVxkKI1oNzpvW0ultSIb
20181015 17:34:42 *****DEBUG*****../../apps/lua/scripts/auth_server/guest.lua:70  
16	gst101126dd
20181015 17:35:00 *****DEBUG*****../../apps/lua/scripts/auth_server/auth_service.lua:14  
*********on_auth_recv_cmd********
20181015 17:35:00 *****DEBUG*****../../apps/lua/scripts/auth_server/auth_service.lua:15  
1	5	7
20181015 17:35:00 !!!!!ERROR!!!!! e:\vs_project\moba_game_server\moba_server\lua_wrapper\lua_wrapper.cc:329  
[LUA ERROR] ../../apps/lua/scripts/auth_server/account_upgrade.lua:26: attempt to call a nil value (field 'get_uinfo_by_uid')
20181015 17:46:13 *****DEBUG*****../../apps/lua/scripts/auth_server/main.lua:32  
Auth Server Start At8000
20181015 17:46:13 *****DEBUG*****../../apps/lua/scripts/auth_server/main.lua:38  
register Auth Service[1]  success
20181015 17:46:13 *****DEBUG*****../../apps/lua/scripts/database/mysql_auth_center.lua:15  
connect to auth center db sucess!!!
20181015 17:46:26 *****DEBUG*****../../apps/lua/scripts/auth_server/auth_service.lua:14  
*********on_auth_recv_cmd********
20181015 17:46:26 *****DEBUG*****../../apps/lua/scripts/auth_server/auth_service.lua:15  
1	5	1
20181015 17:46:26 *****DEBUG*****../../apps/lua/scripts/auth_server/guest.lua:13  
1	1	2	uDWvSYBkiM3ETVxkKI1oNzpvW0ultSIb
20181015 17:46:26 *****DEBUG*****../../apps/lua/scripts/auth_server/guest.lua:70  
16	gst101126dd
20181015 17:46:34 *****DEBUG*****../../apps/lua/scripts/auth_server/auth_service.lua:14  
*********on_auth_recv_cmd********
20181015 17:46:34 *****DEBUG*****../../apps/lua/scripts/auth_server/auth_service.lua:15  
1	5	7
20181015 17:46:34 !!!!!ERROR!!!!! e:\vs_project\moba_game_server\moba_server\lua_wrapper\lua_wrapper.cc:329  
[LUA ERROR] ../../apps/lua/scripts/auth_server/account_upgrade.lua:73: attempt to index a nil value (global 'status')
20181015 17:46:34 !!!!!ERROR!!!!! e:\vs_project\moba_game_server\moba_server\lua_wrapper\lua_wrapper.cc:329  
[LUA ERROR] ../../apps/lua/scripts/database/mysql_auth_center.lua:147: attempt to call a nil value (global 's')
20181015 17:50:24 *****DEBUG*****../../apps/lua/scripts/auth_server/main.lua:32  
Auth Server Start At8000
20181015 17:50:24 *****DEBUG*****../../apps/lua/scripts/auth_server/main.lua:38  
register Auth Service[1]  success
20181015 17:50:24 *****DEBUG*****../../apps/lua/scripts/database/mysql_auth_center.lua:15  
connect to auth center db sucess!!!
20181015 17:50:31 *****DEBUG*****../../apps/lua/scripts/auth_server/auth_service.lua:14  
*********on_auth_recv_cmd********
20181015 17:50:31 *****DEBUG*****../../apps/lua/scripts/auth_server/auth_service.lua:15  
1	5	1
20181015 17:50:31 *****DEBUG*****../../apps/lua/scripts/auth_server/guest.lua:13  
1	1	1	uDWvSYBkiM3ETVxkKI1oNzpvW0ultSIb
20181015 17:50:31 *****DEBUG*****../../apps/lua/scripts/auth_server/guest.lua:70  
16	gst101126dd
20181015 17:50:43 *****DEBUG*****../../apps/lua/scripts/auth_server/auth_service.lua:14  
*********on_auth_recv_cmd********
20181015 17:50:43 *****DEBUG*****../../apps/lua/scripts/auth_server/auth_service.lua:15  
1	5	7
20181015 17:50:43 !!!!!ERROR!!!!! e:\vs_project\moba_game_server\moba_server\lua_wrapper\lua_wrapper.cc:329  
[LUA ERROR] ../../apps/lua/scripts/auth_server/account_upgrade.lua:73: attempt to index a nil value (global 'status')
20181015 17:50:43 !!!!!ERROR!!!!! e:\vs_project\moba_game_server\moba_server\lua_wrapper\lua_wrapper.cc:329  
[LUA ERROR] ../../apps/lua/scripts/auth_server/account_upgrade.lua:18: attempt to index a nil value (global 'status')
20181015 18:00:36 *****DEBUG*****../../apps/lua/scripts/auth_server/main.lua:32  
Auth Server Start At8000
20181015 18:00:36 *****DEBUG*****../../apps/lua/scripts/auth_server/main.lua:38  
register Auth Service[1]  success
20181015 18:00:36 *****DEBUG*****../../apps/lua/scripts/database/mysql_auth_center.lua:15  
connect to auth center db sucess!!!
20181015 18:00:59 *****DEBUG*****../../apps/lua/scripts/auth_server/auth_service.lua:14  
*********on_auth_recv_cmd********
20181015 18:00:59 *****DEBUG*****../../apps/lua/scripts/auth_server/auth_service.lua:15  
1	5	1
20181015 18:00:59 *****DEBUG*****../../apps/lua/scripts/auth_server/guest.lua:13  
1	1	1	uDWvSYBkiM3ETVxkKI1oNzpvW0ultSIb
20181015 18:01:06 *****DEBUG*****../../apps/lua/scripts/auth_server/auth_service.lua:14  
*********on_auth_recv_cmd********
20181015 18:01:06 *****DEBUG*****../../apps/lua/scripts/auth_server/auth_service.lua:15  
1	5	1
20181015 18:01:06 *****DEBUG*****../../apps/lua/scripts/auth_server/guest.lua:13  
1	1	1	uDWvSYBkiM3ETVxkKI1oNzpvW0ultSIb
20181015 18:01:25 *****DEBUG*****../../apps/lua/scripts/auth_server/auth_service.lua:14  
*********on_auth_recv_cmd********
20181015 18:01:25 *****DEBUG*****../../apps/lua/scripts/auth_server/auth_service.lua:15  
1	5	1
20181015 18:01:25 *****DEBUG*****../../apps/lua/scripts/auth_server/guest.lua:13  
1	1	2	uDWvSYBkiM3ETVxkKI1oNzpvW0ultSIb
