20181231 11:34:49 *****DEBUG*****../../apps/lua/scripts/auth_server/main.lua:32  
Auth Server Start At8000
20181231 11:34:50 *****DEBUG*****../../apps/lua/scripts/auth_server/main.lua:38  
register Auth Service[1]  success
20181231 11:34:50 *****DEBUG*****../../apps/lua/scripts/database/redis_center.lua:24  
connect to redis center db success!!!!
20181231 11:34:50 *****DEBUG*****../../apps/lua/scripts/database/mysql_auth_center.lua:22  
connect to auth center db sucess!!!
20181231 11:35:31 *****DEBUG*****../../apps/lua/scripts/auth_server/auth_service.lua:19  
*********on_auth_recv_cmd********
20181231 11:35:31 *****DEBUG*****../../apps/lua/scripts/auth_server/auth_service.lua:20  
ctype:	9
20181231 11:35:31 *****DEBUG*****../../apps/lua/scripts/auth_server/uname_login.lua:58  
user login sucess!:	gst101126	3	0	0	17
20181231 11:36:47 *****DEBUG*****../../apps/lua/scripts/auth_server/auth_service.lua:19  
*********on_auth_recv_cmd********
20181231 11:36:47 *****DEBUG*****../../apps/lua/scripts/auth_server/auth_service.lua:20  
ctype:	4
20181231 11:39:15 *****DEBUG*****../../apps/lua/scripts/auth_server/main.lua:32  
Auth Server Start At8000
20181231 11:39:15 *****DEBUG*****../../apps/lua/scripts/auth_server/main.lua:38  
register Auth Service[1]  success
20181231 11:39:15 *****DEBUG*****../../apps/lua/scripts/database/mysql_auth_center.lua:22  
connect to auth center db sucess!!!
20181231 11:39:15 *****DEBUG*****../../apps/lua/scripts/database/redis_center.lua:24  
connect to redis center db success!!!!
20181231 11:39:29 *****DEBUG*****../../apps/lua/scripts/auth_server/auth_service.lua:19  
*********on_auth_recv_cmd********
20181231 11:39:29 *****DEBUG*****../../apps/lua/scripts/auth_server/auth_service.lua:20  
ctype:	9
20181231 11:39:29 *****DEBUG*****../../apps/lua/scripts/auth_server/uname_login.lua:58  
user login sucess!:	gst101126	3	0	0	17
20181231 11:44:55 *****DEBUG*****../../apps/lua/scripts/auth_server/main.lua:32  
Auth Server Start At8000
20181231 11:44:55 *****DEBUG*****../../apps/lua/scripts/auth_server/main.lua:38  
register Auth Service[1]  success
20181231 11:44:55 *****DEBUG*****../../apps/lua/scripts/database/mysql_auth_center.lua:22  
connect to auth center db sucess!!!
20181231 11:44:55 *****DEBUG*****../../apps/lua/scripts/database/redis_center.lua:24  
connect to redis center db success!!!!
20181231 11:45:13 *****DEBUG*****../../apps/lua/scripts/auth_server/auth_service.lua:19  
*********on_auth_recv_cmd********
20181231 11:45:13 *****DEBUG*****../../apps/lua/scripts/auth_server/auth_service.lua:20  
ctype:	9
20181231 11:45:13 *****DEBUG*****../../apps/lua/scripts/auth_server/uname_login.lua:58  
user login sucess!:	gst101126	3	0	0	17
20181231 11:45:39 *****DEBUG*****../../apps/lua/scripts/auth_server/auth_service.lua:19  
*********on_auth_recv_cmd********
20181231 11:45:39 *****DEBUG*****../../apps/lua/scripts/auth_server/auth_service.lua:20  
ctype:	4
20181231 11:47:06 *****DEBUG*****../../apps/lua/scripts/auth_server/main.lua:32  
Auth Server Start At8000
20181231 11:47:06 *****DEBUG*****../../apps/lua/scripts/auth_server/main.lua:38  
register Auth Service[1]  success
20181231 11:47:06 *****DEBUG*****../../apps/lua/scripts/database/mysql_auth_center.lua:22  
connect to auth center db sucess!!!
20181231 11:47:06 *****DEBUG*****../../apps/lua/scripts/database/redis_center.lua:24  
connect to redis center db success!!!!
20181231 11:48:35 *****DEBUG*****../../apps/lua/scripts/auth_server/auth_service.lua:19  
*********on_auth_recv_cmd********
20181231 11:48:35 *****DEBUG*****../../apps/lua/scripts/auth_server/auth_service.lua:20  
ctype:	9
20181231 11:48:35 *****DEBUG*****../../apps/lua/scripts/auth_server/uname_login.lua:58  
user login sucess!:	gst101126	3	0	0	17
20181231 11:50:30 *****DEBUG*****../../apps/lua/scripts/auth_server/auth_service.lua:19  
*********on_auth_recv_cmd********
20181231 11:50:30 *****DEBUG*****../../apps/lua/scripts/auth_server/auth_service.lua:20  
ctype:	4
20181231 11:50:36 *****DEBUG*****../../apps/lua/scripts/auth_server/main.lua:32  
Auth Server Start At8000
20181231 11:50:36 *****DEBUG*****../../apps/lua/scripts/auth_server/main.lua:38  
register Auth Service[1]  success
20181231 11:50:36 *****DEBUG*****../../apps/lua/scripts/database/mysql_auth_center.lua:22  
connect to auth center db sucess!!!
20181231 11:50:36 *****DEBUG*****../../apps/lua/scripts/database/redis_center.lua:24  
connect to redis center db success!!!!
20181231 11:50:57 *****DEBUG*****../../apps/lua/scripts/auth_server/auth_service.lua:19  
*********on_auth_recv_cmd********
20181231 11:50:57 *****DEBUG*****../../apps/lua/scripts/auth_server/auth_service.lua:20  
ctype:	9
20181231 11:50:57 *****DEBUG*****../../apps/lua/scripts/auth_server/uname_login.lua:58  
user login sucess!:	gst101126	3	0	0	17
20181231 11:51:22 *****DEBUG*****../../apps/lua/scripts/auth_server/auth_service.lua:19  
*********on_auth_recv_cmd********
20181231 11:51:22 *****DEBUG*****../../apps/lua/scripts/auth_server/auth_service.lua:20  
ctype:	4
20181231 11:52:22 *****DEBUG*****../../apps/lua/scripts/auth_server/main.lua:32  
Auth Server Start At8000
20181231 11:52:22 *****DEBUG*****../../apps/lua/scripts/auth_server/main.lua:38  
register Auth Service[1]  success
20181231 11:52:22 *****DEBUG*****../../apps/lua/scripts/database/mysql_auth_center.lua:22  
connect to auth center db sucess!!!
20181231 11:52:22 *****DEBUG*****../../apps/lua/scripts/database/redis_center.lua:24  
connect to redis center db success!!!!
20181231 11:52:29 *****DEBUG*****../../apps/lua/scripts/auth_server/auth_service.lua:19  
*********on_auth_recv_cmd********
20181231 11:52:29 *****DEBUG*****../../apps/lua/scripts/auth_server/auth_service.lua:20  
ctype:	9
20181231 11:52:29 *****DEBUG*****../../apps/lua/scripts/auth_server/uname_login.lua:58  
user login sucess!:	gst101126	3	0	0	17
20181231 11:52:48 *****DEBUG*****../../apps/lua/scripts/auth_server/auth_service.lua:19  
*********on_auth_recv_cmd********
20181231 11:52:48 *****DEBUG*****../../apps/lua/scripts/auth_server/auth_service.lua:20  
ctype:	4
20181231 11:52:54 *****DEBUG*****../../apps/lua/scripts/auth_server/main.lua:32  
Auth Server Start At8000
20181231 11:52:54 *****DEBUG*****../../apps/lua/scripts/auth_server/main.lua:38  
register Auth Service[1]  success
20181231 11:52:54 *****DEBUG*****../../apps/lua/scripts/database/mysql_auth_center.lua:22  
connect to auth center db sucess!!!
20181231 11:52:54 *****DEBUG*****../../apps/lua/scripts/database/redis_center.lua:24  
connect to redis center db success!!!!
20181231 11:53:22 *****DEBUG*****../../apps/lua/scripts/auth_server/main.lua:32  
Auth Server Start At8000
20181231 11:53:22 *****DEBUG*****../../apps/lua/scripts/auth_server/main.lua:38  
register Auth Service[1]  success
20181231 11:53:22 *****DEBUG*****../../apps/lua/scripts/database/mysql_auth_center.lua:22  
connect to auth center db sucess!!!
20181231 11:53:22 *****DEBUG*****../../apps/lua/scripts/database/redis_center.lua:24  
connect to redis center db success!!!!
20181231 11:53:58 *****DEBUG*****../../apps/lua/scripts/auth_server/auth_service.lua:19  
*********on_auth_recv_cmd********
20181231 11:53:58 *****DEBUG*****../../apps/lua/scripts/auth_server/auth_service.lua:20  
ctype:	9
20181231 11:53:58 *****DEBUG*****../../apps/lua/scripts/auth_server/uname_login.lua:58  
user login sucess!:	gst101126	3	0	0	17
20181231 11:58:14 *****DEBUG*****../../apps/lua/scripts/auth_server/auth_service.lua:19  
*********on_auth_recv_cmd********
20181231 11:58:14 *****DEBUG*****../../apps/lua/scripts/auth_server/auth_service.lua:20  
ctype:	4
20181231 11:58:21 *****DEBUG*****../../apps/lua/scripts/auth_server/main.lua:32  
Auth Server Start At8000
20181231 11:58:21 *****DEBUG*****../../apps/lua/scripts/auth_server/main.lua:38  
register Auth Service[1]  success
20181231 11:58:21 *****DEBUG*****../../apps/lua/scripts/database/mysql_auth_center.lua:22  
connect to auth center db sucess!!!
20181231 11:58:21 *****DEBUG*****../../apps/lua/scripts/database/redis_center.lua:24  
connect to redis center db success!!!!
20181231 11:58:33 *****DEBUG*****../../apps/lua/scripts/auth_server/auth_service.lua:19  
*********on_auth_recv_cmd********
20181231 11:58:33 *****DEBUG*****../../apps/lua/scripts/auth_server/auth_service.lua:20  
ctype:	9
20181231 11:58:33 *****DEBUG*****../../apps/lua/scripts/auth_server/uname_login.lua:58  
user login sucess!:	gst101126	3	0	0	17
20181231 12:00:48 *****DEBUG*****../../apps/lua/scripts/auth_server/main.lua:32  
Auth Server Start At8000
20181231 12:00:48 *****DEBUG*****../../apps/lua/scripts/auth_server/main.lua:38  
register Auth Service[1]  success
20181231 12:00:48 *****DEBUG*****../../apps/lua/scripts/database/mysql_auth_center.lua:22  
connect to auth center db sucess!!!
20181231 12:00:48 *****DEBUG*****../../apps/lua/scripts/database/redis_center.lua:24  
connect to redis center db success!!!!
20181231 12:01:09 *****DEBUG*****../../apps/lua/scripts/auth_server/auth_service.lua:19  
*********on_auth_recv_cmd********
20181231 12:01:09 *****DEBUG*****../../apps/lua/scripts/auth_server/auth_service.lua:20  
ctype:	9
20181231 12:01:09 *****DEBUG*****../../apps/lua/scripts/auth_server/uname_login.lua:58  
user login sucess!:	gst101126	3	0	0	17
20181231 12:01:36 *****DEBUG*****../../apps/lua/scripts/auth_server/auth_service.lua:19  
*********on_auth_recv_cmd********
20181231 12:01:36 *****DEBUG*****../../apps/lua/scripts/auth_server/auth_service.lua:20  
ctype:	4
20181231 12:37:23 *****DEBUG*****../../apps/lua/scripts/auth_server/auth_service.lua:19  
*********on_auth_recv_cmd********
20181231 12:37:23 *****DEBUG*****../../apps/lua/scripts/auth_server/auth_service.lua:20  
ctype:	9
20181231 12:37:23 *****DEBUG*****../../apps/lua/scripts/auth_server/uname_login.lua:58  
user login sucess!:	gst101126	3	0	0	17
20181231 12:37:51 *****DEBUG*****../../apps/lua/scripts/auth_server/auth_service.lua:19  
*********on_auth_recv_cmd********
20181231 12:37:51 *****DEBUG*****../../apps/lua/scripts/auth_server/auth_service.lua:20  
ctype:	4
20181231 12:48:06 *****DEBUG*****../../apps/lua/scripts/auth_server/main.lua:32  
Auth Server Start At8000
20181231 12:48:06 *****DEBUG*****../../apps/lua/scripts/auth_server/main.lua:38  
register Auth Service[1]  success
20181231 12:48:06 *****DEBUG*****../../apps/lua/scripts/database/mysql_auth_center.lua:22  
connect to auth center db sucess!!!
20181231 12:48:06 *****DEBUG*****../../apps/lua/scripts/database/redis_center.lua:24  
connect to redis center db success!!!!
20181231 12:48:28 *****DEBUG*****../../apps/lua/scripts/auth_server/auth_service.lua:19  
*********on_auth_recv_cmd********
20181231 12:48:28 *****DEBUG*****../../apps/lua/scripts/auth_server/auth_service.lua:20  
ctype:	9
20181231 12:48:28 *****DEBUG*****../../apps/lua/scripts/auth_server/uname_login.lua:58  
user login sucess!:	gst101126	3	0	0	17
20181231 12:51:57 *****DEBUG*****../../apps/lua/scripts/auth_server/main.lua:32  
Auth Server Start At8000
20181231 12:51:57 *****DEBUG*****../../apps/lua/scripts/auth_server/main.lua:38  
register Auth Service[1]  success
20181231 12:51:57 *****DEBUG*****../../apps/lua/scripts/database/mysql_auth_center.lua:22  
connect to auth center db sucess!!!
20181231 12:51:57 *****DEBUG*****../../apps/lua/scripts/database/redis_center.lua:24  
connect to redis center db success!!!!
20181231 12:52:42 *****DEBUG*****../../apps/lua/scripts/auth_server/auth_service.lua:19  
*********on_auth_recv_cmd********
20181231 12:52:42 *****DEBUG*****../../apps/lua/scripts/auth_server/auth_service.lua:20  
ctype:	9
20181231 12:52:42 *****DEBUG*****../../apps/lua/scripts/auth_server/uname_login.lua:58  
user login sucess!:	gst101126	3	0	0	17
20181231 13:01:43 *****DEBUG*****../../apps/lua/scripts/auth_server/main.lua:32  
Auth Server Start At8000
20181231 13:01:43 *****DEBUG*****../../apps/lua/scripts/auth_server/main.lua:38  
register Auth Service[1]  success
20181231 13:01:43 *****DEBUG*****../../apps/lua/scripts/database/mysql_auth_center.lua:22  
connect to auth center db sucess!!!
20181231 13:01:43 *****DEBUG*****../../apps/lua/scripts/database/redis_center.lua:24  
connect to redis center db success!!!!
20181231 13:01:50 *****DEBUG*****../../apps/lua/scripts/auth_server/auth_service.lua:19  
*********on_auth_recv_cmd********
20181231 13:01:50 *****DEBUG*****../../apps/lua/scripts/auth_server/auth_service.lua:20  
ctype:	9
20181231 13:01:50 *****DEBUG*****../../apps/lua/scripts/auth_server/uname_login.lua:58  
user login sucess!:	gst101126	3	0	0	17
20181231 13:02:13 *****DEBUG*****../../apps/lua/scripts/auth_server/auth_service.lua:19  
*********on_auth_recv_cmd********
20181231 13:02:13 *****DEBUG*****../../apps/lua/scripts/auth_server/auth_service.lua:20  
ctype:	4
20181231 13:04:20 *****DEBUG*****../../apps/lua/scripts/auth_server/main.lua:32  
Auth Server Start At8000
20181231 13:04:20 *****DEBUG*****../../apps/lua/scripts/auth_server/main.lua:38  
register Auth Service[1]  success
20181231 13:04:20 *****DEBUG*****../../apps/lua/scripts/database/mysql_auth_center.lua:22  
connect to auth center db sucess!!!
20181231 13:04:20 *****DEBUG*****../../apps/lua/scripts/database/redis_center.lua:24  
connect to redis center db success!!!!
20181231 13:04:28 *****DEBUG*****../../apps/lua/scripts/auth_server/auth_service.lua:19  
*********on_auth_recv_cmd********
20181231 13:04:28 *****DEBUG*****../../apps/lua/scripts/auth_server/auth_service.lua:20  
ctype:	9
20181231 13:04:28 *****DEBUG*****../../apps/lua/scripts/auth_server/uname_login.lua:58  
user login sucess!:	gst101126	3	0	0	17
20181231 13:05:07 *****DEBUG*****../../apps/lua/scripts/auth_server/auth_service.lua:19  
*********on_auth_recv_cmd********
20181231 13:05:07 *****DEBUG*****../../apps/lua/scripts/auth_server/auth_service.lua:20  
ctype:	4
20181231 13:28:33 *****DEBUG*****../../apps/lua/scripts/auth_server/main.lua:32  
Auth Server Start At8000
20181231 13:28:33 *****DEBUG*****../../apps/lua/scripts/auth_server/main.lua:38  
register Auth Service[1]  success
20181231 13:28:33 *****DEBUG*****../../apps/lua/scripts/database/mysql_auth_center.lua:22  
connect to auth center db sucess!!!
20181231 13:28:33 *****DEBUG*****../../apps/lua/scripts/database/redis_center.lua:24  
connect to redis center db success!!!!
20181231 13:29:19 *****DEBUG*****../../apps/lua/scripts/auth_server/auth_service.lua:19  
*********on_auth_recv_cmd********
20181231 13:29:19 *****DEBUG*****../../apps/lua/scripts/auth_server/auth_service.lua:20  
ctype:	9
20181231 13:29:19 *****DEBUG*****../../apps/lua/scripts/auth_server/uname_login.lua:58  
user login sucess!:	gst101126	3	0	0	17
20181231 13:54:37 *****DEBUG*****../../apps/lua/scripts/auth_server/main.lua:32  
Auth Server Start At8000
20181231 13:54:37 *****DEBUG*****../../apps/lua/scripts/auth_server/main.lua:38  
register Auth Service[1]  success
20181231 13:54:37 *****DEBUG*****../../apps/lua/scripts/database/mysql_auth_center.lua:22  
connect to auth center db sucess!!!
20181231 13:54:37 *****DEBUG*****../../apps/lua/scripts/database/redis_center.lua:24  
connect to redis center db success!!!!
20181231 13:55:12 *****DEBUG*****../../apps/lua/scripts/auth_server/auth_service.lua:19  
*********on_auth_recv_cmd********
20181231 13:55:12 *****DEBUG*****../../apps/lua/scripts/auth_server/auth_service.lua:20  
ctype:	9
20181231 13:55:12 *****DEBUG*****../../apps/lua/scripts/auth_server/uname_login.lua:58  
user login sucess!:	gst101126	3	0	0	17
20181231 13:56:53 *****DEBUG*****../../apps/lua/scripts/auth_server/auth_service.lua:19  
*********on_auth_recv_cmd********
20181231 13:56:53 *****DEBUG*****../../apps/lua/scripts/auth_server/auth_service.lua:20  
ctype:	4
20181231 14:00:25 *****DEBUG*****../../apps/lua/scripts/auth_server/main.lua:32  
Auth Server Start At8000
20181231 14:00:25 *****DEBUG*****../../apps/lua/scripts/auth_server/main.lua:38  
register Auth Service[1]  success
20181231 14:00:25 *****DEBUG*****../../apps/lua/scripts/database/mysql_auth_center.lua:22  
connect to auth center db sucess!!!
20181231 14:00:25 *****DEBUG*****../../apps/lua/scripts/database/redis_center.lua:24  
connect to redis center db success!!!!
20181231 14:00:55 *****DEBUG*****../../apps/lua/scripts/auth_server/auth_service.lua:19  
*********on_auth_recv_cmd********
20181231 14:00:55 *****DEBUG*****../../apps/lua/scripts/auth_server/auth_service.lua:20  
ctype:	9
20181231 14:00:55 *****DEBUG*****../../apps/lua/scripts/auth_server/uname_login.lua:58  
user login sucess!:	gst101126	3	0	0	17
20181231 14:01:05 *****DEBUG*****../../apps/lua/scripts/auth_server/auth_service.lua:19  
*********on_auth_recv_cmd********
20181231 14:01:05 *****DEBUG*****../../apps/lua/scripts/auth_server/auth_service.lua:20  
ctype:	9
20181231 14:01:05 *****DEBUG*****../../apps/lua/scripts/auth_server/uname_login.lua:58  
user login sucess!:	gst101126	3	0	0	17
20181231 14:01:10 *****DEBUG*****../../apps/lua/scripts/auth_server/auth_service.lua:19  
*********on_auth_recv_cmd********
20181231 14:01:10 *****DEBUG*****../../apps/lua/scripts/auth_server/auth_service.lua:20  
ctype:	9
20181231 14:01:10 *****DEBUG*****../../apps/lua/scripts/auth_server/uname_login.lua:58  
user login sucess!:	gst101126	3	0	0	17
20181231 14:01:15 *****DEBUG*****../../apps/lua/scripts/auth_server/auth_service.lua:19  
*********on_auth_recv_cmd********
20181231 14:01:15 *****DEBUG*****../../apps/lua/scripts/auth_server/auth_service.lua:20  
ctype:	9
20181231 14:01:15 *****DEBUG*****../../apps/lua/scripts/auth_server/uname_login.lua:58  
user login sucess!:	gst101126	3	0	0	17
20181231 14:01:15 *****DEBUG*****../../apps/lua/scripts/auth_server/auth_service.lua:19  
*********on_auth_recv_cmd********
20181231 14:01:15 *****DEBUG*****../../apps/lua/scripts/auth_server/auth_service.lua:20  
ctype:	9
20181231 14:01:15 *****DEBUG*****../../apps/lua/scripts/auth_server/uname_login.lua:58  
user login sucess!:	gst101126	3	0	0	17
20181231 14:01:15 *****DEBUG*****../../apps/lua/scripts/auth_server/auth_service.lua:19  
*********on_auth_recv_cmd********
20181231 14:01:15 *****DEBUG*****../../apps/lua/scripts/auth_server/auth_service.lua:20  
ctype:	9
20181231 14:01:15 *****DEBUG*****../../apps/lua/scripts/auth_server/uname_login.lua:58  
user login sucess!:	gst101126	3	0	0	17
20181231 14:01:15 *****DEBUG*****../../apps/lua/scripts/auth_server/auth_service.lua:19  
*********on_auth_recv_cmd********
20181231 14:01:16 *****DEBUG*****../../apps/lua/scripts/auth_server/auth_service.lua:20  
ctype:	9
20181231 14:01:16 *****DEBUG*****../../apps/lua/scripts/auth_server/uname_login.lua:58  
user login sucess!:	gst101126	3	0	0	17
20181231 14:01:24 *****DEBUG*****../../apps/lua/scripts/auth_server/auth_service.lua:19  
*********on_auth_recv_cmd********
20181231 14:01:24 *****DEBUG*****../../apps/lua/scripts/auth_server/auth_service.lua:20  
ctype:	4
20181231 14:01:34 *****DEBUG*****../../apps/lua/scripts/auth_server/auth_service.lua:19  
*********on_auth_recv_cmd********
20181231 14:01:34 *****DEBUG*****../../apps/lua/scripts/auth_server/auth_service.lua:20  
ctype:	9
20181231 14:01:34 *****DEBUG*****../../apps/lua/scripts/auth_server/uname_login.lua:58  
user login sucess!:	gst101126	3	0	0	17
20181231 14:01:53 *****DEBUG*****../../apps/lua/scripts/auth_server/auth_service.lua:19  
*********on_auth_recv_cmd********
20181231 14:01:53 *****DEBUG*****../../apps/lua/scripts/auth_server/auth_service.lua:20  
ctype:	9
20181231 14:01:53 *****DEBUG*****../../apps/lua/scripts/auth_server/uname_login.lua:58  
user login sucess!:	gst101126	3	0	0	17
20181231 14:02:02 *****DEBUG*****../../apps/lua/scripts/auth_server/main.lua:32  
Auth Server Start At8000
20181231 14:02:02 *****DEBUG*****../../apps/lua/scripts/auth_server/main.lua:38  
register Auth Service[1]  success
20181231 14:02:02 *****DEBUG*****../../apps/lua/scripts/database/mysql_auth_center.lua:22  
connect to auth center db sucess!!!
20181231 14:02:02 *****DEBUG*****../../apps/lua/scripts/database/redis_center.lua:24  
connect to redis center db success!!!!
20181231 14:04:54 *****DEBUG*****../../apps/lua/scripts/auth_server/auth_service.lua:19  
*********on_auth_recv_cmd********
20181231 14:04:54 *****DEBUG*****../../apps/lua/scripts/auth_server/auth_service.lua:20  
ctype:	9
20181231 14:04:54 *****DEBUG*****../../apps/lua/scripts/auth_server/uname_login.lua:58  
user login sucess!:	gst101126	3	0	0	17
20181231 14:05:19 *****DEBUG*****../../apps/lua/scripts/auth_server/auth_service.lua:19  
*********on_auth_recv_cmd********
20181231 14:05:19 *****DEBUG*****../../apps/lua/scripts/auth_server/auth_service.lua:20  
ctype:	9
20181231 14:05:19 *****DEBUG*****../../apps/lua/scripts/auth_server/uname_login.lua:58  
user login sucess!:	gst101126	3	0	0	17
20181231 14:05:19 *****DEBUG*****../../apps/lua/scripts/auth_server/auth_service.lua:19  
*********on_auth_recv_cmd********
20181231 14:05:19 *****DEBUG*****../../apps/lua/scripts/auth_server/auth_service.lua:20  
ctype:	9
20181231 14:05:19 *****DEBUG*****../../apps/lua/scripts/auth_server/uname_login.lua:58  
user login sucess!:	gst101126	3	0	0	17
20181231 14:05:19 *****DEBUG*****../../apps/lua/scripts/auth_server/auth_service.lua:19  
*********on_auth_recv_cmd********
20181231 14:05:19 *****DEBUG*****../../apps/lua/scripts/auth_server/auth_service.lua:20  
ctype:	9
20181231 14:05:19 *****DEBUG*****../../apps/lua/scripts/auth_server/uname_login.lua:58  
user login sucess!:	gst101126	3	0	0	17
20181231 14:05:20 *****DEBUG*****../../apps/lua/scripts/auth_server/auth_service.lua:19  
*********on_auth_recv_cmd********
20181231 14:05:20 *****DEBUG*****../../apps/lua/scripts/auth_server/auth_service.lua:20  
ctype:	9
20181231 14:05:20 *****DEBUG*****../../apps/lua/scripts/auth_server/uname_login.lua:58  
user login sucess!:	gst101126	3	0	0	17
20181231 14:05:20 *****DEBUG*****../../apps/lua/scripts/auth_server/auth_service.lua:19  
*********on_auth_recv_cmd********
20181231 14:05:20 *****DEBUG*****../../apps/lua/scripts/auth_server/auth_service.lua:20  
ctype:	9
20181231 14:05:20 *****DEBUG*****../../apps/lua/scripts/auth_server/uname_login.lua:58  
user login sucess!:	gst101126	3	0	0	17
20181231 14:05:20 *****DEBUG*****../../apps/lua/scripts/auth_server/auth_service.lua:19  
*********on_auth_recv_cmd********
20181231 14:05:20 *****DEBUG*****../../apps/lua/scripts/auth_server/auth_service.lua:20  
ctype:	9
20181231 14:05:20 *****DEBUG*****../../apps/lua/scripts/auth_server/uname_login.lua:58  
user login sucess!:	gst101126	3	0	0	17
20181231 14:05:20 *****DEBUG*****../../apps/lua/scripts/auth_server/auth_service.lua:19  
*********on_auth_recv_cmd********
20181231 14:05:20 *****DEBUG*****../../apps/lua/scripts/auth_server/auth_service.lua:20  
ctype:	9
20181231 14:05:20 *****DEBUG*****../../apps/lua/scripts/auth_server/uname_login.lua:58  
user login sucess!:	gst101126	3	0	0	17
20181231 14:05:20 *****DEBUG*****../../apps/lua/scripts/auth_server/auth_service.lua:19  
*********on_auth_recv_cmd********
20181231 14:05:20 *****DEBUG*****../../apps/lua/scripts/auth_server/auth_service.lua:20  
ctype:	9
20181231 14:05:20 *****DEBUG*****../../apps/lua/scripts/auth_server/uname_login.lua:58  
user login sucess!:	gst101126	3	0	0	17
20181231 14:05:20 *****DEBUG*****../../apps/lua/scripts/auth_server/auth_service.lua:19  
*********on_auth_recv_cmd********
20181231 14:05:21 *****DEBUG*****../../apps/lua/scripts/auth_server/auth_service.lua:20  
ctype:	9
20181231 14:05:21 *****DEBUG*****../../apps/lua/scripts/auth_server/uname_login.lua:58  
user login sucess!:	gst101126	3	0	0	17
20181231 14:05:21 *****DEBUG*****../../apps/lua/scripts/auth_server/auth_service.lua:19  
*********on_auth_recv_cmd********
20181231 14:05:21 *****DEBUG*****../../apps/lua/scripts/auth_server/auth_service.lua:20  
ctype:	9
20181231 14:05:21 *****DEBUG*****../../apps/lua/scripts/auth_server/uname_login.lua:58  
user login sucess!:	gst101126	3	0	0	17
20181231 14:05:21 *****DEBUG*****../../apps/lua/scripts/auth_server/auth_service.lua:19  
*********on_auth_recv_cmd********
20181231 14:05:21 *****DEBUG*****../../apps/lua/scripts/auth_server/auth_service.lua:20  
ctype:	9
20181231 14:05:21 *****DEBUG*****../../apps/lua/scripts/auth_server/uname_login.lua:58  
user login sucess!:	gst101126	3	0	0	17
20181231 14:05:21 *****DEBUG*****../../apps/lua/scripts/auth_server/auth_service.lua:19  
*********on_auth_recv_cmd********
20181231 14:05:21 *****DEBUG*****../../apps/lua/scripts/auth_server/auth_service.lua:20  
ctype:	9
20181231 14:05:21 *****DEBUG*****../../apps/lua/scripts/auth_server/uname_login.lua:58  
user login sucess!:	gst101126	3	0	0	17
20181231 14:05:21 *****DEBUG*****../../apps/lua/scripts/auth_server/auth_service.lua:19  
*********on_auth_recv_cmd********
20181231 14:05:21 *****DEBUG*****../../apps/lua/scripts/auth_server/auth_service.lua:20  
ctype:	9
20181231 14:05:21 *****DEBUG*****../../apps/lua/scripts/auth_server/uname_login.lua:58  
user login sucess!:	gst101126	3	0	0	17
20181231 14:05:21 *****DEBUG*****../../apps/lua/scripts/auth_server/auth_service.lua:19  
*********on_auth_recv_cmd********
20181231 14:05:21 *****DEBUG*****../../apps/lua/scripts/auth_server/auth_service.lua:20  
ctype:	9
20181231 14:05:21 *****DEBUG*****../../apps/lua/scripts/auth_server/uname_login.lua:58  
user login sucess!:	gst101126	3	0	0	17
20181231 14:05:22 *****DEBUG*****../../apps/lua/scripts/auth_server/auth_service.lua:19  
*********on_auth_recv_cmd********
20181231 14:05:22 *****DEBUG*****../../apps/lua/scripts/auth_server/auth_service.lua:20  
ctype:	9
20181231 14:05:22 *****DEBUG*****../../apps/lua/scripts/auth_server/uname_login.lua:58  
user login sucess!:	gst101126	3	0	0	17
20181231 14:05:22 *****DEBUG*****../../apps/lua/scripts/auth_server/auth_service.lua:19  
*********on_auth_recv_cmd********
20181231 14:05:22 *****DEBUG*****../../apps/lua/scripts/auth_server/auth_service.lua:20  
ctype:	9
20181231 14:05:22 *****DEBUG*****../../apps/lua/scripts/auth_server/uname_login.lua:58  
user login sucess!:	gst101126	3	0	0	17
20181231 14:05:25 *****DEBUG*****../../apps/lua/scripts/auth_server/auth_service.lua:19  
*********on_auth_recv_cmd********
20181231 14:05:25 *****DEBUG*****../../apps/lua/scripts/auth_server/auth_service.lua:20  
ctype:	4
20181231 14:05:46 *****DEBUG*****../../apps/lua/scripts/auth_server/auth_service.lua:19  
*********on_auth_recv_cmd********
20181231 14:05:46 *****DEBUG*****../../apps/lua/scripts/auth_server/auth_service.lua:20  
ctype:	9
20181231 14:05:46 *****DEBUG*****../../apps/lua/scripts/auth_server/uname_login.lua:58  
user login sucess!:	gst101126	3	0	0	17
20181231 14:07:08 *****DEBUG*****../../apps/lua/scripts/auth_server/auth_service.lua:19  
*********on_auth_recv_cmd********
20181231 14:07:08 *****DEBUG*****../../apps/lua/scripts/auth_server/auth_service.lua:20  
ctype:	4
20181231 14:07:16 *****DEBUG*****../../apps/lua/scripts/auth_server/main.lua:32  
Auth Server Start At8000
20181231 14:07:16 *****DEBUG*****../../apps/lua/scripts/auth_server/main.lua:38  
register Auth Service[1]  success
20181231 14:07:16 *****DEBUG*****../../apps/lua/scripts/database/redis_center.lua:24  
connect to redis center db success!!!!
20181231 14:07:16 *****DEBUG*****../../apps/lua/scripts/database/mysql_auth_center.lua:22  
connect to auth center db sucess!!!
20181231 14:07:29 *****DEBUG*****../../apps/lua/scripts/auth_server/auth_service.lua:19  
*********on_auth_recv_cmd********
20181231 14:07:29 *****DEBUG*****../../apps/lua/scripts/auth_server/auth_service.lua:20  
ctype:	9
20181231 14:07:29 *****DEBUG*****../../apps/lua/scripts/auth_server/uname_login.lua:58  
user login sucess!:	gst101126	3	0	0	17
20181231 14:07:36 *****DEBUG*****../../apps/lua/scripts/auth_server/auth_service.lua:19  
*********on_auth_recv_cmd********
20181231 14:07:36 *****DEBUG*****../../apps/lua/scripts/auth_server/auth_service.lua:20  
ctype:	4
20181231 14:09:32 *****DEBUG*****../../apps/lua/scripts/auth_server/main.lua:32  
Auth Server Start At8000
20181231 14:09:32 *****DEBUG*****../../apps/lua/scripts/auth_server/main.lua:38  
register Auth Service[1]  success
20181231 14:09:32 *****DEBUG*****../../apps/lua/scripts/database/mysql_auth_center.lua:22  
connect to auth center db sucess!!!
20181231 14:09:32 *****DEBUG*****../../apps/lua/scripts/database/redis_center.lua:24  
connect to redis center db success!!!!
20181231 14:13:56 *****DEBUG*****../../apps/lua/scripts/auth_server/main.lua:32  
Auth Server Start At8000
20181231 14:13:57 *****DEBUG*****../../apps/lua/scripts/auth_server/main.lua:38  
register Auth Service[1]  success
20181231 14:13:57 *****DEBUG*****../../apps/lua/scripts/database/mysql_auth_center.lua:22  
connect to auth center db sucess!!!
20181231 14:13:57 *****DEBUG*****../../apps/lua/scripts/database/redis_center.lua:24  
connect to redis center db success!!!!
20181231 14:14:23 *****DEBUG*****../../apps/lua/scripts/auth_server/main.lua:32  
Auth Server Start At8000
20181231 14:14:23 *****DEBUG*****../../apps/lua/scripts/auth_server/main.lua:38  
register Auth Service[1]  success
20181231 14:14:23 *****DEBUG*****../../apps/lua/scripts/database/mysql_auth_center.lua:22  
connect to auth center db sucess!!!
20181231 14:14:23 *****DEBUG*****../../apps/lua/scripts/database/redis_center.lua:24  
connect to redis center db success!!!!
20181231 14:14:48 *****DEBUG*****../../apps/lua/scripts/auth_server/main.lua:32  
Auth Server Start At8000
20181231 14:14:48 *****DEBUG*****../../apps/lua/scripts/auth_server/main.lua:38  
register Auth Service[1]  success
20181231 14:14:48 *****DEBUG*****../../apps/lua/scripts/database/mysql_auth_center.lua:22  
connect to auth center db sucess!!!
20181231 14:14:48 *****DEBUG*****../../apps/lua/scripts/database/redis_center.lua:24  
connect to redis center db success!!!!
20181231 14:15:33 *****DEBUG*****../../apps/lua/scripts/auth_server/main.lua:32  
Auth Server Start At8000
20181231 14:15:33 *****DEBUG*****../../apps/lua/scripts/auth_server/main.lua:38  
register Auth Service[1]  success
20181231 14:15:33 *****DEBUG*****../../apps/lua/scripts/database/mysql_auth_center.lua:22  
connect to auth center db sucess!!!
20181231 14:15:33 *****DEBUG*****../../apps/lua/scripts/database/redis_center.lua:24  
connect to redis center db success!!!!
20181231 14:16:03 *****DEBUG*****../../apps/lua/scripts/auth_server/main.lua:32  
Auth Server Start At8000
20181231 14:16:03 *****DEBUG*****../../apps/lua/scripts/auth_server/main.lua:38  
register Auth Service[1]  success
20181231 14:16:03 *****DEBUG*****../../apps/lua/scripts/database/mysql_auth_center.lua:22  
connect to auth center db sucess!!!
20181231 14:16:03 *****DEBUG*****../../apps/lua/scripts/database/redis_center.lua:24  
connect to redis center db success!!!!
20181231 14:16:06 *****DEBUG*****../../apps/lua/scripts/auth_server/main.lua:32  
Auth Server Start At8000
20181231 14:16:06 *****DEBUG*****../../apps/lua/scripts/auth_server/main.lua:38  
register Auth Service[1]  success
20181231 14:16:06 *****DEBUG*****../../apps/lua/scripts/database/mysql_auth_center.lua:22  
connect to auth center db sucess!!!
20181231 14:16:06 *****DEBUG*****../../apps/lua/scripts/database/redis_center.lua:24  
connect to redis center db success!!!!
20181231 14:16:31 *****DEBUG*****../../apps/lua/scripts/auth_server/auth_service.lua:19  
*********on_auth_recv_cmd********
20181231 14:16:31 *****DEBUG*****../../apps/lua/scripts/auth_server/auth_service.lua:20  
ctype:	9
20181231 14:16:31 *****DEBUG*****../../apps/lua/scripts/auth_server/uname_login.lua:58  
user login sucess!:	gst101126	3	0	0	17
20181231 14:17:35 *****DEBUG*****../../apps/lua/scripts/auth_server/main.lua:32  
Auth Server Start At8000
20181231 14:17:35 *****DEBUG*****../../apps/lua/scripts/auth_server/main.lua:38  
register Auth Service[1]  success
20181231 14:17:35 *****DEBUG*****../../apps/lua/scripts/database/mysql_auth_center.lua:22  
connect to auth center db sucess!!!
20181231 14:17:35 *****DEBUG*****../../apps/lua/scripts/database/redis_center.lua:24  
connect to redis center db success!!!!
20181231 14:18:02 *****DEBUG*****../../apps/lua/scripts/auth_server/auth_service.lua:19  
*********on_auth_recv_cmd********
20181231 14:18:02 *****DEBUG*****../../apps/lua/scripts/auth_server/auth_service.lua:20  
ctype:	9
20181231 14:18:02 *****DEBUG*****../../apps/lua/scripts/auth_server/uname_login.lua:58  
user login sucess!:	gst101126	3	0	0	17
20181231 14:19:29 *****DEBUG*****../../apps/lua/scripts/auth_server/main.lua:32  
Auth Server Start At8000
20181231 14:19:29 *****DEBUG*****../../apps/lua/scripts/auth_server/main.lua:38  
register Auth Service[1]  success
20181231 14:19:29 *****DEBUG*****../../apps/lua/scripts/database/mysql_auth_center.lua:22  
connect to auth center db sucess!!!
20181231 14:19:29 *****DEBUG*****../../apps/lua/scripts/database/redis_center.lua:24  
connect to redis center db success!!!!
20181231 14:20:21 *****DEBUG*****../../apps/lua/scripts/auth_server/auth_service.lua:19  
*********on_auth_recv_cmd********
20181231 14:20:21 *****DEBUG*****../../apps/lua/scripts/auth_server/auth_service.lua:20  
ctype:	9
20181231 14:20:21 *****DEBUG*****../../apps/lua/scripts/auth_server/uname_login.lua:58  
user login sucess!:	gst101126	3	0	0	17
20181231 14:22:09 *****DEBUG*****../../apps/lua/scripts/auth_server/auth_service.lua:19  
*********on_auth_recv_cmd********
20181231 14:22:09 *****DEBUG*****../../apps/lua/scripts/auth_server/auth_service.lua:20  
ctype:	4
20181231 14:22:13 *****DEBUG*****../../apps/lua/scripts/auth_server/main.lua:32  
Auth Server Start At8000
20181231 14:22:13 *****DEBUG*****../../apps/lua/scripts/auth_server/main.lua:38  
register Auth Service[1]  success
20181231 14:22:13 *****DEBUG*****../../apps/lua/scripts/database/mysql_auth_center.lua:22  
connect to auth center db sucess!!!
20181231 14:22:13 *****DEBUG*****../../apps/lua/scripts/database/redis_center.lua:24  
connect to redis center db success!!!!
20181231 14:22:38 *****DEBUG*****../../apps/lua/scripts/auth_server/auth_service.lua:19  
*********on_auth_recv_cmd********
20181231 14:22:38 *****DEBUG*****../../apps/lua/scripts/auth_server/auth_service.lua:20  
ctype:	9
20181231 14:22:38 *****DEBUG*****../../apps/lua/scripts/auth_server/uname_login.lua:58  
user login sucess!:	gst101126	3	0	0	17
20181231 14:23:51 *****DEBUG*****../../apps/lua/scripts/auth_server/auth_service.lua:19  
*********on_auth_recv_cmd********
20181231 14:23:51 *****DEBUG*****../../apps/lua/scripts/auth_server/auth_service.lua:20  
ctype:	4
20181231 14:26:23 *****DEBUG*****../../apps/lua/scripts/auth_server/main.lua:32  
Auth Server Start At8000
20181231 14:26:23 *****DEBUG*****../../apps/lua/scripts/auth_server/main.lua:38  
register Auth Service[1]  success
20181231 14:26:23 *****DEBUG*****../../apps/lua/scripts/database/mysql_auth_center.lua:22  
connect to auth center db sucess!!!
20181231 14:26:23 *****DEBUG*****../../apps/lua/scripts/database/redis_center.lua:24  
connect to redis center db success!!!!
20181231 14:26:34 *****DEBUG*****../../apps/lua/scripts/auth_server/auth_service.lua:19  
*********on_auth_recv_cmd********
20181231 14:26:34 *****DEBUG*****../../apps/lua/scripts/auth_server/auth_service.lua:20  
ctype:	9
20181231 14:26:34 *****DEBUG*****../../apps/lua/scripts/auth_server/uname_login.lua:58  
user login sucess!:	gst101126	3	0	0	17
20181231 14:27:59 *****DEBUG*****../../apps/lua/scripts/auth_server/auth_service.lua:19  
*********on_auth_recv_cmd********
20181231 14:27:59 *****DEBUG*****../../apps/lua/scripts/auth_server/auth_service.lua:20  
ctype:	4
20181231 14:28:48 *****DEBUG*****../../apps/lua/scripts/auth_server/main.lua:32  
Auth Server Start At8000
20181231 14:28:48 *****DEBUG*****../../apps/lua/scripts/auth_server/main.lua:38  
register Auth Service[1]  success
20181231 14:28:48 *****DEBUG*****../../apps/lua/scripts/database/mysql_auth_center.lua:22  
connect to auth center db sucess!!!
20181231 14:28:48 *****DEBUG*****../../apps/lua/scripts/database/redis_center.lua:24  
connect to redis center db success!!!!
20181231 14:29:02 *****DEBUG*****../../apps/lua/scripts/auth_server/auth_service.lua:19  
*********on_auth_recv_cmd********
20181231 14:29:02 *****DEBUG*****../../apps/lua/scripts/auth_server/auth_service.lua:20  
ctype:	9
20181231 14:29:02 *****DEBUG*****../../apps/lua/scripts/auth_server/uname_login.lua:58  
user login sucess!:	gst101126	3	0	0	17
20181231 15:30:08 *****DEBUG*****../../apps/lua/scripts/auth_server/auth_service.lua:19  
*********on_auth_recv_cmd********
20181231 15:30:08 *****DEBUG*****../../apps/lua/scripts/auth_server/auth_service.lua:20  
ctype:	4
20181231 15:30:34 *****DEBUG*****../../apps/lua/scripts/auth_server/main.lua:32  
Auth Server Start At8000
20181231 15:30:34 *****DEBUG*****../../apps/lua/scripts/auth_server/main.lua:38  
register Auth Service[1]  success
20181231 15:30:34 *****DEBUG*****../../apps/lua/scripts/database/mysql_auth_center.lua:22  
connect to auth center db sucess!!!
20181231 15:30:34 *****DEBUG*****../../apps/lua/scripts/database/redis_center.lua:24  
connect to redis center db success!!!!
20181231 15:31:04 *****DEBUG*****../../apps/lua/scripts/auth_server/auth_service.lua:19  
*********on_auth_recv_cmd********
20181231 15:31:04 *****DEBUG*****../../apps/lua/scripts/auth_server/auth_service.lua:20  
ctype:	9
20181231 15:31:04 *****DEBUG*****../../apps/lua/scripts/auth_server/uname_login.lua:58  
user login sucess!:	gst101126	3	0	0	17
20181231 15:36:12 *****DEBUG*****../../apps/lua/scripts/auth_server/main.lua:32  
Auth Server Start At8000
20181231 15:36:12 *****DEBUG*****../../apps/lua/scripts/auth_server/main.lua:38  
register Auth Service[1]  success
20181231 15:36:12 *****DEBUG*****../../apps/lua/scripts/database/mysql_auth_center.lua:22  
connect to auth center db sucess!!!
20181231 15:36:12 *****DEBUG*****../../apps/lua/scripts/database/redis_center.lua:24  
connect to redis center db success!!!!
20181231 15:36:38 *****DEBUG*****../../apps/lua/scripts/auth_server/auth_service.lua:19  
*********on_auth_recv_cmd********
20181231 15:36:38 *****DEBUG*****../../apps/lua/scripts/auth_server/auth_service.lua:20  
ctype:	9
20181231 15:36:38 *****DEBUG*****../../apps/lua/scripts/auth_server/uname_login.lua:58  
user login sucess!:	gst101126	3	0	0	17
20181231 15:37:28 *****DEBUG*****../../apps/lua/scripts/auth_server/main.lua:32  
Auth Server Start At8000
20181231 15:37:28 *****DEBUG*****../../apps/lua/scripts/auth_server/main.lua:38  
register Auth Service[1]  success
20181231 15:37:28 *****DEBUG*****../../apps/lua/scripts/database/mysql_auth_center.lua:22  
connect to auth center db sucess!!!
20181231 15:37:28 *****DEBUG*****../../apps/lua/scripts/database/redis_center.lua:24  
connect to redis center db success!!!!
20181231 15:38:05 *****DEBUG*****../../apps/lua/scripts/auth_server/auth_service.lua:19  
*********on_auth_recv_cmd********
20181231 15:38:05 *****DEBUG*****../../apps/lua/scripts/auth_server/auth_service.lua:20  
ctype:	9
20181231 15:38:05 *****DEBUG*****../../apps/lua/scripts/auth_server/uname_login.lua:58  
user login sucess!:	gst101126	3	0	0	17
20181231 15:38:05 *****DEBUG*****../../apps/lua/scripts/auth_server/auth_service.lua:19  
*********on_auth_recv_cmd********
20181231 15:38:05 *****DEBUG*****../../apps/lua/scripts/auth_server/auth_service.lua:20  
ctype:	1
20181231 15:38:05 *****DEBUG*****../../apps/lua/scripts/auth_server/guest.lua:13  
1	1	1	QvMNsJzIG8tGy8g3mdCrH7JOC0GPC6Ev
20181231 15:38:05 *****DEBUG*****../../apps/lua/scripts/auth_server/guest.lua:13  
1	1	1	QvMNsJzIG8tGy8g3mdCrH7JOC0GPC6Ev
20181231 15:38:05 *****DEBUG*****../../apps/lua/scripts/auth_server/guest.lua:70  
35	gst101126
20181231 15:50:08 *****DEBUG*****../../apps/lua/scripts/auth_server/main.lua:32  
Auth Server Start At8000
20181231 15:50:08 *****DEBUG*****../../apps/lua/scripts/auth_server/main.lua:38  
register Auth Service[1]  success
20181231 15:50:08 *****DEBUG*****../../apps/lua/scripts/database/mysql_auth_center.lua:22  
connect to auth center db sucess!!!
20181231 15:50:08 *****DEBUG*****../../apps/lua/scripts/database/redis_center.lua:24  
connect to redis center db success!!!!
20181231 15:50:23 *****DEBUG*****../../apps/lua/scripts/auth_server/auth_service.lua:19  
*********on_auth_recv_cmd********
20181231 15:50:23 *****DEBUG*****../../apps/lua/scripts/auth_server/auth_service.lua:20  
ctype:	9
20181231 15:50:23 *****DEBUG*****../../apps/lua/scripts/auth_server/uname_login.lua:58  
user login sucess!:	gst101126	3	0	0	17
20181231 15:56:23 *****DEBUG*****../../apps/lua/scripts/auth_server/main.lua:32  
Auth Server Start At8000
20181231 15:56:23 *****DEBUG*****../../apps/lua/scripts/auth_server/main.lua:38  
register Auth Service[1]  success
20181231 15:56:23 *****DEBUG*****../../apps/lua/scripts/database/mysql_auth_center.lua:22  
connect to auth center db sucess!!!
20181231 15:56:23 *****DEBUG*****../../apps/lua/scripts/database/redis_center.lua:24  
connect to redis center db success!!!!
20181231 15:56:59 *****DEBUG*****../../apps/lua/scripts/auth_server/auth_service.lua:19  
*********on_auth_recv_cmd********
20181231 15:56:59 *****DEBUG*****../../apps/lua/scripts/auth_server/auth_service.lua:20  
ctype:	9
20181231 15:56:59 *****DEBUG*****../../apps/lua/scripts/auth_server/uname_login.lua:58  
user login sucess!:	gst101126	3	0	0	17
20181231 15:59:58 *****DEBUG*****../../apps/lua/scripts/auth_server/auth_service.lua:19  
*********on_auth_recv_cmd********
20181231 15:59:58 *****DEBUG*****../../apps/lua/scripts/auth_server/auth_service.lua:20  
ctype:	4
20181231 18:36:39 *****DEBUG*****../../apps/lua/scripts/auth_server/main.lua:32  
Auth Server Start At8000
20181231 18:36:39 *****DEBUG*****../../apps/lua/scripts/auth_server/main.lua:38  
register Auth Service[1]  success
20181231 18:36:39 *****DEBUG*****../../apps/lua/scripts/database/mysql_auth_center.lua:22  
connect to auth center db sucess!!!
20181231 18:36:39 *****DEBUG*****../../apps/lua/scripts/database/redis_center.lua:24  
connect to redis center db success!!!!
20181231 18:37:13 *****DEBUG*****../../apps/lua/scripts/auth_server/auth_service.lua:19  
*********on_auth_recv_cmd********
20181231 18:37:13 *****DEBUG*****../../apps/lua/scripts/auth_server/auth_service.lua:20  
ctype:	9
20181231 18:37:13 *****DEBUG*****../../apps/lua/scripts/auth_server/uname_login.lua:58  
user login sucess!:	gst101126	3	0	0	17
20181231 18:41:58 *****DEBUG*****../../apps/lua/scripts/auth_server/main.lua:32  
Auth Server Start At8000
20181231 18:41:58 *****DEBUG*****../../apps/lua/scripts/auth_server/main.lua:38  
register Auth Service[1]  success
20181231 18:41:58 *****DEBUG*****../../apps/lua/scripts/database/mysql_auth_center.lua:22  
connect to auth center db sucess!!!
20181231 18:41:58 *****DEBUG*****../../apps/lua/scripts/database/redis_center.lua:24  
connect to redis center db success!!!!
20181231 18:42:17 *****DEBUG*****../../apps/lua/scripts/auth_server/auth_service.lua:19  
*********on_auth_recv_cmd********
20181231 18:42:17 *****DEBUG*****../../apps/lua/scripts/auth_server/auth_service.lua:20  
ctype:	9
20181231 18:42:17 *****DEBUG*****../../apps/lua/scripts/auth_server/uname_login.lua:58  
user login sucess!:	gst101126	3	0	0	17
20181231 18:47:49 *****DEBUG*****../../apps/lua/scripts/auth_server/main.lua:32  
Auth Server Start At8000
20181231 18:47:49 *****DEBUG*****../../apps/lua/scripts/auth_server/main.lua:38  
register Auth Service[1]  success
20181231 18:47:49 *****DEBUG*****../../apps/lua/scripts/database/mysql_auth_center.lua:22  
connect to auth center db sucess!!!
20181231 18:47:49 *****DEBUG*****../../apps/lua/scripts/database/redis_center.lua:24  
connect to redis center db success!!!!
20181231 18:48:18 *****DEBUG*****../../apps/lua/scripts/auth_server/auth_service.lua:19  
*********on_auth_recv_cmd********
20181231 18:48:18 *****DEBUG*****../../apps/lua/scripts/auth_server/auth_service.lua:20  
ctype:	9
20181231 18:48:18 *****DEBUG*****../../apps/lua/scripts/auth_server/uname_login.lua:58  
user login sucess!:	gst101126	3	0	0	17
20181231 18:48:24 *****DEBUG*****../../apps/lua/scripts/auth_server/auth_service.lua:19  
*********on_auth_recv_cmd********
20181231 18:48:24 *****DEBUG*****../../apps/lua/scripts/auth_server/auth_service.lua:20  
ctype:	9
20181231 18:48:24 *****DEBUG*****../../apps/lua/scripts/auth_server/uname_login.lua:58  
user login sucess!:	gst101126	3	0	0	17
20181231 18:49:02 *****DEBUG*****../../apps/lua/scripts/auth_server/auth_service.lua:19  
*********on_auth_recv_cmd********
20181231 18:49:02 *****DEBUG*****../../apps/lua/scripts/auth_server/auth_service.lua:20  
ctype:	9
20181231 18:49:02 *****DEBUG*****../../apps/lua/scripts/auth_server/uname_login.lua:58  
user login sucess!:	gst101126	3	0	0	17
20181231 18:49:30 *****DEBUG*****../../apps/lua/scripts/auth_server/main.lua:32  
Auth Server Start At8000
20181231 18:49:30 *****DEBUG*****../../apps/lua/scripts/auth_server/main.lua:38  
register Auth Service[1]  success
20181231 18:49:30 *****DEBUG*****../../apps/lua/scripts/database/mysql_auth_center.lua:22  
connect to auth center db sucess!!!
20181231 18:49:30 *****DEBUG*****../../apps/lua/scripts/database/redis_center.lua:24  
connect to redis center db success!!!!
20181231 18:50:17 *****DEBUG*****../../apps/lua/scripts/auth_server/main.lua:32  
Auth Server Start At8000
20181231 18:50:17 *****DEBUG*****../../apps/lua/scripts/auth_server/main.lua:38  
register Auth Service[1]  success
20181231 18:50:17 *****DEBUG*****../../apps/lua/scripts/database/mysql_auth_center.lua:22  
connect to auth center db sucess!!!
20181231 18:50:17 *****DEBUG*****../../apps/lua/scripts/database/redis_center.lua:24  
connect to redis center db success!!!!
20181231 18:50:41 *****DEBUG*****../../apps/lua/scripts/auth_server/auth_service.lua:19  
*********on_auth_recv_cmd********
20181231 18:50:41 *****DEBUG*****../../apps/lua/scripts/auth_server/auth_service.lua:20  
ctype:	9
20181231 18:50:41 *****DEBUG*****../../apps/lua/scripts/auth_server/uname_login.lua:58  
user login sucess!:	gst101126	3	0	0	17
20181231 18:51:26 *****DEBUG*****../../apps/lua/scripts/auth_server/main.lua:32  
Auth Server Start At8000
20181231 18:51:26 *****DEBUG*****../../apps/lua/scripts/auth_server/main.lua:38  
register Auth Service[1]  success
20181231 18:51:26 *****DEBUG*****../../apps/lua/scripts/database/mysql_auth_center.lua:22  
connect to auth center db sucess!!!
20181231 18:51:26 *****DEBUG*****../../apps/lua/scripts/database/redis_center.lua:24  
connect to redis center db success!!!!
20181231 18:52:05 *****DEBUG*****../../apps/lua/scripts/auth_server/auth_service.lua:19  
*********on_auth_recv_cmd********
20181231 18:52:05 *****DEBUG*****../../apps/lua/scripts/auth_server/auth_service.lua:20  
ctype:	9
20181231 18:52:05 *****DEBUG*****../../apps/lua/scripts/auth_server/uname_login.lua:58  
user login sucess!:	gst101126	3	0	0	17
20181231 18:59:27 *****DEBUG*****../../apps/lua/scripts/auth_server/auth_service.lua:19  
*********on_auth_recv_cmd********
20181231 18:59:27 *****DEBUG*****../../apps/lua/scripts/auth_server/auth_service.lua:20  
ctype:	4
20181231 18:59:36 *****DEBUG*****../../apps/lua/scripts/auth_server/main.lua:32  
Auth Server Start At8000
20181231 18:59:36 *****DEBUG*****../../apps/lua/scripts/auth_server/main.lua:38  
register Auth Service[1]  success
20181231 18:59:36 *****DEBUG*****../../apps/lua/scripts/database/mysql_auth_center.lua:22  
connect to auth center db sucess!!!
20181231 18:59:36 *****DEBUG*****../../apps/lua/scripts/database/redis_center.lua:24  
connect to redis center db success!!!!
20181231 19:00:30 *****DEBUG*****../../apps/lua/scripts/auth_server/auth_service.lua:19  
*********on_auth_recv_cmd********
20181231 19:00:30 *****DEBUG*****../../apps/lua/scripts/auth_server/auth_service.lua:20  
ctype:	9
20181231 19:00:30 *****DEBUG*****../../apps/lua/scripts/auth_server/uname_login.lua:58  
user login sucess!:	gst101126	3	0	0	17
20181231 19:05:04 *****DEBUG*****../../apps/lua/scripts/auth_server/auth_service.lua:19  
*********on_auth_recv_cmd********
20181231 19:05:04 *****DEBUG*****../../apps/lua/scripts/auth_server/auth_service.lua:20  
ctype:	4
20181231 19:05:09 *****DEBUG*****../../apps/lua/scripts/auth_server/main.lua:32  
Auth Server Start At8000
20181231 19:05:09 *****DEBUG*****../../apps/lua/scripts/auth_server/main.lua:38  
register Auth Service[1]  success
20181231 19:05:09 *****DEBUG*****../../apps/lua/scripts/database/mysql_auth_center.lua:22  
connect to auth center db sucess!!!
20181231 19:05:09 *****DEBUG*****../../apps/lua/scripts/database/redis_center.lua:24  
connect to redis center db success!!!!
20181231 19:05:24 *****DEBUG*****../../apps/lua/scripts/auth_server/main.lua:32  
Auth Server Start At8000
20181231 19:05:24 *****DEBUG*****../../apps/lua/scripts/auth_server/main.lua:38  
register Auth Service[1]  success
20181231 19:05:24 *****DEBUG*****../../apps/lua/scripts/database/redis_center.lua:24  
connect to redis center db success!!!!
20181231 19:05:24 *****DEBUG*****../../apps/lua/scripts/database/mysql_auth_center.lua:22  
connect to auth center db sucess!!!
20181231 19:05:32 *****DEBUG*****../../apps/lua/scripts/auth_server/main.lua:32  
Auth Server Start At8000
20181231 19:05:32 *****DEBUG*****../../apps/lua/scripts/auth_server/main.lua:38  
register Auth Service[1]  success
20181231 19:05:32 *****DEBUG*****../../apps/lua/scripts/database/redis_center.lua:24  
connect to redis center db success!!!!
20181231 19:05:32 *****DEBUG*****../../apps/lua/scripts/database/mysql_auth_center.lua:22  
connect to auth center db sucess!!!
20181231 19:05:36 *****DEBUG*****../../apps/lua/scripts/auth_server/main.lua:32  
Auth Server Start At8000
20181231 19:05:36 *****DEBUG*****../../apps/lua/scripts/auth_server/main.lua:38  
register Auth Service[1]  success
20181231 19:05:36 *****DEBUG*****../../apps/lua/scripts/database/redis_center.lua:24  
connect to redis center db success!!!!
20181231 19:05:36 *****DEBUG*****../../apps/lua/scripts/database/mysql_auth_center.lua:22  
connect to auth center db sucess!!!
20181231 19:05:49 *****DEBUG*****../../apps/lua/scripts/auth_server/main.lua:32  
Auth Server Start At8000
20181231 19:05:49 *****DEBUG*****../../apps/lua/scripts/auth_server/main.lua:38  
register Auth Service[1]  success
20181231 19:05:49 *****DEBUG*****../../apps/lua/scripts/database/mysql_auth_center.lua:22  
connect to auth center db sucess!!!
20181231 19:05:49 *****DEBUG*****../../apps/lua/scripts/database/redis_center.lua:24  
connect to redis center db success!!!!
20181231 19:06:46 *****DEBUG*****../../apps/lua/scripts/auth_server/auth_service.lua:19  
*********on_auth_recv_cmd********
20181231 19:06:46 *****DEBUG*****../../apps/lua/scripts/auth_server/auth_service.lua:20  
ctype:	9
20181231 19:06:46 *****DEBUG*****../../apps/lua/scripts/auth_server/uname_login.lua:58  
user login sucess!:	gst101126	3	0	0	17
20181231 19:08:48 *****DEBUG*****../../apps/lua/scripts/auth_server/auth_service.lua:19  
*********on_auth_recv_cmd********
20181231 19:08:48 *****DEBUG*****../../apps/lua/scripts/auth_server/auth_service.lua:20  
ctype:	4
20181231 19:09:08 *****DEBUG*****../../apps/lua/scripts/auth_server/main.lua:32  
Auth Server Start At8000
20181231 19:09:08 *****DEBUG*****../../apps/lua/scripts/auth_server/main.lua:38  
register Auth Service[1]  success
20181231 19:09:08 *****DEBUG*****../../apps/lua/scripts/database/mysql_auth_center.lua:22  
connect to auth center db sucess!!!
20181231 19:09:08 *****DEBUG*****../../apps/lua/scripts/database/redis_center.lua:24  
connect to redis center db success!!!!
20181231 19:10:32 *****DEBUG*****../../apps/lua/scripts/auth_server/auth_service.lua:19  
*********on_auth_recv_cmd********
20181231 19:10:32 *****DEBUG*****../../apps/lua/scripts/auth_server/auth_service.lua:20  
ctype:	9
20181231 19:10:32 *****DEBUG*****../../apps/lua/scripts/auth_server/uname_login.lua:58  
user login sucess!:	gst101126	3	0	0	17
20181231 19:12:27 *****DEBUG*****../../apps/lua/scripts/auth_server/main.lua:32  
Auth Server Start At8000
20181231 19:12:27 *****DEBUG*****../../apps/lua/scripts/auth_server/main.lua:38  
register Auth Service[1]  success
20181231 19:12:27 *****DEBUG*****../../apps/lua/scripts/database/mysql_auth_center.lua:22  
connect to auth center db sucess!!!
20181231 19:12:27 *****DEBUG*****../../apps/lua/scripts/database/redis_center.lua:24  
connect to redis center db success!!!!
20181231 19:13:03 *****DEBUG*****../../apps/lua/scripts/auth_server/auth_service.lua:19  
*********on_auth_recv_cmd********
20181231 19:13:03 *****DEBUG*****../../apps/lua/scripts/auth_server/auth_service.lua:20  
ctype:	9
20181231 19:13:03 *****DEBUG*****../../apps/lua/scripts/auth_server/uname_login.lua:58  
user login sucess!:	gst101126	3	0	0	17
20181231 19:14:29 *****DEBUG*****../../apps/lua/scripts/auth_server/main.lua:32  
Auth Server Start At8000
20181231 19:14:29 *****DEBUG*****../../apps/lua/scripts/auth_server/main.lua:38  
register Auth Service[1]  success
20181231 19:14:29 *****DEBUG*****../../apps/lua/scripts/database/mysql_auth_center.lua:22  
connect to auth center db sucess!!!
20181231 19:14:29 *****DEBUG*****../../apps/lua/scripts/database/redis_center.lua:24  
connect to redis center db success!!!!
20181231 19:14:38 *****DEBUG*****../../apps/lua/scripts/auth_server/main.lua:32  
Auth Server Start At8000
20181231 19:14:38 *****DEBUG*****../../apps/lua/scripts/auth_server/main.lua:38  
register Auth Service[1]  success
20181231 19:14:38 *****DEBUG*****../../apps/lua/scripts/database/mysql_auth_center.lua:22  
connect to auth center db sucess!!!
20181231 19:14:38 *****DEBUG*****../../apps/lua/scripts/database/redis_center.lua:24  
connect to redis center db success!!!!
20181231 19:14:48 *****DEBUG*****../../apps/lua/scripts/auth_server/main.lua:32  
Auth Server Start At8000
20181231 19:14:48 *****DEBUG*****../../apps/lua/scripts/auth_server/main.lua:38  
register Auth Service[1]  success
20181231 19:14:48 *****DEBUG*****../../apps/lua/scripts/database/mysql_auth_center.lua:22  
connect to auth center db sucess!!!
20181231 19:14:48 *****DEBUG*****../../apps/lua/scripts/database/redis_center.lua:24  
connect to redis center db success!!!!
20181231 19:15:17 *****DEBUG*****../../apps/lua/scripts/auth_server/auth_service.lua:19  
*********on_auth_recv_cmd********
20181231 19:15:17 *****DEBUG*****../../apps/lua/scripts/auth_server/auth_service.lua:20  
ctype:	9
20181231 19:15:17 *****DEBUG*****../../apps/lua/scripts/auth_server/uname_login.lua:58  
user login sucess!:	gst101126	3	0	0	17
20181231 19:15:50 *****DEBUG*****../../apps/lua/scripts/auth_server/auth_service.lua:19  
*********on_auth_recv_cmd********
20181231 19:15:50 *****DEBUG*****../../apps/lua/scripts/auth_server/auth_service.lua:20  
ctype:	4
20181231 21:50:06 *****DEBUG*****../../apps/lua/scripts/auth_server/main.lua:32  
Auth Server Start At8000
20181231 21:50:06 *****DEBUG*****../../apps/lua/scripts/auth_server/main.lua:38  
register Auth Service[1]  success
20181231 21:50:06 *****DEBUG*****../../apps/lua/scripts/database/redis_center.lua:24  
connect to redis center db success!!!!
20181231 21:50:06 *****DEBUG*****../../apps/lua/scripts/database/mysql_auth_center.lua:22  
connect to auth center db sucess!!!
20181231 21:50:36 *****DEBUG*****../../apps/lua/scripts/auth_server/auth_service.lua:19  
*********on_auth_recv_cmd********
20181231 21:50:36 *****DEBUG*****../../apps/lua/scripts/auth_server/auth_service.lua:20  
ctype:	9
20181231 21:50:36 *****DEBUG*****../../apps/lua/scripts/auth_server/uname_login.lua:58  
user login sucess!:	gst101126	3	0	0	17
20181231 21:56:59 *****DEBUG*****../../apps/lua/scripts/auth_server/main.lua:32  
Auth Server Start At8000
20181231 21:56:59 *****DEBUG*****../../apps/lua/scripts/auth_server/main.lua:38  
register Auth Service[1]  success
20181231 21:56:59 *****DEBUG*****../../apps/lua/scripts/database/mysql_auth_center.lua:22  
connect to auth center db sucess!!!
20181231 21:56:59 *****DEBUG*****../../apps/lua/scripts/database/redis_center.lua:24  
connect to redis center db success!!!!
20181231 21:58:02 *****DEBUG*****../../apps/lua/scripts/auth_server/auth_service.lua:19  
*********on_auth_recv_cmd********
20181231 21:58:02 *****DEBUG*****../../apps/lua/scripts/auth_server/auth_service.lua:20  
ctype:	9
20181231 21:58:02 *****DEBUG*****../../apps/lua/scripts/auth_server/uname_login.lua:58  
user login sucess!:	gst101126	3	0	0	17
20181231 21:58:31 *****DEBUG*****../../apps/lua/scripts/auth_server/auth_service.lua:19  
*********on_auth_recv_cmd********
20181231 21:58:31 *****DEBUG*****../../apps/lua/scripts/auth_server/auth_service.lua:20  
ctype:	4
20181231 22:06:09 *****DEBUG*****../../apps/lua/scripts/auth_server/main.lua:32  
Auth Server Start At8000
20181231 22:06:09 *****DEBUG*****../../apps/lua/scripts/auth_server/main.lua:38  
register Auth Service[1]  success
20181231 22:06:09 *****DEBUG*****../../apps/lua/scripts/database/redis_center.lua:24  
connect to redis center db success!!!!
20181231 22:06:09 *****DEBUG*****../../apps/lua/scripts/database/mysql_auth_center.lua:22  
connect to auth center db sucess!!!
20181231 22:06:36 *****DEBUG*****../../apps/lua/scripts/auth_server/auth_service.lua:19  
*********on_auth_recv_cmd********
20181231 22:06:36 *****DEBUG*****../../apps/lua/scripts/auth_server/auth_service.lua:20  
ctype:	9
20181231 22:06:36 *****DEBUG*****../../apps/lua/scripts/auth_server/uname_login.lua:58  
user login sucess!:	gst101126	3	0	0	17
20181231 22:07:18 *****DEBUG*****../../apps/lua/scripts/auth_server/auth_service.lua:19  
*********on_auth_recv_cmd********
20181231 22:07:18 *****DEBUG*****../../apps/lua/scripts/auth_server/auth_service.lua:20  
ctype:	4
20181231 22:18:37 *****DEBUG*****../../apps/lua/scripts/auth_server/main.lua:32  
Auth Server Start At8000
20181231 22:18:37 *****DEBUG*****../../apps/lua/scripts/auth_server/main.lua:38  
register Auth Service[1]  success
20181231 22:18:37 *****DEBUG*****../../apps/lua/scripts/database/redis_center.lua:24  
connect to redis center db success!!!!
20181231 22:18:37 *****DEBUG*****../../apps/lua/scripts/database/mysql_auth_center.lua:22  
connect to auth center db sucess!!!
20181231 22:18:58 *****DEBUG*****../../apps/lua/scripts/auth_server/auth_service.lua:19  
*********on_auth_recv_cmd********
20181231 22:18:58 *****DEBUG*****../../apps/lua/scripts/auth_server/auth_service.lua:20  
ctype:	9
20181231 22:18:58 *****DEBUG*****../../apps/lua/scripts/auth_server/uname_login.lua:58  
user login sucess!:	gst101126	3	0	0	17
20181231 22:30:29 *****DEBUG*****../../apps/lua/scripts/auth_server/auth_service.lua:19  
*********on_auth_recv_cmd********
20181231 22:30:29 *****DEBUG*****../../apps/lua/scripts/auth_server/auth_service.lua:20  
ctype:	4
20181231 22:34:46 *****DEBUG*****../../apps/lua/scripts/auth_server/auth_service.lua:19  
*********on_auth_recv_cmd********
20181231 22:34:46 *****DEBUG*****../../apps/lua/scripts/auth_server/auth_service.lua:20  
ctype:	9
20181231 22:34:46 *****DEBUG*****../../apps/lua/scripts/auth_server/uname_login.lua:58  
user login sucess!:	gst101126	3	0	0	17
20181231 22:35:24 *****DEBUG*****../../apps/lua/scripts/auth_server/auth_service.lua:19  
*********on_auth_recv_cmd********
20181231 22:35:24 *****DEBUG*****../../apps/lua/scripts/auth_server/auth_service.lua:20  
ctype:	4
20181231 22:36:16 *****DEBUG*****../../apps/lua/scripts/auth_server/main.lua:32  
Auth Server Start At8000
20181231 22:36:16 *****DEBUG*****../../apps/lua/scripts/auth_server/main.lua:38  
register Auth Service[1]  success
20181231 22:36:16 *****DEBUG*****../../apps/lua/scripts/database/redis_center.lua:24  
connect to redis center db success!!!!
20181231 22:36:16 *****DEBUG*****../../apps/lua/scripts/database/mysql_auth_center.lua:22  
connect to auth center db sucess!!!
20181231 22:36:19 *****DEBUG*****../../apps/lua/scripts/auth_server/auth_service.lua:19  
*********on_auth_recv_cmd********
20181231 22:36:19 *****DEBUG*****../../apps/lua/scripts/auth_server/auth_service.lua:20  
ctype:	9
20181231 22:36:19 *****DEBUG*****../../apps/lua/scripts/auth_server/uname_login.lua:58  
user login sucess!:	gst101126	3	0	0	17
20181231 22:40:55 *****DEBUG*****../../apps/lua/scripts/auth_server/auth_service.lua:19  
*********on_auth_recv_cmd********
20181231 22:40:55 *****DEBUG*****../../apps/lua/scripts/auth_server/auth_service.lua:20  
ctype:	4
