20181018 10:12:14 *****DEBUG*****../../apps/lua/scripts/auth_server/main.lua:32  
Auth Server Start At8000
20181018 10:12:14 *****DEBUG*****../../apps/lua/scripts/auth_server/main.lua:38  
register Auth Service[1]  success
20181018 10:12:14 *****DEBUG*****../../apps/lua/scripts/database/mysql_auth_center.lua:15  
connect to auth center db sucess!!!
20181018 10:12:14 *****DEBUG*****../../apps/lua/scripts/database/redis_center.lua:17  
connect to redis center db suceess!!!
20181018 10:12:45 *****DEBUG*****../../apps/lua/scripts/auth_server/main.lua:32  
Auth Server Start At8000
20181018 10:12:45 *****DEBUG*****../../apps/lua/scripts/auth_server/main.lua:38  
register Auth Service[1]  success
20181018 10:12:45 *****DEBUG*****../../apps/lua/scripts/database/mysql_auth_center.lua:15  
connect to auth center db sucess!!!
20181018 10:12:45 *****DEBUG*****../../apps/lua/scripts/database/redis_center.lua:17  
connect to redis center db suceess!!!
20181018 10:13:04 *****DEBUG*****../../apps/lua/scripts/auth_server/main.lua:32  
Auth Server Start At8000
20181018 10:13:04 *****DEBUG*****../../apps/lua/scripts/auth_server/main.lua:38  
register Auth Service[1]  success
20181018 10:13:04 *****DEBUG*****../../apps/lua/scripts/database/mysql_auth_center.lua:15  
connect to auth center db sucess!!!
20181018 10:13:04 *****DEBUG*****../../apps/lua/scripts/database/redis_center.lua:17  
connect to redis center db suceess!!!
20181018 10:13:41 *****DEBUG*****../../apps/lua/scripts/auth_server/main.lua:32  
Auth Server Start At8000
20181018 10:13:44 *****DEBUG*****../../apps/lua/scripts/auth_server/main.lua:38  
register Auth Service[1]  success
20181018 10:13:44 *****DEBUG*****../../apps/lua/scripts/database/mysql_auth_center.lua:15  
connect to auth center db sucess!!!
20181018 10:13:44 *****DEBUG*****../../apps/lua/scripts/database/redis_center.lua:17  
connect to redis center db suceess!!!
20181018 10:17:01 *****DEBUG*****../../apps/lua/scripts/auth_server/main.lua:32  
Auth Server Start At8000
20181018 10:17:01 *****DEBUG*****../../apps/lua/scripts/auth_server/main.lua:38  
register Auth Service[1]  success
20181018 10:17:01 *****DEBUG*****../../apps/lua/scripts/database/redis_center.lua:17  
connect to redis center db suceess!!!
20181018 10:17:32 *****DEBUG*****../../apps/lua/scripts/auth_server/main.lua:32  
Auth Server Start At8000
20181018 10:17:32 *****DEBUG*****../../apps/lua/scripts/auth_server/main.lua:38  
register Auth Service[1]  success
20181018 10:17:32 *****DEBUG*****../../apps/lua/scripts/database/mysql_auth_center.lua:15  
connect to auth center db sucess!!!
20181018 10:17:32 *****DEBUG*****../../apps/lua/scripts/database/redis_center.lua:17  
connect to redis center db suceess!!!
20181018 10:18:05 *****DEBUG*****../../apps/lua/scripts/auth_server/main.lua:32  
Auth Server Start At8000
20181018 10:18:05 *****DEBUG*****../../apps/lua/scripts/auth_server/main.lua:38  
register Auth Service[1]  success
20181018 10:18:05 *****DEBUG*****../../apps/lua/scripts/database/mysql_auth_center.lua:15  
connect to auth center db sucess!!!
20181018 10:18:05 *****DEBUG*****../../apps/lua/scripts/database/redis_center.lua:17  
connect to redis center db suceess!!!
20181018 10:19:24 *****DEBUG*****../../apps/lua/scripts/auth_server/main.lua:32  
Auth Server Start At8000
20181018 10:19:24 *****DEBUG*****../../apps/lua/scripts/auth_server/main.lua:38  
register Auth Service[1]  success
20181018 10:19:24 *****DEBUG*****../../apps/lua/scripts/database/mysql_auth_center.lua:15  
connect to auth center db sucess!!!
20181018 10:19:24 *****DEBUG*****../../apps/lua/scripts/database/redis_center.lua:17  
connect to redis center db success!!!!
20181018 10:20:21 *****DEBUG*****../../apps/lua/scripts/auth_server/main.lua:32  
Auth Server Start At8000
20181018 10:20:52 *****DEBUG*****../../apps/lua/scripts/auth_server/main.lua:38  
register Auth Service[1]  success
20181018 10:20:52 *****DEBUG*****../../apps/lua/scripts/database/mysql_auth_center.lua:15  
connect to auth center db sucess!!!
20181018 10:20:57 *****DEBUG*****../../apps/lua/scripts/database/redis_center.lua:17  
connect to redis center db success!!!!
20181018 10:31:33 *****DEBUG*****../../apps/lua/scripts/auth_server/main.lua:32  
Auth Server Start At8000
20181018 10:31:33 *****DEBUG*****../../apps/lua/scripts/auth_server/main.lua:38  
register Auth Service[1]  success
20181018 10:31:33 *****DEBUG*****../../apps/lua/scripts/database/mysql_auth_center.lua:15  
connect to auth center db sucess!!!
20181018 10:31:33 *****DEBUG*****../../apps/lua/scripts/database/redis_center.lua:17  
connect to redis center db success!!!!
20181018 10:34:35 *****DEBUG*****../../apps/lua/scripts/auth_server/main.lua:32  
Auth Server Start At8000
20181018 10:34:35 *****DEBUG*****../../apps/lua/scripts/auth_server/main.lua:38  
register Auth Service[1]  success
20181018 10:34:35 *****DEBUG*****../../apps/lua/scripts/database/redis_center.lua:17  
connect to redis center db success!!!!
20181018 10:34:35 *****DEBUG*****../../apps/lua/scripts/database/mysql_auth_center.lua:15  
connect to auth center db sucess!!!
20181018 10:35:21 *****DEBUG*****../../apps/lua/scripts/auth_server/main.lua:32  
Auth Server Start At8000
20181018 10:35:21 *****DEBUG*****../../apps/lua/scripts/auth_server/main.lua:38  
register Auth Service[1]  success
20181018 10:35:21 *****DEBUG*****../../apps/lua/scripts/database/mysql_auth_center.lua:15  
connect to auth center db sucess!!!
20181018 10:35:21 *****DEBUG*****../../apps/lua/scripts/database/redis_center.lua:17  
connect to redis center db success!!!!
20181018 10:53:01 *****DEBUG*****../../apps/lua/scripts/auth_server/main.lua:32  
Auth Server Start At8000
20181018 10:53:01 *****DEBUG*****../../apps/lua/scripts/auth_server/main.lua:38  
register Auth Service[1]  success
20181018 10:53:01 *****DEBUG*****../../apps/lua/scripts/database/mysql_auth_center.lua:15  
connect to auth center db sucess!!!
20181018 10:53:01 *****DEBUG*****../../apps/lua/scripts/database/redis_center.lua:17  
connect to redis center db success!!!!
20181018 11:24:21 *****DEBUG*****../../apps/lua/scripts/auth_server/auth_service.lua:16  
*********on_auth_recv_cmd********
20181018 11:24:21 *****DEBUG*****../../apps/lua/scripts/auth_server/auth_service.lua:17  
1	5	1
20181018 11:24:21 *****DEBUG*****../../apps/lua/scripts/auth_server/guest.lua:13  
1	1	1	uDWvSYBkiM3ETVxkKI1oNzpvW0ultSIb
20181018 11:27:10 *****DEBUG*****../../apps/lua/scripts/auth_server/auth_service.lua:16  
*********on_auth_recv_cmd********
20181018 11:27:10 *****DEBUG*****../../apps/lua/scripts/auth_server/auth_service.lua:17  
1	5	1
20181018 11:27:10 *****DEBUG*****../../apps/lua/scripts/auth_server/guest.lua:13  
1	1	2	uDWvSYBkiM3ETVxkKI1oNzpvW0ultSIb
20181018 11:27:10 !!!!!ERROR!!!!! e:\vs_project\moba_game_server\moba_server\lua_wrapper\lua_wrapper.cc:329  
[LUA ERROR] ../../apps/lua/scripts/auth_server/uname_login.lua:13: bad argument #1 to 'len' (string expected, got nil)
20181018 11:33:08 *****DEBUG*****../../apps/lua/scripts/auth_server/main.lua:32  
Auth Server Start At8000
20181018 11:33:08 *****DEBUG*****../../apps/lua/scripts/auth_server/main.lua:38  
register Auth Service[1]  success
20181018 11:33:08 *****DEBUG*****../../apps/lua/scripts/database/mysql_auth_center.lua:15  
connect to auth center db sucess!!!
20181018 11:33:08 *****DEBUG*****../../apps/lua/scripts/database/redis_center.lua:17  
connect to redis center db success!!!!
20181018 11:34:31 *****DEBUG*****../../apps/lua/scripts/auth_server/auth_service.lua:16  
*********on_auth_recv_cmd********
20181018 11:34:31 *****DEBUG*****../../apps/lua/scripts/auth_server/auth_service.lua:17  
1	5	1
20181018 11:34:31 *****DEBUG*****../../apps/lua/scripts/auth_server/guest.lua:13  
1	1	3	uDWvSYBkiM3ETVxkKI1oNzpvW0ultSIb
20181018 11:34:31 *****DEBUG*****../../apps/lua/scripts/auth_server/guest.lua:70  
17	gst101126
20181018 11:35:40 *****DEBUG*****../../apps/lua/scripts/auth_server/auth_service.lua:16  
*********on_auth_recv_cmd********
20181018 11:35:40 *****DEBUG*****../../apps/lua/scripts/auth_server/auth_service.lua:17  
1	5	1
20181018 11:35:40 *****DEBUG*****../../apps/lua/scripts/auth_server/guest.lua:13  
1	1	4	uDWvSYBkiM3ETVxkKI1oNzpvW0ultSIb
20181018 11:35:40 *****DEBUG*****../../apps/lua/scripts/auth_server/guest.lua:70  
17	gst101126
20181018 11:35:55 *****DEBUG*****../../apps/lua/scripts/auth_server/auth_service.lua:16  
*********on_auth_recv_cmd********
20181018 11:35:55 *****DEBUG*****../../apps/lua/scripts/auth_server/auth_service.lua:17  
1	5	7
20181018 11:35:55 !!!!!ERROR!!!!! e:\vs_project\moba_game_server\moba_server\lua_wrapper\lua_wrapper.cc:329  
[LUA ERROR] ../../apps/lua/scripts/auth_server/account_upgrade.lua:73: attempt to index a nil value (global 'status')
20181018 11:35:55 !!!!!ERROR!!!!! e:\vs_project\moba_game_server\moba_server\lua_wrapper\lua_wrapper.cc:329  
[LUA ERROR] ../../apps/lua/scripts/auth_server/account_upgrade.lua:18: attempt to index a nil value (global 'status')
20181018 11:36:27 *****DEBUG*****../../apps/lua/scripts/auth_server/main.lua:32  
Auth Server Start At8000
20181018 11:36:27 *****DEBUG*****../../apps/lua/scripts/auth_server/main.lua:38  
register Auth Service[1]  success
20181018 11:36:27 *****DEBUG*****../../apps/lua/scripts/database/mysql_auth_center.lua:15  
connect to auth center db sucess!!!
20181018 11:36:27 *****DEBUG*****../../apps/lua/scripts/database/redis_center.lua:17  
connect to redis center db success!!!!
20181018 11:37:56 *****DEBUG*****../../apps/lua/scripts/auth_server/auth_service.lua:16  
*********on_auth_recv_cmd********
20181018 11:37:56 *****DEBUG*****../../apps/lua/scripts/auth_server/auth_service.lua:17  
1	5	1
20181018 11:37:56 *****DEBUG*****../../apps/lua/scripts/auth_server/guest.lua:13  
1	1	1	uDWvSYBkiM3ETVxkKI1oNzpvW0ultSIb
20181018 11:39:12 *****DEBUG*****../../apps/lua/scripts/auth_server/main.lua:32  
Auth Server Start At8000
20181018 11:39:12 *****DEBUG*****../../apps/lua/scripts/auth_server/main.lua:38  
register Auth Service[1]  success
20181018 11:39:12 *****DEBUG*****../../apps/lua/scripts/database/mysql_auth_center.lua:15  
connect to auth center db sucess!!!
20181018 11:39:12 *****DEBUG*****../../apps/lua/scripts/database/redis_center.lua:17  
connect to redis center db success!!!!
20181018 11:39:23 *****DEBUG*****../../apps/lua/scripts/auth_server/auth_service.lua:16  
*********on_auth_recv_cmd********
20181018 11:39:23 *****DEBUG*****../../apps/lua/scripts/auth_server/auth_service.lua:17  
1	5	9
20181018 11:47:16 *****DEBUG*****../../apps/lua/scripts/auth_server/main.lua:32  
Auth Server Start At8000
20181018 11:47:16 *****DEBUG*****../../apps/lua/scripts/auth_server/main.lua:38  
register Auth Service[1]  success
20181018 11:47:16 *****DEBUG*****../../apps/lua/scripts/database/redis_center.lua:17  
connect to redis center db success!!!!
20181018 11:47:16 *****DEBUG*****../../apps/lua/scripts/database/mysql_auth_center.lua:15  
connect to auth center db sucess!!!
20181018 11:49:00 *****DEBUG*****../../apps/lua/scripts/auth_server/main.lua:32  
Auth Server Start At8000
20181018 11:49:00 *****DEBUG*****../../apps/lua/scripts/auth_server/main.lua:38  
register Auth Service[1]  success
20181018 11:49:00 *****DEBUG*****../../apps/lua/scripts/database/mysql_auth_center.lua:15  
connect to auth center db sucess!!!
20181018 11:49:00 *****DEBUG*****../../apps/lua/scripts/database/redis_center.lua:17  
connect to redis center db success!!!!
20181018 11:49:19 *****DEBUG*****../../apps/lua/scripts/auth_server/auth_service.lua:16  
*********on_auth_recv_cmd********
20181018 11:49:19 *****DEBUG*****../../apps/lua/scripts/auth_server/auth_service.lua:17  
1	9
20181018 11:59:19 *****DEBUG*****../../apps/lua/scripts/auth_server/auth_service.lua:16  
*********on_auth_recv_cmd********
20181018 11:59:19 *****DEBUG*****../../apps/lua/scripts/auth_server/auth_service.lua:17  
1	9
20181018 12:01:41 *****DEBUG*****../../apps/lua/scripts/auth_server/main.lua:32  
Auth Server Start At8000
20181018 12:01:41 *****DEBUG*****../../apps/lua/scripts/auth_server/main.lua:38  
register Auth Service[1]  success
20181018 12:01:41 *****DEBUG*****../../apps/lua/scripts/database/mysql_auth_center.lua:15  
connect to auth center db sucess!!!
20181018 12:01:41 *****DEBUG*****../../apps/lua/scripts/database/redis_center.lua:17  
connect to redis center db success!!!!
20181018 13:10:02 *****DEBUG*****../../apps/lua/scripts/auth_server/auth_service.lua:16  
*********on_auth_recv_cmd********
20181018 13:10:02 *****DEBUG*****../../apps/lua/scripts/auth_server/auth_service.lua:17  
1	9
20181018 13:12:42 *****DEBUG*****../../apps/lua/scripts/auth_server/main.lua:32  
Auth Server Start At8000
20181018 13:12:42 *****DEBUG*****../../apps/lua/scripts/auth_server/main.lua:38  
register Auth Service[1]  success
20181018 13:12:42 *****DEBUG*****../../apps/lua/scripts/database/mysql_auth_center.lua:15  
connect to auth center db sucess!!!
20181018 13:12:42 *****DEBUG*****../../apps/lua/scripts/database/redis_center.lua:17  
connect to redis center db success!!!!
20181018 13:13:08 *****DEBUG*****../../apps/lua/scripts/auth_server/auth_service.lua:16  
*********on_auth_recv_cmd********
20181018 13:13:08 *****DEBUG*****../../apps/lua/scripts/auth_server/auth_service.lua:17  
1	9
20181018 13:14:40 *****DEBUG*****../../apps/lua/scripts/auth_server/auth_service.lua:16  
*********on_auth_recv_cmd********
20181018 13:14:40 *****DEBUG*****../../apps/lua/scripts/auth_server/auth_service.lua:17  
1	9
20181018 13:14:56 *****DEBUG*****../../apps/lua/scripts/auth_server/main.lua:32  
Auth Server Start At8000
20181018 13:14:56 *****DEBUG*****../../apps/lua/scripts/auth_server/main.lua:38  
register Auth Service[1]  success
20181018 13:14:56 *****DEBUG*****../../apps/lua/scripts/database/mysql_auth_center.lua:15  
connect to auth center db sucess!!!
20181018 13:14:56 *****DEBUG*****../../apps/lua/scripts/database/redis_center.lua:17  
connect to redis center db success!!!!
20181018 13:15:16 *****DEBUG*****../../apps/lua/scripts/auth_server/auth_service.lua:16  
*********on_auth_recv_cmd********
20181018 13:15:16 *****DEBUG*****../../apps/lua/scripts/auth_server/auth_service.lua:17  
1	9
20181018 13:15:16 *****DEBUG*****../../apps/lua/scripts/auth_server/uname_login.lua:12  
3	3
20181018 13:16:56 *****DEBUG*****../../apps/lua/scripts/auth_server/main.lua:32  
Auth Server Start At8000
20181018 13:16:56 *****DEBUG*****../../apps/lua/scripts/auth_server/main.lua:38  
register Auth Service[1]  success
20181018 13:16:56 *****DEBUG*****../../apps/lua/scripts/database/mysql_auth_center.lua:15  
connect to auth center db sucess!!!
20181018 13:16:56 *****DEBUG*****../../apps/lua/scripts/database/redis_center.lua:17  
connect to redis center db success!!!!
20181018 13:17:36 *****DEBUG*****../../apps/lua/scripts/auth_server/auth_service.lua:16  
*********on_auth_recv_cmd********
20181018 13:17:36 *****DEBUG*****../../apps/lua/scripts/auth_server/auth_service.lua:17  
1	9
20181018 13:17:36 *****DEBUG*****../../apps/lua/scripts/auth_server/uname_login.lua:12  
3	32
20181018 13:17:36 !!!!!ERROR!!!!! e:\vs_project\moba_game_server\moba_server\lua_wrapper\service_export_to_lua.cc:109  
[LUA ERROR] ../../apps/lua/scripts/auth_server/uname_login.lua:21: attempt to call a nil value (field 'get_uinfo_by_uname_upwd')
20181018 13:18:42 *****DEBUG*****../../apps/lua/scripts/auth_server/main.lua:32  
Auth Server Start At8000
20181018 13:18:42 *****DEBUG*****../../apps/lua/scripts/auth_server/main.lua:38  
register Auth Service[1]  success
20181018 13:18:42 *****DEBUG*****../../apps/lua/scripts/database/mysql_auth_center.lua:15  
connect to auth center db sucess!!!
20181018 13:18:42 *****DEBUG*****../../apps/lua/scripts/database/redis_center.lua:17  
connect to redis center db success!!!!
20181018 13:18:56 *****DEBUG*****../../apps/lua/scripts/auth_server/auth_service.lua:16  
*********on_auth_recv_cmd********
20181018 13:18:56 *****DEBUG*****../../apps/lua/scripts/auth_server/auth_service.lua:17  
1	9
20181018 13:18:56 *****DEBUG*****../../apps/lua/scripts/auth_server/uname_login.lua:12  
3	32
20181018 13:18:56 !!!!!ERROR!!!!! e:\vs_project\moba_game_server\moba_server\lua_wrapper\service_export_to_lua.cc:109  
[LUA ERROR] ../../apps/lua/scripts/database/mysql_auth_center.lua:209: bad argument #3 to 'format' (no value)
20181018 13:19:59 *****DEBUG*****../../apps/lua/scripts/auth_server/main.lua:32  
Auth Server Start At8000
20181018 13:19:59 *****DEBUG*****../../apps/lua/scripts/auth_server/main.lua:38  
register Auth Service[1]  success
20181018 13:19:59 *****DEBUG*****../../apps/lua/scripts/database/redis_center.lua:17  
connect to redis center db success!!!!
20181018 13:19:59 *****DEBUG*****../../apps/lua/scripts/database/mysql_auth_center.lua:15  
connect to auth center db sucess!!!
20181018 13:20:14 *****DEBUG*****../../apps/lua/scripts/auth_server/auth_service.lua:16  
*********on_auth_recv_cmd********
20181018 13:20:14 *****DEBUG*****../../apps/lua/scripts/auth_server/auth_service.lua:17  
1	9
20181018 13:20:14 *****DEBUG*****../../apps/lua/scripts/auth_server/uname_login.lua:12  
3	32
20181018 13:20:14 !!!!!ERROR!!!!! e:\vs_project\moba_game_server\moba_server\lua_wrapper\lua_wrapper.cc:329  
[LUA ERROR] ../../apps/lua/scripts/auth_server/uname_login.lua:38: attempt to index a nil value (global 'uinf')
20181018 13:27:47 *****DEBUG*****../../apps/lua/scripts/auth_server/main.lua:32  
Auth Server Start At8000
20181018 13:27:47 *****DEBUG*****../../apps/lua/scripts/auth_server/main.lua:38  
register Auth Service[1]  success
20181018 13:27:47 *****DEBUG*****../../apps/lua/scripts/database/mysql_auth_center.lua:15  
connect to auth center db sucess!!!
20181018 13:27:47 *****DEBUG*****../../apps/lua/scripts/database/redis_center.lua:17  
connect to redis center db success!!!!
20181018 13:27:59 *****DEBUG*****../../apps/lua/scripts/auth_server/auth_service.lua:16  
*********on_auth_recv_cmd********
20181018 13:27:59 *****DEBUG*****../../apps/lua/scripts/auth_server/auth_service.lua:17  
1	9
20181018 13:27:59 *****DEBUG*****../../apps/lua/scripts/auth_server/uname_login.lua:12  
3	32
20181018 13:27:59 *****DEBUG*****../../apps/lua/scripts/auth_server/uname_login.lua:59  
yonghu login sucess:	nil	nil	nil	nil	nil
20181018 16:33:37 *****DEBUG*****../../apps/lua/scripts/auth_server/main.lua:32  
Auth Server Start At8000
20181018 16:33:37 *****DEBUG*****../../apps/lua/scripts/auth_server/main.lua:38  
register Auth Service[1]  success
20181018 16:33:37 *****DEBUG*****../../apps/lua/scripts/database/mysql_auth_center.lua:15  
connect to auth center db sucess!!!
20181018 16:33:37 *****DEBUG*****../../apps/lua/scripts/database/redis_center.lua:17  
connect to redis center db success!!!!
20181018 16:36:54 *****DEBUG*****../../apps/lua/scripts/auth_server/auth_service.lua:19  
*********on_auth_recv_cmd********
20181018 16:36:54 *****DEBUG*****../../apps/lua/scripts/auth_server/auth_service.lua:20  
1	9
20181018 16:36:54 *****DEBUG*****../../apps/lua/scripts/auth_server/uname_login.lua:58  
user login sucess!:	gst101126	6	0	0	17
20181018 16:43:48 *****DEBUG*****../../apps/lua/scripts/auth_server/main.lua:32  
Auth Server Start At8000
20181018 16:43:48 *****DEBUG*****../../apps/lua/scripts/auth_server/main.lua:38  
register Auth Service[1]  success
20181018 16:43:48 *****DEBUG*****../../apps/lua/scripts/database/mysql_auth_center.lua:15  
connect to auth center db sucess!!!
20181018 16:43:48 *****DEBUG*****../../apps/lua/scripts/database/redis_center.lua:17  
connect to redis center db success!!!!
20181018 16:45:21 *****DEBUG*****../../apps/lua/scripts/auth_server/auth_service.lua:19  
*********on_auth_recv_cmd********
20181018 16:45:21 *****DEBUG*****../../apps/lua/scripts/auth_server/auth_service.lua:20  
1	9
20181018 16:45:21 *****DEBUG*****../../apps/lua/scripts/auth_server/uname_login.lua:58  
user login sucess!:	gst101126	6	0	0	17
20181018 16:45:26 *****DEBUG*****../../apps/lua/scripts/auth_server/auth_service.lua:19  
*********on_auth_recv_cmd********
20181018 16:45:26 *****DEBUG*****../../apps/lua/scripts/auth_server/auth_service.lua:20  
1	11
20181018 16:45:26 *****DEBUG*****../../apps/lua/scripts/auth_server/login_out.lua:11  
user	17	login out!
20181018 16:48:10 *****DEBUG*****../../apps/lua/scripts/auth_server/auth_service.lua:19  
*********on_auth_recv_cmd********
20181018 16:48:10 *****DEBUG*****../../apps/lua/scripts/auth_server/auth_service.lua:20  
1	9
20181018 16:48:10 *****DEBUG*****../../apps/lua/scripts/auth_server/uname_login.lua:58  
user login sucess!:	gst101126	6	0	0	17
20181018 16:48:13 *****DEBUG*****../../apps/lua/scripts/auth_server/auth_service.lua:19  
*********on_auth_recv_cmd********
20181018 16:48:13 *****DEBUG*****../../apps/lua/scripts/auth_server/auth_service.lua:20  
1	11
20181018 16:48:13 *****DEBUG*****../../apps/lua/scripts/auth_server/login_out.lua:11  
user	17	login out!
20181018 16:48:18 *****DEBUG*****../../apps/lua/scripts/auth_server/auth_service.lua:19  
*********on_auth_recv_cmd********
20181018 16:48:18 *****DEBUG*****../../apps/lua/scripts/auth_server/auth_service.lua:20  
1	9
20181018 16:48:18 *****DEBUG*****../../apps/lua/scripts/auth_server/uname_login.lua:58  
user login sucess!:	gst101126	6	0	0	17
20181018 16:48:20 *****DEBUG*****../../apps/lua/scripts/auth_server/auth_service.lua:19  
*********on_auth_recv_cmd********
20181018 16:48:20 *****DEBUG*****../../apps/lua/scripts/auth_server/auth_service.lua:20  
1	11
20181018 16:48:20 *****DEBUG*****../../apps/lua/scripts/auth_server/login_out.lua:11  
user	17	login out!
