20181216 22:21:50 *****DEBUG*****../../apps/lua/scripts/system_server/main.lua:30  
System Server Start at 8001
20181216 22:21:51 *****DEBUG*****../../apps/lua/scripts/system_server/main.lua:35  
register System service:[2] success!!!
20181216 22:21:51 *****DEBUG*****../../apps/lua/scripts/database/redis_game.lua:24  
connect to redis game db success!!!!
20181216 22:21:51 *****DEBUG*****../../apps/lua/scripts/database/redis_rank.lua:24  
connect to redis rank db success!!!!
20181216 22:21:51 *****DEBUG*****../../apps/lua/scripts/database/mysql_game.lua:23  
connect to moba game db success!!!!
20181216 22:21:51 *****DEBUG*****../../apps/lua/scripts/database/redis_center.lua:24  
connect to redis center db success!!!!
20181216 22:21:55 *****DEBUG*****../../apps/lua/scripts/system_server/sys_msg.lua:9  
********load_sys_msg
20181216 22:21:55 *****DEBUG*****../../apps/lua/scripts/database/mysql_game.lua:77  
*************get_sys_msg****************
20181216 22:21:55 *****DEBUG*****../../apps/lua/scripts/system_server/sys_msg.lua:23  
1	欢迎来到moba游戏世界
20181216 22:21:55 *****DEBUG*****../../apps/lua/scripts/system_server/sys_msg.lua:23  
2	系统消息1系统消息1系统消息1系统消息1
20181216 22:21:55 *****DEBUG*****../../apps/lua/scripts/system_server/sys_msg.lua:23  
3	系统消息2系统消息2系统消息2系统消息2
20181216 22:22:13 *****DEBUG*****../../apps/lua/scripts/system_server/system_server.lua:16  
*********on_system_recv_cmd********
20181216 22:22:13 *****DEBUG*****../../apps/lua/scripts/system_server/ugame.lua:12  
*************ugame.get_ugame_info****************	17
20181216 22:22:13 *****DEBUG*****../../apps/lua/scripts/database/mysql_game.lua:110  
*************get_ugame_info****************	17
20181216 22:22:13 *****DEBUG*****../../apps/lua/scripts/database/redis_rank.lua:35  
***********flush_world_rank_with_uchip_inredis*************
20181216 22:22:13 *****DEBUG*****../../apps/lua/scripts/database/mysql_game.lua:182  
*************get_bonues_info****************
20181216 22:22:13 *****DEBUG*****../../apps/lua/scripts/database/redis_rank.lua:46  
user add rank list success!!!	17	2000
20181216 22:22:13 *****DEBUG*****../../apps/lua/scripts/system_server/login_bonues.lua:25  
100	0	1
20181216 22:22:13 *****DEBUG*****../../apps/lua/scripts/database/mysql_game.lua:244  
*****update_login_bonues**********
20181216 22:22:16 *****DEBUG*****../../apps/lua/scripts/system_server/system_server.lua:16  
*********on_system_recv_cmd********
20181216 22:22:16 *****DEBUG*****../../apps/lua/scripts/database/mysql_game.lua:182  
*************get_bonues_info****************
20181216 22:22:16 *****DEBUG*****../../apps/lua/scripts/database/mysql_game.lua:272  
*****update_login_bonues_status**********
20181216 22:22:16 *****DEBUG*****../../apps/lua/scripts/database/mysql_game.lua:300  
*****add_chip**********
20181216 22:22:16 *****DEBUG*****../../apps/lua/scripts/system_server/login_bonues.lua:103  
send:	0
20181216 22:38:02 *****DEBUG*****../../apps/lua/scripts/system_server/system_server.lua:16  
*********on_system_recv_cmd********
20181216 22:38:14 *****DEBUG*****../../apps/lua/scripts/system_server/system_server.lua:16  
*********on_system_recv_cmd********
20181216 22:38:14 *****DEBUG*****../../apps/lua/scripts/system_server/ugame.lua:12  
*************ugame.get_ugame_info****************	17
20181216 22:38:14 *****DEBUG*****../../apps/lua/scripts/database/mysql_game.lua:110  
*************get_ugame_info****************	17
20181216 22:38:14 *****DEBUG*****../../apps/lua/scripts/database/redis_rank.lua:35  
***********flush_world_rank_with_uchip_inredis*************
20181216 22:38:14 *****DEBUG*****../../apps/lua/scripts/database/mysql_game.lua:182  
*************get_bonues_info****************
20181216 22:38:14 *****DEBUG*****../../apps/lua/scripts/database/redis_rank.lua:46  
user add rank list success!!!	17	2000
20181216 22:38:20 *****DEBUG*****../../apps/lua/scripts/system_server/system_server.lua:16  
*********on_system_recv_cmd********
20181216 22:39:23 *****DEBUG*****../../apps/lua/scripts/system_server/main.lua:30  
System Server Start at 8001
20181216 22:39:23 *****DEBUG*****../../apps/lua/scripts/system_server/main.lua:35  
register System service:[2] success!!!
20181216 22:39:23 *****DEBUG*****../../apps/lua/scripts/database/mysql_game.lua:23  
connect to moba game db success!!!!
20181216 22:39:23 *****DEBUG*****../../apps/lua/scripts/database/redis_game.lua:24  
connect to redis game db success!!!!
20181216 22:39:23 *****DEBUG*****../../apps/lua/scripts/database/redis_rank.lua:24  
connect to redis rank db success!!!!
20181216 22:39:23 *****DEBUG*****../../apps/lua/scripts/database/redis_center.lua:24  
connect to redis center db success!!!!
20181216 22:39:28 *****DEBUG*****../../apps/lua/scripts/system_server/sys_msg.lua:9  
********load_sys_msg
20181216 22:39:28 *****DEBUG*****../../apps/lua/scripts/database/mysql_game.lua:77  
*************get_sys_msg****************
20181216 22:39:28 *****DEBUG*****../../apps/lua/scripts/system_server/sys_msg.lua:23  
1	欢迎来到moba游戏世界
20181216 22:39:28 *****DEBUG*****../../apps/lua/scripts/system_server/sys_msg.lua:23  
2	系统消息1系统消息1系统消息1系统消息1
20181216 22:39:28 *****DEBUG*****../../apps/lua/scripts/system_server/sys_msg.lua:23  
3	系统消息2系统消息2系统消息2系统消息2
20181216 22:40:11 *****DEBUG*****../../apps/lua/scripts/system_server/system_server.lua:16  
*********on_system_recv_cmd********
20181216 22:40:11 *****DEBUG*****../../apps/lua/scripts/system_server/ugame.lua:12  
*************ugame.get_ugame_info****************	17
20181216 22:40:11 *****DEBUG*****../../apps/lua/scripts/database/mysql_game.lua:110  
*************get_ugame_info****************	17
20181216 22:40:11 *****DEBUG*****../../apps/lua/scripts/database/redis_rank.lua:35  
***********flush_world_rank_with_uchip_inredis*************
20181216 22:40:11 *****DEBUG*****../../apps/lua/scripts/database/mysql_game.lua:182  
*************get_bonues_info****************
20181216 22:40:11 *****DEBUG*****../../apps/lua/scripts/database/redis_rank.lua:46  
user add rank list success!!!	17	2000
20181216 22:50:43 *****DEBUG*****../../apps/lua/scripts/system_server/main.lua:30  
System Server Start at 8001
20181216 22:50:43 *****DEBUG*****../../apps/lua/scripts/system_server/main.lua:35  
register System service:[2] success!!!
20181216 22:50:43 *****DEBUG*****../../apps/lua/scripts/database/mysql_game.lua:23  
connect to moba game db success!!!!
20181216 22:50:43 *****DEBUG*****../../apps/lua/scripts/database/redis_game.lua:24  
connect to redis game db success!!!!
20181216 22:50:43 *****DEBUG*****../../apps/lua/scripts/database/redis_rank.lua:24  
connect to redis rank db success!!!!
20181216 22:50:43 *****DEBUG*****../../apps/lua/scripts/database/redis_center.lua:24  
connect to redis center db success!!!!
20181216 22:50:48 *****DEBUG*****../../apps/lua/scripts/system_server/sys_msg.lua:9  
********load_sys_msg
20181216 22:50:48 *****DEBUG*****../../apps/lua/scripts/database/mysql_game.lua:77  
*************get_sys_msg****************
20181216 22:50:48 *****DEBUG*****../../apps/lua/scripts/system_server/sys_msg.lua:23  
1	欢迎来到moba游戏世界
20181216 22:50:48 *****DEBUG*****../../apps/lua/scripts/system_server/sys_msg.lua:23  
2	系统消息1系统消息1系统消息1系统消息1
20181216 22:50:48 *****DEBUG*****../../apps/lua/scripts/system_server/sys_msg.lua:23  
3	系统消息2系统消息2系统消息2系统消息2
20181216 22:50:52 *****DEBUG*****../../apps/lua/scripts/system_server/system_server.lua:16  
*********on_system_recv_cmd********
20181216 22:50:52 *****DEBUG*****../../apps/lua/scripts/system_server/ugame.lua:12  
*************ugame.get_ugame_info****************	17
20181216 22:50:52 *****DEBUG*****../../apps/lua/scripts/database/mysql_game.lua:110  
*************get_ugame_info****************	17
20181216 22:50:52 *****DEBUG*****../../apps/lua/scripts/database/redis_rank.lua:35  
***********flush_world_rank_with_uchip_inredis*************
20181216 22:50:52 *****DEBUG*****../../apps/lua/scripts/database/mysql_game.lua:182  
*************get_bonues_info****************
20181216 22:50:52 *****DEBUG*****../../apps/lua/scripts/database/redis_rank.lua:46  
user add rank list success!!!	17	2000
20181216 22:51:17 *****DEBUG*****../../apps/lua/scripts/system_server/system_server.lua:16  
*********on_system_recv_cmd********
20181216 22:52:32 *****DEBUG*****../../apps/lua/scripts/system_server/main.lua:30  
System Server Start at 8001
20181216 22:52:32 *****DEBUG*****../../apps/lua/scripts/system_server/main.lua:35  
register System service:[2] success!!!
20181216 22:52:32 *****DEBUG*****../../apps/lua/scripts/database/mysql_game.lua:23  
connect to moba game db success!!!!
20181216 22:52:32 *****DEBUG*****../../apps/lua/scripts/database/redis_game.lua:24  
connect to redis game db success!!!!
20181216 22:52:32 *****DEBUG*****../../apps/lua/scripts/database/redis_rank.lua:24  
connect to redis rank db success!!!!
20181216 22:52:32 *****DEBUG*****../../apps/lua/scripts/database/redis_center.lua:24  
connect to redis center db success!!!!
20181216 22:52:37 *****DEBUG*****../../apps/lua/scripts/system_server/sys_msg.lua:9  
********load_sys_msg
20181216 22:52:37 *****DEBUG*****../../apps/lua/scripts/database/mysql_game.lua:77  
*************get_sys_msg****************
20181216 22:52:37 *****DEBUG*****../../apps/lua/scripts/system_server/sys_msg.lua:23  
1	欢迎来到moba游戏世界
20181216 22:52:37 *****DEBUG*****../../apps/lua/scripts/system_server/sys_msg.lua:23  
2	系统消息1系统消息1系统消息1系统消息1
20181216 22:52:37 *****DEBUG*****../../apps/lua/scripts/system_server/sys_msg.lua:23  
3	系统消息2系统消息2系统消息2系统消息2
20181216 22:52:38 *****DEBUG*****../../apps/lua/scripts/system_server/system_server.lua:16  
*********on_system_recv_cmd********
20181216 22:52:38 *****DEBUG*****../../apps/lua/scripts/system_server/ugame.lua:12  
*************ugame.get_ugame_info****************	17
20181216 22:52:38 *****DEBUG*****../../apps/lua/scripts/database/mysql_game.lua:110  
*************get_ugame_info****************	17
20181216 22:52:38 *****DEBUG*****../../apps/lua/scripts/database/redis_rank.lua:35  
***********flush_world_rank_with_uchip_inredis*************
20181216 22:52:38 *****DEBUG*****../../apps/lua/scripts/database/mysql_game.lua:182  
*************get_bonues_info****************
20181216 22:52:38 *****DEBUG*****../../apps/lua/scripts/database/redis_rank.lua:46  
user add rank list success!!!	17	2000
20181216 22:52:55 *****DEBUG*****../../apps/lua/scripts/system_server/system_server.lua:16  
*********on_system_recv_cmd********
20181216 22:55:17 *****DEBUG*****../../apps/lua/scripts/system_server/system_server.lua:16  
*********on_system_recv_cmd********
20181216 22:55:17 *****DEBUG*****../../apps/lua/scripts/system_server/ugame.lua:12  
*************ugame.get_ugame_info****************	17
20181216 22:55:17 *****DEBUG*****../../apps/lua/scripts/database/mysql_game.lua:110  
*************get_ugame_info****************	17
20181216 22:55:17 *****DEBUG*****../../apps/lua/scripts/database/redis_rank.lua:35  
***********flush_world_rank_with_uchip_inredis*************
20181216 22:55:17 *****DEBUG*****../../apps/lua/scripts/database/mysql_game.lua:182  
*************get_bonues_info****************
20181216 22:55:17 *****DEBUG*****../../apps/lua/scripts/database/redis_rank.lua:46  
user add rank list success!!!	17	2000
20181216 22:56:29 *****DEBUG*****../../apps/lua/scripts/system_server/system_server.lua:16  
*********on_system_recv_cmd********
20181216 22:58:28 *****DEBUG*****../../apps/lua/scripts/system_server/system_server.lua:16  
*********on_system_recv_cmd********
20181216 22:58:28 *****DEBUG*****../../apps/lua/scripts/system_server/ugame.lua:12  
*************ugame.get_ugame_info****************	17
20181216 22:58:28 *****DEBUG*****../../apps/lua/scripts/database/mysql_game.lua:110  
*************get_ugame_info****************	17
20181216 22:58:28 *****DEBUG*****../../apps/lua/scripts/database/redis_rank.lua:35  
***********flush_world_rank_with_uchip_inredis*************
20181216 22:58:28 *****DEBUG*****../../apps/lua/scripts/database/mysql_game.lua:182  
*************get_bonues_info****************
20181216 22:58:28 *****DEBUG*****../../apps/lua/scripts/database/redis_rank.lua:46  
user add rank list success!!!	17	2000
20181216 23:07:39 *****DEBUG*****../../apps/lua/scripts/system_server/system_server.lua:16  
*********on_system_recv_cmd********
20181216 23:11:28 *****DEBUG*****../../apps/lua/scripts/system_server/main.lua:30  
System Server Start at 8001
20181216 23:11:28 *****DEBUG*****../../apps/lua/scripts/system_server/main.lua:35  
register System service:[2] success!!!
20181216 23:11:28 *****DEBUG*****../../apps/lua/scripts/database/redis_game.lua:24  
connect to redis game db success!!!!
20181216 23:11:28 *****DEBUG*****../../apps/lua/scripts/database/redis_rank.lua:24  
connect to redis rank db success!!!!
20181216 23:11:28 *****DEBUG*****../../apps/lua/scripts/database/redis_center.lua:24  
connect to redis center db success!!!!
20181216 23:11:29 *****DEBUG*****../../apps/lua/scripts/database/mysql_game.lua:23  
connect to moba game db success!!!!
20181216 23:11:33 *****DEBUG*****../../apps/lua/scripts/system_server/sys_msg.lua:9  
********load_sys_msg
20181216 23:11:33 *****DEBUG*****../../apps/lua/scripts/database/mysql_game.lua:77  
*************get_sys_msg****************
20181216 23:11:33 *****DEBUG*****../../apps/lua/scripts/system_server/sys_msg.lua:23  
1	欢迎来到moba游戏世界
20181216 23:11:33 *****DEBUG*****../../apps/lua/scripts/system_server/sys_msg.lua:23  
2	系统消息1系统消息1系统消息1系统消息1
20181216 23:11:33 *****DEBUG*****../../apps/lua/scripts/system_server/sys_msg.lua:23  
3	系统消息2系统消息2系统消息2系统消息2
20181216 23:11:52 *****DEBUG*****../../apps/lua/scripts/system_server/system_server.lua:16  
*********on_system_recv_cmd********
20181216 23:11:52 *****DEBUG*****../../apps/lua/scripts/system_server/ugame.lua:12  
*************ugame.get_ugame_info****************	17
20181216 23:11:52 *****DEBUG*****../../apps/lua/scripts/database/mysql_game.lua:110  
*************get_ugame_info****************	17
20181216 23:11:52 *****DEBUG*****../../apps/lua/scripts/database/redis_rank.lua:35  
***********flush_world_rank_with_uchip_inredis*************
20181216 23:11:52 *****DEBUG*****../../apps/lua/scripts/database/mysql_game.lua:182  
*************get_bonues_info****************
20181216 23:11:52 *****DEBUG*****../../apps/lua/scripts/database/redis_rank.lua:46  
user add rank list success!!!	17	2000
20181216 23:12:08 *****DEBUG*****../../apps/lua/scripts/system_server/system_server.lua:16  
*********on_system_recv_cmd********
20181216 23:12:08 *****DEBUG*****../../apps/lua/scripts/system_server/ugame.lua:12  
*************ugame.get_ugame_info****************	17
20181216 23:12:08 *****DEBUG*****../../apps/lua/scripts/database/mysql_game.lua:110  
*************get_ugame_info****************	17
20181216 23:12:08 *****DEBUG*****../../apps/lua/scripts/database/redis_rank.lua:35  
***********flush_world_rank_with_uchip_inredis*************
20181216 23:12:08 *****DEBUG*****../../apps/lua/scripts/database/mysql_game.lua:182  
*************get_bonues_info****************
20181216 23:12:08 *****DEBUG*****../../apps/lua/scripts/database/redis_rank.lua:46  
user add rank list success!!!	17	2000
20181216 23:12:14 *****DEBUG*****../../apps/lua/scripts/system_server/main.lua:30  
System Server Start at 8001
20181216 23:12:14 *****DEBUG*****../../apps/lua/scripts/system_server/main.lua:35  
register System service:[2] success!!!
20181216 23:12:14 *****DEBUG*****../../apps/lua/scripts/database/mysql_game.lua:23  
connect to moba game db success!!!!
20181216 23:12:14 *****DEBUG*****../../apps/lua/scripts/database/redis_game.lua:24  
connect to redis game db success!!!!
20181216 23:12:14 *****DEBUG*****../../apps/lua/scripts/database/redis_rank.lua:24  
connect to redis rank db success!!!!
20181216 23:12:14 *****DEBUG*****../../apps/lua/scripts/database/redis_center.lua:24  
connect to redis center db success!!!!
20181216 23:12:19 *****DEBUG*****../../apps/lua/scripts/system_server/sys_msg.lua:9  
********load_sys_msg
20181216 23:12:19 *****DEBUG*****../../apps/lua/scripts/database/mysql_game.lua:77  
*************get_sys_msg****************
20181216 23:12:19 *****DEBUG*****../../apps/lua/scripts/system_server/sys_msg.lua:23  
1	欢迎来到moba游戏世界
20181216 23:12:19 *****DEBUG*****../../apps/lua/scripts/system_server/sys_msg.lua:23  
2	系统消息1系统消息1系统消息1系统消息1
20181216 23:12:19 *****DEBUG*****../../apps/lua/scripts/system_server/sys_msg.lua:23  
3	系统消息2系统消息2系统消息2系统消息2
20181216 23:12:37 *****DEBUG*****../../apps/lua/scripts/system_server/system_server.lua:16  
*********on_system_recv_cmd********
20181216 23:12:37 *****DEBUG*****../../apps/lua/scripts/system_server/ugame.lua:12  
*************ugame.get_ugame_info****************	17
20181216 23:12:37 *****DEBUG*****../../apps/lua/scripts/database/mysql_game.lua:110  
*************get_ugame_info****************	17
20181216 23:12:37 *****DEBUG*****../../apps/lua/scripts/database/redis_rank.lua:35  
***********flush_world_rank_with_uchip_inredis*************
20181216 23:12:37 *****DEBUG*****../../apps/lua/scripts/database/mysql_game.lua:182  
*************get_bonues_info****************
20181216 23:12:37 *****DEBUG*****../../apps/lua/scripts/database/redis_rank.lua:46  
user add rank list success!!!	17	2000
20181216 23:14:20 *****DEBUG*****../../apps/lua/scripts/system_server/system_server.lua:16  
*********on_system_recv_cmd********
