20181119 08:17:45 *****DEBUG*****../../apps/lua/scripts/system_server/main.lua:30  
System Server Start at 8001
20181119 08:17:45 *****DEBUG*****../../apps/lua/scripts/system_server/main.lua:35  
register System service:[2] success!!!
20181119 08:17:45 *****DEBUG*****../../apps/lua/scripts/database/mysql_game.lua:15  
connect to moba game db success!!!!
20181119 08:17:45 *****DEBUG*****../../apps/lua/scripts/database/redis_game.lua:17  
connect to redis game db success!!!!
20181119 08:17:45 *****DEBUG*****../../apps/lua/scripts/database/redis_rank.lua:17  
connect to redis rank db success!!!!
20181119 08:17:45 *****DEBUG*****../../apps/lua/scripts/database/redis_center.lua:17  
connect to redis center db success!!!!
20181119 08:17:46 *****DEBUG*****../../apps/lua/scripts/system_server/sys_msg.lua:9  
********load_sys_msg
20181119 08:17:46 *****DEBUG*****../../apps/lua/scripts/database/mysql_game.lua:24  
*************get_sys_msg****************
20181119 08:17:46 *****DEBUG*****../../apps/lua/scripts/system_server/sys_msg.lua:23  
1	欢迎来到moba游戏世界
20181119 08:17:46 *****DEBUG*****../../apps/lua/scripts/system_server/sys_msg.lua:23  
2	系统消息1系统消息1系统消息1系统消息1
20181119 08:17:46 *****DEBUG*****../../apps/lua/scripts/system_server/sys_msg.lua:23  
3	系统消息2系统消息2系统消息2系统消息2
20181119 08:17:51 *****DEBUG*****../../apps/lua/scripts/system_server/main.lua:30  
System Server Start at 8001
20181119 08:17:51 *****DEBUG*****../../apps/lua/scripts/system_server/main.lua:35  
register System service:[2] success!!!
20181119 08:17:51 *****DEBUG*****../../apps/lua/scripts/database/mysql_game.lua:15  
connect to moba game db success!!!!
20181119 08:17:51 *****DEBUG*****../../apps/lua/scripts/database/redis_game.lua:17  
connect to redis game db success!!!!
20181119 08:17:51 *****DEBUG*****../../apps/lua/scripts/database/redis_rank.lua:17  
connect to redis rank db success!!!!
20181119 08:17:51 *****DEBUG*****../../apps/lua/scripts/database/redis_center.lua:17  
connect to redis center db success!!!!
20181119 08:17:56 *****DEBUG*****../../apps/lua/scripts/system_server/sys_msg.lua:9  
********load_sys_msg
20181119 08:17:56 *****DEBUG*****../../apps/lua/scripts/database/mysql_game.lua:24  
*************get_sys_msg****************
20181119 08:17:56 *****DEBUG*****../../apps/lua/scripts/system_server/sys_msg.lua:23  
1	欢迎来到moba游戏世界
20181119 08:17:56 *****DEBUG*****../../apps/lua/scripts/system_server/sys_msg.lua:23  
2	系统消息1系统消息1系统消息1系统消息1
20181119 08:17:56 *****DEBUG*****../../apps/lua/scripts/system_server/sys_msg.lua:23  
3	系统消息2系统消息2系统消息2系统消息2
20181119 08:18:12 *****DEBUG*****../../apps/lua/scripts/system_server/system_server.lua:16  
*********on_system_recv_cmd********
20181119 08:18:12 *****DEBUG*****../../apps/lua/scripts/system_server/ugame.lua:10  
*************ugame.get_ugame_info****************
20181119 08:18:12 *****DEBUG*****../../apps/lua/scripts/database/mysql_game.lua:57  
*************get_ugame_info****************
20181119 08:18:12 *****DEBUG*****../../apps/lua/scripts/database/redis_rank.lua:28  
***********flush_world_rank_with_uchip_inredis*************
20181119 08:18:12 *****DEBUG*****../../apps/lua/scripts/database/mysql_game.lua:129  
*************get_bonues_info****************
20181119 08:18:12 *****DEBUG*****../../apps/lua/scripts/database/redis_rank.lua:39  
user add rank list success!!!	17	2000
20181119 08:18:12 *****DEBUG*****../../apps/lua/scripts/system_server/login_bonues.lua:25  
200	0	2
20181119 08:18:12 *****DEBUG*****../../apps/lua/scripts/database/mysql_game.lua:191  
*****update_login_bonues**********
20181119 08:20:45 *****DEBUG*****../../apps/lua/scripts/system_server/main.lua:30  
System Server Start at 8001
20181119 08:20:45 *****DEBUG*****../../apps/lua/scripts/system_server/main.lua:35  
register System service:[2] success!!!
20181119 08:20:45 *****DEBUG*****../../apps/lua/scripts/database/mysql_game.lua:15  
connect to moba game db success!!!!
20181119 08:20:45 *****DEBUG*****../../apps/lua/scripts/database/redis_game.lua:17  
connect to redis game db success!!!!
20181119 08:20:45 *****DEBUG*****../../apps/lua/scripts/database/redis_rank.lua:17  
connect to redis rank db success!!!!
20181119 08:20:45 *****DEBUG*****../../apps/lua/scripts/database/redis_center.lua:17  
connect to redis center db success!!!!
20181119 08:20:50 *****DEBUG*****../../apps/lua/scripts/system_server/sys_msg.lua:9  
********load_sys_msg
20181119 08:20:50 *****DEBUG*****../../apps/lua/scripts/database/mysql_game.lua:24  
*************get_sys_msg****************
20181119 08:20:50 *****DEBUG*****../../apps/lua/scripts/system_server/sys_msg.lua:23  
1	欢迎来到moba游戏世界
20181119 08:20:50 *****DEBUG*****../../apps/lua/scripts/system_server/sys_msg.lua:23  
2	系统消息1系统消息1系统消息1系统消息1
20181119 08:20:50 *****DEBUG*****../../apps/lua/scripts/system_server/sys_msg.lua:23  
3	系统消息2系统消息2系统消息2系统消息2
20181119 08:20:52 *****DEBUG*****../../apps/lua/scripts/system_server/system_server.lua:16  
*********on_system_recv_cmd********
20181119 08:20:52 *****DEBUG*****../../apps/lua/scripts/system_server/ugame.lua:10  
*************ugame.get_ugame_info****************
20181119 08:20:52 *****DEBUG*****../../apps/lua/scripts/database/mysql_game.lua:57  
*************get_ugame_info****************
20181119 08:20:52 *****DEBUG*****../../apps/lua/scripts/database/redis_rank.lua:28  
***********flush_world_rank_with_uchip_inredis*************
20181119 08:20:52 *****DEBUG*****../../apps/lua/scripts/database/mysql_game.lua:129  
*************get_bonues_info****************
20181119 08:20:52 *****DEBUG*****../../apps/lua/scripts/database/redis_rank.lua:39  
user add rank list success!!!	17	2000
20181119 08:22:31 *****DEBUG*****../../apps/lua/scripts/system_server/main.lua:30  
System Server Start at 8001
20181119 08:22:31 *****DEBUG*****../../apps/lua/scripts/system_server/main.lua:35  
register System service:[2] success!!!
20181119 08:22:31 *****DEBUG*****../../apps/lua/scripts/database/mysql_game.lua:15  
connect to moba game db success!!!!
20181119 08:22:31 *****DEBUG*****../../apps/lua/scripts/database/redis_game.lua:17  
connect to redis game db success!!!!
20181119 08:22:31 *****DEBUG*****../../apps/lua/scripts/database/redis_rank.lua:17  
connect to redis rank db success!!!!
20181119 08:22:31 *****DEBUG*****../../apps/lua/scripts/database/redis_center.lua:17  
connect to redis center db success!!!!
20181119 08:22:36 *****DEBUG*****../../apps/lua/scripts/system_server/sys_msg.lua:9  
********load_sys_msg
20181119 08:22:36 *****DEBUG*****../../apps/lua/scripts/database/mysql_game.lua:24  
*************get_sys_msg****************
20181119 08:22:36 *****DEBUG*****../../apps/lua/scripts/system_server/sys_msg.lua:23  
1	欢迎来到moba游戏世界
20181119 08:22:36 *****DEBUG*****../../apps/lua/scripts/system_server/sys_msg.lua:23  
2	系统消息1系统消息1系统消息1系统消息1
20181119 08:22:36 *****DEBUG*****../../apps/lua/scripts/system_server/sys_msg.lua:23  
3	系统消息2系统消息2系统消息2系统消息2
20181119 08:22:39 *****DEBUG*****../../apps/lua/scripts/system_server/system_server.lua:16  
*********on_system_recv_cmd********
20181119 08:22:39 *****DEBUG*****../../apps/lua/scripts/system_server/ugame.lua:10  
*************ugame.get_ugame_info****************
20181119 08:22:39 *****DEBUG*****../../apps/lua/scripts/database/mysql_game.lua:57  
*************get_ugame_info****************
20181119 08:22:39 *****DEBUG*****../../apps/lua/scripts/database/redis_rank.lua:28  
***********flush_world_rank_with_uchip_inredis*************
20181119 08:22:39 *****DEBUG*****../../apps/lua/scripts/database/mysql_game.lua:129  
*************get_bonues_info****************
20181119 08:22:39 *****DEBUG*****../../apps/lua/scripts/database/redis_rank.lua:39  
user add rank list success!!!	17	2000
20181119 10:03:39 *****DEBUG*****../../apps/lua/scripts/system_server/system_server.lua:16  
*********on_system_recv_cmd********
20181119 10:13:22 *****DEBUG*****../../apps/lua/scripts/system_server/main.lua:30  
System Server Start at 8001
20181119 10:13:23 *****DEBUG*****../../apps/lua/scripts/system_server/main.lua:35  
register System service:[2] success!!!
20181119 10:13:23 *****DEBUG*****../../apps/lua/scripts/database/mysql_game.lua:15  
connect to moba game db success!!!!
20181119 10:13:23 *****DEBUG*****../../apps/lua/scripts/database/redis_game.lua:17  
connect to redis game db success!!!!
20181119 10:13:23 *****DEBUG*****../../apps/lua/scripts/database/redis_rank.lua:17  
connect to redis rank db success!!!!
20181119 10:13:23 *****DEBUG*****../../apps/lua/scripts/database/redis_center.lua:17  
connect to redis center db success!!!!
20181119 10:13:27 *****DEBUG*****../../apps/lua/scripts/system_server/sys_msg.lua:9  
********load_sys_msg
20181119 10:13:27 *****DEBUG*****../../apps/lua/scripts/database/mysql_game.lua:24  
*************get_sys_msg****************
20181119 10:13:27 *****DEBUG*****../../apps/lua/scripts/system_server/sys_msg.lua:23  
1	欢迎来到moba游戏世界
20181119 10:13:27 *****DEBUG*****../../apps/lua/scripts/system_server/sys_msg.lua:23  
2	系统消息1系统消息1系统消息1系统消息1
20181119 10:13:27 *****DEBUG*****../../apps/lua/scripts/system_server/sys_msg.lua:23  
3	系统消息2系统消息2系统消息2系统消息2
20181119 10:13:34 *****DEBUG*****../../apps/lua/scripts/system_server/system_server.lua:16  
*********on_system_recv_cmd********
20181119 10:13:34 *****DEBUG*****../../apps/lua/scripts/system_server/ugame.lua:10  
*************ugame.get_ugame_info****************
20181119 10:13:34 *****DEBUG*****../../apps/lua/scripts/database/mysql_game.lua:57  
*************get_ugame_info****************
20181119 10:13:34 *****DEBUG*****../../apps/lua/scripts/database/redis_rank.lua:28  
***********flush_world_rank_with_uchip_inredis*************
20181119 10:13:34 *****DEBUG*****../../apps/lua/scripts/database/mysql_game.lua:129  
*************get_bonues_info****************
20181119 10:13:34 *****DEBUG*****../../apps/lua/scripts/database/redis_rank.lua:39  
user add rank list success!!!	17	2000
