20181109 10:46:24 *****DEBUG*****../../apps/lua/scripts/system_server/main.lua:29  
System Server Start at 8001
20181109 10:46:24 *****DEBUG*****../../apps/lua/scripts/system_server/main.lua:34  
register System service:[2] success!!!
20181109 10:46:24 *****DEBUG*****../../apps/lua/scripts/database/redis_game.lua:17  
connect to redis game db success!!!!
20181109 10:46:24 *****DEBUG*****../../apps/lua/scripts/database/redis_rank.lua:17  
connect to redis rank db success!!!!
20181109 10:46:24 *****DEBUG*****../../apps/lua/scripts/database/redis_center.lua:17  
connect to redis center db success!!!!
20181109 10:46:24 *****DEBUG*****../../apps/lua/scripts/database/mysql_game.lua:15  
connect to moba game db success!!!!
20181109 10:50:40 *****DEBUG*****../../apps/lua/scripts/system_server/system_server.lua:13  
*********on_system_recv_cmd********
20181109 10:50:40 *****DEBUG*****../../apps/lua/scripts/system_server/ugame.lua:10  
*************ugame.get_ugame_info****************
20181109 10:50:40 *****DEBUG*****../../apps/lua/scripts/database/mysql_game.lua:21  
*************get_ugame_info****************
20181109 10:50:40 *****DEBUG*****../../apps/lua/scripts/database/redis_rank.lua:28  
***********flush_world_rank_with_uchip_inredis*************
20181109 10:50:40 *****DEBUG*****../../apps/lua/scripts/database/mysql_game.lua:93  
*************get_bonues_info****************
20181109 10:50:40 *****DEBUG*****../../apps/lua/scripts/database/redis_rank.lua:39  
user add rank list success!!!	17	2000
20181109 10:50:40 *****DEBUG*****../../apps/lua/scripts/system_server/login_bonues.lua:25  
400	0	4
20181109 10:50:40 *****DEBUG*****../../apps/lua/scripts/database/mysql_game.lua:155  
*****update_login_bonues**********
20181109 10:50:49 *****DEBUG*****../../apps/lua/scripts/system_server/system_server.lua:13  
*********on_system_recv_cmd********
20181109 10:50:49 *****DEBUG*****../../apps/lua/scripts/database/mysql_game.lua:93  
*************get_bonues_info****************
20181109 10:50:49 *****DEBUG*****../../apps/lua/scripts/database/mysql_game.lua:183  
*****update_login_bonues_status**********
20181109 10:50:49 *****DEBUG*****../../apps/lua/scripts/database/mysql_game.lua:211  
*****add_chip**********
20181109 10:50:49 *****DEBUG*****../../apps/lua/scripts/system_server/login_bonues.lua:103  
send:	0
20181109 10:50:50 *****DEBUG*****../../apps/lua/scripts/system_server/system_server.lua:13  
*********on_system_recv_cmd********
20181109 10:50:50 *****DEBUG*****../../apps/lua/scripts/system_server/game_rank.lua:86  
*********get_world_uchip_rank**********
20181109 10:50:50 *****DEBUG*****../../apps/lua/scripts/database/redis_rank.lua:50  
***********get_world_rank_with_uchip_inredis*********
20181109 10:50:50 *****DEBUG*****../../apps/lua/scripts/database/redis_rank.lua:58  
zrevrange WOLD_CHIP_RANK inredis  success!!!!
20181109 10:50:50 *****DEBUG*****../../apps/lua/scripts/system_server/game_rank.lua:109  
get world rank list >=1!!!
20181109 10:50:50 *****DEBUG*****../../apps/lua/scripts/system_server/game_rank.lua:12  
*******send_rank_info_to_client*******	1	1	1
20181109 10:50:50 *****DEBUG*****../../apps/lua/scripts/system_server/game_rank.lua:25  
6	gst101126
