20181031 00:42:09 *****DEBUG*****../../apps/lua/scripts/system_server/main.lua:29  
System Server Start at 8001
20181031 00:42:09 *****DEBUG*****../../apps/lua/scripts/system_server/main.lua:34  
register System service:[2] success!!!
20181031 00:42:09 *****DEBUG*****../../apps/lua/scripts/database/mysql_game.lua:15  
connect to moba game db success!!!!
20181031 00:42:09 *****DEBUG*****../../apps/lua/scripts/database/redis_game.lua:17  
connect to redis game db success!!!!
20181031 00:42:09 *****DEBUG*****../../apps/lua/scripts/database/redis_rank.lua:17  
connect to redis rank db success!!!!
20181031 00:42:21 *****DEBUG*****../../apps/lua/scripts/system_server/system_server.lua:11  
*********on_system_recv_cmd********
20181031 00:42:21 *****DEBUG*****../../apps/lua/scripts/system_server/ugame.lua:10  
*************ugame.get_ugame_info****************
20181031 00:42:21 *****DEBUG*****../../apps/lua/scripts/database/mysql_game.lua:21  
*************get_ugame_info****************
20181031 00:42:21 *****DEBUG*****../../apps/lua/scripts/database/mysql_game.lua:93  
*************get_bonues_info****************
20181031 00:42:21 *****DEBUG*****../../apps/lua/scripts/system_server/login_bonues.lua:25  
200	0	2
20181031 00:42:21 *****DEBUG*****../../apps/lua/scripts/database/mysql_game.lua:155  
*****update_login_bonues**********
20181031 00:43:09 *****DEBUG*****../../apps/lua/scripts/system_server/main.lua:29  
System Server Start at 8001
20181031 00:43:09 *****DEBUG*****../../apps/lua/scripts/system_server/main.lua:34  
register System service:[2] success!!!
20181031 00:43:09 *****DEBUG*****../../apps/lua/scripts/database/redis_game.lua:17  
connect to redis game db success!!!!
20181031 00:43:09 *****DEBUG*****../../apps/lua/scripts/database/redis_rank.lua:17  
connect to redis rank db success!!!!
20181031 00:43:09 *****DEBUG*****../../apps/lua/scripts/database/mysql_game.lua:15  
connect to moba game db success!!!!
20181031 00:43:16 *****DEBUG*****../../apps/lua/scripts/system_server/system_server.lua:11  
*********on_system_recv_cmd********
20181031 00:43:16 *****DEBUG*****../../apps/lua/scripts/system_server/ugame.lua:10  
*************ugame.get_ugame_info****************
20181031 00:43:16 *****DEBUG*****../../apps/lua/scripts/system_server/ugame.lua:16  
111
20181031 00:43:16 *****DEBUG*****../../apps/lua/scripts/system_server/ugame.lua:14  
test!!!!!!!!!!!!!!!
20181031 00:43:16 *****DEBUG*****../../apps/lua/scripts/database/mysql_game.lua:21  
*************get_ugame_info****************
20181031 00:43:16 *****DEBUG*****../../apps/lua/scripts/database/mysql_game.lua:93  
*************get_bonues_info****************
