20181228 23:06:38 *****DEBUG*****../../apps/lua/scripts/system_server/main.lua:30  
System Server Start at 8001
20181228 23:06:38 *****DEBUG*****../../apps/lua/scripts/system_server/main.lua:35  
register System service:[2] success!!!
20181228 23:06:38 *****DEBUG*****../../apps/lua/scripts/database/mysql_game.lua:23  
connect to moba game db success!!!!
20181228 23:06:38 *****DEBUG*****../../apps/lua/scripts/database/redis_game.lua:24  
connect to redis game db success!!!!
20181228 23:06:38 *****DEBUG*****../../apps/lua/scripts/database/redis_rank.lua:24  
connect to redis rank db success!!!!
20181228 23:06:38 *****DEBUG*****../../apps/lua/scripts/database/redis_center.lua:24  
connect to redis center db success!!!!
20181228 23:06:43 *****DEBUG*****../../apps/lua/scripts/system_server/sys_msg.lua:9  
********load_sys_msg
20181228 23:06:43 *****DEBUG*****../../apps/lua/scripts/database/mysql_game.lua:77  
*************get_sys_msg****************
20181228 23:06:43 *****DEBUG*****../../apps/lua/scripts/system_server/sys_msg.lua:23  
1	欢迎来到moba游戏世界
20181228 23:06:43 *****DEBUG*****../../apps/lua/scripts/system_server/sys_msg.lua:23  
2	系统消息1系统消息1系统消息1系统消息1
20181228 23:06:43 *****DEBUG*****../../apps/lua/scripts/system_server/sys_msg.lua:23  
3	系统消息2系统消息2系统消息2系统消息2
20181228 23:07:25 *****DEBUG*****../../apps/lua/scripts/system_server/system_server.lua:16  
*********on_system_recv_cmd********
20181228 23:07:25 *****DEBUG*****../../apps/lua/scripts/system_server/ugame.lua:12  
*************ugame.get_ugame_info****************	17
20181228 23:07:25 *****DEBUG*****../../apps/lua/scripts/database/mysql_game.lua:110  
*************get_ugame_info****************	17
20181228 23:07:25 *****DEBUG*****../../apps/lua/scripts/database/redis_rank.lua:35  
***********flush_world_rank_with_uchip_inredis*************
20181228 23:07:25 *****DEBUG*****../../apps/lua/scripts/database/mysql_game.lua:182  
*************get_bonues_info****************
20181228 23:07:25 *****DEBUG*****../../apps/lua/scripts/database/redis_rank.lua:46  
user add rank list success!!!	17	2000
20181228 23:07:25 *****DEBUG*****../../apps/lua/scripts/system_server/login_bonues.lua:25  
100	0	1
20181228 23:07:25 *****DEBUG*****../../apps/lua/scripts/database/mysql_game.lua:244  
*****update_login_bonues**********
20181228 23:07:32 *****DEBUG*****../../apps/lua/scripts/system_server/system_server.lua:16  
*********on_system_recv_cmd********
20181228 23:07:32 *****DEBUG*****../../apps/lua/scripts/database/mysql_game.lua:182  
*************get_bonues_info****************
20181228 23:07:32 *****DEBUG*****../../apps/lua/scripts/database/mysql_game.lua:272  
*****update_login_bonues_status**********
20181228 23:07:32 *****DEBUG*****../../apps/lua/scripts/database/mysql_game.lua:300  
*****add_chip**********
20181228 23:07:32 *****DEBUG*****../../apps/lua/scripts/system_server/login_bonues.lua:103  
send:	0
20181228 23:31:40 *****DEBUG*****../../apps/lua/scripts/system_server/main.lua:30  
System Server Start at 8001
20181228 23:31:41 *****DEBUG*****../../apps/lua/scripts/system_server/main.lua:35  
register System service:[2] success!!!
20181228 23:31:41 *****DEBUG*****../../apps/lua/scripts/database/mysql_game.lua:23  
connect to moba game db success!!!!
20181228 23:31:41 *****DEBUG*****../../apps/lua/scripts/database/redis_game.lua:24  
connect to redis game db success!!!!
20181228 23:31:41 *****DEBUG*****../../apps/lua/scripts/database/redis_rank.lua:24  
connect to redis rank db success!!!!
20181228 23:31:41 *****DEBUG*****../../apps/lua/scripts/database/redis_center.lua:24  
connect to redis center db success!!!!
20181228 23:31:45 *****DEBUG*****../../apps/lua/scripts/system_server/sys_msg.lua:9  
********load_sys_msg
20181228 23:31:45 *****DEBUG*****../../apps/lua/scripts/database/mysql_game.lua:77  
*************get_sys_msg****************
20181228 23:31:45 *****DEBUG*****../../apps/lua/scripts/system_server/sys_msg.lua:23  
1	欢迎来到moba游戏世界
20181228 23:31:45 *****DEBUG*****../../apps/lua/scripts/system_server/sys_msg.lua:23  
2	系统消息1系统消息1系统消息1系统消息1
20181228 23:31:45 *****DEBUG*****../../apps/lua/scripts/system_server/sys_msg.lua:23  
3	系统消息2系统消息2系统消息2系统消息2
20181228 23:32:08 *****DEBUG*****../../apps/lua/scripts/system_server/system_server.lua:16  
*********on_system_recv_cmd********
20181228 23:32:08 *****DEBUG*****../../apps/lua/scripts/system_server/ugame.lua:12  
*************ugame.get_ugame_info****************	17
20181228 23:32:08 *****DEBUG*****../../apps/lua/scripts/database/mysql_game.lua:110  
*************get_ugame_info****************	17
20181228 23:32:08 *****DEBUG*****../../apps/lua/scripts/database/redis_rank.lua:35  
***********flush_world_rank_with_uchip_inredis*************
20181228 23:32:08 *****DEBUG*****../../apps/lua/scripts/database/mysql_game.lua:182  
*************get_bonues_info****************
20181228 23:32:08 *****DEBUG*****../../apps/lua/scripts/database/redis_rank.lua:46  
user add rank list success!!!	17	2000
20181228 23:35:45 *****DEBUG*****../../apps/lua/scripts/system_server/main.lua:30  
System Server Start at 8001
20181228 23:35:45 *****DEBUG*****../../apps/lua/scripts/system_server/main.lua:35  
register System service:[2] success!!!
20181228 23:35:45 *****DEBUG*****../../apps/lua/scripts/database/redis_game.lua:24  
connect to redis game db success!!!!
20181228 23:35:45 *****DEBUG*****../../apps/lua/scripts/database/redis_rank.lua:24  
connect to redis rank db success!!!!
20181228 23:35:45 *****DEBUG*****../../apps/lua/scripts/database/mysql_game.lua:23  
connect to moba game db success!!!!
20181228 23:35:45 *****DEBUG*****../../apps/lua/scripts/database/redis_center.lua:24  
connect to redis center db success!!!!
20181228 23:35:50 *****DEBUG*****../../apps/lua/scripts/system_server/sys_msg.lua:9  
********load_sys_msg
20181228 23:35:50 *****DEBUG*****../../apps/lua/scripts/database/mysql_game.lua:77  
*************get_sys_msg****************
20181228 23:35:50 *****DEBUG*****../../apps/lua/scripts/system_server/sys_msg.lua:23  
1	欢迎来到moba游戏世界
20181228 23:35:50 *****DEBUG*****../../apps/lua/scripts/system_server/sys_msg.lua:23  
2	系统消息1系统消息1系统消息1系统消息1
20181228 23:35:50 *****DEBUG*****../../apps/lua/scripts/system_server/sys_msg.lua:23  
3	系统消息2系统消息2系统消息2系统消息2
20181228 23:36:56 *****DEBUG*****../../apps/lua/scripts/system_server/system_server.lua:16  
*********on_system_recv_cmd********
20181228 23:36:56 *****DEBUG*****../../apps/lua/scripts/system_server/ugame.lua:12  
*************ugame.get_ugame_info****************	17
20181228 23:36:56 *****DEBUG*****../../apps/lua/scripts/database/mysql_game.lua:110  
*************get_ugame_info****************	17
20181228 23:36:56 *****DEBUG*****../../apps/lua/scripts/database/redis_rank.lua:35  
***********flush_world_rank_with_uchip_inredis*************
20181228 23:36:56 *****DEBUG*****../../apps/lua/scripts/database/mysql_game.lua:182  
*************get_bonues_info****************
20181228 23:36:56 *****DEBUG*****../../apps/lua/scripts/database/redis_rank.lua:46  
user add rank list success!!!	17	2000
20181228 23:37:52 *****DEBUG*****../../apps/lua/scripts/system_server/main.lua:30  
System Server Start at 8001
20181228 23:37:52 *****DEBUG*****../../apps/lua/scripts/system_server/main.lua:35  
register System service:[2] success!!!
20181228 23:37:52 *****DEBUG*****../../apps/lua/scripts/database/mysql_game.lua:23  
connect to moba game db success!!!!
20181228 23:37:52 *****DEBUG*****../../apps/lua/scripts/database/redis_game.lua:24  
connect to redis game db success!!!!
20181228 23:37:52 *****DEBUG*****../../apps/lua/scripts/database/redis_rank.lua:24  
connect to redis rank db success!!!!
20181228 23:37:52 *****DEBUG*****../../apps/lua/scripts/database/redis_center.lua:24  
connect to redis center db success!!!!
20181228 23:37:57 *****DEBUG*****../../apps/lua/scripts/system_server/sys_msg.lua:9  
********load_sys_msg
20181228 23:37:57 *****DEBUG*****../../apps/lua/scripts/database/mysql_game.lua:77  
*************get_sys_msg****************
20181228 23:37:57 *****DEBUG*****../../apps/lua/scripts/system_server/sys_msg.lua:23  
1	欢迎来到moba游戏世界
20181228 23:37:57 *****DEBUG*****../../apps/lua/scripts/system_server/sys_msg.lua:23  
2	系统消息1系统消息1系统消息1系统消息1
20181228 23:37:57 *****DEBUG*****../../apps/lua/scripts/system_server/sys_msg.lua:23  
3	系统消息2系统消息2系统消息2系统消息2
20181228 23:38:08 *****DEBUG*****../../apps/lua/scripts/system_server/system_server.lua:16  
*********on_system_recv_cmd********
20181228 23:38:08 *****DEBUG*****../../apps/lua/scripts/system_server/ugame.lua:12  
*************ugame.get_ugame_info****************	17
20181228 23:38:08 *****DEBUG*****../../apps/lua/scripts/database/mysql_game.lua:110  
*************get_ugame_info****************	17
20181228 23:38:08 *****DEBUG*****../../apps/lua/scripts/database/redis_rank.lua:35  
***********flush_world_rank_with_uchip_inredis*************
20181228 23:38:08 *****DEBUG*****../../apps/lua/scripts/database/mysql_game.lua:182  
*************get_bonues_info****************
20181228 23:38:08 *****DEBUG*****../../apps/lua/scripts/database/redis_rank.lua:46  
user add rank list success!!!	17	2000
20181228 23:41:20 *****DEBUG*****../../apps/lua/scripts/system_server/system_server.lua:16  
*********on_system_recv_cmd********
20181228 23:45:05 *****DEBUG*****../../apps/lua/scripts/system_server/main.lua:30  
System Server Start at 8001
20181228 23:45:05 *****DEBUG*****../../apps/lua/scripts/system_server/main.lua:35  
register System service:[2] success!!!
20181228 23:45:05 *****DEBUG*****../../apps/lua/scripts/database/mysql_game.lua:23  
connect to moba game db success!!!!
20181228 23:45:05 *****DEBUG*****../../apps/lua/scripts/database/redis_game.lua:24  
connect to redis game db success!!!!
20181228 23:45:05 *****DEBUG*****../../apps/lua/scripts/database/redis_rank.lua:24  
connect to redis rank db success!!!!
20181228 23:45:05 *****DEBUG*****../../apps/lua/scripts/database/redis_center.lua:24  
connect to redis center db success!!!!
20181228 23:45:10 *****DEBUG*****../../apps/lua/scripts/system_server/sys_msg.lua:9  
********load_sys_msg
20181228 23:45:10 *****DEBUG*****../../apps/lua/scripts/database/mysql_game.lua:77  
*************get_sys_msg****************
20181228 23:45:10 *****DEBUG*****../../apps/lua/scripts/system_server/sys_msg.lua:23  
1	欢迎来到moba游戏世界
20181228 23:45:10 *****DEBUG*****../../apps/lua/scripts/system_server/sys_msg.lua:23  
2	系统消息1系统消息1系统消息1系统消息1
20181228 23:45:10 *****DEBUG*****../../apps/lua/scripts/system_server/sys_msg.lua:23  
3	系统消息2系统消息2系统消息2系统消息2
20181228 23:45:17 *****DEBUG*****../../apps/lua/scripts/system_server/system_server.lua:16  
*********on_system_recv_cmd********
20181228 23:45:17 *****DEBUG*****../../apps/lua/scripts/system_server/ugame.lua:12  
*************ugame.get_ugame_info****************	17
20181228 23:45:17 *****DEBUG*****../../apps/lua/scripts/database/mysql_game.lua:110  
*************get_ugame_info****************	17
20181228 23:45:17 *****DEBUG*****../../apps/lua/scripts/database/redis_rank.lua:35  
***********flush_world_rank_with_uchip_inredis*************
20181228 23:45:17 *****DEBUG*****../../apps/lua/scripts/database/mysql_game.lua:182  
*************get_bonues_info****************
20181228 23:45:17 *****DEBUG*****../../apps/lua/scripts/database/redis_rank.lua:46  
user add rank list success!!!	17	2000
20181228 23:45:29 *****DEBUG*****../../apps/lua/scripts/system_server/system_server.lua:16  
*********on_system_recv_cmd********
20181228 23:47:15 *****DEBUG*****../../apps/lua/scripts/system_server/main.lua:30  
System Server Start at 8001
20181228 23:47:15 *****DEBUG*****../../apps/lua/scripts/system_server/main.lua:35  
register System service:[2] success!!!
20181228 23:47:15 *****DEBUG*****../../apps/lua/scripts/database/mysql_game.lua:23  
connect to moba game db success!!!!
20181228 23:47:15 *****DEBUG*****../../apps/lua/scripts/database/redis_game.lua:24  
connect to redis game db success!!!!
20181228 23:47:15 *****DEBUG*****../../apps/lua/scripts/database/redis_rank.lua:24  
connect to redis rank db success!!!!
20181228 23:47:15 *****DEBUG*****../../apps/lua/scripts/database/redis_center.lua:24  
connect to redis center db success!!!!
20181228 23:47:20 *****DEBUG*****../../apps/lua/scripts/system_server/sys_msg.lua:9  
********load_sys_msg
20181228 23:47:20 *****DEBUG*****../../apps/lua/scripts/database/mysql_game.lua:77  
*************get_sys_msg****************
20181228 23:47:20 *****DEBUG*****../../apps/lua/scripts/system_server/sys_msg.lua:23  
1	欢迎来到moba游戏世界
20181228 23:47:20 *****DEBUG*****../../apps/lua/scripts/system_server/sys_msg.lua:23  
2	系统消息1系统消息1系统消息1系统消息1
20181228 23:47:20 *****DEBUG*****../../apps/lua/scripts/system_server/sys_msg.lua:23  
3	系统消息2系统消息2系统消息2系统消息2
20181228 23:47:27 *****DEBUG*****../../apps/lua/scripts/system_server/system_server.lua:16  
*********on_system_recv_cmd********
20181228 23:47:27 *****DEBUG*****../../apps/lua/scripts/system_server/ugame.lua:12  
*************ugame.get_ugame_info****************	17
20181228 23:47:27 *****DEBUG*****../../apps/lua/scripts/database/mysql_game.lua:110  
*************get_ugame_info****************	17
20181228 23:47:27 *****DEBUG*****../../apps/lua/scripts/database/redis_rank.lua:35  
***********flush_world_rank_with_uchip_inredis*************
20181228 23:47:27 *****DEBUG*****../../apps/lua/scripts/database/mysql_game.lua:182  
*************get_bonues_info****************
20181228 23:47:27 *****DEBUG*****../../apps/lua/scripts/database/redis_rank.lua:46  
user add rank list success!!!	17	2000
20181228 23:48:12 *****DEBUG*****../../apps/lua/scripts/system_server/system_server.lua:16  
*********on_system_recv_cmd********
20181228 23:57:43 *****DEBUG*****../../apps/lua/scripts/system_server/main.lua:30  
System Server Start at 8001
20181228 23:57:43 *****DEBUG*****../../apps/lua/scripts/system_server/main.lua:35  
register System service:[2] success!!!
20181228 23:57:43 *****DEBUG*****../../apps/lua/scripts/database/redis_game.lua:24  
connect to redis game db success!!!!
20181228 23:57:43 *****DEBUG*****../../apps/lua/scripts/database/redis_rank.lua:24  
connect to redis rank db success!!!!
20181228 23:57:43 *****DEBUG*****../../apps/lua/scripts/database/mysql_game.lua:23  
connect to moba game db success!!!!
20181228 23:57:43 *****DEBUG*****../../apps/lua/scripts/database/redis_center.lua:24  
connect to redis center db success!!!!
20181228 23:57:48 *****DEBUG*****../../apps/lua/scripts/system_server/sys_msg.lua:9  
********load_sys_msg
20181228 23:57:48 *****DEBUG*****../../apps/lua/scripts/database/mysql_game.lua:77  
*************get_sys_msg****************
20181228 23:57:48 *****DEBUG*****../../apps/lua/scripts/system_server/sys_msg.lua:23  
1	欢迎来到moba游戏世界
20181228 23:57:48 *****DEBUG*****../../apps/lua/scripts/system_server/sys_msg.lua:23  
2	系统消息1系统消息1系统消息1系统消息1
20181228 23:57:48 *****DEBUG*****../../apps/lua/scripts/system_server/sys_msg.lua:23  
3	系统消息2系统消息2系统消息2系统消息2
20181228 23:57:56 *****DEBUG*****../../apps/lua/scripts/system_server/system_server.lua:16  
*********on_system_recv_cmd********
20181228 23:57:56 *****DEBUG*****../../apps/lua/scripts/system_server/ugame.lua:12  
*************ugame.get_ugame_info****************	17
20181228 23:57:56 *****DEBUG*****../../apps/lua/scripts/database/mysql_game.lua:110  
*************get_ugame_info****************	17
20181228 23:57:56 *****DEBUG*****../../apps/lua/scripts/database/redis_rank.lua:35  
***********flush_world_rank_with_uchip_inredis*************
20181228 23:57:56 *****DEBUG*****../../apps/lua/scripts/database/mysql_game.lua:182  
*************get_bonues_info****************
20181228 23:57:56 *****DEBUG*****../../apps/lua/scripts/database/redis_rank.lua:46  
user add rank list success!!!	17	2000
20181228 23:58:40 *****DEBUG*****../../apps/lua/scripts/system_server/system_server.lua:16  
*********on_system_recv_cmd********
