20181106 11:46:54 *****DEBUG*****../../apps/lua/scripts/system_server/main.lua:29  
System Server Start at 8001
20181106 11:46:54 !!!!!ERROR!!!!! trunk:0  
../../apps/lua/scripts/system_server/system_server.lua:10: table index is nil
20181106 11:46:54 *****DEBUG*****../../apps/lua/scripts/database/redis_game.lua:17  
connect to redis game db success!!!!
20181106 11:46:54 *****DEBUG*****../../apps/lua/scripts/database/redis_rank.lua:17  
connect to redis rank db success!!!!
20181106 11:46:54 *****DEBUG*****../../apps/lua/scripts/database/redis_center.lua:17  
connect to redis center db success!!!!
20181106 11:46:54 *****DEBUG*****../../apps/lua/scripts/database/mysql_game.lua:15  
connect to moba game db success!!!!
20181106 20:41:37 *****DEBUG*****../../apps/lua/scripts/system_server/main.lua:29  
System Server Start at 8001
20181106 20:41:37 !!!!!ERROR!!!!! trunk:0  
../../apps/lua/scripts/system_server/system_server.lua:10: table index is nil
20181106 20:41:37 *****DEBUG*****../../apps/lua/scripts/database/redis_game.lua:17  
connect to redis game db success!!!!
20181106 20:41:37 *****DEBUG*****../../apps/lua/scripts/database/redis_rank.lua:17  
connect to redis rank db success!!!!
20181106 20:41:37 *****DEBUG*****../../apps/lua/scripts/database/redis_center.lua:17  
connect to redis center db success!!!!
20181106 20:41:37 *****DEBUG*****../../apps/lua/scripts/database/mysql_game.lua:15  
connect to moba game db success!!!!
20181106 20:43:20 *****DEBUG*****../../apps/lua/scripts/system_server/main.lua:29  
System Server Start at 8001
20181106 20:43:20 *****DEBUG*****../../apps/lua/scripts/system_server/main.lua:34  
register System service:[2] success!!!
20181106 20:43:20 *****DEBUG*****../../apps/lua/scripts/database/redis_game.lua:17  
connect to redis game db success!!!!
20181106 20:43:20 *****DEBUG*****../../apps/lua/scripts/database/redis_rank.lua:17  
connect to redis rank db success!!!!
20181106 20:43:20 *****DEBUG*****../../apps/lua/scripts/database/redis_center.lua:17  
connect to redis center db success!!!!
20181106 20:43:20 *****DEBUG*****../../apps/lua/scripts/database/mysql_game.lua:15  
connect to moba game db success!!!!
20181106 20:44:15 *****DEBUG*****../../apps/lua/scripts/system_server/system_server.lua:13  
*********on_system_recv_cmd********
20181106 20:44:15 *****DEBUG*****../../apps/lua/scripts/system_server/ugame.lua:10  
*************ugame.get_ugame_info****************
20181106 20:44:15 *****DEBUG*****../../apps/lua/scripts/database/mysql_game.lua:21  
*************get_ugame_info****************
20181106 20:44:15 *****DEBUG*****../../apps/lua/scripts/database/mysql_game.lua:93  
*************get_bonues_info****************
20181106 20:44:15 *****DEBUG*****../../apps/lua/scripts/system_server/login_bonues.lua:25  
100	0	1
20181106 20:44:15 *****DEBUG*****../../apps/lua/scripts/database/mysql_game.lua:155  
*****update_login_bonues**********
20181106 20:44:25 *****DEBUG*****../../apps/lua/scripts/system_server/system_server.lua:13  
*********on_system_recv_cmd********
20181106 20:44:25 *****DEBUG*****../../apps/lua/scripts/database/mysql_game.lua:93  
*************get_bonues_info****************
20181106 20:44:25 *****DEBUG*****../../apps/lua/scripts/database/mysql_game.lua:183  
*****update_login_bonues_status**********
20181106 20:44:25 *****DEBUG*****../../apps/lua/scripts/database/mysql_game.lua:211  
*****add_chip**********
20181106 20:44:25 *****DEBUG*****../../apps/lua/scripts/system_server/login_bonues.lua:103  
send:	0
